<?xml version='1.0' encoding='utf-8' standalone='yes' ?><EventIDs><?xml version="1.0" ?>
<Event xmlns="http://schemas.microsoft.com/win/2004/08/events/event">
	<System>
		<Provider Name="Microsoft-Windows-Sysmon" Guid="{5770385f-c22a-43e0-bf4c-06f5698ffbd9}"/>
		<EventID Qualifiers="">5</EventID>
		<Version>3</Version>
		<Level>4</Level>
		<Task>5</Task>
		<Opcode>0</Opcode>
		<Keywords>0x8000000000000000</Keywords>
		<TimeCreated SystemTime="2021-11-30 03:25:10.310110"/>
		<EventRecordID>14778</EventRecordID>
		<Correlation ActivityID="" RelatedActivityID=""/>
		<Execution ProcessID="3064" ThreadID="3724"/>
		<Channel>Microsoft-Windows-Sysmon/Operational</Channel>
		<Computer>WIN-J23NIGGP1Q6.sysmon_set.local</Computer>
		<Security UserID="S-1-5-18"/>
	</System>
	<EventData>
		<Data Name="RuleName">-</Data>
		<Data Name="UtcTime">2021-11-30 03:25:10.304</Data>
		<Data Name="ProcessGuid">{27532e6a-9977-61a5-1001-000000001500}</Data>
		<Data Name="ProcessId">5796</Data>
		<Data Name="Image">C:\Windows\System32\sppsvc.exe</Data>
	</EventData>
</Event>
<?xml version="1.0" ?>
<Event xmlns="http://schemas.microsoft.com/win/2004/08/events/event">
	<System>
		<Provider Name="Microsoft-Windows-Sysmon" Guid="{5770385f-c22a-43e0-bf4c-06f5698ffbd9}"/>
		<EventID Qualifiers="">5</EventID>
		<Version>3</Version>
		<Level>4</Level>
		<Task>5</Task>
		<Opcode>0</Opcode>
		<Keywords>0x8000000000000000</Keywords>
		<TimeCreated SystemTime="2021-11-30 03:28:49.277391"/>
		<EventRecordID>14801</EventRecordID>
		<Correlation ActivityID="" RelatedActivityID=""/>
		<Execution ProcessID="3064" ThreadID="3724"/>
		<Channel>Microsoft-Windows-Sysmon/Operational</Channel>
		<Computer>WIN-J23NIGGP1Q6.sysmon_set.local</Computer>
		<Security UserID="S-1-5-18"/>
	</System>
	<EventData>
		<Data Name="RuleName">-</Data>
		<Data Name="UtcTime">2021-11-30 03:28:49.268</Data>
		<Data Name="ProcessGuid">{27532e6a-9a71-61a5-1301-000000001500}</Data>
		<Data Name="ProcessId">5280</Data>
		<Data Name="Image">C:\Windows\System32\ipconfig.exe</Data>
	</EventData>
</Event>
<?xml version="1.0" ?>
<Event xmlns="http://schemas.microsoft.com/win/2004/08/events/event">
	<System>
		<Provider Name="Microsoft-Windows-Sysmon" Guid="{5770385f-c22a-43e0-bf4c-06f5698ffbd9}"/>
		<EventID Qualifiers="">5</EventID>
		<Version>3</Version>
		<Level>4</Level>
		<Task>5</Task>
		<Opcode>0</Opcode>
		<Keywords>0x8000000000000000</Keywords>
		<TimeCreated SystemTime="2021-11-30 03:28:54.452663"/>
		<EventRecordID>14809</EventRecordID>
		<Correlation ActivityID="" RelatedActivityID=""/>
		<Execution ProcessID="3064" ThreadID="3724"/>
		<Channel>Microsoft-Windows-Sysmon/Operational</Channel>
		<Computer>WIN-J23NIGGP1Q6.sysmon_set.local</Computer>
		<Security UserID="S-1-5-18"/>
	</System>
	<EventData>
		<Data Name="RuleName">-</Data>
		<Data Name="UtcTime">2021-11-30 03:28:54.447</Data>
		<Data Name="ProcessGuid">{27532e6a-9a76-61a5-1701-000000001500}</Data>
		<Data Name="ProcessId">6124</Data>
		<Data Name="Image">C:\Windows\System32\ipconfig.exe</Data>
	</EventData>
</Event>
<?xml version="1.0" ?>
<Event xmlns="http://schemas.microsoft.com/win/2004/08/events/event">
	<System>
		<Provider Name="Microsoft-Windows-Sysmon" Guid="{5770385f-c22a-43e0-bf4c-06f5698ffbd9}"/>
		<EventID Qualifiers="">5</EventID>
		<Version>3</Version>
		<Level>4</Level>
		<Task>5</Task>
		<Opcode>0</Opcode>
		<Keywords>0x8000000000000000</Keywords>
		<TimeCreated SystemTime="2021-11-30 03:28:55.327745"/>
		<EventRecordID>14810</EventRecordID>
		<Correlation ActivityID="" RelatedActivityID=""/>
		<Execution ProcessID="3064" ThreadID="3724"/>
		<Channel>Microsoft-Windows-Sysmon/Operational</Channel>
		<Computer>WIN-J23NIGGP1Q6.sysmon_set.local</Computer>
		<Security UserID="S-1-5-18"/>
	</System>
	<EventData>
		<Data Name="RuleName">-</Data>
		<Data Name="UtcTime">2021-11-30 03:28:55.326</Data>
		<Data Name="ProcessGuid">{27532e6a-9a74-61a5-1401-000000001500}</Data>
		<Data Name="ProcessId">5780</Data>
		<Data Name="Image">C:\Windows\System32\dllhost.exe</Data>
	</EventData>
</Event>
<?xml version="1.0" ?>
<Event xmlns="http://schemas.microsoft.com/win/2004/08/events/event">
	<System>
		<Provider Name="Microsoft-Windows-Sysmon" Guid="{5770385f-c22a-43e0-bf4c-06f5698ffbd9}"/>
		<EventID Qualifiers="">5</EventID>
		<Version>3</Version>
		<Level>4</Level>
		<Task>5</Task>
		<Opcode>0</Opcode>
		<Keywords>0x8000000000000000</Keywords>
		<TimeCreated SystemTime="2021-11-30 03:28:57.484510"/>
		<EventRecordID>14812</EventRecordID>
		<Correlation ActivityID="" RelatedActivityID=""/>
		<Execution ProcessID="3064" ThreadID="3724"/>
		<Channel>Microsoft-Windows-Sysmon/Operational</Channel>
		<Computer>WIN-J23NIGGP1Q6.sysmon_set.local</Computer>
		<Security UserID="S-1-5-18"/>
	</System>
	<EventData>
		<Data Name="RuleName">-</Data>
		<Data Name="UtcTime">2021-11-30 03:28:57.484</Data>
		<Data Name="ProcessGuid">{27532e6a-9a79-61a5-1801-000000001500}</Data>
		<Data Name="ProcessId">3876</Data>
		<Data Name="Image">C:\Windows\System32\whoami.exe</Data>
	</EventData>
</Event>
<?xml version="1.0" ?>
<Event xmlns="http://schemas.microsoft.com/win/2004/08/events/event">
	<System>
		<Provider Name="Microsoft-Windows-Sysmon" Guid="{5770385f-c22a-43e0-bf4c-06f5698ffbd9}"/>
		<EventID Qualifiers="">5</EventID>
		<Version>3</Version>
		<Level>4</Level>
		<Task>5</Task>
		<Opcode>0</Opcode>
		<Keywords>0x8000000000000000</Keywords>
		<TimeCreated SystemTime="2021-11-30 03:31:51.792030"/>
		<EventRecordID>14839</EventRecordID>
		<Correlation ActivityID="" RelatedActivityID=""/>
		<Execution ProcessID="3064" ThreadID="3724"/>
		<Channel>Microsoft-Windows-Sysmon/Operational</Channel>
		<Computer>WIN-J23NIGGP1Q6.sysmon_set.local</Computer>
		<Security UserID="S-1-5-18"/>
	</System>
	<EventData>
		<Data Name="RuleName">-</Data>
		<Data Name="UtcTime">2021-11-30 03:31:51.790</Data>
		<Data Name="ProcessGuid">{27532e6a-9a74-61a5-1501-000000001500}</Data>
		<Data Name="ProcessId">4944</Data>
		<Data Name="Image">C:\Windows\System32\cmd.exe</Data>
	</EventData>
</Event>
<?xml version="1.0" ?>
<Event xmlns="http://schemas.microsoft.com/win/2004/08/events/event">
	<System>
		<Provider Name="Microsoft-Windows-Sysmon" Guid="{5770385f-c22a-43e0-bf4c-06f5698ffbd9}"/>
		<EventID Qualifiers="">5</EventID>
		<Version>3</Version>
		<Level>4</Level>
		<Task>5</Task>
		<Opcode>0</Opcode>
		<Keywords>0x8000000000000000</Keywords>
		<TimeCreated SystemTime="2021-11-30 03:31:51.792896"/>
		<EventRecordID>14840</EventRecordID>
		<Correlation ActivityID="" RelatedActivityID=""/>
		<Execution ProcessID="3064" ThreadID="3724"/>
		<Channel>Microsoft-Windows-Sysmon/Operational</Channel>
		<Computer>WIN-J23NIGGP1Q6.sysmon_set.local</Computer>
		<Security UserID="S-1-5-18"/>
	</System>
	<EventData>
		<Data Name="RuleName">-</Data>
		<Data Name="UtcTime">2021-11-30 03:31:51.790</Data>
		<Data Name="ProcessGuid">{27532e6a-9a74-61a5-1601-000000001500}</Data>
		<Data Name="ProcessId">1144</Data>
		<Data Name="Image">C:\Windows\System32\conhost.exe</Data>
	</EventData>
</Event>
</EventIDs><?xml version='1.0' encoding='utf-8' standalone='yes' ?><EventIDs><?xml version="1.0" ?>
<Event xmlns="http://schemas.microsoft.com/win/2004/08/events/event">
	<System>
		<Provider Name="Microsoft-Windows-Sysmon" Guid="{5770385f-c22a-43e0-bf4c-06f5698ffbd9}"/>
		<EventID Qualifiers="">5</EventID>
		<Version>3</Version>
		<Level>4</Level>
		<Task>5</Task>
		<Opcode>0</Opcode>
		<Keywords>0x8000000000000000</Keywords>
		<TimeCreated SystemTime="2021-11-30 03:25:10.310110"/>
		<EventRecordID>14778</EventRecordID>
		<Correlation ActivityID="" RelatedActivityID=""/>
		<Execution ProcessID="3064" ThreadID="3724"/>
		<Channel>Microsoft-Windows-Sysmon/Operational</Channel>
		<Computer>WIN-J23NIGGP1Q6.sysmon_set.local</Computer>
		<Security UserID="S-1-5-18"/>
	</System>
	<EventData>
		<Data Name="RuleName">-</Data>
		<Data Name="UtcTime">2021-11-30 03:25:10.304</Data>
		<Data Name="ProcessGuid">{27532e6a-9977-61a5-1001-000000001500}</Data>
		<Data Name="ProcessId">5796</Data>
		<Data Name="Image">C:\Windows\System32\sppsvc.exe</Data>
	</EventData>
</Event>
<?xml version="1.0" ?>
<Event xmlns="http://schemas.microsoft.com/win/2004/08/events/event">
	<System>
		<Provider Name="Microsoft-Windows-Sysmon" Guid="{5770385f-c22a-43e0-bf4c-06f5698ffbd9}"/>
		<EventID Qualifiers="">5</EventID>
		<Version>3</Version>
		<Level>4</Level>
		<Task>5</Task>
		<Opcode>0</Opcode>
		<Keywords>0x8000000000000000</Keywords>
		<TimeCreated SystemTime="2021-11-30 03:28:49.277391"/>
		<EventRecordID>14801</EventRecordID>
		<Correlation ActivityID="" RelatedActivityID=""/>
		<Execution ProcessID="3064" ThreadID="3724"/>
		<Channel>Microsoft-Windows-Sysmon/Operational</Channel>
		<Computer>WIN-J23NIGGP1Q6.sysmon_set.local</Computer>
		<Security UserID="S-1-5-18"/>
	</System>
	<EventData>
		<Data Name="RuleName">-</Data>
		<Data Name="UtcTime">2021-11-30 03:28:49.268</Data>
		<Data Name="ProcessGuid">{27532e6a-9a71-61a5-1301-000000001500}</Data>
		<Data Name="ProcessId">5280</Data>
		<Data Name="Image">C:\Windows\System32\ipconfig.exe</Data>
	</EventData>
</Event>
<?xml version="1.0" ?>
<Event xmlns="http://schemas.microsoft.com/win/2004/08/events/event">
	<System>
		<Provider Name="Microsoft-Windows-Sysmon" Guid="{5770385f-c22a-43e0-bf4c-06f5698ffbd9}"/>
		<EventID Qualifiers="">5</EventID>
		<Version>3</Version>
		<Level>4</Level>
		<Task>5</Task>
		<Opcode>0</Opcode>
		<Keywords>0x8000000000000000</Keywords>
		<TimeCreated SystemTime="2021-11-30 03:28:54.452663"/>
		<EventRecordID>14809</EventRecordID>
		<Correlation ActivityID="" RelatedActivityID=""/>
		<Execution ProcessID="3064" ThreadID="3724"/>
		<Channel>Microsoft-Windows-Sysmon/Operational</Channel>
		<Computer>WIN-J23NIGGP1Q6.sysmon_set.local</Computer>
		<Security UserID="S-1-5-18"/>
	</System>
	<EventData>
		<Data Name="RuleName">-</Data>
		<Data Name="UtcTime">2021-11-30 03:28:54.447</Data>
		<Data Name="ProcessGuid">{27532e6a-9a76-61a5-1701-000000001500}</Data>
		<Data Name="ProcessId">6124</Data>
		<Data Name="Image">C:\Windows\System32\ipconfig.exe</Data>
	</EventData>
</Event>
<?xml version="1.0" ?>
<Event xmlns="http://schemas.microsoft.com/win/2004/08/events/event">
	<System>
		<Provider Name="Microsoft-Windows-Sysmon" Guid="{5770385f-c22a-43e0-bf4c-06f5698ffbd9}"/>
		<EventID Qualifiers="">5</EventID>
		<Version>3</Version>
		<Level>4</Level>
		<Task>5</Task>
		<Opcode>0</Opcode>
		<Keywords>0x8000000000000000</Keywords>
		<TimeCreated SystemTime="2021-11-30 03:28:55.327745"/>
		<EventRecordID>14810</EventRecordID>
		<Correlation ActivityID="" RelatedActivityID=""/>
		<Execution ProcessID="3064" ThreadID="3724"/>
		<Channel>Microsoft-Windows-Sysmon/Operational</Channel>
		<Computer>WIN-J23NIGGP1Q6.sysmon_set.local</Computer>
		<Security UserID="S-1-5-18"/>
	</System>
	<EventData>
		<Data Name="RuleName">-</Data>
		<Data Name="UtcTime">2021-11-30 03:28:55.326</Data>
		<Data Name="ProcessGuid">{27532e6a-9a74-61a5-1401-000000001500}</Data>
		<Data Name="ProcessId">5780</Data>
		<Data Name="Image">C:\Windows\System32\dllhost.exe</Data>
	</EventData>
</Event>
<?xml version="1.0" ?>
<Event xmlns="http://schemas.microsoft.com/win/2004/08/events/event">
	<System>
		<Provider Name="Microsoft-Windows-Sysmon" Guid="{5770385f-c22a-43e0-bf4c-06f5698ffbd9}"/>
		<EventID Qualifiers="">5</EventID>
		<Version>3</Version>
		<Level>4</Level>
		<Task>5</Task>
		<Opcode>0</Opcode>
		<Keywords>0x8000000000000000</Keywords>
		<TimeCreated SystemTime="2021-11-30 03:28:57.484510"/>
		<EventRecordID>14812</EventRecordID>
		<Correlation ActivityID="" RelatedActivityID=""/>
		<Execution ProcessID="3064" ThreadID="3724"/>
		<Channel>Microsoft-Windows-Sysmon/Operational</Channel>
		<Computer>WIN-J23NIGGP1Q6.sysmon_set.local</Computer>
		<Security UserID="S-1-5-18"/>
	</System>
	<EventData>
		<Data Name="RuleName">-</Data>
		<Data Name="UtcTime">2021-11-30 03:28:57.484</Data>
		<Data Name="ProcessGuid">{27532e6a-9a79-61a5-1801-000000001500}</Data>
		<Data Name="ProcessId">3876</Data>
		<Data Name="Image">C:\Windows\System32\whoami.exe</Data>
	</EventData>
</Event>
<?xml version="1.0" ?>
<Event xmlns="http://schemas.microsoft.com/win/2004/08/events/event">
	<System>
		<Provider Name="Microsoft-Windows-Sysmon" Guid="{5770385f-c22a-43e0-bf4c-06f5698ffbd9}"/>
		<EventID Qualifiers="">5</EventID>
		<Version>3</Version>
		<Level>4</Level>
		<Task>5</Task>
		<Opcode>0</Opcode>
		<Keywords>0x8000000000000000</Keywords>
		<TimeCreated SystemTime="2021-11-30 03:31:51.792030"/>
		<EventRecordID>14839</EventRecordID>
		<Correlation ActivityID="" RelatedActivityID=""/>
		<Execution ProcessID="3064" ThreadID="3724"/>
		<Channel>Microsoft-Windows-Sysmon/Operational</Channel>
		<Computer>WIN-J23NIGGP1Q6.sysmon_set.local</Computer>
		<Security UserID="S-1-5-18"/>
	</System>
	<EventData>
		<Data Name="RuleName">-</Data>
		<Data Name="UtcTime">2021-11-30 03:31:51.790</Data>
		<Data Name="ProcessGuid">{27532e6a-9a74-61a5-1501-000000001500}</Data>
		<Data Name="ProcessId">4944</Data>
		<Data Name="Image">C:\Windows\System32\cmd.exe</Data>
	</EventData>
</Event>
<?xml version="1.0" ?>
<Event xmlns="http://schemas.microsoft.com/win/2004/08/events/event">
	<System>
		<Provider Name="Microsoft-Windows-Sysmon" Guid="{5770385f-c22a-43e0-bf4c-06f5698ffbd9}"/>
		<EventID Qualifiers="">5</EventID>
		<Version>3</Version>
		<Level>4</Level>
		<Task>5</Task>
		<Opcode>0</Opcode>
		<Keywords>0x8000000000000000</Keywords>
		<TimeCreated SystemTime="2021-11-30 03:31:51.792896"/>
		<EventRecordID>14840</EventRecordID>
		<Correlation ActivityID="" RelatedActivityID=""/>
		<Execution ProcessID="3064" ThreadID="3724"/>
		<Channel>Microsoft-Windows-Sysmon/Operational</Channel>
		<Computer>WIN-J23NIGGP1Q6.sysmon_set.local</Computer>
		<Security UserID="S-1-5-18"/>
	</System>
	<EventData>
		<Data Name="RuleName">-</Data>
		<Data Name="UtcTime">2021-11-30 03:31:51.790</Data>
		<Data Name="ProcessGuid">{27532e6a-9a74-61a5-1601-000000001500}</Data>
		<Data Name="ProcessId">1144</Data>
		<Data Name="Image">C:\Windows\System32\conhost.exe</Data>
	</EventData>
</Event>
</EventIDs><?xml version='1.0' encoding='utf-8' standalone='yes' ?><EventIDs><?xml version='1.0' encoding='utf-8' standalone='yes' ?><EventIDs><?xml version='1.0' encoding='utf-8' standalone='yes' ?><EventIDs><?xml version='1.0' encoding='utf-8' standalone='yes' ?><EventIDs><?xml version='1.0' encoding='utf-8' standalone='yes' ?><EventIDs><?xml version='1.0' encoding='utf-8' standalone='yes' ?><EventIDs><?xml version="1.0" ?>
<Event xmlns="http://schemas.microsoft.com/win/2004/08/events/event">
	<System>
		<Provider Name="Microsoft-Windows-Sysmon" Guid="{5770385f-c22a-43e0-bf4c-06f5698ffbd9}"/>
		<EventID Qualifiers="">5</EventID>
		<Version>3</Version>
		<Level>4</Level>
		<Task>5</Task>
		<Opcode>0</Opcode>
		<Keywords>0x8000000000000000</Keywords>
		<TimeCreated SystemTime="2021-11-30 03:25:10.310110"/>
		<EventRecordID>14778</EventRecordID>
		<Correlation ActivityID="" RelatedActivityID=""/>
		<Execution ProcessID="3064" ThreadID="3724"/>
		<Channel>Microsoft-Windows-Sysmon/Operational</Channel>
		<Computer>WIN-J23NIGGP1Q6.sysmon_set.local</Computer>
		<Security UserID="S-1-5-18"/>
	</System>
	<EventData>
		<Data Name="RuleName">-</Data>
		<Data Name="UtcTime">2021-11-30 03:25:10.304</Data>
		<Data Name="ProcessGuid">{27532e6a-9977-61a5-1001-000000001500}</Data>
		<Data Name="ProcessId">5796</Data>
		<Data Name="Image">C:\Windows\System32\sppsvc.exe</Data>
	</EventData>
</Event>
<?xml version="1.0" ?>
<Event xmlns="http://schemas.microsoft.com/win/2004/08/events/event">
	<System>
		<Provider Name="Microsoft-Windows-Sysmon" Guid="{5770385f-c22a-43e0-bf4c-06f5698ffbd9}"/>
		<EventID Qualifiers="">5</EventID>
		<Version>3</Version>
		<Level>4</Level>
		<Task>5</Task>
		<Opcode>0</Opcode>
		<Keywords>0x8000000000000000</Keywords>
		<TimeCreated SystemTime="2021-11-30 03:28:49.277391"/>
		<EventRecordID>14801</EventRecordID>
		<Correlation ActivityID="" RelatedActivityID=""/>
		<Execution ProcessID="3064" ThreadID="3724"/>
		<Channel>Microsoft-Windows-Sysmon/Operational</Channel>
		<Computer>WIN-J23NIGGP1Q6.sysmon_set.local</Computer>
		<Security UserID="S-1-5-18"/>
	</System>
	<EventData>
		<Data Name="RuleName">-</Data>
		<Data Name="UtcTime">2021-11-30 03:28:49.268</Data>
		<Data Name="ProcessGuid">{27532e6a-9a71-61a5-1301-000000001500}</Data>
		<Data Name="ProcessId">5280</Data>
		<Data Name="Image">C:\Windows\System32\ipconfig.exe</Data>
	</EventData>
</Event>
<?xml version="1.0" ?>
<Event xmlns="http://schemas.microsoft.com/win/2004/08/events/event">
	<System>
		<Provider Name="Microsoft-Windows-Sysmon" Guid="{5770385f-c22a-43e0-bf4c-06f5698ffbd9}"/>
		<EventID Qualifiers="">5</EventID>
		<Version>3</Version>
		<Level>4</Level>
		<Task>5</Task>
		<Opcode>0</Opcode>
		<Keywords>0x8000000000000000</Keywords>
		<TimeCreated SystemTime="2021-11-30 03:28:54.452663"/>
		<EventRecordID>14809</EventRecordID>
		<Correlation ActivityID="" RelatedActivityID=""/>
		<Execution ProcessID="3064" ThreadID="3724"/>
		<Channel>Microsoft-Windows-Sysmon/Operational</Channel>
		<Computer>WIN-J23NIGGP1Q6.sysmon_set.local</Computer>
		<Security UserID="S-1-5-18"/>
	</System>
	<EventData>
		<Data Name="RuleName">-</Data>
		<Data Name="UtcTime">2021-11-30 03:28:54.447</Data>
		<Data Name="ProcessGuid">{27532e6a-9a76-61a5-1701-000000001500}</Data>
		<Data Name="ProcessId">6124</Data>
		<Data Name="Image">C:\Windows\System32\ipconfig.exe</Data>
	</EventData>
</Event>
<?xml version="1.0" ?>
<Event xmlns="http://schemas.microsoft.com/win/2004/08/events/event">
	<System>
		<Provider Name="Microsoft-Windows-Sysmon" Guid="{5770385f-c22a-43e0-bf4c-06f5698ffbd9}"/>
		<EventID Qualifiers="">5</EventID>
		<Version>3</Version>
		<Level>4</Level>
		<Task>5</Task>
		<Opcode>0</Opcode>
		<Keywords>0x8000000000000000</Keywords>
		<TimeCreated SystemTime="2021-11-30 03:28:55.327745"/>
		<EventRecordID>14810</EventRecordID>
		<Correlation ActivityID="" RelatedActivityID=""/>
		<Execution ProcessID="3064" ThreadID="3724"/>
		<Channel>Microsoft-Windows-Sysmon/Operational</Channel>
		<Computer>WIN-J23NIGGP1Q6.sysmon_set.local</Computer>
		<Security UserID="S-1-5-18"/>
	</System>
	<EventData>
		<Data Name="RuleName">-</Data>
		<Data Name="UtcTime">2021-11-30 03:28:55.326</Data>
		<Data Name="ProcessGuid">{27532e6a-9a74-61a5-1401-000000001500}</Data>
		<Data Name="ProcessId">5780</Data>
		<Data Name="Image">C:\Windows\System32\dllhost.exe</Data>
	</EventData>
</Event>
<?xml version="1.0" ?>
<Event xmlns="http://schemas.microsoft.com/win/2004/08/events/event">
	<System>
		<Provider Name="Microsoft-Windows-Sysmon" Guid="{5770385f-c22a-43e0-bf4c-06f5698ffbd9}"/>
		<EventID Qualifiers="">5</EventID>
		<Version>3</Version>
		<Level>4</Level>
		<Task>5</Task>
		<Opcode>0</Opcode>
		<Keywords>0x8000000000000000</Keywords>
		<TimeCreated SystemTime="2021-11-30 03:28:57.484510"/>
		<EventRecordID>14812</EventRecordID>
		<Correlation ActivityID="" RelatedActivityID=""/>
		<Execution ProcessID="3064" ThreadID="3724"/>
		<Channel>Microsoft-Windows-Sysmon/Operational</Channel>
		<Computer>WIN-J23NIGGP1Q6.sysmon_set.local</Computer>
		<Security UserID="S-1-5-18"/>
	</System>
	<EventData>
		<Data Name="RuleName">-</Data>
		<Data Name="UtcTime">2021-11-30 03:28:57.484</Data>
		<Data Name="ProcessGuid">{27532e6a-9a79-61a5-1801-000000001500}</Data>
		<Data Name="ProcessId">3876</Data>
		<Data Name="Image">C:\Windows\System32\whoami.exe</Data>
	</EventData>
</Event>
<?xml version="1.0" ?>
<Event xmlns="http://schemas.microsoft.com/win/2004/08/events/event">
	<System>
		<Provider Name="Microsoft-Windows-Sysmon" Guid="{5770385f-c22a-43e0-bf4c-06f5698ffbd9}"/>
		<EventID Qualifiers="">5</EventID>
		<Version>3</Version>
		<Level>4</Level>
		<Task>5</Task>
		<Opcode>0</Opcode>
		<Keywords>0x8000000000000000</Keywords>
		<TimeCreated SystemTime="2021-11-30 03:31:51.792030"/>
		<EventRecordID>14839</EventRecordID>
		<Correlation ActivityID="" RelatedActivityID=""/>
		<Execution ProcessID="3064" ThreadID="3724"/>
		<Channel>Microsoft-Windows-Sysmon/Operational</Channel>
		<Computer>WIN-J23NIGGP1Q6.sysmon_set.local</Computer>
		<Security UserID="S-1-5-18"/>
	</System>
	<EventData>
		<Data Name="RuleName">-</Data>
		<Data Name="UtcTime">2021-11-30 03:31:51.790</Data>
		<Data Name="ProcessGuid">{27532e6a-9a74-61a5-1501-000000001500}</Data>
		<Data Name="ProcessId">4944</Data>
		<Data Name="Image">C:\Windows\System32\cmd.exe</Data>
	</EventData>
</Event>
<?xml version="1.0" ?>
<Event xmlns="http://schemas.microsoft.com/win/2004/08/events/event">
	<System>
		<Provider Name="Microsoft-Windows-Sysmon" Guid="{5770385f-c22a-43e0-bf4c-06f5698ffbd9}"/>
		<EventID Qualifiers="">5</EventID>
		<Version>3</Version>
		<Level>4</Level>
		<Task>5</Task>
		<Opcode>0</Opcode>
		<Keywords>0x8000000000000000</Keywords>
		<TimeCreated SystemTime="2021-11-30 03:31:51.792896"/>
		<EventRecordID>14840</EventRecordID>
		<Correlation ActivityID="" RelatedActivityID=""/>
		<Execution ProcessID="3064" ThreadID="3724"/>
		<Channel>Microsoft-Windows-Sysmon/Operational</Channel>
		<Computer>WIN-J23NIGGP1Q6.sysmon_set.local</Computer>
		<Security UserID="S-1-5-18"/>
	</System>
	<EventData>
		<Data Name="RuleName">-</Data>
		<Data Name="UtcTime">2021-11-30 03:31:51.790</Data>
		<Data Name="ProcessGuid">{27532e6a-9a74-61a5-1601-000000001500}</Data>
		<Data Name="ProcessId">1144</Data>
		<Data Name="Image">C:\Windows\System32\conhost.exe</Data>
	</EventData>
</Event>
</EventIDs><?xml version='1.0' encoding='utf-8' standalone='yes' ?><EventIDs></EventIDs>