	</EventData>
</Event>

b'<ns0:Event xmlns:ns0="http://schemas.microsoft.com/win/2004/08/events/event"><ns0:System><ns0:Provider Name="Microsoft-Windows-Sysmon" Guid="{5770385f-c22a-43e0-bf4c-06f5698ffbd9}" />\n<ns0:EventID Qualifiers="">3</ns0:EventID>\n<ns0:Version>5</ns0:Version>\n<ns0:Level>4</ns0:Level>\n<ns0:Task>3</ns0:Task>\n<ns0:Opcode>0</ns0:Opcode>\n<ns0:Keywords>0x8000000000000000</ns0:Keywords>\n<ns0:TimeCreated SystemTime="2021-12-07 10:21:29.005554" />\n<ns0:EventRecordID>25517</ns0:EventRecordID>\n<ns0:Correlation ActivityID="" RelatedActivityID="" />\n<ns0:Execution ProcessID="3120" ThreadID="2988" />\n<ns0:Channel>Microsoft-Windows-Sysmon/Operational</ns0:Channel>\n<ns0:Computer>WIN-J23NIGGP1Q6.sysmon_set.local</ns0:Computer>\n<ns0:Security UserID="S-1-5-18" />\n</ns0:System>\n<ns0:EventData><ns0:Data Name="RuleName">-</ns0:Data>\n<ns0:Data Name="UtcTime">2021-12-07 10:21:29.010</ns0:Data>\n<ns0:Data Name="ProcessGuid">{27532e6a-2d16-61af-4800-000000001d00}</ns0:Data>\n<ns0:Data Name="ProcessId">3336</ns0:Data>\n<ns0:Data Name="Image">C:\\Windows\\System32\\dns.exe</ns0:Data>\n<ns0:Data Name="User">NT AUTHORITY\\SYSTEM</ns0:Data>\n<ns0:Data Name="Protocol">udp</ns0:Data>\n<ns0:Data Name="Initiated">False</ns0:Data>\n<ns0:Data Name="SourceIsIpv6">False</ns0:Data>\n<ns0:Data Name="SourceIp">127.0.0.1</ns0:Data>\n<ns0:Data Name="SourceHostname">WIN-J23NIGGP1Q6.sysmon_set.local</ns0:Data>\n<ns0:Data Name="SourcePort">53</ns0:Data>\n<ns0:Data Name="SourcePortName">domain</ns0:Data>\n<ns0:Data Name="DestinationIsIpv6">False</ns0:Data>\n<ns0:Data Name="DestinationIp">127.0.0.1</ns0:Data>\n<ns0:Data Name="DestinationHostname">WIN-J23NIGGP1Q6.sysmon_set.local</ns0:Data>\n<ns0:Data Name="DestinationPort">50967</ns0:Data>\n<ns0:Data Name="DestinationPortName">-</ns0:Data>\n</ns0:EventData>\n</ns0:Event>'
5
10775
ATTENTION!!!   10775   Events have been identified on the targeted system as suspicious for Lateral Movement Attack!!!
<?xml version="1.0" ?>
<Event xmlns="http://schemas.microsoft.com/win/2004/08/events/event">
	<System>
		<Provider Name="Microsoft-Windows-Sysmon" Guid="{5770385f-c22a-43e0-bf4c-06f5698ffbd9}"/>
		<EventID Qualifiers="">5</EventID>
		<Version>3</Version>
		<Level>4</Level>
		<Task>5</Task>
		<Opcode>0</Opcode>
		<Keywords>0x8000000000000000</Keywords>
		<TimeCreated SystemTime="2021-12-07 10:21:30.525221"/>
		<EventRecordID>25518</EventRecordID>
		<Correlation ActivityID="" RelatedActivityID=""/>
		<Execution ProcessID="3120" ThreadID="2992"/>
		<Channel>Microsoft-Windows-Sysmon/Operational</Channel>
		<Computer>WIN-J23NIGGP1Q6.sysmon_set.local</Computer>
		<Security UserID="S-1-5-18"/>
	</System>
	<EventData>
		<Data Name="RuleName">-</Data>
		<Data Name="UtcTime">2021-12-07 10:21:30.521</Data>
		<Data Name="ProcessGuid">{27532e6a-352d-61af-5301-000000001d00}</Data>
		<Data Name="ProcessId">5616</Data>
		<Data Name="Image">C:\Program Files (x86)\Internet Explorer\iexplore.exe</Data>
	</EventData>
</Event>

b'<ns0:Event xmlns:ns0="http://schemas.microsoft.com/win/2004/08/events/event"><ns0:System><ns0:Provider Name="Microsoft-Windows-Sysmon" Guid="{5770385f-c22a-43e0-bf4c-06f5698ffbd9}" />\n<ns0:EventID Qualifiers="">5</ns0:EventID>\n<ns0:Version>3</ns0:Version>\n<ns0:Level>4</ns0:Level>\n<ns0:Task>5</ns0:Task>\n<ns0:Opcode>0</ns0:Opcode>\n<ns0:Keywords>0x8000000000000000</ns0:Keywords>\n<ns0:TimeCreated SystemTime="2021-12-07 10:21:30.525221" />\n<ns0:EventRecordID>25518</ns0:EventRecordID>\n<ns0:Correlation ActivityID="" RelatedActivityID="" />\n<ns0:Execution ProcessID="3120" ThreadID="2992" />\n<ns0:Channel>Microsoft-Windows-Sysmon/Operational</ns0:Channel>\n<ns0:Computer>WIN-J23NIGGP1Q6.sysmon_set.local</ns0:Computer>\n<ns0:Security UserID="S-1-5-18" />\n</ns0:System>\n<ns0:EventData><ns0:Data Name="RuleName">-</ns0:Data>\n<ns0:Data Name="UtcTime">2021-12-07 10:21:30.521</ns0:Data>\n<ns0:Data Name="ProcessGuid">{27532e6a-352d-61af-5301-000000001d00}</ns0:Data>\n<ns0:Data Name="ProcessId">5616</ns0:Data>\n<ns0:Data Name="Image">C:\\Program Files (x86)\\Internet Explorer\\iexplore.exe</ns0:Data>\n</ns0:EventData>\n</ns0:Event>'
4
10776
ATTENTION!!!   10776   Events have been identified on the targeted system as suspicious for Lateral Movement Attack!!!
<?xml version="1.0" ?>
<Event xmlns="http://schemas.microsoft.com/win/2004/08/events/event">
	<System>
		<Provider Name="Microsoft-Windows-Sysmon" Guid="{5770385f-c22a-43e0-bf4c-06f5698ffbd9}"/>
		<EventID Qualifiers="">3</EventID>
		<Version>5</Version>
		<Level>4</Level>
		<Task>3</Task>
		<Opcode>0</Opcode>
		<Keywords>0x8000000000000000</Keywords>
		<TimeCreated SystemTime="2021-12-07 10:21:32.130068"/>
		<EventRecordID>25519</EventRecordID>
		<Correlation ActivityID="" RelatedActivityID=""/>
		<Execution ProcessID="3120" ThreadID="2988"/>
		<Channel>Microsoft-Windows-Sysmon/Operational</Channel>
		<Computer>WIN-J23NIGGP1Q6.sysmon_set.local</Computer>
		<Security UserID="S-1-5-18"/>
	</System>
	<EventData>
		<Data Name="RuleName">-</Data>
		<Data Name="UtcTime">2021-12-07 10:21:32.606</Data>
		<Data Name="ProcessGuid">{27532e6a-2d16-61af-4800-000000001d00}</Data>
		<Data Name="ProcessId">3336</Data>
		<Data Name="Image">C:\Windows\System32\dns.exe</Data>
		<Data Name="User">NT AUTHORITY\SYSTEM</Data>
		<Data Name="Protocol">udp</Data>
		<Data Name="Initiated">False</Data>
		<Data Name="SourceIsIpv6">True</Data>
		<Data Name="SourceIp">0:0:0:0:0:0:0:1</Data>
		<Data Name="SourceHostname">WIN-J23NIGGP1Q6.sysmon_set.local</Data>
		<Data Name="SourcePort">53</Data>
		<Data Name="SourcePortName">domain</Data>
		<Data Name="DestinationIsIpv6">True</Data>
		<Data Name="DestinationIp">0:0:0:0:0:0:0:1</Data>
		<Data Name="DestinationHostname">WIN-J23NIGGP1Q6.sysmon_set.local</Data>
		<Data Name="DestinationPort">56300</Data>
		<Data Name="DestinationPortName">-</Data>
	</EventData>
</Event>

b'<ns0:Event xmlns:ns0="http://schemas.microsoft.com/win/2004/08/events/event"><ns0:System><ns0:Provider Name="Microsoft-Windows-Sysmon" Guid="{5770385f-c22a-43e0-bf4c-06f5698ffbd9}" />\n<ns0:EventID Qualifiers="">3</ns0:EventID>\n<ns0:Version>5</ns0:Version>\n<ns0:Level>4</ns0:Level>\n<ns0:Task>3</ns0:Task>\n<ns0:Opcode>0</ns0:Opcode>\n<ns0:Keywords>0x8000000000000000</ns0:Keywords>\n<ns0:TimeCreated SystemTime="2021-12-07 10:21:32.130068" />\n<ns0:EventRecordID>25519</ns0:EventRecordID>\n<ns0:Correlation ActivityID="" RelatedActivityID="" />\n<ns0:Execution ProcessID="3120" ThreadID="2988" />\n<ns0:Channel>Microsoft-Windows-Sysmon/Operational</ns0:Channel>\n<ns0:Computer>WIN-J23NIGGP1Q6.sysmon_set.local</ns0:Computer>\n<ns0:Security UserID="S-1-5-18" />\n</ns0:System>\n<ns0:EventData><ns0:Data Name="RuleName">-</ns0:Data>\n<ns0:Data Name="UtcTime">2021-12-07 10:21:32.606</ns0:Data>\n<ns0:Data Name="ProcessGuid">{27532e6a-2d16-61af-4800-000000001d00}</ns0:Data>\n<ns0:Data Name="ProcessId">3336</ns0:Data>\n<ns0:Data Name="Image">C:\\Windows\\System32\\dns.exe</ns0:Data>\n<ns0:Data Name="User">NT AUTHORITY\\SYSTEM</ns0:Data>\n<ns0:Data Name="Protocol">udp</ns0:Data>\n<ns0:Data Name="Initiated">False</ns0:Data>\n<ns0:Data Name="SourceIsIpv6">True</ns0:Data>\n<ns0:Data Name="SourceIp">0:0:0:0:0:0:0:1</ns0:Data>\n<ns0:Data Name="SourceHostname">WIN-J23NIGGP1Q6.sysmon_set.local</ns0:Data>\n<ns0:Data Name="SourcePort">53</ns0:Data>\n<ns0:Data Name="SourcePortName">domain</ns0:Data>\n<ns0:Data Name="DestinationIsIpv6">True</ns0:Data>\n<ns0:Data Name="DestinationIp">0:0:0:0:0:0:0:1</ns0:Data>\n<ns0:Data Name="DestinationHostname">WIN-J23NIGGP1Q6.sysmon_set.local</ns0:Data>\n<ns0:Data Name="DestinationPort">56300</ns0:Data>\n<ns0:Data Name="DestinationPortName">-</ns0:Data>\n</ns0:EventData>\n</ns0:Event>'
5
10777
ATTENTION!!!   10777   Events have been identified on the targeted system as suspicious for Lateral Movement Attack!!!
<?xml version="1.0" ?>
<Event xmlns="http://schemas.microsoft.com/win/2004/08/events/event">
	<System>
		<Provider Name="Microsoft-Windows-Sysmon" Guid="{5770385f-c22a-43e0-bf4c-06f5698ffbd9}"/>
		<EventID Qualifiers="">3</EventID>
		<Version>5</Version>
		<Level>4</Level>
		<Task>3</Task>
		<Opcode>0</Opcode>
		<Keywords>0x8000000000000000</Keywords>
		<TimeCreated SystemTime="2021-12-07 10:21:33.177488"/>
		<EventRecordID>25520</EventRecordID>
		<Correlation ActivityID="" RelatedActivityID=""/>
		<Execution ProcessID="3120" ThreadID="2988"/>
		<Channel>Microsoft-Windows-Sysmon/Operational</Channel>
		<Computer>WIN-J23NIGGP1Q6.sysmon_set.local</Computer>
		<Security UserID="S-1-5-18"/>
	</System>
	<EventData>
		<Data Name="RuleName">-</Data>
		<Data Name="UtcTime">2021-12-07 10:21:33.275</Data>
		<Data Name="ProcessGuid">{27532e6a-2d16-61af-4800-000000001d00}</Data>
		<Data Name="ProcessId">3336</Data>
		<Data Name="Image">C:\Windows\System32\dns.exe</Data>
		<Data Name="User">NT AUTHORITY\SYSTEM</Data>
		<Data Name="Protocol">udp</Data>
		<Data Name="Initiated">False</Data>
		<Data Name="SourceIsIpv6">False</Data>
		<Data Name="SourceIp">127.0.0.1</Data>
		<Data Name="SourceHostname">WIN-J23NIGGP1Q6.sysmon_set.local</Data>
		<Data Name="SourcePort">53</Data>
		<Data Name="SourcePortName">domain</Data>
		<Data Name="DestinationIsIpv6">False</Data>
		<Data Name="DestinationIp">127.0.0.1</Data>
		<Data Name="DestinationHostname">WIN-J23NIGGP1Q6.sysmon_set.local</Data>
		<Data Name="DestinationPort">56300</Data>
		<Data Name="DestinationPortName">-</Data>
	</EventData>
</Event>

b'<ns0:Event xmlns:ns0="http://schemas.microsoft.com/win/2004/08/events/event"><ns0:System><ns0:Provider Name="Microsoft-Windows-Sysmon" Guid="{5770385f-c22a-43e0-bf4c-06f5698ffbd9}" />\n<ns0:EventID Qualifiers="">3</ns0:EventID>\n<ns0:Version>5</ns0:Version>\n<ns0:Level>4</ns0:Level>\n<ns0:Task>3</ns0:Task>\n<ns0:Opcode>0</ns0:Opcode>\n<ns0:Keywords>0x8000000000000000</ns0:Keywords>\n<ns0:TimeCreated SystemTime="2021-12-07 10:21:33.177488" />\n<ns0:EventRecordID>25520</ns0:EventRecordID>\n<ns0:Correlation ActivityID="" RelatedActivityID="" />\n<ns0:Execution ProcessID="3120" ThreadID="2988" />\n<ns0:Channel>Microsoft-Windows-Sysmon/Operational</ns0:Channel>\n<ns0:Computer>WIN-J23NIGGP1Q6.sysmon_set.local</ns0:Computer>\n<ns0:Security UserID="S-1-5-18" />\n</ns0:System>\n<ns0:EventData><ns0:Data Name="RuleName">-</ns0:Data>\n<ns0:Data Name="UtcTime">2021-12-07 10:21:33.275</ns0:Data>\n<ns0:Data Name="ProcessGuid">{27532e6a-2d16-61af-4800-000000001d00}</ns0:Data>\n<ns0:Data Name="ProcessId">3336</ns0:Data>\n<ns0:Data Name="Image">C:\\Windows\\System32\\dns.exe</ns0:Data>\n<ns0:Data Name="User">NT AUTHORITY\\SYSTEM</ns0:Data>\n<ns0:Data Name="Protocol">udp</ns0:Data>\n<ns0:Data Name="Initiated">False</ns0:Data>\n<ns0:Data Name="SourceIsIpv6">False</ns0:Data>\n<ns0:Data Name="SourceIp">127.0.0.1</ns0:Data>\n<ns0:Data Name="SourceHostname">WIN-J23NIGGP1Q6.sysmon_set.local</ns0:Data>\n<ns0:Data Name="SourcePort">53</ns0:Data>\n<ns0:Data Name="SourcePortName">domain</ns0:Data>\n<ns0:Data Name="DestinationIsIpv6">False</ns0:Data>\n<ns0:Data Name="DestinationIp">127.0.0.1</ns0:Data>\n<ns0:Data Name="DestinationHostname">WIN-J23NIGGP1Q6.sysmon_set.local</ns0:Data>\n<ns0:Data Name="DestinationPort">56300</ns0:Data>\n<ns0:Data Name="DestinationPortName">-</ns0:Data>\n</ns0:EventData>\n</ns0:Event>'
5
10778
ATTENTION!!!   10778   Events have been identified on the targeted system as suspicious for Lateral Movement Attack!!!
<?xml version="1.0" ?>
<Event xmlns="http://schemas.microsoft.com/win/2004/08/events/event">
	<System>
		<Provider Name="Microsoft-Windows-Sysmon" Guid="{5770385f-c22a-43e0-bf4c-06f5698ffbd9}"/>
		<EventID Qualifiers="">3</EventID>
		<Version>5</Version>
		<Level>4</Level>
		<Task>3</Task>
		<Opcode>0</Opcode>
		<Keywords>0x8000000000000000</Keywords>
		<TimeCreated SystemTime="2021-12-07 10:21:34.458982"/>
		<EventRecordID>25521</EventRecordID>
		<Correlation ActivityID="" RelatedActivityID=""/>
		<Execution ProcessID="3120" ThreadID="2988"/>
		<Channel>Microsoft-Windows-Sysmon/Operational</Channel>
		<Computer>WIN-J23NIGGP1Q6.sysmon_set.local</Computer>
		<Security UserID="S-1-5-18"/>
	</System>
	<EventData>
		<Data Name="RuleName">-</Data>
		<Data Name="UtcTime">2021-12-07 10:21:35.213</Data>
		<Data Name="ProcessGuid">{27532e6a-2d17-61af-4900-000000001d00}</Data>
		<Data Name="ProcessId">3344</Data>
		<Data Name="Image">C:\Windows\ADWS\Microsoft.ActiveDirectory.WebServices.exe</Data>
		<Data Name="User">NT AUTHORITY\SYSTEM</Data>
		<Data Name="Protocol">tcp</Data>
		<Data Name="Initiated">True</Data>
		<Data Name="SourceIsIpv6">True</Data>
		<Data Name="SourceIp">0:0:0:0:0:0:0:1</Data>
		<Data Name="SourceHostname">WIN-J23NIGGP1Q6.sysmon_set.local</Data>
		<Data Name="SourcePort">56876</Data>
		<Data Name="SourcePortName">-</Data>
		<Data Name="DestinationIsIpv6">True</Data>
		<Data Name="DestinationIp">0:0:0:0:0:0:0:1</Data>
		<Data Name="DestinationHostname">WIN-J23NIGGP1Q6.sysmon_set.local</Data>
		<Data Name="DestinationPort">389</Data>
		<Data Name="DestinationPortName">ldap</Data>
	</EventData>
</Event>

b'<ns0:Event xmlns:ns0="http://schemas.microsoft.com/win/2004/08/events/event"><ns0:System><ns0:Provider Name="Microsoft-Windows-Sysmon" Guid="{5770385f-c22a-43e0-bf4c-06f5698ffbd9}" />\n<ns0:EventID Qualifiers="">3</ns0:EventID>\n<ns0:Version>5</ns0:Version>\n<ns0:Level>4</ns0:Level>\n<ns0:Task>3</ns0:Task>\n<ns0:Opcode>0</ns0:Opcode>\n<ns0:Keywords>0x8000000000000000</ns0:Keywords>\n<ns0:TimeCreated SystemTime="2021-12-07 10:21:34.458982" />\n<ns0:EventRecordID>25521</ns0:EventRecordID>\n<ns0:Correlation ActivityID="" RelatedActivityID="" />\n<ns0:Execution ProcessID="3120" ThreadID="2988" />\n<ns0:Channel>Microsoft-Windows-Sysmon/Operational</ns0:Channel>\n<ns0:Computer>WIN-J23NIGGP1Q6.sysmon_set.local</ns0:Computer>\n<ns0:Security UserID="S-1-5-18" />\n</ns0:System>\n<ns0:EventData><ns0:Data Name="RuleName">-</ns0:Data>\n<ns0:Data Name="UtcTime">2021-12-07 10:21:35.213</ns0:Data>\n<ns0:Data Name="ProcessGuid">{27532e6a-2d17-61af-4900-000000001d00}</ns0:Data>\n<ns0:Data Name="ProcessId">3344</ns0:Data>\n<ns0:Data Name="Image">C:\\Windows\\ADWS\\Microsoft.ActiveDirectory.WebServices.exe</ns0:Data>\n<ns0:Data Name="User">NT AUTHORITY\\SYSTEM</ns0:Data>\n<ns0:Data Name="Protocol">tcp</ns0:Data>\n<ns0:Data Name="Initiated">True</ns0:Data>\n<ns0:Data Name="SourceIsIpv6">True</ns0:Data>\n<ns0:Data Name="SourceIp">0:0:0:0:0:0:0:1</ns0:Data>\n<ns0:Data Name="SourceHostname">WIN-J23NIGGP1Q6.sysmon_set.local</ns0:Data>\n<ns0:Data Name="SourcePort">56876</ns0:Data>\n<ns0:Data Name="SourcePortName">-</ns0:Data>\n<ns0:Data Name="DestinationIsIpv6">True</ns0:Data>\n<ns0:Data Name="DestinationIp">0:0:0:0:0:0:0:1</ns0:Data>\n<ns0:Data Name="DestinationHostname">WIN-J23NIGGP1Q6.sysmon_set.local</ns0:Data>\n<ns0:Data Name="DestinationPort">389</ns0:Data>\n<ns0:Data Name="DestinationPortName">ldap</ns0:Data>\n</ns0:EventData>\n</ns0:Event>'
5
10779
ATTENTION!!!   10779   Events have been identified on the targeted system as suspicious for Lateral Movement Attack!!!
<?xml version="1.0" ?>
<Event xmlns="http://schemas.microsoft.com/win/2004/08/events/event">
	<System>
		<Provider Name="Microsoft-Windows-Sysmon" Guid="{5770385f-c22a-43e0-bf4c-06f5698ffbd9}"/>
		<EventID Qualifiers="">3</EventID>
		<Version>5</Version>
		<Level>4</Level>
		<Task>3</Task>
		<Opcode>0</Opcode>
		<Keywords>0x8000000000000000</Keywords>
		<TimeCreated SystemTime="2021-12-07 10:21:34.459013"/>
		<EventRecordID>25522</EventRecordID>
		<Correlation ActivityID="" RelatedActivityID=""/>
		<Execution ProcessID="3120" ThreadID="2988"/>
		<Channel>Microsoft-Windows-Sysmon/Operational</Channel>
		<Computer>WIN-J23NIGGP1Q6.sysmon_set.local</Computer>
		<Security UserID="S-1-5-18"/>
	</System>
	<EventData>
		<Data Name="RuleName">-</Data>
		<Data Name="UtcTime">2021-12-07 10:21:35.213</Data>
		<Data Name="ProcessGuid">{27532e6a-2ce6-61af-0c00-000000001d00}</Data>
		<Data Name="ProcessId">672</Data>
		<Data Name="Image">C:\Windows\System32\lsass.exe</Data>
		<Data Name="User">NT AUTHORITY\SYSTEM</Data>
		<Data Name="Protocol">tcp</Data>
		<Data Name="Initiated">False</Data>
		<Data Name="SourceIsIpv6">True</Data>
		<Data Name="SourceIp">0:0:0:0:0:0:0:1</Data>
		<Data Name="SourceHostname">WIN-J23NIGGP1Q6.sysmon_set.local</Data>
		<Data Name="SourcePort">56876</Data>
		<Data Name="SourcePortName">-</Data>
		<Data Name="DestinationIsIpv6">True</Data>
		<Data Name="DestinationIp">0:0:0:0:0:0:0:1</Data>
		<Data Name="DestinationHostname">WIN-J23NIGGP1Q6.sysmon_set.local</Data>
		<Data Name="DestinationPort">389</Data>
		<Data Name="DestinationPortName">ldap</Data>
	</EventData>
</Event>

b'<ns0:Event xmlns:ns0="http://schemas.microsoft.com/win/2004/08/events/event"><ns0:System><ns0:Provider Name="Microsoft-Windows-Sysmon" Guid="{5770385f-c22a-43e0-bf4c-06f5698ffbd9}" />\n<ns0:EventID Qualifiers="">3</ns0:EventID>\n<ns0:Version>5</ns0:Version>\n<ns0:Level>4</ns0:Level>\n<ns0:Task>3</ns0:Task>\n<ns0:Opcode>0</ns0:Opcode>\n<ns0:Keywords>0x8000000000000000</ns0:Keywords>\n<ns0:TimeCreated SystemTime="2021-12-07 10:21:34.459013" />\n<ns0:EventRecordID>25522</ns0:EventRecordID>\n<ns0:Correlation ActivityID="" RelatedActivityID="" />\n<ns0:Execution ProcessID="3120" ThreadID="2988" />\n<ns0:Channel>Microsoft-Windows-Sysmon/Operational</ns0:Channel>\n<ns0:Computer>WIN-J23NIGGP1Q6.sysmon_set.local</ns0:Computer>\n<ns0:Security UserID="S-1-5-18" />\n</ns0:System>\n<ns0:EventData><ns0:Data Name="RuleName">-</ns0:Data>\n<ns0:Data Name="UtcTime">2021-12-07 10:21:35.213</ns0:Data>\n<ns0:Data Name="ProcessGuid">{27532e6a-2ce6-61af-0c00-000000001d00}</ns0:Data>\n<ns0:Data Name="ProcessId">672</ns0:Data>\n<ns0:Data Name="Image">C:\\Windows\\System32\\lsass.exe</ns0:Data>\n<ns0:Data Name="User">NT AUTHORITY\\SYSTEM</ns0:Data>\n<ns0:Data Name="Protocol">tcp</ns0:Data>\n<ns0:Data Name="Initiated">False</ns0:Data>\n<ns0:Data Name="SourceIsIpv6">True</ns0:Data>\n<ns0:Data Name="SourceIp">0:0:0:0:0:0:0:1</ns0:Data>\n<ns0:Data Name="SourceHostname">WIN-J23NIGGP1Q6.sysmon_set.local</ns0:Data>\n<ns0:Data Name="SourcePort">56876</ns0:Data>\n<ns0:Data Name="SourcePortName">-</ns0:Data>\n<ns0:Data Name="DestinationIsIpv6">True</ns0:Data>\n<ns0:Data Name="DestinationIp">0:0:0:0:0:0:0:1</ns0:Data>\n<ns0:Data Name="DestinationHostname">WIN-J23NIGGP1Q6.sysmon_set.local</ns0:Data>\n<ns0:Data Name="DestinationPort">389</ns0:Data>\n<ns0:Data Name="DestinationPortName">ldap</ns0:Data>\n</ns0:EventData>\n</ns0:Event>'
5
10780
ATTENTION!!!   10780   Events have been identified on the targeted system as suspicious for Lateral Movement Attack!!!
<?xml version="1.0" ?>
<Event xmlns="http://schemas.microsoft.com/win/2004/08/events/event">
	<System>
		<Provider Name="Microsoft-Windows-Sysmon" Guid="{5770385f-c22a-43e0-bf4c-06f5698ffbd9}"/>
		<EventID Qualifiers="">3</EventID>
		<Version>5</Version>
		<Level>4</Level>
		<Task>3</Task>
		<Opcode>0</Opcode>
		<Keywords>0x8000000000000000</Keywords>
		<TimeCreated SystemTime="2021-12-07 10:21:41.520645"/>
		<EventRecordID>25523</EventRecordID>
		<Correlation ActivityID="" RelatedActivityID=""/>
		<Execution ProcessID="3120" ThreadID="2988"/>
		<Channel>Microsoft-Windows-Sysmon/Operational</Channel>
		<Computer>WIN-J23NIGGP1Q6.sysmon_set.local</Computer>
		<Security UserID="S-1-5-18"/>
	</System>
	<EventData>
		<Data Name="RuleName">-</Data>
		<Data Name="UtcTime">2021-12-07 10:21:41.666</Data>
		<Data Name="ProcessGuid">{27532e6a-2d16-61af-4800-000000001d00}</Data>
		<Data Name="ProcessId">3336</Data>
		<Data Name="Image">C:\Windows\System32\dns.exe</Data>
		<Data Name="User">NT AUTHORITY\SYSTEM</Data>
		<Data Name="Protocol">udp</Data>
		<Data Name="Initiated">False</Data>
		<Data Name="SourceIsIpv6">True</Data>
		<Data Name="SourceIp">0:0:0:0:0:0:0:1</Data>
		<Data Name="SourceHostname">WIN-J23NIGGP1Q6.sysmon_set.local</Data>
		<Data Name="SourcePort">53</Data>
		<Data Name="SourcePortName">domain</Data>
		<Data Name="DestinationIsIpv6">True</Data>
		<Data Name="DestinationIp">0:0:0:0:0:0:0:1</Data>
		<Data Name="DestinationHostname">WIN-J23NIGGP1Q6.sysmon_set.local</Data>
		<Data Name="DestinationPort">60441</Data>
		<Data Name="DestinationPortName">-</Data>
	</EventData>
</Event>

b'<ns0:Event xmlns:ns0="http://schemas.microsoft.com/win/2004/08/events/event"><ns0:System><ns0:Provider Name="Microsoft-Windows-Sysmon" Guid="{5770385f-c22a-43e0-bf4c-06f5698ffbd9}" />\n<ns0:EventID Qualifiers="">3</ns0:EventID>\n<ns0:Version>5</ns0:Version>\n<ns0:Level>4</ns0:Level>\n<ns0:Task>3</ns0:Task>\n<ns0:Opcode>0</ns0:Opcode>\n<ns0:Keywords>0x8000000000000000</ns0:Keywords>\n<ns0:TimeCreated SystemTime="2021-12-07 10:21:41.520645" />\n<ns0:EventRecordID>25523</ns0:EventRecordID>\n<ns0:Correlation ActivityID="" RelatedActivityID="" />\n<ns0:Execution ProcessID="3120" ThreadID="2988" />\n<ns0:Channel>Microsoft-Windows-Sysmon/Operational</ns0:Channel>\n<ns0:Computer>WIN-J23NIGGP1Q6.sysmon_set.local</ns0:Computer>\n<ns0:Security UserID="S-1-5-18" />\n</ns0:System>\n<ns0:EventData><ns0:Data Name="RuleName">-</ns0:Data>\n<ns0:Data Name="UtcTime">2021-12-07 10:21:41.666</ns0:Data>\n<ns0:Data Name="ProcessGuid">{27532e6a-2d16-61af-4800-000000001d00}</ns0:Data>\n<ns0:Data Name="ProcessId">3336</ns0:Data>\n<ns0:Data Name="Image">C:\\Windows\\System32\\dns.exe</ns0:Data>\n<ns0:Data Name="User">NT AUTHORITY\\SYSTEM</ns0:Data>\n<ns0:Data Name="Protocol">udp</ns0:Data>\n<ns0:Data Name="Initiated">False</ns0:Data>\n<ns0:Data Name="SourceIsIpv6">True</ns0:Data>\n<ns0:Data Name="SourceIp">0:0:0:0:0:0:0:1</ns0:Data>\n<ns0:Data Name="SourceHostname">WIN-J23NIGGP1Q6.sysmon_set.local</ns0:Data>\n<ns0:Data Name="SourcePort">53</ns0:Data>\n<ns0:Data Name="SourcePortName">domain</ns0:Data>\n<ns0:Data Name="DestinationIsIpv6">True</ns0:Data>\n<ns0:Data Name="DestinationIp">0:0:0:0:0:0:0:1</ns0:Data>\n<ns0:Data Name="DestinationHostname">WIN-J23NIGGP1Q6.sysmon_set.local</ns0:Data>\n<ns0:Data Name="DestinationPort">60441</ns0:Data>\n<ns0:Data Name="DestinationPortName">-</ns0:Data>\n</ns0:EventData>\n</ns0:Event>'
5
10781
ATTENTION!!!   10781   Events have been identified on the targeted system as suspicious for Lateral Movement Attack!!!
<?xml version="1.0" ?>
<Event xmlns="http://schemas.microsoft.com/win/2004/08/events/event">
	<System>
		<Provider Name="Microsoft-Windows-Sysmon" Guid="{5770385f-c22a-43e0-bf4c-06f5698ffbd9}"/>
		<EventID Qualifiers="">3</EventID>
		<Version>5</Version>
		<Level>4</Level>
		<Task>3</Task>
		<Opcode>0</Opcode>
		<Keywords>0x8000000000000000</Keywords>
		<TimeCreated SystemTime="2021-12-07 10:21:41.520664"/>
		<EventRecordID>25524</EventRecordID>
		<Correlation ActivityID="" RelatedActivityID=""/>
		<Execution ProcessID="3120" ThreadID="2988"/>
		<Channel>Microsoft-Windows-Sysmon/Operational</Channel>
		<Computer>WIN-J23NIGGP1Q6.sysmon_set.local</Computer>
		<Security UserID="S-1-5-18"/>
	</System>
	<EventData>
		<Data Name="RuleName">-</Data>
		<Data Name="UtcTime">2021-12-07 10:21:41.666</Data>
		<Data Name="ProcessGuid">{27532e6a-2d16-61af-4800-000000001d00}</Data>
		<Data Name="ProcessId">3336</Data>
		<Data Name="Image">C:\Windows\System32\dns.exe</Data>
		<Data Name="User">NT AUTHORITY\SYSTEM</Data>
		<Data Name="Protocol">udp</Data>
		<Data Name="Initiated">False</Data>
		<Data Name="SourceIsIpv6">True</Data>
		<Data Name="SourceIp">0:0:0:0:0:0:0:1</Data>
		<Data Name="SourceHostname">WIN-J23NIGGP1Q6.sysmon_set.local</Data>
		<Data Name="SourcePort">53</Data>
		<Data Name="SourcePortName">domain</Data>
		<Data Name="DestinationIsIpv6">True</Data>
		<Data Name="DestinationIp">0:0:0:0:0:0:0:1</Data>
		<Data Name="DestinationHostname">WIN-J23NIGGP1Q6.sysmon_set.local</Data>
		<Data Name="DestinationPort">53653</Data>
		<Data Name="DestinationPortName">-</Data>
	</EventData>
</Event>

b'<ns0:Event xmlns:ns0="http://schemas.microsoft.com/win/2004/08/events/event"><ns0:System><ns0:Provider Name="Microsoft-Windows-Sysmon" Guid="{5770385f-c22a-43e0-bf4c-06f5698ffbd9}" />\n<ns0:EventID Qualifiers="">3</ns0:EventID>\n<ns0:Version>5</ns0:Version>\n<ns0:Level>4</ns0:Level>\n<ns0:Task>3</ns0:Task>\n<ns0:Opcode>0</ns0:Opcode>\n<ns0:Keywords>0x8000000000000000</ns0:Keywords>\n<ns0:TimeCreated SystemTime="2021-12-07 10:21:41.520664" />\n<ns0:EventRecordID>25524</ns0:EventRecordID>\n<ns0:Correlation ActivityID="" RelatedActivityID="" />\n<ns0:Execution ProcessID="3120" ThreadID="2988" />\n<ns0:Channel>Microsoft-Windows-Sysmon/Operational</ns0:Channel>\n<ns0:Computer>WIN-J23NIGGP1Q6.sysmon_set.local</ns0:Computer>\n<ns0:Security UserID="S-1-5-18" />\n</ns0:System>\n<ns0:EventData><ns0:Data Name="RuleName">-</ns0:Data>\n<ns0:Data Name="UtcTime">2021-12-07 10:21:41.666</ns0:Data>\n<ns0:Data Name="ProcessGuid">{27532e6a-2d16-61af-4800-000000001d00}</ns0:Data>\n<ns0:Data Name="ProcessId">3336</ns0:Data>\n<ns0:Data Name="Image">C:\\Windows\\System32\\dns.exe</ns0:Data>\n<ns0:Data Name="User">NT AUTHORITY\\SYSTEM</ns0:Data>\n<ns0:Data Name="Protocol">udp</ns0:Data>\n<ns0:Data Name="Initiated">False</ns0:Data>\n<ns0:Data Name="SourceIsIpv6">True</ns0:Data>\n<ns0:Data Name="SourceIp">0:0:0:0:0:0:0:1</ns0:Data>\n<ns0:Data Name="SourceHostname">WIN-J23NIGGP1Q6.sysmon_set.local</ns0:Data>\n<ns0:Data Name="SourcePort">53</ns0:Data>\n<ns0:Data Name="SourcePortName">domain</ns0:Data>\n<ns0:Data Name="DestinationIsIpv6">True</ns0:Data>\n<ns0:Data Name="DestinationIp">0:0:0:0:0:0:0:1</ns0:Data>\n<ns0:Data Name="DestinationHostname">WIN-J23NIGGP1Q6.sysmon_set.local</ns0:Data>\n<ns0:Data Name="DestinationPort">53653</ns0:Data>\n<ns0:Data Name="DestinationPortName">-</ns0:Data>\n</ns0:EventData>\n</ns0:Event>'
5
10782
ATTENTION!!!   10782   Events have been identified on the targeted system as suspicious for Lateral Movement Attack!!!
<?xml version="1.0" ?>
<Event xmlns="http://schemas.microsoft.com/win/2004/08/events/event">
	<System>
		<Provider Name="Microsoft-Windows-Sysmon" Guid="{5770385f-c22a-43e0-bf4c-06f5698ffbd9}"/>
		<EventID Qualifiers="">3</EventID>
		<Version>5</Version>
		<Level>4</Level>
		<Task>3</Task>
		<Opcode>0</Opcode>
		<Keywords>0x8000000000000000</Keywords>
		<TimeCreated SystemTime="2021-12-07 10:21:43.841002"/>
		<EventRecordID>25525</EventRecordID>
		<Correlation ActivityID="" RelatedActivityID=""/>
		<Execution ProcessID="3120" ThreadID="2988"/>
		<Channel>Microsoft-Windows-Sysmon/Operational</Channel>
		<Computer>WIN-J23NIGGP1Q6.sysmon_set.local</Computer>
		<Security UserID="S-1-5-18"/>
	</System>
	<EventData>
		<Data Name="RuleName">-</Data>
		<Data Name="UtcTime">2021-12-07 10:21:42.337</Data>
		<Data Name="ProcessGuid">{27532e6a-2d16-61af-4800-000000001d00}</Data>
		<Data Name="ProcessId">3336</Data>
		<Data Name="Image">C:\Windows\System32\dns.exe</Data>
		<Data Name="User">NT AUTHORITY\SYSTEM</Data>
		<Data Name="Protocol">udp</Data>
		<Data Name="Initiated">False</Data>
		<Data Name="SourceIsIpv6">False</Data>
		<Data Name="SourceIp">127.0.0.1</Data>
		<Data Name="SourceHostname">WIN-J23NIGGP1Q6.sysmon_set.local</Data>
		<Data Name="SourcePort">53</Data>
		<Data Name="SourcePortName">domain</Data>
		<Data Name="DestinationIsIpv6">False</Data>
		<Data Name="DestinationIp">127.0.0.1</Data>
		<Data Name="DestinationHostname">WIN-J23NIGGP1Q6.sysmon_set.local</Data>
		<Data Name="DestinationPort">60441</Data>
		<Data Name="DestinationPortName">-</Data>
	</EventData>
</Event>

b'<ns0:Event xmlns:ns0="http://schemas.microsoft.com/win/2004/08/events/event"><ns0:System><ns0:Provider Name="Microsoft-Windows-Sysmon" Guid="{5770385f-c22a-43e0-bf4c-06f5698ffbd9}" />\n<ns0:EventID Qualifiers="">3</ns0:EventID>\n<ns0:Version>5</ns0:Version>\n<ns0:Level>4</ns0:Level>\n<ns0:Task>3</ns0:Task>\n<ns0:Opcode>0</ns0:Opcode>\n<ns0:Keywords>0x8000000000000000</ns0:Keywords>\n<ns0:TimeCreated SystemTime="2021-12-07 10:21:43.841002" />\n<ns0:EventRecordID>25525</ns0:EventRecordID>\n<ns0:Correlation ActivityID="" RelatedActivityID="" />\n<ns0:Execution ProcessID="3120" ThreadID="2988" />\n<ns0:Channel>Microsoft-Windows-Sysmon/Operational</ns0:Channel>\n<ns0:Computer>WIN-J23NIGGP1Q6.sysmon_set.local</ns0:Computer>\n<ns0:Security UserID="S-1-5-18" />\n</ns0:System>\n<ns0:EventData><ns0:Data Name="RuleName">-</ns0:Data>\n<ns0:Data Name="UtcTime">2021-12-07 10:21:42.337</ns0:Data>\n<ns0:Data Name="ProcessGuid">{27532e6a-2d16-61af-4800-000000001d00}</ns0:Data>\n<ns0:Data Name="ProcessId">3336</ns0:Data>\n<ns0:Data Name="Image">C:\\Windows\\System32\\dns.exe</ns0:Data>\n<ns0:Data Name="User">NT AUTHORITY\\SYSTEM</ns0:Data>\n<ns0:Data Name="Protocol">udp</ns0:Data>\n<ns0:Data Name="Initiated">False</ns0:Data>\n<ns0:Data Name="SourceIsIpv6">False</ns0:Data>\n<ns0:Data Name="SourceIp">127.0.0.1</ns0:Data>\n<ns0:Data Name="SourceHostname">WIN-J23NIGGP1Q6.sysmon_set.local</ns0:Data>\n<ns0:Data Name="SourcePort">53</ns0:Data>\n<ns0:Data Name="SourcePortName">domain</ns0:Data>\n<ns0:Data Name="DestinationIsIpv6">False</ns0:Data>\n<ns0:Data Name="DestinationIp">127.0.0.1</ns0:Data>\n<ns0:Data Name="DestinationHostname">WIN-J23NIGGP1Q6.sysmon_set.local</ns0:Data>\n<ns0:Data Name="DestinationPort">60441</ns0:Data>\n<ns0:Data Name="DestinationPortName">-</ns0:Data>\n</ns0:EventData>\n</ns0:Event>'
5
10783
ATTENTION!!!   10783   Events have been identified on the targeted system as suspicious for Lateral Movement Attack!!!
<?xml version="1.0" ?>
<Event xmlns="http://schemas.microsoft.com/win/2004/08/events/event">
	<System>
		<Provider Name="Microsoft-Windows-Sysmon" Guid="{5770385f-c22a-43e0-bf4c-06f5698ffbd9}"/>
		<EventID Qualifiers="">3</EventID>
		<Version>5</Version>
		<Level>4</Level>
		<Task>3</Task>
		<Opcode>0</Opcode>
		<Keywords>0x8000000000000000</Keywords>
		<TimeCreated SystemTime="2021-12-07 10:21:43.841066"/>
		<EventRecordID>25526</EventRecordID>
		<Correlation ActivityID="" RelatedActivityID=""/>
		<Execution ProcessID="3120" ThreadID="2988"/>
		<Channel>Microsoft-Windows-Sysmon/Operational</Channel>
		<Computer>WIN-J23NIGGP1Q6.sysmon_set.local</Computer>
		<Security UserID="S-1-5-18"/>
	</System>
	<EventData>
		<Data Name="RuleName">-</Data>
		<Data Name="UtcTime">2021-12-07 10:21:42.337</Data>
		<Data Name="ProcessGuid">{27532e6a-2d16-61af-4800-000000001d00}</Data>
		<Data Name="ProcessId">3336</Data>
		<Data Name="Image">C:\Windows\System32\dns.exe</Data>
		<Data Name="User">NT AUTHORITY\SYSTEM</Data>
		<Data Name="Protocol">udp</Data>
		<Data Name="Initiated">False</Data>
		<Data Name="SourceIsIpv6">False</Data>
		<Data Name="SourceIp">127.0.0.1</Data>
		<Data Name="SourceHostname">WIN-J23NIGGP1Q6.sysmon_set.local</Data>
		<Data Name="SourcePort">53</Data>
		<Data Name="SourcePortName">domain</Data>
		<Data Name="DestinationIsIpv6">False</Data>
		<Data Name="DestinationIp">127.0.0.1</Data>
		<Data Name="DestinationHostname">WIN-J23NIGGP1Q6.sysmon_set.local</Data>
		<Data Name="DestinationPort">53653</Data>
		<Data Name="DestinationPortName">-</Data>
	</EventData>
</Event>

b'<ns0:Event xmlns:ns0="http://schemas.microsoft.com/win/2004/08/events/event"><ns0:System><ns0:Provider Name="Microsoft-Windows-Sysmon" Guid="{5770385f-c22a-43e0-bf4c-06f5698ffbd9}" />\n<ns0:EventID Qualifiers="">3</ns0:EventID>\n<ns0:Version>5</ns0:Version>\n<ns0:Level>4</ns0:Level>\n<ns0:Task>3</ns0:Task>\n<ns0:Opcode>0</ns0:Opcode>\n<ns0:Keywords>0x8000000000000000</ns0:Keywords>\n<ns0:TimeCreated SystemTime="2021-12-07 10:21:43.841066" />\n<ns0:EventRecordID>25526</ns0:EventRecordID>\n<ns0:Correlation ActivityID="" RelatedActivityID="" />\n<ns0:Execution ProcessID="3120" ThreadID="2988" />\n<ns0:Channel>Microsoft-Windows-Sysmon/Operational</ns0:Channel>\n<ns0:Computer>WIN-J23NIGGP1Q6.sysmon_set.local</ns0:Computer>\n<ns0:Security UserID="S-1-5-18" />\n</ns0:System>\n<ns0:EventData><ns0:Data Name="RuleName">-</ns0:Data>\n<ns0:Data Name="UtcTime">2021-12-07 10:21:42.337</ns0:Data>\n<ns0:Data Name="ProcessGuid">{27532e6a-2d16-61af-4800-000000001d00}</ns0:Data>\n<ns0:Data Name="ProcessId">3336</ns0:Data>\n<ns0:Data Name="Image">C:\\Windows\\System32\\dns.exe</ns0:Data>\n<ns0:Data Name="User">NT AUTHORITY\\SYSTEM</ns0:Data>\n<ns0:Data Name="Protocol">udp</ns0:Data>\n<ns0:Data Name="Initiated">False</ns0:Data>\n<ns0:Data Name="SourceIsIpv6">False</ns0:Data>\n<ns0:Data Name="SourceIp">127.0.0.1</ns0:Data>\n<ns0:Data Name="SourceHostname">WIN-J23NIGGP1Q6.sysmon_set.local</ns0:Data>\n<ns0:Data Name="SourcePort">53</ns0:Data>\n<ns0:Data Name="SourcePortName">domain</ns0:Data>\n<ns0:Data Name="DestinationIsIpv6">False</ns0:Data>\n<ns0:Data Name="DestinationIp">127.0.0.1</ns0:Data>\n<ns0:Data Name="DestinationHostname">WIN-J23NIGGP1Q6.sysmon_set.local</ns0:Data>\n<ns0:Data Name="DestinationPort">53653</ns0:Data>\n<ns0:Data Name="DestinationPortName">-</ns0:Data>\n</ns0:EventData>\n</ns0:Event>'
5
10784
ATTENTION!!!   10784   Events have been identified on the targeted system as suspicious for Lateral Movement Attack!!!
<?xml version="1.0" ?>
<Event xmlns="http://schemas.microsoft.com/win/2004/08/events/event">
	<System>
		<Provider Name="Microsoft-Windows-Sysmon" Guid="{5770385f-c22a-43e0-bf4c-06f5698ffbd9}"/>
		<EventID Qualifiers="">1</EventID>
		<Version>5</Version>
		<Level>4</Level>
		<Task>1</Task>
		<Opcode>0</Opcode>
		<Keywords>0x8000000000000000</Keywords>
		<TimeCreated SystemTime="2021-12-07 10:21:45.110733"/>
		<EventRecordID>25527</EventRecordID>
		<Correlation ActivityID="" RelatedActivityID=""/>
		<Execution ProcessID="3120" ThreadID="2992"/>
		<Channel>Microsoft-Windows-Sysmon/Operational</Channel>
		<Computer>WIN-J23NIGGP1Q6.sysmon_set.local</Computer>
		<Security UserID="S-1-5-18"/>
	</System>
	<EventData>
		<Data Name="RuleName">-</Data>
		<Data Name="UtcTime">2021-12-07 10:21:45.109</Data>
		<Data Name="ProcessGuid">{27532e6a-35b9-61af-5401-000000001d00}</Data>
		<Data Name="ProcessId">4708</Data>
		<Data Name="Image">C:\Windows\System32\rundll32.exe</Data>
		<Data Name="FileVersion">10.0.17763.1 (WinBuild.160101.0800)</Data>
		<Data Name="Description">Windows host process (Rundll32)</Data>
		<Data Name="Product">Microsoft Windows Operating System</Data>
		<Data Name="Company">Microsoft Corporation</Data>
		<Data Name="OriginalFileName">RUNDLL32.EXE</Data>
		<Data Name="CommandLine">C:\Windows\system32\rundll32.exe C:\Windows\system32\inetcpl.cpl,ClearMyTracksByProcess Flags:8388616 WinX:0 WinY:0 IEFrame:0000000000000000</Data>
		<Data Name="CurrentDirectory">C:\Users\Administrator\Desktop\</Data>
		<Data Name="User">SYSMON_SET\Administrator</Data>
		<Data Name="LogonGuid">{27532e6a-2d6f-61af-2358-040000000000}</Data>
		<Data Name="LogonId">0x0000000000045823</Data>
		<Data Name="TerminalSessionId">1</Data>
		<Data Name="IntegrityLevel">Low</Data>
		<Data Name="Hashes">SHA256=01B407AF0200B66A34D9B1FA6D9EAAB758EFA36A36BB99B554384F59F8690B1A</Data>
		<Data Name="ParentProcessGuid">{27532e6a-352c-61af-5201-000000001d00}</Data>
		<Data Name="ParentProcessId">1792</Data>
		<Data Name="ParentImage">C:\Program Files\internet explorer\iexplore.exe</Data>
		<Data Name="ParentCommandLine">&quot;C:\Program Files\internet explorer\iexplore.exe&quot; </Data>
	</EventData>
</Event>

b'<ns0:Event xmlns:ns0="http://schemas.microsoft.com/win/2004/08/events/event"><ns0:System><ns0:Provider Name="Microsoft-Windows-Sysmon" Guid="{5770385f-c22a-43e0-bf4c-06f5698ffbd9}" />\n<ns0:EventID Qualifiers="">1</ns0:EventID>\n<ns0:Version>5</ns0:Version>\n<ns0:Level>4</ns0:Level>\n<ns0:Task>1</ns0:Task>\n<ns0:Opcode>0</ns0:Opcode>\n<ns0:Keywords>0x8000000000000000</ns0:Keywords>\n<ns0:TimeCreated SystemTime="2021-12-07 10:21:45.110733" />\n<ns0:EventRecordID>25527</ns0:EventRecordID>\n<ns0:Correlation ActivityID="" RelatedActivityID="" />\n<ns0:Execution ProcessID="3120" ThreadID="2992" />\n<ns0:Channel>Microsoft-Windows-Sysmon/Operational</ns0:Channel>\n<ns0:Computer>WIN-J23NIGGP1Q6.sysmon_set.local</ns0:Computer>\n<ns0:Security UserID="S-1-5-18" />\n</ns0:System>\n<ns0:EventData><ns0:Data Name="RuleName">-</ns0:Data>\n<ns0:Data Name="UtcTime">2021-12-07 10:21:45.109</ns0:Data>\n<ns0:Data Name="ProcessGuid">{27532e6a-35b9-61af-5401-000000001d00}</ns0:Data>\n<ns0:Data Name="ProcessId">4708</ns0:Data>\n<ns0:Data Name="Image">C:\\Windows\\System32\\rundll32.exe</ns0:Data>\n<ns0:Data Name="FileVersion">10.0.17763.1 (WinBuild.160101.0800)</ns0:Data>\n<ns0:Data Name="Description">Windows host process (Rundll32)</ns0:Data>\n<ns0:Data Name="Product">Microsoft&#174; Windows&#174; Operating System</ns0:Data>\n<ns0:Data Name="Company">Microsoft Corporation</ns0:Data>\n<ns0:Data Name="OriginalFileName">RUNDLL32.EXE</ns0:Data>\n<ns0:Data Name="CommandLine">C:\\Windows\\system32\\rundll32.exe C:\\Windows\\system32\\inetcpl.cpl,ClearMyTracksByProcess Flags:8388616 WinX:0 WinY:0 IEFrame:0000000000000000</ns0:Data>\n<ns0:Data Name="CurrentDirectory">C:\\Users\\Administrator\\Desktop\\</ns0:Data>\n<ns0:Data Name="User">SYSMON_SET\\Administrator</ns0:Data>\n<ns0:Data Name="LogonGuid">{27532e6a-2d6f-61af-2358-040000000000}</ns0:Data>\n<ns0:Data Name="LogonId">0x0000000000045823</ns0:Data>\n<ns0:Data Name="TerminalSessionId">1</ns0:Data>\n<ns0:Data Name="IntegrityLevel">Low</ns0:Data>\n<ns0:Data Name="Hashes">SHA256=01B407AF0200B66A34D9B1FA6D9EAAB758EFA36A36BB99B554384F59F8690B1A</ns0:Data>\n<ns0:Data Name="ParentProcessGuid">{27532e6a-352c-61af-5201-000000001d00}</ns0:Data>\n<ns0:Data Name="ParentProcessId">1792</ns0:Data>\n<ns0:Data Name="ParentImage">C:\\Program Files\\internet explorer\\iexplore.exe</ns0:Data>\n<ns0:Data Name="ParentCommandLine">"C:\\Program Files\\internet explorer\\iexplore.exe" </ns0:Data>\n</ns0:EventData>\n</ns0:Event>'
9
10785
ATTENTION!!!   10785   Events have been identified on the targeted system as suspicious for Lateral Movement Attack!!!
<?xml version="1.0" ?>
<Event xmlns="http://schemas.microsoft.com/win/2004/08/events/event">
	<System>
		<Provider Name="Microsoft-Windows-Sysmon" Guid="{5770385f-c22a-43e0-bf4c-06f5698ffbd9}"/>
		<EventID Qualifiers="">1</EventID>
		<Version>5</Version>
		<Level>4</Level>
		<Task>1</Task>
		<Opcode>0</Opcode>
		<Keywords>0x8000000000000000</Keywords>
		<TimeCreated SystemTime="2021-12-07 10:21:45.113768"/>
		<EventRecordID>25528</EventRecordID>
		<Correlation ActivityID="" RelatedActivityID=""/>
		<Execution ProcessID="3120" ThreadID="2992"/>
		<Channel>Microsoft-Windows-Sysmon/Operational</Channel>
		<Computer>WIN-J23NIGGP1Q6.sysmon_set.local</Computer>
		<Security UserID="S-1-5-18"/>
	</System>
	<EventData>
		<Data Name="RuleName">-</Data>
		<Data Name="UtcTime">2021-12-07 10:21:45.112</Data>
		<Data Name="ProcessGuid">{27532e6a-35b9-61af-5501-000000001d00}</Data>
		<Data Name="ProcessId">2476</Data>
		<Data Name="Image">C:\Windows\System32\rundll32.exe</Data>
		<Data Name="FileVersion">10.0.17763.1 (WinBuild.160101.0800)</Data>
		<Data Name="Description">Windows host process (Rundll32)</Data>
		<Data Name="Product">Microsoft Windows Operating System</Data>
		<Data Name="Company">Microsoft Corporation</Data>
		<Data Name="OriginalFileName">RUNDLL32.EXE</Data>
		<Data Name="CommandLine">C:\Windows\system32\rundll32.exe C:\Windows\system32\inetcpl.cpl,ClearMyTracksByProcess Flags:276824072 WinX:0 WinY:0 IEFrame:0000000000000000</Data>
		<Data Name="CurrentDirectory">C:\Users\Administrator\Desktop\</Data>
		<Data Name="User">SYSMON_SET\Administrator</Data>
		<Data Name="LogonGuid">{27532e6a-2d6f-61af-2358-040000000000}</Data>
		<Data Name="LogonId">0x0000000000045823</Data>
		<Data Name="TerminalSessionId">1</Data>
		<Data Name="IntegrityLevel">Medium</Data>
		<Data Name="Hashes">SHA256=01B407AF0200B66A34D9B1FA6D9EAAB758EFA36A36BB99B554384F59F8690B1A</Data>
		<Data Name="ParentProcessGuid">{27532e6a-352c-61af-5201-000000001d00}</Data>
		<Data Name="ParentProcessId">1792</Data>
		<Data Name="ParentImage">C:\Program Files\internet explorer\iexplore.exe</Data>
		<Data Name="ParentCommandLine">&quot;C:\Program Files\internet explorer\iexplore.exe&quot; </Data>
	</EventData>
</Event>

b'<ns0:Event xmlns:ns0="http://schemas.microsoft.com/win/2004/08/events/event"><ns0:System><ns0:Provider Name="Microsoft-Windows-Sysmon" Guid="{5770385f-c22a-43e0-bf4c-06f5698ffbd9}" />\n<ns0:EventID Qualifiers="">1</ns0:EventID>\n<ns0:Version>5</ns0:Version>\n<ns0:Level>4</ns0:Level>\n<ns0:Task>1</ns0:Task>\n<ns0:Opcode>0</ns0:Opcode>\n<ns0:Keywords>0x8000000000000000</ns0:Keywords>\n<ns0:TimeCreated SystemTime="2021-12-07 10:21:45.113768" />\n<ns0:EventRecordID>25528</ns0:EventRecordID>\n<ns0:Correlation ActivityID="" RelatedActivityID="" />\n<ns0:Execution ProcessID="3120" ThreadID="2992" />\n<ns0:Channel>Microsoft-Windows-Sysmon/Operational</ns0:Channel>\n<ns0:Computer>WIN-J23NIGGP1Q6.sysmon_set.local</ns0:Computer>\n<ns0:Security UserID="S-1-5-18" />\n</ns0:System>\n<ns0:EventData><ns0:Data Name="RuleName">-</ns0:Data>\n<ns0:Data Name="UtcTime">2021-12-07 10:21:45.112</ns0:Data>\n<ns0:Data Name="ProcessGuid">{27532e6a-35b9-61af-5501-000000001d00}</ns0:Data>\n<ns0:Data Name="ProcessId">2476</ns0:Data>\n<ns0:Data Name="Image">C:\\Windows\\System32\\rundll32.exe</ns0:Data>\n<ns0:Data Name="FileVersion">10.0.17763.1 (WinBuild.160101.0800)</ns0:Data>\n<ns0:Data Name="Description">Windows host process (Rundll32)</ns0:Data>\n<ns0:Data Name="Product">Microsoft&#174; Windows&#174; Operating System</ns0:Data>\n<ns0:Data Name="Company">Microsoft Corporation</ns0:Data>\n<ns0:Data Name="OriginalFileName">RUNDLL32.EXE</ns0:Data>\n<ns0:Data Name="CommandLine">C:\\Windows\\system32\\rundll32.exe C:\\Windows\\system32\\inetcpl.cpl,ClearMyTracksByProcess Flags:276824072 WinX:0 WinY:0 IEFrame:0000000000000000</ns0:Data>\n<ns0:Data Name="CurrentDirectory">C:\\Users\\Administrator\\Desktop\\</ns0:Data>\n<ns0:Data Name="User">SYSMON_SET\\Administrator</ns0:Data>\n<ns0:Data Name="LogonGuid">{27532e6a-2d6f-61af-2358-040000000000}</ns0:Data>\n<ns0:Data Name="LogonId">0x0000000000045823</ns0:Data>\n<ns0:Data Name="TerminalSessionId">1</ns0:Data>\n<ns0:Data Name="IntegrityLevel">Medium</ns0:Data>\n<ns0:Data Name="Hashes">SHA256=01B407AF0200B66A34D9B1FA6D9EAAB758EFA36A36BB99B554384F59F8690B1A</ns0:Data>\n<ns0:Data Name="ParentProcessGuid">{27532e6a-352c-61af-5201-000000001d00}</ns0:Data>\n<ns0:Data Name="ParentProcessId">1792</ns0:Data>\n<ns0:Data Name="ParentImage">C:\\Program Files\\internet explorer\\iexplore.exe</ns0:Data>\n<ns0:Data Name="ParentCommandLine">"C:\\Program Files\\internet explorer\\iexplore.exe" </ns0:Data>\n</ns0:EventData>\n</ns0:Event>'
9
10786
ATTENTION!!!   10786   Events have been identified on the targeted system as suspicious for Lateral Movement Attack!!!
<?xml version="1.0" ?>
<Event xmlns="http://schemas.microsoft.com/win/2004/08/events/event">
	<System>
		<Provider Name="Microsoft-Windows-Sysmon" Guid="{5770385f-c22a-43e0-bf4c-06f5698ffbd9}"/>
		<EventID Qualifiers="">1</EventID>
		<Version>5</Version>
		<Level>4</Level>
		<Task>1</Task>
		<Opcode>0</Opcode>
		<Keywords>0x8000000000000000</Keywords>
		<TimeCreated SystemTime="2021-12-07 10:21:45.115623"/>
		<EventRecordID>25529</EventRecordID>
		<Correlation ActivityID="" RelatedActivityID=""/>
		<Execution ProcessID="3120" ThreadID="2992"/>
		<Channel>Microsoft-Windows-Sysmon/Operational</Channel>
		<Computer>WIN-J23NIGGP1Q6.sysmon_set.local</Computer>
		<Security UserID="S-1-5-18"/>
	</System>
	<EventData>
		<Data Name="RuleName">-</Data>
		<Data Name="UtcTime">2021-12-07 10:21:45.114</Data>
		<Data Name="ProcessGuid">{27532e6a-35b9-61af-5601-000000001d00}</Data>
		<Data Name="ProcessId">5008</Data>
		<Data Name="Image">C:\Windows\System32\rundll32.exe</Data>
		<Data Name="FileVersion">10.0.17763.1 (WinBuild.160101.0800)</Data>
		<Data Name="Description">Windows host process (Rundll32)</Data>
		<Data Name="Product">Microsoft Windows Operating System</Data>
		<Data Name="Company">Microsoft Corporation</Data>
		<Data Name="OriginalFileName">RUNDLL32.EXE</Data>
		<Data Name="CommandLine">C:\Windows\system32\rundll32.exe C:\Windows\system32\inetcpl.cpl,ClearMyTracksByProcess Flags:276824072 WinX:0 WinY:0 IEFrame:0000000000000000</Data>
		<Data Name="CurrentDirectory">C:\Users\Administrator\Desktop\</Data>
		<Data Name="User">SYSMON_SET\Administrator</Data>
		<Data Name="LogonGuid">{27532e6a-2d6f-61af-2358-040000000000}</Data>
		<Data Name="LogonId">0x0000000000045823</Data>
		<Data Name="TerminalSessionId">1</Data>
		<Data Name="IntegrityLevel">High</Data>
		<Data Name="Hashes">SHA256=01B407AF0200B66A34D9B1FA6D9EAAB758EFA36A36BB99B554384F59F8690B1A</Data>
		<Data Name="ParentProcessGuid">{27532e6a-352c-61af-5201-000000001d00}</Data>
		<Data Name="ParentProcessId">1792</Data>
		<Data Name="ParentImage">C:\Program Files\internet explorer\iexplore.exe</Data>
		<Data Name="ParentCommandLine">&quot;C:\Program Files\internet explorer\iexplore.exe&quot; </Data>
	</EventData>
</Event>

b'<ns0:Event xmlns:ns0="http://schemas.microsoft.com/win/2004/08/events/event"><ns0:System><ns0:Provider Name="Microsoft-Windows-Sysmon" Guid="{5770385f-c22a-43e0-bf4c-06f5698ffbd9}" />\n<ns0:EventID Qualifiers="">1</ns0:EventID>\n<ns0:Version>5</ns0:Version>\n<ns0:Level>4</ns0:Level>\n<ns0:Task>1</ns0:Task>\n<ns0:Opcode>0</ns0:Opcode>\n<ns0:Keywords>0x8000000000000000</ns0:Keywords>\n<ns0:TimeCreated SystemTime="2021-12-07 10:21:45.115623" />\n<ns0:EventRecordID>25529</ns0:EventRecordID>\n<ns0:Correlation ActivityID="" RelatedActivityID="" />\n<ns0:Execution ProcessID="3120" ThreadID="2992" />\n<ns0:Channel>Microsoft-Windows-Sysmon/Operational</ns0:Channel>\n<ns0:Computer>WIN-J23NIGGP1Q6.sysmon_set.local</ns0:Computer>\n<ns0:Security UserID="S-1-5-18" />\n</ns0:System>\n<ns0:EventData><ns0:Data Name="RuleName">-</ns0:Data>\n<ns0:Data Name="UtcTime">2021-12-07 10:21:45.114</ns0:Data>\n<ns0:Data Name="ProcessGuid">{27532e6a-35b9-61af-5601-000000001d00}</ns0:Data>\n<ns0:Data Name="ProcessId">5008</ns0:Data>\n<ns0:Data Name="Image">C:\\Windows\\System32\\rundll32.exe</ns0:Data>\n<ns0:Data Name="FileVersion">10.0.17763.1 (WinBuild.160101.0800)</ns0:Data>\n<ns0:Data Name="Description">Windows host process (Rundll32)</ns0:Data>\n<ns0:Data Name="Product">Microsoft&#174; Windows&#174; Operating System</ns0:Data>\n<ns0:Data Name="Company">Microsoft Corporation</ns0:Data>\n<ns0:Data Name="OriginalFileName">RUNDLL32.EXE</ns0:Data>\n<ns0:Data Name="CommandLine">C:\\Windows\\system32\\rundll32.exe C:\\Windows\\system32\\inetcpl.cpl,ClearMyTracksByProcess Flags:276824072 WinX:0 WinY:0 IEFrame:0000000000000000</ns0:Data>\n<ns0:Data Name="CurrentDirectory">C:\\Users\\Administrator\\Desktop\\</ns0:Data>\n<ns0:Data Name="User">SYSMON_SET\\Administrator</ns0:Data>\n<ns0:Data Name="LogonGuid">{27532e6a-2d6f-61af-2358-040000000000}</ns0:Data>\n<ns0:Data Name="LogonId">0x0000000000045823</ns0:Data>\n<ns0:Data Name="TerminalSessionId">1</ns0:Data>\n<ns0:Data Name="IntegrityLevel">High</ns0:Data>\n<ns0:Data Name="Hashes">SHA256=01B407AF0200B66A34D9B1FA6D9EAAB758EFA36A36BB99B554384F59F8690B1A</ns0:Data>\n<ns0:Data Name="ParentProcessGuid">{27532e6a-352c-61af-5201-000000001d00}</ns0:Data>\n<ns0:Data Name="ParentProcessId">1792</ns0:Data>\n<ns0:Data Name="ParentImage">C:\\Program Files\\internet explorer\\iexplore.exe</ns0:Data>\n<ns0:Data Name="ParentCommandLine">"C:\\Program Files\\internet explorer\\iexplore.exe" </ns0:Data>\n</ns0:EventData>\n</ns0:Event>'
9
10787
ATTENTION!!!   10787   Events have been identified on the targeted system as suspicious for Lateral Movement Attack!!!
<?xml version="1.0" ?>
<Event xmlns="http://schemas.microsoft.com/win/2004/08/events/event">
	<System>
		<Provider Name="Microsoft-Windows-Sysmon" Guid="{5770385f-c22a-43e0-bf4c-06f5698ffbd9}"/>
		<EventID Qualifiers="">5</EventID>
		<Version>3</Version>
		<Level>4</Level>
		<Task>5</Task>
		<Opcode>0</Opcode>
		<Keywords>0x8000000000000000</Keywords>
		<TimeCreated SystemTime="2021-12-07 10:21:45.398546"/>
		<EventRecordID>25530</EventRecordID>
		<Correlation ActivityID="" RelatedActivityID=""/>
		<Execution ProcessID="3120" ThreadID="2992"/>
		<Channel>Microsoft-Windows-Sysmon/Operational</Channel>
		<Computer>WIN-J23NIGGP1Q6.sysmon_set.local</Computer>
		<Security UserID="S-1-5-18"/>
	</System>
	<EventData>
		<Data Name="RuleName">-</Data>
		<Data Name="UtcTime">2021-12-07 10:21:45.398</Data>
		<Data Name="ProcessGuid">{27532e6a-352c-61af-5201-000000001d00}</Data>
		<Data Name="ProcessId">1792</Data>
		<Data Name="Image">C:\Program Files\internet explorer\iexplore.exe</Data>
