	</EventData>
</Event>

b'<ns0:Event xmlns:ns0="http://schemas.microsoft.com/win/2004/08/events/event"><ns0:System><ns0:Provider Name="Microsoft-Windows-Sysmon" Guid="{5770385f-c22a-43e0-bf4c-06f5698ffbd9}" />\n<ns0:EventID Qualifiers="">3</ns0:EventID>\n<ns0:Version>5</ns0:Version>\n<ns0:Level>4</ns0:Level>\n<ns0:Task>3</ns0:Task>\n<ns0:Opcode>0</ns0:Opcode>\n<ns0:Keywords>0x8000000000000000</ns0:Keywords>\n<ns0:TimeCreated SystemTime="2021-12-07 10:20:50.177628" />\n<ns0:EventRecordID>25490</ns0:EventRecordID>\n<ns0:Correlation ActivityID="" RelatedActivityID="" />\n<ns0:Execution ProcessID="3120" ThreadID="2988" />\n<ns0:Channel>Microsoft-Windows-Sysmon/Operational</ns0:Channel>\n<ns0:Computer>WIN-J23NIGGP1Q6.sysmon_set.local</ns0:Computer>\n<ns0:Security UserID="S-1-5-18" />\n</ns0:System>\n<ns0:EventData><ns0:Data Name="RuleName">-</ns0:Data>\n<ns0:Data Name="UtcTime">2021-12-07 10:20:50.259</ns0:Data>\n<ns0:Data Name="ProcessGuid">{27532e6a-2d16-61af-4800-000000001d00}</ns0:Data>\n<ns0:Data Name="ProcessId">3336</ns0:Data>\n<ns0:Data Name="Image">C:\\Windows\\System32\\dns.exe</ns0:Data>\n<ns0:Data Name="User">NT AUTHORITY\\SYSTEM</ns0:Data>\n<ns0:Data Name="Protocol">udp</ns0:Data>\n<ns0:Data Name="Initiated">False</ns0:Data>\n<ns0:Data Name="SourceIsIpv6">False</ns0:Data>\n<ns0:Data Name="SourceIp">127.0.0.1</ns0:Data>\n<ns0:Data Name="SourceHostname">WIN-J23NIGGP1Q6.sysmon_set.local</ns0:Data>\n<ns0:Data Name="SourcePort">53</ns0:Data>\n<ns0:Data Name="SourcePortName">domain</ns0:Data>\n<ns0:Data Name="DestinationIsIpv6">False</ns0:Data>\n<ns0:Data Name="DestinationIp">127.0.0.1</ns0:Data>\n<ns0:Data Name="DestinationHostname">WIN-J23NIGGP1Q6.sysmon_set.local</ns0:Data>\n<ns0:Data Name="DestinationPort">58110</ns0:Data>\n<ns0:Data Name="DestinationPortName">-</ns0:Data>\n</ns0:EventData>\n</ns0:Event>'
5
10748
ATTENTION!!!   10748   Events have been identified on the targeted system as suspicious for Lateral Movement Attack!!!
<?xml version="1.0" ?>
<Event xmlns="http://schemas.microsoft.com/win/2004/08/events/event">
	<System>
		<Provider Name="Microsoft-Windows-Sysmon" Guid="{5770385f-c22a-43e0-bf4c-06f5698ffbd9}"/>
		<EventID Qualifiers="">3</EventID>
		<Version>5</Version>
		<Level>4</Level>
		<Task>3</Task>
		<Opcode>0</Opcode>
		<Keywords>0x8000000000000000</Keywords>
		<TimeCreated SystemTime="2021-12-07 10:20:50.444056"/>
		<EventRecordID>25491</EventRecordID>
		<Correlation ActivityID="" RelatedActivityID=""/>
		<Execution ProcessID="3120" ThreadID="2988"/>
		<Channel>Microsoft-Windows-Sysmon/Operational</Channel>
		<Computer>WIN-J23NIGGP1Q6.sysmon_set.local</Computer>
		<Security UserID="S-1-5-18"/>
	</System>
	<EventData>
		<Data Name="RuleName">-</Data>
		<Data Name="UtcTime">2021-12-07 10:20:51.130</Data>
		<Data Name="ProcessGuid">{27532e6a-2cfb-61af-1f00-000000001d00}</Data>
		<Data Name="ProcessId">1376</Data>
		<Data Name="Image">C:\Windows\System32\svchost.exe</Data>
		<Data Name="User">NT AUTHORITY\NETWORK SERVICE</Data>
		<Data Name="Protocol">udp</Data>
		<Data Name="Initiated">False</Data>
		<Data Name="SourceIsIpv6">False</Data>
		<Data Name="SourceIp">224.0.0.251</Data>
		<Data Name="SourceHostname">-</Data>
		<Data Name="SourcePort">5353</Data>
		<Data Name="SourcePortName">-</Data>
		<Data Name="DestinationIsIpv6">False</Data>
		<Data Name="DestinationIp">172.20.10.1</Data>
		<Data Name="DestinationHostname">-</Data>
		<Data Name="DestinationPort">5353</Data>
		<Data Name="DestinationPortName">-</Data>
	</EventData>
</Event>

b'<ns0:Event xmlns:ns0="http://schemas.microsoft.com/win/2004/08/events/event"><ns0:System><ns0:Provider Name="Microsoft-Windows-Sysmon" Guid="{5770385f-c22a-43e0-bf4c-06f5698ffbd9}" />\n<ns0:EventID Qualifiers="">3</ns0:EventID>\n<ns0:Version>5</ns0:Version>\n<ns0:Level>4</ns0:Level>\n<ns0:Task>3</ns0:Task>\n<ns0:Opcode>0</ns0:Opcode>\n<ns0:Keywords>0x8000000000000000</ns0:Keywords>\n<ns0:TimeCreated SystemTime="2021-12-07 10:20:50.444056" />\n<ns0:EventRecordID>25491</ns0:EventRecordID>\n<ns0:Correlation ActivityID="" RelatedActivityID="" />\n<ns0:Execution ProcessID="3120" ThreadID="2988" />\n<ns0:Channel>Microsoft-Windows-Sysmon/Operational</ns0:Channel>\n<ns0:Computer>WIN-J23NIGGP1Q6.sysmon_set.local</ns0:Computer>\n<ns0:Security UserID="S-1-5-18" />\n</ns0:System>\n<ns0:EventData><ns0:Data Name="RuleName">-</ns0:Data>\n<ns0:Data Name="UtcTime">2021-12-07 10:20:51.130</ns0:Data>\n<ns0:Data Name="ProcessGuid">{27532e6a-2cfb-61af-1f00-000000001d00}</ns0:Data>\n<ns0:Data Name="ProcessId">1376</ns0:Data>\n<ns0:Data Name="Image">C:\\Windows\\System32\\svchost.exe</ns0:Data>\n<ns0:Data Name="User">NT AUTHORITY\\NETWORK SERVICE</ns0:Data>\n<ns0:Data Name="Protocol">udp</ns0:Data>\n<ns0:Data Name="Initiated">False</ns0:Data>\n<ns0:Data Name="SourceIsIpv6">False</ns0:Data>\n<ns0:Data Name="SourceIp">224.0.0.251</ns0:Data>\n<ns0:Data Name="SourceHostname">-</ns0:Data>\n<ns0:Data Name="SourcePort">5353</ns0:Data>\n<ns0:Data Name="SourcePortName">-</ns0:Data>\n<ns0:Data Name="DestinationIsIpv6">False</ns0:Data>\n<ns0:Data Name="DestinationIp">172.20.10.1</ns0:Data>\n<ns0:Data Name="DestinationHostname">-</ns0:Data>\n<ns0:Data Name="DestinationPort">5353</ns0:Data>\n<ns0:Data Name="DestinationPortName">-</ns0:Data>\n</ns0:EventData>\n</ns0:Event>'
5
10749
ATTENTION!!!   10749   Events have been identified on the targeted system as suspicious for Lateral Movement Attack!!!
<?xml version="1.0" ?>
<Event xmlns="http://schemas.microsoft.com/win/2004/08/events/event">
	<System>
		<Provider Name="Microsoft-Windows-Sysmon" Guid="{5770385f-c22a-43e0-bf4c-06f5698ffbd9}"/>
		<EventID Qualifiers="">3</EventID>
		<Version>5</Version>
		<Level>4</Level>
		<Task>3</Task>
		<Opcode>0</Opcode>
		<Keywords>0x8000000000000000</Keywords>
		<TimeCreated SystemTime="2021-12-07 10:20:50.444078"/>
		<EventRecordID>25492</EventRecordID>
		<Correlation ActivityID="" RelatedActivityID=""/>
		<Execution ProcessID="3120" ThreadID="2988"/>
		<Channel>Microsoft-Windows-Sysmon/Operational</Channel>
		<Computer>WIN-J23NIGGP1Q6.sysmon_set.local</Computer>
		<Security UserID="S-1-5-18"/>
	</System>
	<EventData>
		<Data Name="RuleName">-</Data>
		<Data Name="UtcTime">2021-12-07 10:20:51.130</Data>
		<Data Name="ProcessGuid">{27532e6a-2cfb-61af-1f00-000000001d00}</Data>
		<Data Name="ProcessId">1376</Data>
		<Data Name="Image">C:\Windows\System32\svchost.exe</Data>
		<Data Name="User">NT AUTHORITY\NETWORK SERVICE</Data>
		<Data Name="Protocol">udp</Data>
		<Data Name="Initiated">False</Data>
		<Data Name="SourceIsIpv6">True</Data>
		<Data Name="SourceIp">ff02:0:0:0:0:0:0:fb</Data>
		<Data Name="SourceHostname">-</Data>
		<Data Name="SourcePort">5353</Data>
		<Data Name="SourcePortName">-</Data>
		<Data Name="DestinationIsIpv6">True</Data>
		<Data Name="DestinationIp">fe80:0:0:0:1896:60fc:e9bd:68e8</Data>
		<Data Name="DestinationHostname">-</Data>
		<Data Name="DestinationPort">5353</Data>
		<Data Name="DestinationPortName">-</Data>
	</EventData>
</Event>

b'<ns0:Event xmlns:ns0="http://schemas.microsoft.com/win/2004/08/events/event"><ns0:System><ns0:Provider Name="Microsoft-Windows-Sysmon" Guid="{5770385f-c22a-43e0-bf4c-06f5698ffbd9}" />\n<ns0:EventID Qualifiers="">3</ns0:EventID>\n<ns0:Version>5</ns0:Version>\n<ns0:Level>4</ns0:Level>\n<ns0:Task>3</ns0:Task>\n<ns0:Opcode>0</ns0:Opcode>\n<ns0:Keywords>0x8000000000000000</ns0:Keywords>\n<ns0:TimeCreated SystemTime="2021-12-07 10:20:50.444078" />\n<ns0:EventRecordID>25492</ns0:EventRecordID>\n<ns0:Correlation ActivityID="" RelatedActivityID="" />\n<ns0:Execution ProcessID="3120" ThreadID="2988" />\n<ns0:Channel>Microsoft-Windows-Sysmon/Operational</ns0:Channel>\n<ns0:Computer>WIN-J23NIGGP1Q6.sysmon_set.local</ns0:Computer>\n<ns0:Security UserID="S-1-5-18" />\n</ns0:System>\n<ns0:EventData><ns0:Data Name="RuleName">-</ns0:Data>\n<ns0:Data Name="UtcTime">2021-12-07 10:20:51.130</ns0:Data>\n<ns0:Data Name="ProcessGuid">{27532e6a-2cfb-61af-1f00-000000001d00}</ns0:Data>\n<ns0:Data Name="ProcessId">1376</ns0:Data>\n<ns0:Data Name="Image">C:\\Windows\\System32\\svchost.exe</ns0:Data>\n<ns0:Data Name="User">NT AUTHORITY\\NETWORK SERVICE</ns0:Data>\n<ns0:Data Name="Protocol">udp</ns0:Data>\n<ns0:Data Name="Initiated">False</ns0:Data>\n<ns0:Data Name="SourceIsIpv6">True</ns0:Data>\n<ns0:Data Name="SourceIp">ff02:0:0:0:0:0:0:fb</ns0:Data>\n<ns0:Data Name="SourceHostname">-</ns0:Data>\n<ns0:Data Name="SourcePort">5353</ns0:Data>\n<ns0:Data Name="SourcePortName">-</ns0:Data>\n<ns0:Data Name="DestinationIsIpv6">True</ns0:Data>\n<ns0:Data Name="DestinationIp">fe80:0:0:0:1896:60fc:e9bd:68e8</ns0:Data>\n<ns0:Data Name="DestinationHostname">-</ns0:Data>\n<ns0:Data Name="DestinationPort">5353</ns0:Data>\n<ns0:Data Name="DestinationPortName">-</ns0:Data>\n</ns0:EventData>\n</ns0:Event>'
5
10750
ATTENTION!!!   10750   Events have been identified on the targeted system as suspicious for Lateral Movement Attack!!!
<?xml version="1.0" ?>
<Event xmlns="http://schemas.microsoft.com/win/2004/08/events/event">
	<System>
		<Provider Name="Microsoft-Windows-Sysmon" Guid="{5770385f-c22a-43e0-bf4c-06f5698ffbd9}"/>
		<EventID Qualifiers="">3</EventID>
		<Version>5</Version>
		<Level>4</Level>
		<Task>3</Task>
		<Opcode>0</Opcode>
		<Keywords>0x8000000000000000</Keywords>
		<TimeCreated SystemTime="2021-12-07 10:20:51.209686"/>
		<EventRecordID>25493</EventRecordID>
		<Correlation ActivityID="" RelatedActivityID=""/>
		<Execution ProcessID="3120" ThreadID="2988"/>
		<Channel>Microsoft-Windows-Sysmon/Operational</Channel>
		<Computer>WIN-J23NIGGP1Q6.sysmon_set.local</Computer>
		<Security UserID="S-1-5-18"/>
	</System>
	<EventData>
		<Data Name="RuleName">-</Data>
		<Data Name="UtcTime">2021-12-07 10:20:51.932</Data>
		<Data Name="ProcessGuid">{27532e6a-2d16-61af-4800-000000001d00}</Data>
		<Data Name="ProcessId">3336</Data>
		<Data Name="Image">C:\Windows\System32\dns.exe</Data>
		<Data Name="User">NT AUTHORITY\SYSTEM</Data>
		<Data Name="Protocol">udp</Data>
		<Data Name="Initiated">False</Data>
		<Data Name="SourceIsIpv6">True</Data>
		<Data Name="SourceIp">0:0:0:0:0:0:0:1</Data>
		<Data Name="SourceHostname">WIN-J23NIGGP1Q6.sysmon_set.local</Data>
		<Data Name="SourcePort">53</Data>
		<Data Name="SourcePortName">domain</Data>
		<Data Name="DestinationIsIpv6">True</Data>
		<Data Name="DestinationIp">0:0:0:0:0:0:0:1</Data>
		<Data Name="DestinationHostname">WIN-J23NIGGP1Q6.sysmon_set.local</Data>
		<Data Name="DestinationPort">53067</Data>
		<Data Name="DestinationPortName">-</Data>
	</EventData>
</Event>

b'<ns0:Event xmlns:ns0="http://schemas.microsoft.com/win/2004/08/events/event"><ns0:System><ns0:Provider Name="Microsoft-Windows-Sysmon" Guid="{5770385f-c22a-43e0-bf4c-06f5698ffbd9}" />\n<ns0:EventID Qualifiers="">3</ns0:EventID>\n<ns0:Version>5</ns0:Version>\n<ns0:Level>4</ns0:Level>\n<ns0:Task>3</ns0:Task>\n<ns0:Opcode>0</ns0:Opcode>\n<ns0:Keywords>0x8000000000000000</ns0:Keywords>\n<ns0:TimeCreated SystemTime="2021-12-07 10:20:51.209686" />\n<ns0:EventRecordID>25493</ns0:EventRecordID>\n<ns0:Correlation ActivityID="" RelatedActivityID="" />\n<ns0:Execution ProcessID="3120" ThreadID="2988" />\n<ns0:Channel>Microsoft-Windows-Sysmon/Operational</ns0:Channel>\n<ns0:Computer>WIN-J23NIGGP1Q6.sysmon_set.local</ns0:Computer>\n<ns0:Security UserID="S-1-5-18" />\n</ns0:System>\n<ns0:EventData><ns0:Data Name="RuleName">-</ns0:Data>\n<ns0:Data Name="UtcTime">2021-12-07 10:20:51.932</ns0:Data>\n<ns0:Data Name="ProcessGuid">{27532e6a-2d16-61af-4800-000000001d00}</ns0:Data>\n<ns0:Data Name="ProcessId">3336</ns0:Data>\n<ns0:Data Name="Image">C:\\Windows\\System32\\dns.exe</ns0:Data>\n<ns0:Data Name="User">NT AUTHORITY\\SYSTEM</ns0:Data>\n<ns0:Data Name="Protocol">udp</ns0:Data>\n<ns0:Data Name="Initiated">False</ns0:Data>\n<ns0:Data Name="SourceIsIpv6">True</ns0:Data>\n<ns0:Data Name="SourceIp">0:0:0:0:0:0:0:1</ns0:Data>\n<ns0:Data Name="SourceHostname">WIN-J23NIGGP1Q6.sysmon_set.local</ns0:Data>\n<ns0:Data Name="SourcePort">53</ns0:Data>\n<ns0:Data Name="SourcePortName">domain</ns0:Data>\n<ns0:Data Name="DestinationIsIpv6">True</ns0:Data>\n<ns0:Data Name="DestinationIp">0:0:0:0:0:0:0:1</ns0:Data>\n<ns0:Data Name="DestinationHostname">WIN-J23NIGGP1Q6.sysmon_set.local</ns0:Data>\n<ns0:Data Name="DestinationPort">53067</ns0:Data>\n<ns0:Data Name="DestinationPortName">-</ns0:Data>\n</ns0:EventData>\n</ns0:Event>'
5
10751
ATTENTION!!!   10751   Events have been identified on the targeted system as suspicious for Lateral Movement Attack!!!
<?xml version="1.0" ?>
<Event xmlns="http://schemas.microsoft.com/win/2004/08/events/event">
	<System>
		<Provider Name="Microsoft-Windows-Sysmon" Guid="{5770385f-c22a-43e0-bf4c-06f5698ffbd9}"/>
		<EventID Qualifiers="">3</EventID>
		<Version>5</Version>
		<Level>4</Level>
		<Task>3</Task>
		<Opcode>0</Opcode>
		<Keywords>0x8000000000000000</Keywords>
		<TimeCreated SystemTime="2021-12-07 10:20:51.209721"/>
		<EventRecordID>25494</EventRecordID>
		<Correlation ActivityID="" RelatedActivityID=""/>
		<Execution ProcessID="3120" ThreadID="2988"/>
		<Channel>Microsoft-Windows-Sysmon/Operational</Channel>
		<Computer>WIN-J23NIGGP1Q6.sysmon_set.local</Computer>
		<Security UserID="S-1-5-18"/>
	</System>
	<EventData>
		<Data Name="RuleName">-</Data>
		<Data Name="UtcTime">2021-12-07 10:20:51.932</Data>
		<Data Name="ProcessGuid">{27532e6a-2d16-61af-4800-000000001d00}</Data>
		<Data Name="ProcessId">3336</Data>
		<Data Name="Image">C:\Windows\System32\dns.exe</Data>
		<Data Name="User">NT AUTHORITY\SYSTEM</Data>
		<Data Name="Protocol">udp</Data>
		<Data Name="Initiated">False</Data>
		<Data Name="SourceIsIpv6">True</Data>
		<Data Name="SourceIp">0:0:0:0:0:0:0:1</Data>
		<Data Name="SourceHostname">WIN-J23NIGGP1Q6.sysmon_set.local</Data>
		<Data Name="SourcePort">53</Data>
		<Data Name="SourcePortName">domain</Data>
		<Data Name="DestinationIsIpv6">True</Data>
		<Data Name="DestinationIp">0:0:0:0:0:0:0:1</Data>
		<Data Name="DestinationHostname">WIN-J23NIGGP1Q6.sysmon_set.local</Data>
		<Data Name="DestinationPort">56426</Data>
		<Data Name="DestinationPortName">-</Data>
	</EventData>
</Event>

b'<ns0:Event xmlns:ns0="http://schemas.microsoft.com/win/2004/08/events/event"><ns0:System><ns0:Provider Name="Microsoft-Windows-Sysmon" Guid="{5770385f-c22a-43e0-bf4c-06f5698ffbd9}" />\n<ns0:EventID Qualifiers="">3</ns0:EventID>\n<ns0:Version>5</ns0:Version>\n<ns0:Level>4</ns0:Level>\n<ns0:Task>3</ns0:Task>\n<ns0:Opcode>0</ns0:Opcode>\n<ns0:Keywords>0x8000000000000000</ns0:Keywords>\n<ns0:TimeCreated SystemTime="2021-12-07 10:20:51.209721" />\n<ns0:EventRecordID>25494</ns0:EventRecordID>\n<ns0:Correlation ActivityID="" RelatedActivityID="" />\n<ns0:Execution ProcessID="3120" ThreadID="2988" />\n<ns0:Channel>Microsoft-Windows-Sysmon/Operational</ns0:Channel>\n<ns0:Computer>WIN-J23NIGGP1Q6.sysmon_set.local</ns0:Computer>\n<ns0:Security UserID="S-1-5-18" />\n</ns0:System>\n<ns0:EventData><ns0:Data Name="RuleName">-</ns0:Data>\n<ns0:Data Name="UtcTime">2021-12-07 10:20:51.932</ns0:Data>\n<ns0:Data Name="ProcessGuid">{27532e6a-2d16-61af-4800-000000001d00}</ns0:Data>\n<ns0:Data Name="ProcessId">3336</ns0:Data>\n<ns0:Data Name="Image">C:\\Windows\\System32\\dns.exe</ns0:Data>\n<ns0:Data Name="User">NT AUTHORITY\\SYSTEM</ns0:Data>\n<ns0:Data Name="Protocol">udp</ns0:Data>\n<ns0:Data Name="Initiated">False</ns0:Data>\n<ns0:Data Name="SourceIsIpv6">True</ns0:Data>\n<ns0:Data Name="SourceIp">0:0:0:0:0:0:0:1</ns0:Data>\n<ns0:Data Name="SourceHostname">WIN-J23NIGGP1Q6.sysmon_set.local</ns0:Data>\n<ns0:Data Name="SourcePort">53</ns0:Data>\n<ns0:Data Name="SourcePortName">domain</ns0:Data>\n<ns0:Data Name="DestinationIsIpv6">True</ns0:Data>\n<ns0:Data Name="DestinationIp">0:0:0:0:0:0:0:1</ns0:Data>\n<ns0:Data Name="DestinationHostname">WIN-J23NIGGP1Q6.sysmon_set.local</ns0:Data>\n<ns0:Data Name="DestinationPort">56426</ns0:Data>\n<ns0:Data Name="DestinationPortName">-</ns0:Data>\n</ns0:EventData>\n</ns0:Event>'
5
10752
ATTENTION!!!   10752   Events have been identified on the targeted system as suspicious for Lateral Movement Attack!!!
<?xml version="1.0" ?>
<Event xmlns="http://schemas.microsoft.com/win/2004/08/events/event">
	<System>
		<Provider Name="Microsoft-Windows-Sysmon" Guid="{5770385f-c22a-43e0-bf4c-06f5698ffbd9}"/>
		<EventID Qualifiers="">3</EventID>
		<Version>5</Version>
		<Level>4</Level>
		<Task>3</Task>
		<Opcode>0</Opcode>
		<Keywords>0x8000000000000000</Keywords>
		<TimeCreated SystemTime="2021-12-07 10:20:52.239794"/>
		<EventRecordID>25495</EventRecordID>
		<Correlation ActivityID="" RelatedActivityID=""/>
		<Execution ProcessID="3120" ThreadID="2988"/>
		<Channel>Microsoft-Windows-Sysmon/Operational</Channel>
		<Computer>WIN-J23NIGGP1Q6.sysmon_set.local</Computer>
		<Security UserID="S-1-5-18"/>
	</System>
	<EventData>
		<Data Name="RuleName">-</Data>
		<Data Name="UtcTime">2021-12-07 10:20:52.400</Data>
		<Data Name="ProcessGuid">{27532e6a-2d16-61af-4800-000000001d00}</Data>
		<Data Name="ProcessId">3336</Data>
		<Data Name="Image">C:\Windows\System32\dns.exe</Data>
		<Data Name="User">NT AUTHORITY\SYSTEM</Data>
		<Data Name="Protocol">udp</Data>
		<Data Name="Initiated">False</Data>
		<Data Name="SourceIsIpv6">False</Data>
		<Data Name="SourceIp">127.0.0.1</Data>
		<Data Name="SourceHostname">WIN-J23NIGGP1Q6.sysmon_set.local</Data>
		<Data Name="SourcePort">53</Data>
		<Data Name="SourcePortName">domain</Data>
		<Data Name="DestinationIsIpv6">False</Data>
		<Data Name="DestinationIp">127.0.0.1</Data>
		<Data Name="DestinationHostname">WIN-J23NIGGP1Q6.sysmon_set.local</Data>
		<Data Name="DestinationPort">53067</Data>
		<Data Name="DestinationPortName">-</Data>
	</EventData>
</Event>

b'<ns0:Event xmlns:ns0="http://schemas.microsoft.com/win/2004/08/events/event"><ns0:System><ns0:Provider Name="Microsoft-Windows-Sysmon" Guid="{5770385f-c22a-43e0-bf4c-06f5698ffbd9}" />\n<ns0:EventID Qualifiers="">3</ns0:EventID>\n<ns0:Version>5</ns0:Version>\n<ns0:Level>4</ns0:Level>\n<ns0:Task>3</ns0:Task>\n<ns0:Opcode>0</ns0:Opcode>\n<ns0:Keywords>0x8000000000000000</ns0:Keywords>\n<ns0:TimeCreated SystemTime="2021-12-07 10:20:52.239794" />\n<ns0:EventRecordID>25495</ns0:EventRecordID>\n<ns0:Correlation ActivityID="" RelatedActivityID="" />\n<ns0:Execution ProcessID="3120" ThreadID="2988" />\n<ns0:Channel>Microsoft-Windows-Sysmon/Operational</ns0:Channel>\n<ns0:Computer>WIN-J23NIGGP1Q6.sysmon_set.local</ns0:Computer>\n<ns0:Security UserID="S-1-5-18" />\n</ns0:System>\n<ns0:EventData><ns0:Data Name="RuleName">-</ns0:Data>\n<ns0:Data Name="UtcTime">2021-12-07 10:20:52.400</ns0:Data>\n<ns0:Data Name="ProcessGuid">{27532e6a-2d16-61af-4800-000000001d00}</ns0:Data>\n<ns0:Data Name="ProcessId">3336</ns0:Data>\n<ns0:Data Name="Image">C:\\Windows\\System32\\dns.exe</ns0:Data>\n<ns0:Data Name="User">NT AUTHORITY\\SYSTEM</ns0:Data>\n<ns0:Data Name="Protocol">udp</ns0:Data>\n<ns0:Data Name="Initiated">False</ns0:Data>\n<ns0:Data Name="SourceIsIpv6">False</ns0:Data>\n<ns0:Data Name="SourceIp">127.0.0.1</ns0:Data>\n<ns0:Data Name="SourceHostname">WIN-J23NIGGP1Q6.sysmon_set.local</ns0:Data>\n<ns0:Data Name="SourcePort">53</ns0:Data>\n<ns0:Data Name="SourcePortName">domain</ns0:Data>\n<ns0:Data Name="DestinationIsIpv6">False</ns0:Data>\n<ns0:Data Name="DestinationIp">127.0.0.1</ns0:Data>\n<ns0:Data Name="DestinationHostname">WIN-J23NIGGP1Q6.sysmon_set.local</ns0:Data>\n<ns0:Data Name="DestinationPort">53067</ns0:Data>\n<ns0:Data Name="DestinationPortName">-</ns0:Data>\n</ns0:EventData>\n</ns0:Event>'
5
10753
ATTENTION!!!   10753   Events have been identified on the targeted system as suspicious for Lateral Movement Attack!!!
<?xml version="1.0" ?>
<Event xmlns="http://schemas.microsoft.com/win/2004/08/events/event">
	<System>
		<Provider Name="Microsoft-Windows-Sysmon" Guid="{5770385f-c22a-43e0-bf4c-06f5698ffbd9}"/>
		<EventID Qualifiers="">3</EventID>
		<Version>5</Version>
		<Level>4</Level>
		<Task>3</Task>
		<Opcode>0</Opcode>
		<Keywords>0x8000000000000000</Keywords>
		<TimeCreated SystemTime="2021-12-07 10:20:52.239817"/>
		<EventRecordID>25496</EventRecordID>
		<Correlation ActivityID="" RelatedActivityID=""/>
		<Execution ProcessID="3120" ThreadID="2988"/>
		<Channel>Microsoft-Windows-Sysmon/Operational</Channel>
		<Computer>WIN-J23NIGGP1Q6.sysmon_set.local</Computer>
		<Security UserID="S-1-5-18"/>
	</System>
	<EventData>
		<Data Name="RuleName">-</Data>
		<Data Name="UtcTime">2021-12-07 10:20:52.400</Data>
		<Data Name="ProcessGuid">{27532e6a-2d16-61af-4800-000000001d00}</Data>
		<Data Name="ProcessId">3336</Data>
		<Data Name="Image">C:\Windows\System32\dns.exe</Data>
		<Data Name="User">NT AUTHORITY\SYSTEM</Data>
		<Data Name="Protocol">udp</Data>
		<Data Name="Initiated">False</Data>
		<Data Name="SourceIsIpv6">False</Data>
		<Data Name="SourceIp">127.0.0.1</Data>
		<Data Name="SourceHostname">WIN-J23NIGGP1Q6.sysmon_set.local</Data>
		<Data Name="SourcePort">53</Data>
		<Data Name="SourcePortName">domain</Data>
		<Data Name="DestinationIsIpv6">False</Data>
		<Data Name="DestinationIp">127.0.0.1</Data>
		<Data Name="DestinationHostname">WIN-J23NIGGP1Q6.sysmon_set.local</Data>
		<Data Name="DestinationPort">56426</Data>
		<Data Name="DestinationPortName">-</Data>
	</EventData>
</Event>

b'<ns0:Event xmlns:ns0="http://schemas.microsoft.com/win/2004/08/events/event"><ns0:System><ns0:Provider Name="Microsoft-Windows-Sysmon" Guid="{5770385f-c22a-43e0-bf4c-06f5698ffbd9}" />\n<ns0:EventID Qualifiers="">3</ns0:EventID>\n<ns0:Version>5</ns0:Version>\n<ns0:Level>4</ns0:Level>\n<ns0:Task>3</ns0:Task>\n<ns0:Opcode>0</ns0:Opcode>\n<ns0:Keywords>0x8000000000000000</ns0:Keywords>\n<ns0:TimeCreated SystemTime="2021-12-07 10:20:52.239817" />\n<ns0:EventRecordID>25496</ns0:EventRecordID>\n<ns0:Correlation ActivityID="" RelatedActivityID="" />\n<ns0:Execution ProcessID="3120" ThreadID="2988" />\n<ns0:Channel>Microsoft-Windows-Sysmon/Operational</ns0:Channel>\n<ns0:Computer>WIN-J23NIGGP1Q6.sysmon_set.local</ns0:Computer>\n<ns0:Security UserID="S-1-5-18" />\n</ns0:System>\n<ns0:EventData><ns0:Data Name="RuleName">-</ns0:Data>\n<ns0:Data Name="UtcTime">2021-12-07 10:20:52.400</ns0:Data>\n<ns0:Data Name="ProcessGuid">{27532e6a-2d16-61af-4800-000000001d00}</ns0:Data>\n<ns0:Data Name="ProcessId">3336</ns0:Data>\n<ns0:Data Name="Image">C:\\Windows\\System32\\dns.exe</ns0:Data>\n<ns0:Data Name="User">NT AUTHORITY\\SYSTEM</ns0:Data>\n<ns0:Data Name="Protocol">udp</ns0:Data>\n<ns0:Data Name="Initiated">False</ns0:Data>\n<ns0:Data Name="SourceIsIpv6">False</ns0:Data>\n<ns0:Data Name="SourceIp">127.0.0.1</ns0:Data>\n<ns0:Data Name="SourceHostname">WIN-J23NIGGP1Q6.sysmon_set.local</ns0:Data>\n<ns0:Data Name="SourcePort">53</ns0:Data>\n<ns0:Data Name="SourcePortName">domain</ns0:Data>\n<ns0:Data Name="DestinationIsIpv6">False</ns0:Data>\n<ns0:Data Name="DestinationIp">127.0.0.1</ns0:Data>\n<ns0:Data Name="DestinationHostname">WIN-J23NIGGP1Q6.sysmon_set.local</ns0:Data>\n<ns0:Data Name="DestinationPort">56426</ns0:Data>\n<ns0:Data Name="DestinationPortName">-</ns0:Data>\n</ns0:EventData>\n</ns0:Event>'
5
10754
ATTENTION!!!   10754   Events have been identified on the targeted system as suspicious for Lateral Movement Attack!!!
<?xml version="1.0" ?>
<Event xmlns="http://schemas.microsoft.com/win/2004/08/events/event">
	<System>
		<Provider Name="Microsoft-Windows-Sysmon" Guid="{5770385f-c22a-43e0-bf4c-06f5698ffbd9}"/>
		<EventID Qualifiers="">3</EventID>
		<Version>5</Version>
		<Level>4</Level>
		<Task>3</Task>
		<Opcode>0</Opcode>
		<Keywords>0x8000000000000000</Keywords>
		<TimeCreated SystemTime="2021-12-07 10:20:53.536734"/>
		<EventRecordID>25497</EventRecordID>
		<Correlation ActivityID="" RelatedActivityID=""/>
		<Execution ProcessID="3120" ThreadID="2988"/>
		<Channel>Microsoft-Windows-Sysmon/Operational</Channel>
		<Computer>WIN-J23NIGGP1Q6.sysmon_set.local</Computer>
		<Security UserID="S-1-5-18"/>
	</System>
	<EventData>
		<Data Name="RuleName">-</Data>
		<Data Name="UtcTime">2021-12-07 10:20:54.368</Data>
		<Data Name="ProcessGuid">{27532e6a-2cfd-61af-2200-000000001d00}</Data>
		<Data Name="ProcessId">1580</Data>
		<Data Name="Image">C:\Windows\System32\svchost.exe</Data>
		<Data Name="User">NT AUTHORITY\SYSTEM</Data>
		<Data Name="Protocol">tcp</Data>
		<Data Name="Initiated">True</Data>
		<Data Name="SourceIsIpv6">True</Data>
		<Data Name="SourceIp">fe80:0:0:0:e870:5d9:16ed:6004</Data>
		<Data Name="SourceHostname">WIN-J23NIGGP1Q6.sysmon_set.local</Data>
		<Data Name="SourcePort">56871</Data>
		<Data Name="SourcePortName">-</Data>
		<Data Name="DestinationIsIpv6">True</Data>
		<Data Name="DestinationIp">fe80:0:0:0:e870:5d9:16ed:6004</Data>
		<Data Name="DestinationHostname">WIN-J23NIGGP1Q6.sysmon_set.local</Data>
		<Data Name="DestinationPort">389</Data>
		<Data Name="DestinationPortName">ldap</Data>
	</EventData>
</Event>

b'<ns0:Event xmlns:ns0="http://schemas.microsoft.com/win/2004/08/events/event"><ns0:System><ns0:Provider Name="Microsoft-Windows-Sysmon" Guid="{5770385f-c22a-43e0-bf4c-06f5698ffbd9}" />\n<ns0:EventID Qualifiers="">3</ns0:EventID>\n<ns0:Version>5</ns0:Version>\n<ns0:Level>4</ns0:Level>\n<ns0:Task>3</ns0:Task>\n<ns0:Opcode>0</ns0:Opcode>\n<ns0:Keywords>0x8000000000000000</ns0:Keywords>\n<ns0:TimeCreated SystemTime="2021-12-07 10:20:53.536734" />\n<ns0:EventRecordID>25497</ns0:EventRecordID>\n<ns0:Correlation ActivityID="" RelatedActivityID="" />\n<ns0:Execution ProcessID="3120" ThreadID="2988" />\n<ns0:Channel>Microsoft-Windows-Sysmon/Operational</ns0:Channel>\n<ns0:Computer>WIN-J23NIGGP1Q6.sysmon_set.local</ns0:Computer>\n<ns0:Security UserID="S-1-5-18" />\n</ns0:System>\n<ns0:EventData><ns0:Data Name="RuleName">-</ns0:Data>\n<ns0:Data Name="UtcTime">2021-12-07 10:20:54.368</ns0:Data>\n<ns0:Data Name="ProcessGuid">{27532e6a-2cfd-61af-2200-000000001d00}</ns0:Data>\n<ns0:Data Name="ProcessId">1580</ns0:Data>\n<ns0:Data Name="Image">C:\\Windows\\System32\\svchost.exe</ns0:Data>\n<ns0:Data Name="User">NT AUTHORITY\\SYSTEM</ns0:Data>\n<ns0:Data Name="Protocol">tcp</ns0:Data>\n<ns0:Data Name="Initiated">True</ns0:Data>\n<ns0:Data Name="SourceIsIpv6">True</ns0:Data>\n<ns0:Data Name="SourceIp">fe80:0:0:0:e870:5d9:16ed:6004</ns0:Data>\n<ns0:Data Name="SourceHostname">WIN-J23NIGGP1Q6.sysmon_set.local</ns0:Data>\n<ns0:Data Name="SourcePort">56871</ns0:Data>\n<ns0:Data Name="SourcePortName">-</ns0:Data>\n<ns0:Data Name="DestinationIsIpv6">True</ns0:Data>\n<ns0:Data Name="DestinationIp">fe80:0:0:0:e870:5d9:16ed:6004</ns0:Data>\n<ns0:Data Name="DestinationHostname">WIN-J23NIGGP1Q6.sysmon_set.local</ns0:Data>\n<ns0:Data Name="DestinationPort">389</ns0:Data>\n<ns0:Data Name="DestinationPortName">ldap</ns0:Data>\n</ns0:EventData>\n</ns0:Event>'
5
10755
ATTENTION!!!   10755   Events have been identified on the targeted system as suspicious for Lateral Movement Attack!!!
<?xml version="1.0" ?>
<Event xmlns="http://schemas.microsoft.com/win/2004/08/events/event">
	<System>
		<Provider Name="Microsoft-Windows-Sysmon" Guid="{5770385f-c22a-43e0-bf4c-06f5698ffbd9}"/>
		<EventID Qualifiers="">3</EventID>
		<Version>5</Version>
		<Level>4</Level>
		<Task>3</Task>
		<Opcode>0</Opcode>
		<Keywords>0x8000000000000000</Keywords>
		<TimeCreated SystemTime="2021-12-07 10:20:53.536755"/>
		<EventRecordID>25498</EventRecordID>
		<Correlation ActivityID="" RelatedActivityID=""/>
		<Execution ProcessID="3120" ThreadID="2988"/>
		<Channel>Microsoft-Windows-Sysmon/Operational</Channel>
		<Computer>WIN-J23NIGGP1Q6.sysmon_set.local</Computer>
		<Security UserID="S-1-5-18"/>
	</System>
	<EventData>
		<Data Name="RuleName">-</Data>
		<Data Name="UtcTime">2021-12-07 10:20:54.368</Data>
		<Data Name="ProcessGuid">{27532e6a-2ce6-61af-0c00-000000001d00}</Data>
		<Data Name="ProcessId">672</Data>
		<Data Name="Image">C:\Windows\System32\lsass.exe</Data>
		<Data Name="User">NT AUTHORITY\SYSTEM</Data>
		<Data Name="Protocol">tcp</Data>
		<Data Name="Initiated">False</Data>
		<Data Name="SourceIsIpv6">True</Data>
		<Data Name="SourceIp">fe80:0:0:0:e870:5d9:16ed:6004</Data>
		<Data Name="SourceHostname">WIN-J23NIGGP1Q6.sysmon_set.local</Data>
		<Data Name="SourcePort">56871</Data>
		<Data Name="SourcePortName">-</Data>
		<Data Name="DestinationIsIpv6">True</Data>
		<Data Name="DestinationIp">fe80:0:0:0:e870:5d9:16ed:6004</Data>
		<Data Name="DestinationHostname">WIN-J23NIGGP1Q6.sysmon_set.local</Data>
		<Data Name="DestinationPort">389</Data>
		<Data Name="DestinationPortName">ldap</Data>
	</EventData>
</Event>

b'<ns0:Event xmlns:ns0="http://schemas.microsoft.com/win/2004/08/events/event"><ns0:System><ns0:Provider Name="Microsoft-Windows-Sysmon" Guid="{5770385f-c22a-43e0-bf4c-06f5698ffbd9}" />\n<ns0:EventID Qualifiers="">3</ns0:EventID>\n<ns0:Version>5</ns0:Version>\n<ns0:Level>4</ns0:Level>\n<ns0:Task>3</ns0:Task>\n<ns0:Opcode>0</ns0:Opcode>\n<ns0:Keywords>0x8000000000000000</ns0:Keywords>\n<ns0:TimeCreated SystemTime="2021-12-07 10:20:53.536755" />\n<ns0:EventRecordID>25498</ns0:EventRecordID>\n<ns0:Correlation ActivityID="" RelatedActivityID="" />\n<ns0:Execution ProcessID="3120" ThreadID="2988" />\n<ns0:Channel>Microsoft-Windows-Sysmon/Operational</ns0:Channel>\n<ns0:Computer>WIN-J23NIGGP1Q6.sysmon_set.local</ns0:Computer>\n<ns0:Security UserID="S-1-5-18" />\n</ns0:System>\n<ns0:EventData><ns0:Data Name="RuleName">-</ns0:Data>\n<ns0:Data Name="UtcTime">2021-12-07 10:20:54.368</ns0:Data>\n<ns0:Data Name="ProcessGuid">{27532e6a-2ce6-61af-0c00-000000001d00}</ns0:Data>\n<ns0:Data Name="ProcessId">672</ns0:Data>\n<ns0:Data Name="Image">C:\\Windows\\System32\\lsass.exe</ns0:Data>\n<ns0:Data Name="User">NT AUTHORITY\\SYSTEM</ns0:Data>\n<ns0:Data Name="Protocol">tcp</ns0:Data>\n<ns0:Data Name="Initiated">False</ns0:Data>\n<ns0:Data Name="SourceIsIpv6">True</ns0:Data>\n<ns0:Data Name="SourceIp">fe80:0:0:0:e870:5d9:16ed:6004</ns0:Data>\n<ns0:Data Name="SourceHostname">WIN-J23NIGGP1Q6.sysmon_set.local</ns0:Data>\n<ns0:Data Name="SourcePort">56871</ns0:Data>\n<ns0:Data Name="SourcePortName">-</ns0:Data>\n<ns0:Data Name="DestinationIsIpv6">True</ns0:Data>\n<ns0:Data Name="DestinationIp">fe80:0:0:0:e870:5d9:16ed:6004</ns0:Data>\n<ns0:Data Name="DestinationHostname">WIN-J23NIGGP1Q6.sysmon_set.local</ns0:Data>\n<ns0:Data Name="DestinationPort">389</ns0:Data>\n<ns0:Data Name="DestinationPortName">ldap</ns0:Data>\n</ns0:EventData>\n</ns0:Event>'
5
10756
ATTENTION!!!   10756   Events have been identified on the targeted system as suspicious for Lateral Movement Attack!!!
<?xml version="1.0" ?>
<Event xmlns="http://schemas.microsoft.com/win/2004/08/events/event">
	<System>
		<Provider Name="Microsoft-Windows-Sysmon" Guid="{5770385f-c22a-43e0-bf4c-06f5698ffbd9}"/>
		<EventID Qualifiers="">3</EventID>
		<Version>5</Version>
		<Level>4</Level>
		<Task>3</Task>
		<Opcode>0</Opcode>
		<Keywords>0x8000000000000000</Keywords>
		<TimeCreated SystemTime="2021-12-07 10:20:53.536770"/>
		<EventRecordID>25499</EventRecordID>
		<Correlation ActivityID="" RelatedActivityID=""/>
		<Execution ProcessID="3120" ThreadID="2988"/>
		<Channel>Microsoft-Windows-Sysmon/Operational</Channel>
		<Computer>WIN-J23NIGGP1Q6.sysmon_set.local</Computer>
		<Security UserID="S-1-5-18"/>
	</System>
	<EventData>
		<Data Name="RuleName">-</Data>
		<Data Name="UtcTime">2021-12-07 10:20:54.380</Data>
		<Data Name="ProcessGuid">{27532e6a-2cfd-61af-2200-000000001d00}</Data>
		<Data Name="ProcessId">1580</Data>
		<Data Name="Image">C:\Windows\System32\svchost.exe</Data>
		<Data Name="User">NT AUTHORITY\SYSTEM</Data>
		<Data Name="Protocol">tcp</Data>
		<Data Name="Initiated">True</Data>
		<Data Name="SourceIsIpv6">True</Data>
		<Data Name="SourceIp">2a02:587:a13:de00:e870:5d9:16ed:6004</Data>
		<Data Name="SourceHostname">WIN-J23NIGGP1Q6.sysmon_set.local</Data>
		<Data Name="SourcePort">56872</Data>
		<Data Name="SourcePortName">-</Data>
		<Data Name="DestinationIsIpv6">True</Data>
		<Data Name="DestinationIp">2a02:587:a13:de00:e870:5d9:16ed:6004</Data>
		<Data Name="DestinationHostname">WIN-J23NIGGP1Q6.sysmon_set.local</Data>
		<Data Name="DestinationPort">389</Data>
		<Data Name="DestinationPortName">ldap</Data>
	</EventData>
</Event>

b'<ns0:Event xmlns:ns0="http://schemas.microsoft.com/win/2004/08/events/event"><ns0:System><ns0:Provider Name="Microsoft-Windows-Sysmon" Guid="{5770385f-c22a-43e0-bf4c-06f5698ffbd9}" />\n<ns0:EventID Qualifiers="">3</ns0:EventID>\n<ns0:Version>5</ns0:Version>\n<ns0:Level>4</ns0:Level>\n<ns0:Task>3</ns0:Task>\n<ns0:Opcode>0</ns0:Opcode>\n<ns0:Keywords>0x8000000000000000</ns0:Keywords>\n<ns0:TimeCreated SystemTime="2021-12-07 10:20:53.536770" />\n<ns0:EventRecordID>25499</ns0:EventRecordID>\n<ns0:Correlation ActivityID="" RelatedActivityID="" />\n<ns0:Execution ProcessID="3120" ThreadID="2988" />\n<ns0:Channel>Microsoft-Windows-Sysmon/Operational</ns0:Channel>\n<ns0:Computer>WIN-J23NIGGP1Q6.sysmon_set.local</ns0:Computer>\n<ns0:Security UserID="S-1-5-18" />\n</ns0:System>\n<ns0:EventData><ns0:Data Name="RuleName">-</ns0:Data>\n<ns0:Data Name="UtcTime">2021-12-07 10:20:54.380</ns0:Data>\n<ns0:Data Name="ProcessGuid">{27532e6a-2cfd-61af-2200-000000001d00}</ns0:Data>\n<ns0:Data Name="ProcessId">1580</ns0:Data>\n<ns0:Data Name="Image">C:\\Windows\\System32\\svchost.exe</ns0:Data>\n<ns0:Data Name="User">NT AUTHORITY\\SYSTEM</ns0:Data>\n<ns0:Data Name="Protocol">tcp</ns0:Data>\n<ns0:Data Name="Initiated">True</ns0:Data>\n<ns0:Data Name="SourceIsIpv6">True</ns0:Data>\n<ns0:Data Name="SourceIp">2a02:587:a13:de00:e870:5d9:16ed:6004</ns0:Data>\n<ns0:Data Name="SourceHostname">WIN-J23NIGGP1Q6.sysmon_set.local</ns0:Data>\n<ns0:Data Name="SourcePort">56872</ns0:Data>\n<ns0:Data Name="SourcePortName">-</ns0:Data>\n<ns0:Data Name="DestinationIsIpv6">True</ns0:Data>\n<ns0:Data Name="DestinationIp">2a02:587:a13:de00:e870:5d9:16ed:6004</ns0:Data>\n<ns0:Data Name="DestinationHostname">WIN-J23NIGGP1Q6.sysmon_set.local</ns0:Data>\n<ns0:Data Name="DestinationPort">389</ns0:Data>\n<ns0:Data Name="DestinationPortName">ldap</ns0:Data>\n</ns0:EventData>\n</ns0:Event>'
5
10757
ATTENTION!!!   10757   Events have been identified on the targeted system as suspicious for Lateral Movement Attack!!!
<?xml version="1.0" ?>
<Event xmlns="http://schemas.microsoft.com/win/2004/08/events/event">
	<System>
		<Provider Name="Microsoft-Windows-Sysmon" Guid="{5770385f-c22a-43e0-bf4c-06f5698ffbd9}"/>
		<EventID Qualifiers="">3</EventID>
		<Version>5</Version>
		<Level>4</Level>
		<Task>3</Task>
		<Opcode>0</Opcode>
		<Keywords>0x8000000000000000</Keywords>
		<TimeCreated SystemTime="2021-12-07 10:20:53.536779"/>
		<EventRecordID>25500</EventRecordID>
		<Correlation ActivityID="" RelatedActivityID=""/>
		<Execution ProcessID="3120" ThreadID="2988"/>
		<Channel>Microsoft-Windows-Sysmon/Operational</Channel>
		<Computer>WIN-J23NIGGP1Q6.sysmon_set.local</Computer>
		<Security UserID="S-1-5-18"/>
	</System>
	<EventData>
		<Data Name="RuleName">-</Data>
		<Data Name="UtcTime">2021-12-07 10:20:54.380</Data>
		<Data Name="ProcessGuid">{27532e6a-2ce6-61af-0c00-000000001d00}</Data>
		<Data Name="ProcessId">672</Data>
		<Data Name="Image">C:\Windows\System32\lsass.exe</Data>
		<Data Name="User">NT AUTHORITY\SYSTEM</Data>
		<Data Name="Protocol">tcp</Data>
		<Data Name="Initiated">False</Data>
		<Data Name="SourceIsIpv6">True</Data>
		<Data Name="SourceIp">2a02:587:a13:de00:e870:5d9:16ed:6004</Data>
		<Data Name="SourceHostname">WIN-J23NIGGP1Q6.sysmon_set.local</Data>
		<Data Name="SourcePort">56872</Data>
		<Data Name="SourcePortName">-</Data>
		<Data Name="DestinationIsIpv6">True</Data>
		<Data Name="DestinationIp">2a02:587:a13:de00:e870:5d9:16ed:6004</Data>
		<Data Name="DestinationHostname">WIN-J23NIGGP1Q6.sysmon_set.local</Data>
		<Data Name="DestinationPort">389</Data>
		<Data Name="DestinationPortName">ldap</Data>
	</EventData>
</Event>

b'<ns0:Event xmlns:ns0="http://schemas.microsoft.com/win/2004/08/events/event"><ns0:System><ns0:Provider Name="Microsoft-Windows-Sysmon" Guid="{5770385f-c22a-43e0-bf4c-06f5698ffbd9}" />\n<ns0:EventID Qualifiers="">3</ns0:EventID>\n<ns0:Version>5</ns0:Version>\n<ns0:Level>4</ns0:Level>\n<ns0:Task>3</ns0:Task>\n<ns0:Opcode>0</ns0:Opcode>\n<ns0:Keywords>0x8000000000000000</ns0:Keywords>\n<ns0:TimeCreated SystemTime="2021-12-07 10:20:53.536779" />\n<ns0:EventRecordID>25500</ns0:EventRecordID>\n<ns0:Correlation ActivityID="" RelatedActivityID="" />\n<ns0:Execution ProcessID="3120" ThreadID="2988" />\n<ns0:Channel>Microsoft-Windows-Sysmon/Operational</ns0:Channel>\n<ns0:Computer>WIN-J23NIGGP1Q6.sysmon_set.local</ns0:Computer>\n<ns0:Security UserID="S-1-5-18" />\n</ns0:System>\n<ns0:EventData><ns0:Data Name="RuleName">-</ns0:Data>\n<ns0:Data Name="UtcTime">2021-12-07 10:20:54.380</ns0:Data>\n<ns0:Data Name="ProcessGuid">{27532e6a-2ce6-61af-0c00-000000001d00}</ns0:Data>\n<ns0:Data Name="ProcessId">672</ns0:Data>\n<ns0:Data Name="Image">C:\\Windows\\System32\\lsass.exe</ns0:Data>\n<ns0:Data Name="User">NT AUTHORITY\\SYSTEM</ns0:Data>\n<ns0:Data Name="Protocol">tcp</ns0:Data>\n<ns0:Data Name="Initiated">False</ns0:Data>\n<ns0:Data Name="SourceIsIpv6">True</ns0:Data>\n<ns0:Data Name="SourceIp">2a02:587:a13:de00:e870:5d9:16ed:6004</ns0:Data>\n<ns0:Data Name="SourceHostname">WIN-J23NIGGP1Q6.sysmon_set.local</ns0:Data>\n<ns0:Data Name="SourcePort">56872</ns0:Data>\n<ns0:Data Name="SourcePortName">-</ns0:Data>\n<ns0:Data Name="DestinationIsIpv6">True</ns0:Data>\n<ns0:Data Name="DestinationIp">2a02:587:a13:de00:e870:5d9:16ed:6004</ns0:Data>\n<ns0:Data Name="DestinationHostname">WIN-J23NIGGP1Q6.sysmon_set.local</ns0:Data>\n<ns0:Data Name="DestinationPort">389</ns0:Data>\n<ns0:Data Name="DestinationPortName">ldap</ns0:Data>\n</ns0:EventData>\n</ns0:Event>'
5
10758
ATTENTION!!!   10758   Events have been identified on the targeted system as suspicious for Lateral Movement Attack!!!
<?xml version="1.0" ?>
<Event xmlns="http://schemas.microsoft.com/win/2004/08/events/event">
	<System>
		<Provider Name="Microsoft-Windows-Sysmon" Guid="{5770385f-c22a-43e0-bf4c-06f5698ffbd9}"/>
		<EventID Qualifiers="">3</EventID>
		<Version>5</Version>
		<Level>4</Level>
		<Task>3</Task>
		<Opcode>0</Opcode>
		<Keywords>0x8000000000000000</Keywords>
		<TimeCreated SystemTime="2021-12-07 10:20:53.536806"/>
		<EventRecordID>25501</EventRecordID>
		<Correlation ActivityID="" RelatedActivityID=""/>
		<Execution ProcessID="3120" ThreadID="2988"/>
		<Channel>Microsoft-Windows-Sysmon/Operational</Channel>
		<Computer>WIN-J23NIGGP1Q6.sysmon_set.local</Computer>
		<Security UserID="S-1-5-18"/>
	</System>
	<EventData>
		<Data Name="RuleName">-</Data>
		<Data Name="UtcTime">2021-12-07 10:20:54.468</Data>
		<Data Name="ProcessGuid">{27532e6a-2cd2-61af-eb03-000000000000}</Data>
		<Data Name="ProcessId">4</Data>
		<Data Name="Image">System</Data>
		<Data Name="User">NT AUTHORITY\SYSTEM</Data>
		<Data Name="Protocol">tcp</Data>
		<Data Name="Initiated">True</Data>
		<Data Name="SourceIsIpv6">True</Data>
		<Data Name="SourceIp">fe80:0:0:0:e870:5d9:16ed:6004</Data>
		<Data Name="SourceHostname">WIN-J23NIGGP1Q6.sysmon_set.local</Data>
		<Data Name="SourcePort">56873</Data>
		<Data Name="SourcePortName">-</Data>
		<Data Name="DestinationIsIpv6">True</Data>
		<Data Name="DestinationIp">fe80:0:0:0:e870:5d9:16ed:6004</Data>
		<Data Name="DestinationHostname">WIN-J23NIGGP1Q6.sysmon_set.local</Data>
		<Data Name="DestinationPort">445</Data>
		<Data Name="DestinationPortName">microsoft-ds</Data>
	</EventData>
</Event>

b'<ns0:Event xmlns:ns0="http://schemas.microsoft.com/win/2004/08/events/event"><ns0:System><ns0:Provider Name="Microsoft-Windows-Sysmon" Guid="{5770385f-c22a-43e0-bf4c-06f5698ffbd9}" />\n<ns0:EventID Qualifiers="">3</ns0:EventID>\n<ns0:Version>5</ns0:Version>\n<ns0:Level>4</ns0:Level>\n<ns0:Task>3</ns0:Task>\n<ns0:Opcode>0</ns0:Opcode>\n<ns0:Keywords>0x8000000000000000</ns0:Keywords>\n<ns0:TimeCreated SystemTime="2021-12-07 10:20:53.536806" />\n<ns0:EventRecordID>25501</ns0:EventRecordID>\n<ns0:Correlation ActivityID="" RelatedActivityID="" />\n<ns0:Execution ProcessID="3120" ThreadID="2988" />\n<ns0:Channel>Microsoft-Windows-Sysmon/Operational</ns0:Channel>\n<ns0:Computer>WIN-J23NIGGP1Q6.sysmon_set.local</ns0:Computer>\n<ns0:Security UserID="S-1-5-18" />\n</ns0:System>\n<ns0:EventData><ns0:Data Name="RuleName">-</ns0:Data>\n<ns0:Data Name="UtcTime">2021-12-07 10:20:54.468</ns0:Data>\n<ns0:Data Name="ProcessGuid">{27532e6a-2cd2-61af-eb03-000000000000}</ns0:Data>\n<ns0:Data Name="ProcessId">4</ns0:Data>\n<ns0:Data Name="Image">System</ns0:Data>\n<ns0:Data Name="User">NT AUTHORITY\\SYSTEM</ns0:Data>\n<ns0:Data Name="Protocol">tcp</ns0:Data>\n<ns0:Data Name="Initiated">True</ns0:Data>\n<ns0:Data Name="SourceIsIpv6">True</ns0:Data>\n<ns0:Data Name="SourceIp">fe80:0:0:0:e870:5d9:16ed:6004</ns0:Data>\n<ns0:Data Name="SourceHostname">WIN-J23NIGGP1Q6.sysmon_set.local</ns0:Data>\n<ns0:Data Name="SourcePort">56873</ns0:Data>\n<ns0:Data Name="SourcePortName">-</ns0:Data>\n<ns0:Data Name="DestinationIsIpv6">True</ns0:Data>\n<ns0:Data Name="DestinationIp">fe80:0:0:0:e870:5d9:16ed:6004</ns0:Data>\n<ns0:Data Name="DestinationHostname">WIN-J23NIGGP1Q6.sysmon_set.local</ns0:Data>\n<ns0:Data Name="DestinationPort">445</ns0:Data>\n<ns0:Data Name="DestinationPortName">microsoft-ds</ns0:Data>\n</ns0:EventData>\n</ns0:Event>'
3
10759
ATTENTION!!!   10759   Events have been identified on the targeted system as suspicious for Lateral Movement Attack!!!
<?xml version="1.0" ?>
<Event xmlns="http://schemas.microsoft.com/win/2004/08/events/event">
	<System>
		<Provider Name="Microsoft-Windows-Sysmon" Guid="{5770385f-c22a-43e0-bf4c-06f5698ffbd9}"/>
		<EventID Qualifiers="">3</EventID>
		<Version>5</Version>
		<Level>4</Level>
		<Task>3</Task>
		<Opcode>0</Opcode>
		<Keywords>0x8000000000000000</Keywords>
		<TimeCreated SystemTime="2021-12-07 10:20:53.536818"/>
		<EventRecordID>25502</EventRecordID>
		<Correlation ActivityID="" RelatedActivityID=""/>
		<Execution ProcessID="3120" ThreadID="2988"/>
		<Channel>Microsoft-Windows-Sysmon/Operational</Channel>
		<Computer>WIN-J23NIGGP1Q6.sysmon_set.local</Computer>
		<Security UserID="S-1-5-18"/>
	</System>
	<EventData>
		<Data Name="RuleName">-</Data>
		<Data Name="UtcTime">2021-12-07 10:20:54.469</Data>
		<Data Name="ProcessGuid">{27532e6a-2cd2-61af-eb03-000000000000}</Data>
		<Data Name="ProcessId">4</Data>
		<Data Name="Image">System</Data>
		<Data Name="User">NT AUTHORITY\SYSTEM</Data>
		<Data Name="Protocol">tcp</Data>
		<Data Name="Initiated">False</Data>
		<Data Name="SourceIsIpv6">True</Data>
		<Data Name="SourceIp">fe80:0:0:0:e870:5d9:16ed:6004</Data>
		<Data Name="SourceHostname">WIN-J23NIGGP1Q6.sysmon_set.local</Data>
		<Data Name="SourcePort">56873</Data>
		<Data Name="SourcePortName">-</Data>
		<Data Name="DestinationIsIpv6">True</Data>
		<Data Name="DestinationIp">fe80:0:0:0:e870:5d9:16ed:6004</Data>
		<Data Name="DestinationHostname">WIN-J23NIGGP1Q6.sysmon_set.local</Data>
		<Data Name="DestinationPort">445</Data>
		<Data Name="DestinationPortName">microsoft-ds</Data>
	</EventData>
</Event>

b'<ns0:Event xmlns:ns0="http://schemas.microsoft.com/win/2004/08/events/event"><ns0:System><ns0:Provider Name="Microsoft-Windows-Sysmon" Guid="{5770385f-c22a-43e0-bf4c-06f5698ffbd9}" />\n<ns0:EventID Qualifiers="">3</ns0:EventID>\n<ns0:Version>5</ns0:Version>\n<ns0:Level>4</ns0:Level>\n<ns0:Task>3</ns0:Task>\n<ns0:Opcode>0</ns0:Opcode>\n<ns0:Keywords>0x8000000000000000</ns0:Keywords>\n<ns0:TimeCreated SystemTime="2021-12-07 10:20:53.536818" />\n<ns0:EventRecordID>25502</ns0:EventRecordID>\n<ns0:Correlation ActivityID="" RelatedActivityID="" />\n<ns0:Execution ProcessID="3120" ThreadID="2988" />\n<ns0:Channel>Microsoft-Windows-Sysmon/Operational</ns0:Channel>\n<ns0:Computer>WIN-J23NIGGP1Q6.sysmon_set.local</ns0:Computer>\n<ns0:Security UserID="S-1-5-18" />\n</ns0:System>\n<ns0:EventData><ns0:Data Name="RuleName">-</ns0:Data>\n<ns0:Data Name="UtcTime">2021-12-07 10:20:54.469</ns0:Data>\n<ns0:Data Name="ProcessGuid">{27532e6a-2cd2-61af-eb03-000000000000}</ns0:Data>\n<ns0:Data Name="ProcessId">4</ns0:Data>\n<ns0:Data Name="Image">System</ns0:Data>\n<ns0:Data Name="User">NT AUTHORITY\\SYSTEM</ns0:Data>\n<ns0:Data Name="Protocol">tcp</ns0:Data>\n<ns0:Data Name="Initiated">False</ns0:Data>\n<ns0:Data Name="SourceIsIpv6">True</ns0:Data>\n<ns0:Data Name="SourceIp">fe80:0:0:0:e870:5d9:16ed:6004</ns0:Data>\n<ns0:Data Name="SourceHostname">WIN-J23NIGGP1Q6.sysmon_set.local</ns0:Data>\n<ns0:Data Name="SourcePort">56873</ns0:Data>\n<ns0:Data Name="SourcePortName">-</ns0:Data>\n<ns0:Data Name="DestinationIsIpv6">True</ns0:Data>\n<ns0:Data Name="DestinationIp">fe80:0:0:0:e870:5d9:16ed:6004</ns0:Data>\n<ns0:Data Name="DestinationHostname">WIN-J23NIGGP1Q6.sysmon_set.local</ns0:Data>\n<ns0:Data Name="DestinationPort">445</ns0:Data>\n<ns0:Data Name="DestinationPortName">microsoft-ds</ns0:Data>\n</ns0:EventData>\n</ns0:Event>'
3
10760
ATTENTION!!!   10760   Events have been identified on the targeted system as suspicious for Lateral Movement Attack!!!
<?xml version="1.0" ?>
<Event xmlns="http://schemas.microsoft.com/win/2004/08/events/event">
	<System>
		<Provider Name="Microsoft-Windows-Sysmon" Guid="{5770385f-c22a-43e0-bf4c-06f5698ffbd9}"/>
		<EventID Qualifiers="">3</EventID>
		<Version>5</Version>
		<Level>4</Level>
		<Task>3</Task>
		<Opcode>0</Opcode>
		<Keywords>0x8000000000000000</Keywords>
		<TimeCreated SystemTime="2021-12-07 10:21:01.631008"/>
		<EventRecordID>25503</EventRecordID>
		<Correlation ActivityID="" RelatedActivityID=""/>
		<Execution ProcessID="3120" ThreadID="2988"/>
		<Channel>Microsoft-Windows-Sysmon/Operational</Channel>
		<Computer>WIN-J23NIGGP1Q6.sysmon_set.local</Computer>
		<Security UserID="S-1-5-18"/>
	</System>
	<EventData>
		<Data Name="RuleName">-</Data>
		<Data Name="UtcTime">2021-12-07 10:21:01.759</Data>
		<Data Name="ProcessGuid">{27532e6a-2cfb-61af-1f00-000000001d00}</Data>
		<Data Name="ProcessId">1376</Data>
		<Data Name="Image">C:\Windows\System32\svchost.exe</Data>
		<Data Name="User">NT AUTHORITY\NETWORK SERVICE</Data>
		<Data Name="Protocol">udp</Data>
		<Data Name="Initiated">True</Data>
		<Data Name="SourceIsIpv6">True</Data>
		<Data Name="SourceIp">fe80:0:0:0:e870:5d9:16ed:6004</Data>
		<Data Name="SourceHostname">WIN-J23NIGGP1Q6.sysmon_set.local</Data>
		<Data Name="SourcePort">59401</Data>
		<Data Name="SourcePortName">-</Data>
		<Data Name="DestinationIsIpv6">True</Data>
		<Data Name="DestinationIp">ff02:0:0:0:0:0:1:3</Data>
		<Data Name="DestinationHostname">-</Data>
		<Data Name="DestinationPort">5355</Data>
		<Data Name="DestinationPortName">llmnr</Data>
