	</EventData>
</Event>

b'<ns0:Event xmlns:ns0="http://schemas.microsoft.com/win/2004/08/events/event"><ns0:System><ns0:Provider Name="Microsoft-Windows-Sysmon" Guid="{5770385f-c22a-43e0-bf4c-06f5698ffbd9}" />\n<ns0:EventID Qualifiers="">3</ns0:EventID>\n<ns0:Version>5</ns0:Version>\n<ns0:Level>4</ns0:Level>\n<ns0:Task>3</ns0:Task>\n<ns0:Opcode>0</ns0:Opcode>\n<ns0:Keywords>0x8000000000000000</ns0:Keywords>\n<ns0:TimeCreated SystemTime="2021-12-07 10:20:34.068489" />\n<ns0:EventRecordID>25434</ns0:EventRecordID>\n<ns0:Correlation ActivityID="" RelatedActivityID="" />\n<ns0:Execution ProcessID="3120" ThreadID="2988" />\n<ns0:Channel>Microsoft-Windows-Sysmon/Operational</ns0:Channel>\n<ns0:Computer>WIN-J23NIGGP1Q6.sysmon_set.local</ns0:Computer>\n<ns0:Security UserID="S-1-5-18" />\n</ns0:System>\n<ns0:EventData><ns0:Data Name="RuleName">-</ns0:Data>\n<ns0:Data Name="UtcTime">2021-12-07 10:20:34.806</ns0:Data>\n<ns0:Data Name="ProcessGuid">{27532e6a-2d16-61af-4800-000000001d00}</ns0:Data>\n<ns0:Data Name="ProcessId">3336</ns0:Data>\n<ns0:Data Name="Image">C:\\Windows\\System32\\dns.exe</ns0:Data>\n<ns0:Data Name="User">NT AUTHORITY\\SYSTEM</ns0:Data>\n<ns0:Data Name="Protocol">udp</ns0:Data>\n<ns0:Data Name="Initiated">False</ns0:Data>\n<ns0:Data Name="SourceIsIpv6">False</ns0:Data>\n<ns0:Data Name="SourceIp">127.0.0.1</ns0:Data>\n<ns0:Data Name="SourceHostname">WIN-J23NIGGP1Q6.sysmon_set.local</ns0:Data>\n<ns0:Data Name="SourcePort">53</ns0:Data>\n<ns0:Data Name="SourcePortName">domain</ns0:Data>\n<ns0:Data Name="DestinationIsIpv6">False</ns0:Data>\n<ns0:Data Name="DestinationIp">127.0.0.1</ns0:Data>\n<ns0:Data Name="DestinationHostname">WIN-J23NIGGP1Q6.sysmon_set.local</ns0:Data>\n<ns0:Data Name="DestinationPort">65535</ns0:Data>\n<ns0:Data Name="DestinationPortName">-</ns0:Data>\n</ns0:EventData>\n</ns0:Event>'
5
10692
ATTENTION!!!   10692   Events have been identified on the targeted system as suspicious for Lateral Movement Attack!!!
<?xml version="1.0" ?>
<Event xmlns="http://schemas.microsoft.com/win/2004/08/events/event">
	<System>
		<Provider Name="Microsoft-Windows-Sysmon" Guid="{5770385f-c22a-43e0-bf4c-06f5698ffbd9}"/>
		<EventID Qualifiers="">3</EventID>
		<Version>5</Version>
		<Level>4</Level>
		<Task>3</Task>
		<Opcode>0</Opcode>
		<Keywords>0x8000000000000000</Keywords>
		<TimeCreated SystemTime="2021-12-07 10:20:34.068533"/>
		<EventRecordID>25435</EventRecordID>
		<Correlation ActivityID="" RelatedActivityID=""/>
		<Execution ProcessID="3120" ThreadID="2988"/>
		<Channel>Microsoft-Windows-Sysmon/Operational</Channel>
		<Computer>WIN-J23NIGGP1Q6.sysmon_set.local</Computer>
		<Security UserID="S-1-5-18"/>
	</System>
	<EventData>
		<Data Name="RuleName">-</Data>
		<Data Name="UtcTime">2021-12-07 10:20:34.806</Data>
		<Data Name="ProcessGuid">{27532e6a-2d16-61af-4800-000000001d00}</Data>
		<Data Name="ProcessId">3336</Data>
		<Data Name="Image">C:\Windows\System32\dns.exe</Data>
		<Data Name="User">NT AUTHORITY\SYSTEM</Data>
		<Data Name="Protocol">udp</Data>
		<Data Name="Initiated">False</Data>
		<Data Name="SourceIsIpv6">False</Data>
		<Data Name="SourceIp">127.0.0.1</Data>
		<Data Name="SourceHostname">WIN-J23NIGGP1Q6.sysmon_set.local</Data>
		<Data Name="SourcePort">53</Data>
		<Data Name="SourcePortName">domain</Data>
		<Data Name="DestinationIsIpv6">False</Data>
		<Data Name="DestinationIp">127.0.0.1</Data>
		<Data Name="DestinationHostname">WIN-J23NIGGP1Q6.sysmon_set.local</Data>
		<Data Name="DestinationPort">49236</Data>
		<Data Name="DestinationPortName">-</Data>
	</EventData>
</Event>

b'<ns0:Event xmlns:ns0="http://schemas.microsoft.com/win/2004/08/events/event"><ns0:System><ns0:Provider Name="Microsoft-Windows-Sysmon" Guid="{5770385f-c22a-43e0-bf4c-06f5698ffbd9}" />\n<ns0:EventID Qualifiers="">3</ns0:EventID>\n<ns0:Version>5</ns0:Version>\n<ns0:Level>4</ns0:Level>\n<ns0:Task>3</ns0:Task>\n<ns0:Opcode>0</ns0:Opcode>\n<ns0:Keywords>0x8000000000000000</ns0:Keywords>\n<ns0:TimeCreated SystemTime="2021-12-07 10:20:34.068533" />\n<ns0:EventRecordID>25435</ns0:EventRecordID>\n<ns0:Correlation ActivityID="" RelatedActivityID="" />\n<ns0:Execution ProcessID="3120" ThreadID="2988" />\n<ns0:Channel>Microsoft-Windows-Sysmon/Operational</ns0:Channel>\n<ns0:Computer>WIN-J23NIGGP1Q6.sysmon_set.local</ns0:Computer>\n<ns0:Security UserID="S-1-5-18" />\n</ns0:System>\n<ns0:EventData><ns0:Data Name="RuleName">-</ns0:Data>\n<ns0:Data Name="UtcTime">2021-12-07 10:20:34.806</ns0:Data>\n<ns0:Data Name="ProcessGuid">{27532e6a-2d16-61af-4800-000000001d00}</ns0:Data>\n<ns0:Data Name="ProcessId">3336</ns0:Data>\n<ns0:Data Name="Image">C:\\Windows\\System32\\dns.exe</ns0:Data>\n<ns0:Data Name="User">NT AUTHORITY\\SYSTEM</ns0:Data>\n<ns0:Data Name="Protocol">udp</ns0:Data>\n<ns0:Data Name="Initiated">False</ns0:Data>\n<ns0:Data Name="SourceIsIpv6">False</ns0:Data>\n<ns0:Data Name="SourceIp">127.0.0.1</ns0:Data>\n<ns0:Data Name="SourceHostname">WIN-J23NIGGP1Q6.sysmon_set.local</ns0:Data>\n<ns0:Data Name="SourcePort">53</ns0:Data>\n<ns0:Data Name="SourcePortName">domain</ns0:Data>\n<ns0:Data Name="DestinationIsIpv6">False</ns0:Data>\n<ns0:Data Name="DestinationIp">127.0.0.1</ns0:Data>\n<ns0:Data Name="DestinationHostname">WIN-J23NIGGP1Q6.sysmon_set.local</ns0:Data>\n<ns0:Data Name="DestinationPort">49236</ns0:Data>\n<ns0:Data Name="DestinationPortName">-</ns0:Data>\n</ns0:EventData>\n</ns0:Event>'
5
10693
ATTENTION!!!   10693   Events have been identified on the targeted system as suspicious for Lateral Movement Attack!!!
<?xml version="1.0" ?>
<Event xmlns="http://schemas.microsoft.com/win/2004/08/events/event">
	<System>
		<Provider Name="Microsoft-Windows-Sysmon" Guid="{5770385f-c22a-43e0-bf4c-06f5698ffbd9}"/>
		<EventID Qualifiers="">3</EventID>
		<Version>5</Version>
		<Level>4</Level>
		<Task>3</Task>
		<Opcode>0</Opcode>
		<Keywords>0x8000000000000000</Keywords>
		<TimeCreated SystemTime="2021-12-07 10:20:34.335188"/>
		<EventRecordID>25436</EventRecordID>
		<Correlation ActivityID="" RelatedActivityID=""/>
		<Execution ProcessID="3120" ThreadID="2988"/>
		<Channel>Microsoft-Windows-Sysmon/Operational</Channel>
		<Computer>WIN-J23NIGGP1Q6.sysmon_set.local</Computer>
		<Security UserID="S-1-5-18"/>
	</System>
	<EventData>
		<Data Name="RuleName">-</Data>
		<Data Name="UtcTime">2021-12-07 10:20:35.198</Data>
		<Data Name="ProcessGuid">{27532e6a-2d17-61af-4900-000000001d00}</Data>
		<Data Name="ProcessId">3344</Data>
		<Data Name="Image">C:\Windows\ADWS\Microsoft.ActiveDirectory.WebServices.exe</Data>
		<Data Name="User">NT AUTHORITY\SYSTEM</Data>
		<Data Name="Protocol">tcp</Data>
		<Data Name="Initiated">True</Data>
		<Data Name="SourceIsIpv6">True</Data>
		<Data Name="SourceIp">0:0:0:0:0:0:0:1</Data>
		<Data Name="SourceHostname">WIN-J23NIGGP1Q6.sysmon_set.local</Data>
		<Data Name="SourcePort">56864</Data>
		<Data Name="SourcePortName">-</Data>
		<Data Name="DestinationIsIpv6">True</Data>
		<Data Name="DestinationIp">0:0:0:0:0:0:0:1</Data>
		<Data Name="DestinationHostname">WIN-J23NIGGP1Q6.sysmon_set.local</Data>
		<Data Name="DestinationPort">389</Data>
		<Data Name="DestinationPortName">ldap</Data>
	</EventData>
</Event>

b'<ns0:Event xmlns:ns0="http://schemas.microsoft.com/win/2004/08/events/event"><ns0:System><ns0:Provider Name="Microsoft-Windows-Sysmon" Guid="{5770385f-c22a-43e0-bf4c-06f5698ffbd9}" />\n<ns0:EventID Qualifiers="">3</ns0:EventID>\n<ns0:Version>5</ns0:Version>\n<ns0:Level>4</ns0:Level>\n<ns0:Task>3</ns0:Task>\n<ns0:Opcode>0</ns0:Opcode>\n<ns0:Keywords>0x8000000000000000</ns0:Keywords>\n<ns0:TimeCreated SystemTime="2021-12-07 10:20:34.335188" />\n<ns0:EventRecordID>25436</ns0:EventRecordID>\n<ns0:Correlation ActivityID="" RelatedActivityID="" />\n<ns0:Execution ProcessID="3120" ThreadID="2988" />\n<ns0:Channel>Microsoft-Windows-Sysmon/Operational</ns0:Channel>\n<ns0:Computer>WIN-J23NIGGP1Q6.sysmon_set.local</ns0:Computer>\n<ns0:Security UserID="S-1-5-18" />\n</ns0:System>\n<ns0:EventData><ns0:Data Name="RuleName">-</ns0:Data>\n<ns0:Data Name="UtcTime">2021-12-07 10:20:35.198</ns0:Data>\n<ns0:Data Name="ProcessGuid">{27532e6a-2d17-61af-4900-000000001d00}</ns0:Data>\n<ns0:Data Name="ProcessId">3344</ns0:Data>\n<ns0:Data Name="Image">C:\\Windows\\ADWS\\Microsoft.ActiveDirectory.WebServices.exe</ns0:Data>\n<ns0:Data Name="User">NT AUTHORITY\\SYSTEM</ns0:Data>\n<ns0:Data Name="Protocol">tcp</ns0:Data>\n<ns0:Data Name="Initiated">True</ns0:Data>\n<ns0:Data Name="SourceIsIpv6">True</ns0:Data>\n<ns0:Data Name="SourceIp">0:0:0:0:0:0:0:1</ns0:Data>\n<ns0:Data Name="SourceHostname">WIN-J23NIGGP1Q6.sysmon_set.local</ns0:Data>\n<ns0:Data Name="SourcePort">56864</ns0:Data>\n<ns0:Data Name="SourcePortName">-</ns0:Data>\n<ns0:Data Name="DestinationIsIpv6">True</ns0:Data>\n<ns0:Data Name="DestinationIp">0:0:0:0:0:0:0:1</ns0:Data>\n<ns0:Data Name="DestinationHostname">WIN-J23NIGGP1Q6.sysmon_set.local</ns0:Data>\n<ns0:Data Name="DestinationPort">389</ns0:Data>\n<ns0:Data Name="DestinationPortName">ldap</ns0:Data>\n</ns0:EventData>\n</ns0:Event>'
5
10694
ATTENTION!!!   10694   Events have been identified on the targeted system as suspicious for Lateral Movement Attack!!!
<?xml version="1.0" ?>
<Event xmlns="http://schemas.microsoft.com/win/2004/08/events/event">
	<System>
		<Provider Name="Microsoft-Windows-Sysmon" Guid="{5770385f-c22a-43e0-bf4c-06f5698ffbd9}"/>
		<EventID Qualifiers="">3</EventID>
		<Version>5</Version>
		<Level>4</Level>
		<Task>3</Task>
		<Opcode>0</Opcode>
		<Keywords>0x8000000000000000</Keywords>
		<TimeCreated SystemTime="2021-12-07 10:20:34.335211"/>
		<EventRecordID>25437</EventRecordID>
		<Correlation ActivityID="" RelatedActivityID=""/>
		<Execution ProcessID="3120" ThreadID="2988"/>
		<Channel>Microsoft-Windows-Sysmon/Operational</Channel>
		<Computer>WIN-J23NIGGP1Q6.sysmon_set.local</Computer>
		<Security UserID="S-1-5-18"/>
	</System>
	<EventData>
		<Data Name="RuleName">-</Data>
		<Data Name="UtcTime">2021-12-07 10:20:35.198</Data>
		<Data Name="ProcessGuid">{27532e6a-2ce6-61af-0c00-000000001d00}</Data>
		<Data Name="ProcessId">672</Data>
		<Data Name="Image">C:\Windows\System32\lsass.exe</Data>
		<Data Name="User">NT AUTHORITY\SYSTEM</Data>
		<Data Name="Protocol">tcp</Data>
		<Data Name="Initiated">False</Data>
		<Data Name="SourceIsIpv6">True</Data>
		<Data Name="SourceIp">0:0:0:0:0:0:0:1</Data>
		<Data Name="SourceHostname">WIN-J23NIGGP1Q6.sysmon_set.local</Data>
		<Data Name="SourcePort">56864</Data>
		<Data Name="SourcePortName">-</Data>
		<Data Name="DestinationIsIpv6">True</Data>
		<Data Name="DestinationIp">0:0:0:0:0:0:0:1</Data>
		<Data Name="DestinationHostname">WIN-J23NIGGP1Q6.sysmon_set.local</Data>
		<Data Name="DestinationPort">389</Data>
		<Data Name="DestinationPortName">ldap</Data>
	</EventData>
</Event>

b'<ns0:Event xmlns:ns0="http://schemas.microsoft.com/win/2004/08/events/event"><ns0:System><ns0:Provider Name="Microsoft-Windows-Sysmon" Guid="{5770385f-c22a-43e0-bf4c-06f5698ffbd9}" />\n<ns0:EventID Qualifiers="">3</ns0:EventID>\n<ns0:Version>5</ns0:Version>\n<ns0:Level>4</ns0:Level>\n<ns0:Task>3</ns0:Task>\n<ns0:Opcode>0</ns0:Opcode>\n<ns0:Keywords>0x8000000000000000</ns0:Keywords>\n<ns0:TimeCreated SystemTime="2021-12-07 10:20:34.335211" />\n<ns0:EventRecordID>25437</ns0:EventRecordID>\n<ns0:Correlation ActivityID="" RelatedActivityID="" />\n<ns0:Execution ProcessID="3120" ThreadID="2988" />\n<ns0:Channel>Microsoft-Windows-Sysmon/Operational</ns0:Channel>\n<ns0:Computer>WIN-J23NIGGP1Q6.sysmon_set.local</ns0:Computer>\n<ns0:Security UserID="S-1-5-18" />\n</ns0:System>\n<ns0:EventData><ns0:Data Name="RuleName">-</ns0:Data>\n<ns0:Data Name="UtcTime">2021-12-07 10:20:35.198</ns0:Data>\n<ns0:Data Name="ProcessGuid">{27532e6a-2ce6-61af-0c00-000000001d00}</ns0:Data>\n<ns0:Data Name="ProcessId">672</ns0:Data>\n<ns0:Data Name="Image">C:\\Windows\\System32\\lsass.exe</ns0:Data>\n<ns0:Data Name="User">NT AUTHORITY\\SYSTEM</ns0:Data>\n<ns0:Data Name="Protocol">tcp</ns0:Data>\n<ns0:Data Name="Initiated">False</ns0:Data>\n<ns0:Data Name="SourceIsIpv6">True</ns0:Data>\n<ns0:Data Name="SourceIp">0:0:0:0:0:0:0:1</ns0:Data>\n<ns0:Data Name="SourceHostname">WIN-J23NIGGP1Q6.sysmon_set.local</ns0:Data>\n<ns0:Data Name="SourcePort">56864</ns0:Data>\n<ns0:Data Name="SourcePortName">-</ns0:Data>\n<ns0:Data Name="DestinationIsIpv6">True</ns0:Data>\n<ns0:Data Name="DestinationIp">0:0:0:0:0:0:0:1</ns0:Data>\n<ns0:Data Name="DestinationHostname">WIN-J23NIGGP1Q6.sysmon_set.local</ns0:Data>\n<ns0:Data Name="DestinationPort">389</ns0:Data>\n<ns0:Data Name="DestinationPortName">ldap</ns0:Data>\n</ns0:EventData>\n</ns0:Event>'
5
10695
ATTENTION!!!   10695   Events have been identified on the targeted system as suspicious for Lateral Movement Attack!!!
<?xml version="1.0" ?>
<Event xmlns="http://schemas.microsoft.com/win/2004/08/events/event">
	<System>
		<Provider Name="Microsoft-Windows-Sysmon" Guid="{5770385f-c22a-43e0-bf4c-06f5698ffbd9}"/>
		<EventID Qualifiers="">3</EventID>
		<Version>5</Version>
		<Level>4</Level>
		<Task>3</Task>
		<Opcode>0</Opcode>
		<Keywords>0x8000000000000000</Keywords>
		<TimeCreated SystemTime="2021-12-07 10:20:34.850002"/>
		<EventRecordID>25438</EventRecordID>
		<Correlation ActivityID="" RelatedActivityID=""/>
		<Execution ProcessID="3120" ThreadID="2988"/>
		<Channel>Microsoft-Windows-Sysmon/Operational</Channel>
		<Computer>WIN-J23NIGGP1Q6.sysmon_set.local</Computer>
		<Security UserID="S-1-5-18"/>
	</System>
	<EventData>
		<Data Name="RuleName">-</Data>
		<Data Name="UtcTime">2021-12-07 10:20:35.463</Data>
		<Data Name="ProcessGuid">{27532e6a-2d16-61af-4800-000000001d00}</Data>
		<Data Name="ProcessId">3336</Data>
		<Data Name="Image">C:\Windows\System32\dns.exe</Data>
		<Data Name="User">NT AUTHORITY\SYSTEM</Data>
		<Data Name="Protocol">udp</Data>
		<Data Name="Initiated">True</Data>
		<Data Name="SourceIsIpv6">True</Data>
		<Data Name="SourceIp">2a02:587:a13:de00:e870:5d9:16ed:6004</Data>
		<Data Name="SourceHostname">WIN-J23NIGGP1Q6.sysmon_set.local</Data>
		<Data Name="SourcePort">64218</Data>
		<Data Name="SourcePortName">-</Data>
		<Data Name="DestinationIsIpv6">True</Data>
		<Data Name="DestinationIp">2001:500:a8:0:0:0:0:e</Data>
		<Data Name="DestinationHostname">-</Data>
		<Data Name="DestinationPort">53</Data>
		<Data Name="DestinationPortName">domain</Data>
	</EventData>
</Event>

b'<ns0:Event xmlns:ns0="http://schemas.microsoft.com/win/2004/08/events/event"><ns0:System><ns0:Provider Name="Microsoft-Windows-Sysmon" Guid="{5770385f-c22a-43e0-bf4c-06f5698ffbd9}" />\n<ns0:EventID Qualifiers="">3</ns0:EventID>\n<ns0:Version>5</ns0:Version>\n<ns0:Level>4</ns0:Level>\n<ns0:Task>3</ns0:Task>\n<ns0:Opcode>0</ns0:Opcode>\n<ns0:Keywords>0x8000000000000000</ns0:Keywords>\n<ns0:TimeCreated SystemTime="2021-12-07 10:20:34.850002" />\n<ns0:EventRecordID>25438</ns0:EventRecordID>\n<ns0:Correlation ActivityID="" RelatedActivityID="" />\n<ns0:Execution ProcessID="3120" ThreadID="2988" />\n<ns0:Channel>Microsoft-Windows-Sysmon/Operational</ns0:Channel>\n<ns0:Computer>WIN-J23NIGGP1Q6.sysmon_set.local</ns0:Computer>\n<ns0:Security UserID="S-1-5-18" />\n</ns0:System>\n<ns0:EventData><ns0:Data Name="RuleName">-</ns0:Data>\n<ns0:Data Name="UtcTime">2021-12-07 10:20:35.463</ns0:Data>\n<ns0:Data Name="ProcessGuid">{27532e6a-2d16-61af-4800-000000001d00}</ns0:Data>\n<ns0:Data Name="ProcessId">3336</ns0:Data>\n<ns0:Data Name="Image">C:\\Windows\\System32\\dns.exe</ns0:Data>\n<ns0:Data Name="User">NT AUTHORITY\\SYSTEM</ns0:Data>\n<ns0:Data Name="Protocol">udp</ns0:Data>\n<ns0:Data Name="Initiated">True</ns0:Data>\n<ns0:Data Name="SourceIsIpv6">True</ns0:Data>\n<ns0:Data Name="SourceIp">2a02:587:a13:de00:e870:5d9:16ed:6004</ns0:Data>\n<ns0:Data Name="SourceHostname">WIN-J23NIGGP1Q6.sysmon_set.local</ns0:Data>\n<ns0:Data Name="SourcePort">64218</ns0:Data>\n<ns0:Data Name="SourcePortName">-</ns0:Data>\n<ns0:Data Name="DestinationIsIpv6">True</ns0:Data>\n<ns0:Data Name="DestinationIp">2001:500:a8:0:0:0:0:e</ns0:Data>\n<ns0:Data Name="DestinationHostname">-</ns0:Data>\n<ns0:Data Name="DestinationPort">53</ns0:Data>\n<ns0:Data Name="DestinationPortName">domain</ns0:Data>\n</ns0:EventData>\n</ns0:Event>'
5
10696
ATTENTION!!!   10696   Events have been identified on the targeted system as suspicious for Lateral Movement Attack!!!
<?xml version="1.0" ?>
<Event xmlns="http://schemas.microsoft.com/win/2004/08/events/event">
	<System>
		<Provider Name="Microsoft-Windows-Sysmon" Guid="{5770385f-c22a-43e0-bf4c-06f5698ffbd9}"/>
		<EventID Qualifiers="">3</EventID>
		<Version>5</Version>
		<Level>4</Level>
		<Task>3</Task>
		<Opcode>0</Opcode>
		<Keywords>0x8000000000000000</Keywords>
		<TimeCreated SystemTime="2021-12-07 10:20:34.850029"/>
		<EventRecordID>25439</EventRecordID>
		<Correlation ActivityID="" RelatedActivityID=""/>
		<Execution ProcessID="3120" ThreadID="2988"/>
		<Channel>Microsoft-Windows-Sysmon/Operational</Channel>
		<Computer>WIN-J23NIGGP1Q6.sysmon_set.local</Computer>
		<Security UserID="S-1-5-18"/>
	</System>
	<EventData>
		<Data Name="RuleName">-</Data>
		<Data Name="UtcTime">2021-12-07 10:20:35.542</Data>
		<Data Name="ProcessGuid">{27532e6a-2cfb-61af-1f00-000000001d00}</Data>
		<Data Name="ProcessId">1376</Data>
		<Data Name="Image">C:\Windows\System32\svchost.exe</Data>
		<Data Name="User">NT AUTHORITY\NETWORK SERVICE</Data>
		<Data Name="Protocol">udp</Data>
		<Data Name="Initiated">False</Data>
		<Data Name="SourceIsIpv6">True</Data>
		<Data Name="SourceIp">ff02:0:0:0:0:0:1:3</Data>
		<Data Name="SourceHostname">-</Data>
		<Data Name="SourcePort">5355</Data>
		<Data Name="SourcePortName">llmnr</Data>
		<Data Name="DestinationIsIpv6">True</Data>
		<Data Name="DestinationIp">fe80:0:0:0:188c:2dd2:355b:792f</Data>
		<Data Name="DestinationHostname">LAPTOP-ROPR18AK</Data>
		<Data Name="DestinationPort">58619</Data>
		<Data Name="DestinationPortName">-</Data>
	</EventData>
</Event>

b'<ns0:Event xmlns:ns0="http://schemas.microsoft.com/win/2004/08/events/event"><ns0:System><ns0:Provider Name="Microsoft-Windows-Sysmon" Guid="{5770385f-c22a-43e0-bf4c-06f5698ffbd9}" />\n<ns0:EventID Qualifiers="">3</ns0:EventID>\n<ns0:Version>5</ns0:Version>\n<ns0:Level>4</ns0:Level>\n<ns0:Task>3</ns0:Task>\n<ns0:Opcode>0</ns0:Opcode>\n<ns0:Keywords>0x8000000000000000</ns0:Keywords>\n<ns0:TimeCreated SystemTime="2021-12-07 10:20:34.850029" />\n<ns0:EventRecordID>25439</ns0:EventRecordID>\n<ns0:Correlation ActivityID="" RelatedActivityID="" />\n<ns0:Execution ProcessID="3120" ThreadID="2988" />\n<ns0:Channel>Microsoft-Windows-Sysmon/Operational</ns0:Channel>\n<ns0:Computer>WIN-J23NIGGP1Q6.sysmon_set.local</ns0:Computer>\n<ns0:Security UserID="S-1-5-18" />\n</ns0:System>\n<ns0:EventData><ns0:Data Name="RuleName">-</ns0:Data>\n<ns0:Data Name="UtcTime">2021-12-07 10:20:35.542</ns0:Data>\n<ns0:Data Name="ProcessGuid">{27532e6a-2cfb-61af-1f00-000000001d00}</ns0:Data>\n<ns0:Data Name="ProcessId">1376</ns0:Data>\n<ns0:Data Name="Image">C:\\Windows\\System32\\svchost.exe</ns0:Data>\n<ns0:Data Name="User">NT AUTHORITY\\NETWORK SERVICE</ns0:Data>\n<ns0:Data Name="Protocol">udp</ns0:Data>\n<ns0:Data Name="Initiated">False</ns0:Data>\n<ns0:Data Name="SourceIsIpv6">True</ns0:Data>\n<ns0:Data Name="SourceIp">ff02:0:0:0:0:0:1:3</ns0:Data>\n<ns0:Data Name="SourceHostname">-</ns0:Data>\n<ns0:Data Name="SourcePort">5355</ns0:Data>\n<ns0:Data Name="SourcePortName">llmnr</ns0:Data>\n<ns0:Data Name="DestinationIsIpv6">True</ns0:Data>\n<ns0:Data Name="DestinationIp">fe80:0:0:0:188c:2dd2:355b:792f</ns0:Data>\n<ns0:Data Name="DestinationHostname">LAPTOP-ROPR18AK</ns0:Data>\n<ns0:Data Name="DestinationPort">58619</ns0:Data>\n<ns0:Data Name="DestinationPortName">-</ns0:Data>\n</ns0:EventData>\n</ns0:Event>'
5
10697
ATTENTION!!!   10697   Events have been identified on the targeted system as suspicious for Lateral Movement Attack!!!
<?xml version="1.0" ?>
<Event xmlns="http://schemas.microsoft.com/win/2004/08/events/event">
	<System>
		<Provider Name="Microsoft-Windows-Sysmon" Guid="{5770385f-c22a-43e0-bf4c-06f5698ffbd9}"/>
		<EventID Qualifiers="">3</EventID>
		<Version>5</Version>
		<Level>4</Level>
		<Task>3</Task>
		<Opcode>0</Opcode>
		<Keywords>0x8000000000000000</Keywords>
		<TimeCreated SystemTime="2021-12-07 10:20:34.850046"/>
		<EventRecordID>25440</EventRecordID>
		<Correlation ActivityID="" RelatedActivityID=""/>
		<Execution ProcessID="3120" ThreadID="2988"/>
		<Channel>Microsoft-Windows-Sysmon/Operational</Channel>
		<Computer>WIN-J23NIGGP1Q6.sysmon_set.local</Computer>
		<Security UserID="S-1-5-18"/>
	</System>
	<EventData>
		<Data Name="RuleName">-</Data>
		<Data Name="UtcTime">2021-12-07 10:20:35.542</Data>
		<Data Name="ProcessGuid">{27532e6a-2cfb-61af-1f00-000000001d00}</Data>
		<Data Name="ProcessId">1376</Data>
		<Data Name="Image">C:\Windows\System32\svchost.exe</Data>
		<Data Name="User">NT AUTHORITY\NETWORK SERVICE</Data>
		<Data Name="Protocol">udp</Data>
		<Data Name="Initiated">False</Data>
		<Data Name="SourceIsIpv6">False</Data>
		<Data Name="SourceIp">224.0.0.252</Data>
		<Data Name="SourceHostname">-</Data>
		<Data Name="SourcePort">5355</Data>
		<Data Name="SourcePortName">llmnr</Data>
		<Data Name="DestinationIsIpv6">False</Data>
		<Data Name="DestinationIp">172.20.10.7</Data>
		<Data Name="DestinationHostname">-</Data>
		<Data Name="DestinationPort">58619</Data>
		<Data Name="DestinationPortName">-</Data>
	</EventData>
</Event>

b'<ns0:Event xmlns:ns0="http://schemas.microsoft.com/win/2004/08/events/event"><ns0:System><ns0:Provider Name="Microsoft-Windows-Sysmon" Guid="{5770385f-c22a-43e0-bf4c-06f5698ffbd9}" />\n<ns0:EventID Qualifiers="">3</ns0:EventID>\n<ns0:Version>5</ns0:Version>\n<ns0:Level>4</ns0:Level>\n<ns0:Task>3</ns0:Task>\n<ns0:Opcode>0</ns0:Opcode>\n<ns0:Keywords>0x8000000000000000</ns0:Keywords>\n<ns0:TimeCreated SystemTime="2021-12-07 10:20:34.850046" />\n<ns0:EventRecordID>25440</ns0:EventRecordID>\n<ns0:Correlation ActivityID="" RelatedActivityID="" />\n<ns0:Execution ProcessID="3120" ThreadID="2988" />\n<ns0:Channel>Microsoft-Windows-Sysmon/Operational</ns0:Channel>\n<ns0:Computer>WIN-J23NIGGP1Q6.sysmon_set.local</ns0:Computer>\n<ns0:Security UserID="S-1-5-18" />\n</ns0:System>\n<ns0:EventData><ns0:Data Name="RuleName">-</ns0:Data>\n<ns0:Data Name="UtcTime">2021-12-07 10:20:35.542</ns0:Data>\n<ns0:Data Name="ProcessGuid">{27532e6a-2cfb-61af-1f00-000000001d00}</ns0:Data>\n<ns0:Data Name="ProcessId">1376</ns0:Data>\n<ns0:Data Name="Image">C:\\Windows\\System32\\svchost.exe</ns0:Data>\n<ns0:Data Name="User">NT AUTHORITY\\NETWORK SERVICE</ns0:Data>\n<ns0:Data Name="Protocol">udp</ns0:Data>\n<ns0:Data Name="Initiated">False</ns0:Data>\n<ns0:Data Name="SourceIsIpv6">False</ns0:Data>\n<ns0:Data Name="SourceIp">224.0.0.252</ns0:Data>\n<ns0:Data Name="SourceHostname">-</ns0:Data>\n<ns0:Data Name="SourcePort">5355</ns0:Data>\n<ns0:Data Name="SourcePortName">llmnr</ns0:Data>\n<ns0:Data Name="DestinationIsIpv6">False</ns0:Data>\n<ns0:Data Name="DestinationIp">172.20.10.7</ns0:Data>\n<ns0:Data Name="DestinationHostname">-</ns0:Data>\n<ns0:Data Name="DestinationPort">58619</ns0:Data>\n<ns0:Data Name="DestinationPortName">-</ns0:Data>\n</ns0:EventData>\n</ns0:Event>'
5
10698
ATTENTION!!!   10698   Events have been identified on the targeted system as suspicious for Lateral Movement Attack!!!
<?xml version="1.0" ?>
<Event xmlns="http://schemas.microsoft.com/win/2004/08/events/event">
	<System>
		<Provider Name="Microsoft-Windows-Sysmon" Guid="{5770385f-c22a-43e0-bf4c-06f5698ffbd9}"/>
		<EventID Qualifiers="">3</EventID>
		<Version>5</Version>
		<Level>4</Level>
		<Task>3</Task>
		<Opcode>0</Opcode>
		<Keywords>0x8000000000000000</Keywords>
		<TimeCreated SystemTime="2021-12-07 10:20:34.850061"/>
		<EventRecordID>25441</EventRecordID>
		<Correlation ActivityID="" RelatedActivityID=""/>
		<Execution ProcessID="3120" ThreadID="2988"/>
		<Channel>Microsoft-Windows-Sysmon/Operational</Channel>
		<Computer>WIN-J23NIGGP1Q6.sysmon_set.local</Computer>
		<Security UserID="S-1-5-18"/>
	</System>
	<EventData>
		<Data Name="RuleName">-</Data>
		<Data Name="UtcTime">2021-12-07 10:20:35.548</Data>
		<Data Name="ProcessGuid">{27532e6a-2cfb-61af-1f00-000000001d00}</Data>
		<Data Name="ProcessId">1376</Data>
		<Data Name="Image">C:\Windows\System32\svchost.exe</Data>
		<Data Name="User">NT AUTHORITY\NETWORK SERVICE</Data>
		<Data Name="Protocol">udp</Data>
		<Data Name="Initiated">False</Data>
		<Data Name="SourceIsIpv6">True</Data>
		<Data Name="SourceIp">ff02:0:0:0:0:0:1:3</Data>
		<Data Name="SourceHostname">-</Data>
		<Data Name="SourcePort">5355</Data>
		<Data Name="SourcePortName">llmnr</Data>
		<Data Name="DestinationIsIpv6">True</Data>
		<Data Name="DestinationIp">fe80:0:0:0:188c:2dd2:355b:792f</Data>
		<Data Name="DestinationHostname">LAPTOP-ROPR18AK</Data>
		<Data Name="DestinationPort">64227</Data>
		<Data Name="DestinationPortName">-</Data>
	</EventData>
</Event>

b'<ns0:Event xmlns:ns0="http://schemas.microsoft.com/win/2004/08/events/event"><ns0:System><ns0:Provider Name="Microsoft-Windows-Sysmon" Guid="{5770385f-c22a-43e0-bf4c-06f5698ffbd9}" />\n<ns0:EventID Qualifiers="">3</ns0:EventID>\n<ns0:Version>5</ns0:Version>\n<ns0:Level>4</ns0:Level>\n<ns0:Task>3</ns0:Task>\n<ns0:Opcode>0</ns0:Opcode>\n<ns0:Keywords>0x8000000000000000</ns0:Keywords>\n<ns0:TimeCreated SystemTime="2021-12-07 10:20:34.850061" />\n<ns0:EventRecordID>25441</ns0:EventRecordID>\n<ns0:Correlation ActivityID="" RelatedActivityID="" />\n<ns0:Execution ProcessID="3120" ThreadID="2988" />\n<ns0:Channel>Microsoft-Windows-Sysmon/Operational</ns0:Channel>\n<ns0:Computer>WIN-J23NIGGP1Q6.sysmon_set.local</ns0:Computer>\n<ns0:Security UserID="S-1-5-18" />\n</ns0:System>\n<ns0:EventData><ns0:Data Name="RuleName">-</ns0:Data>\n<ns0:Data Name="UtcTime">2021-12-07 10:20:35.548</ns0:Data>\n<ns0:Data Name="ProcessGuid">{27532e6a-2cfb-61af-1f00-000000001d00}</ns0:Data>\n<ns0:Data Name="ProcessId">1376</ns0:Data>\n<ns0:Data Name="Image">C:\\Windows\\System32\\svchost.exe</ns0:Data>\n<ns0:Data Name="User">NT AUTHORITY\\NETWORK SERVICE</ns0:Data>\n<ns0:Data Name="Protocol">udp</ns0:Data>\n<ns0:Data Name="Initiated">False</ns0:Data>\n<ns0:Data Name="SourceIsIpv6">True</ns0:Data>\n<ns0:Data Name="SourceIp">ff02:0:0:0:0:0:1:3</ns0:Data>\n<ns0:Data Name="SourceHostname">-</ns0:Data>\n<ns0:Data Name="SourcePort">5355</ns0:Data>\n<ns0:Data Name="SourcePortName">llmnr</ns0:Data>\n<ns0:Data Name="DestinationIsIpv6">True</ns0:Data>\n<ns0:Data Name="DestinationIp">fe80:0:0:0:188c:2dd2:355b:792f</ns0:Data>\n<ns0:Data Name="DestinationHostname">LAPTOP-ROPR18AK</ns0:Data>\n<ns0:Data Name="DestinationPort">64227</ns0:Data>\n<ns0:Data Name="DestinationPortName">-</ns0:Data>\n</ns0:EventData>\n</ns0:Event>'
5
10699
ATTENTION!!!   10699   Events have been identified on the targeted system as suspicious for Lateral Movement Attack!!!
<?xml version="1.0" ?>
<Event xmlns="http://schemas.microsoft.com/win/2004/08/events/event">
	<System>
		<Provider Name="Microsoft-Windows-Sysmon" Guid="{5770385f-c22a-43e0-bf4c-06f5698ffbd9}"/>
		<EventID Qualifiers="">3</EventID>
		<Version>5</Version>
		<Level>4</Level>
		<Task>3</Task>
		<Opcode>0</Opcode>
		<Keywords>0x8000000000000000</Keywords>
		<TimeCreated SystemTime="2021-12-07 10:20:34.850090"/>
		<EventRecordID>25442</EventRecordID>
		<Correlation ActivityID="" RelatedActivityID=""/>
		<Execution ProcessID="3120" ThreadID="2988"/>
		<Channel>Microsoft-Windows-Sysmon/Operational</Channel>
		<Computer>WIN-J23NIGGP1Q6.sysmon_set.local</Computer>
		<Security UserID="S-1-5-18"/>
	</System>
	<EventData>
		<Data Name="RuleName">-</Data>
		<Data Name="UtcTime">2021-12-07 10:20:35.548</Data>
		<Data Name="ProcessGuid">{27532e6a-2cfb-61af-1f00-000000001d00}</Data>
		<Data Name="ProcessId">1376</Data>
		<Data Name="Image">C:\Windows\System32\svchost.exe</Data>
		<Data Name="User">NT AUTHORITY\NETWORK SERVICE</Data>
		<Data Name="Protocol">udp</Data>
		<Data Name="Initiated">False</Data>
		<Data Name="SourceIsIpv6">False</Data>
		<Data Name="SourceIp">224.0.0.252</Data>
		<Data Name="SourceHostname">-</Data>
		<Data Name="SourcePort">5355</Data>
		<Data Name="SourcePortName">llmnr</Data>
		<Data Name="DestinationIsIpv6">False</Data>
		<Data Name="DestinationIp">172.20.10.7</Data>
		<Data Name="DestinationHostname">-</Data>
		<Data Name="DestinationPort">64227</Data>
		<Data Name="DestinationPortName">-</Data>
	</EventData>
</Event>

b'<ns0:Event xmlns:ns0="http://schemas.microsoft.com/win/2004/08/events/event"><ns0:System><ns0:Provider Name="Microsoft-Windows-Sysmon" Guid="{5770385f-c22a-43e0-bf4c-06f5698ffbd9}" />\n<ns0:EventID Qualifiers="">3</ns0:EventID>\n<ns0:Version>5</ns0:Version>\n<ns0:Level>4</ns0:Level>\n<ns0:Task>3</ns0:Task>\n<ns0:Opcode>0</ns0:Opcode>\n<ns0:Keywords>0x8000000000000000</ns0:Keywords>\n<ns0:TimeCreated SystemTime="2021-12-07 10:20:34.850090" />\n<ns0:EventRecordID>25442</ns0:EventRecordID>\n<ns0:Correlation ActivityID="" RelatedActivityID="" />\n<ns0:Execution ProcessID="3120" ThreadID="2988" />\n<ns0:Channel>Microsoft-Windows-Sysmon/Operational</ns0:Channel>\n<ns0:Computer>WIN-J23NIGGP1Q6.sysmon_set.local</ns0:Computer>\n<ns0:Security UserID="S-1-5-18" />\n</ns0:System>\n<ns0:EventData><ns0:Data Name="RuleName">-</ns0:Data>\n<ns0:Data Name="UtcTime">2021-12-07 10:20:35.548</ns0:Data>\n<ns0:Data Name="ProcessGuid">{27532e6a-2cfb-61af-1f00-000000001d00}</ns0:Data>\n<ns0:Data Name="ProcessId">1376</ns0:Data>\n<ns0:Data Name="Image">C:\\Windows\\System32\\svchost.exe</ns0:Data>\n<ns0:Data Name="User">NT AUTHORITY\\NETWORK SERVICE</ns0:Data>\n<ns0:Data Name="Protocol">udp</ns0:Data>\n<ns0:Data Name="Initiated">False</ns0:Data>\n<ns0:Data Name="SourceIsIpv6">False</ns0:Data>\n<ns0:Data Name="SourceIp">224.0.0.252</ns0:Data>\n<ns0:Data Name="SourceHostname">-</ns0:Data>\n<ns0:Data Name="SourcePort">5355</ns0:Data>\n<ns0:Data Name="SourcePortName">llmnr</ns0:Data>\n<ns0:Data Name="DestinationIsIpv6">False</ns0:Data>\n<ns0:Data Name="DestinationIp">172.20.10.7</ns0:Data>\n<ns0:Data Name="DestinationHostname">-</ns0:Data>\n<ns0:Data Name="DestinationPort">64227</ns0:Data>\n<ns0:Data Name="DestinationPortName">-</ns0:Data>\n</ns0:EventData>\n</ns0:Event>'
5
10700
ATTENTION!!!   10700   Events have been identified on the targeted system as suspicious for Lateral Movement Attack!!!
<?xml version="1.0" ?>
<Event xmlns="http://schemas.microsoft.com/win/2004/08/events/event">
	<System>
		<Provider Name="Microsoft-Windows-Sysmon" Guid="{5770385f-c22a-43e0-bf4c-06f5698ffbd9}"/>
		<EventID Qualifiers="">3</EventID>
		<Version>5</Version>
		<Level>4</Level>
		<Task>3</Task>
		<Opcode>0</Opcode>
		<Keywords>0x8000000000000000</Keywords>
		<TimeCreated SystemTime="2021-12-07 10:20:36.677349"/>
		<EventRecordID>25443</EventRecordID>
		<Correlation ActivityID="" RelatedActivityID=""/>
		<Execution ProcessID="3120" ThreadID="2988"/>
		<Channel>Microsoft-Windows-Sysmon/Operational</Channel>
		<Computer>WIN-J23NIGGP1Q6.sysmon_set.local</Computer>
		<Security UserID="S-1-5-18"/>
	</System>
	<EventData>
		<Data Name="RuleName">-</Data>
		<Data Name="UtcTime">2021-12-07 10:20:36.572</Data>
		<Data Name="ProcessGuid">{27532e6a-2d16-61af-4800-000000001d00}</Data>
		<Data Name="ProcessId">3336</Data>
		<Data Name="Image">C:\Windows\System32\dns.exe</Data>
		<Data Name="User">NT AUTHORITY\SYSTEM</Data>
		<Data Name="Protocol">udp</Data>
		<Data Name="Initiated">False</Data>
		<Data Name="SourceIsIpv6">True</Data>
		<Data Name="SourceIp">0:0:0:0:0:0:0:1</Data>
		<Data Name="SourceHostname">WIN-J23NIGGP1Q6.sysmon_set.local</Data>
		<Data Name="SourcePort">53</Data>
		<Data Name="SourcePortName">domain</Data>
		<Data Name="DestinationIsIpv6">True</Data>
		<Data Name="DestinationIp">0:0:0:0:0:0:0:1</Data>
		<Data Name="DestinationHostname">WIN-J23NIGGP1Q6.sysmon_set.local</Data>
		<Data Name="DestinationPort">53939</Data>
		<Data Name="DestinationPortName">-</Data>
	</EventData>
</Event>

b'<ns0:Event xmlns:ns0="http://schemas.microsoft.com/win/2004/08/events/event"><ns0:System><ns0:Provider Name="Microsoft-Windows-Sysmon" Guid="{5770385f-c22a-43e0-bf4c-06f5698ffbd9}" />\n<ns0:EventID Qualifiers="">3</ns0:EventID>\n<ns0:Version>5</ns0:Version>\n<ns0:Level>4</ns0:Level>\n<ns0:Task>3</ns0:Task>\n<ns0:Opcode>0</ns0:Opcode>\n<ns0:Keywords>0x8000000000000000</ns0:Keywords>\n<ns0:TimeCreated SystemTime="2021-12-07 10:20:36.677349" />\n<ns0:EventRecordID>25443</ns0:EventRecordID>\n<ns0:Correlation ActivityID="" RelatedActivityID="" />\n<ns0:Execution ProcessID="3120" ThreadID="2988" />\n<ns0:Channel>Microsoft-Windows-Sysmon/Operational</ns0:Channel>\n<ns0:Computer>WIN-J23NIGGP1Q6.sysmon_set.local</ns0:Computer>\n<ns0:Security UserID="S-1-5-18" />\n</ns0:System>\n<ns0:EventData><ns0:Data Name="RuleName">-</ns0:Data>\n<ns0:Data Name="UtcTime">2021-12-07 10:20:36.572</ns0:Data>\n<ns0:Data Name="ProcessGuid">{27532e6a-2d16-61af-4800-000000001d00}</ns0:Data>\n<ns0:Data Name="ProcessId">3336</ns0:Data>\n<ns0:Data Name="Image">C:\\Windows\\System32\\dns.exe</ns0:Data>\n<ns0:Data Name="User">NT AUTHORITY\\SYSTEM</ns0:Data>\n<ns0:Data Name="Protocol">udp</ns0:Data>\n<ns0:Data Name="Initiated">False</ns0:Data>\n<ns0:Data Name="SourceIsIpv6">True</ns0:Data>\n<ns0:Data Name="SourceIp">0:0:0:0:0:0:0:1</ns0:Data>\n<ns0:Data Name="SourceHostname">WIN-J23NIGGP1Q6.sysmon_set.local</ns0:Data>\n<ns0:Data Name="SourcePort">53</ns0:Data>\n<ns0:Data Name="SourcePortName">domain</ns0:Data>\n<ns0:Data Name="DestinationIsIpv6">True</ns0:Data>\n<ns0:Data Name="DestinationIp">0:0:0:0:0:0:0:1</ns0:Data>\n<ns0:Data Name="DestinationHostname">WIN-J23NIGGP1Q6.sysmon_set.local</ns0:Data>\n<ns0:Data Name="DestinationPort">53939</ns0:Data>\n<ns0:Data Name="DestinationPortName">-</ns0:Data>\n</ns0:EventData>\n</ns0:Event>'
5
10701
ATTENTION!!!   10701   Events have been identified on the targeted system as suspicious for Lateral Movement Attack!!!
<?xml version="1.0" ?>
<Event xmlns="http://schemas.microsoft.com/win/2004/08/events/event">
	<System>
		<Provider Name="Microsoft-Windows-Sysmon" Guid="{5770385f-c22a-43e0-bf4c-06f5698ffbd9}"/>
		<EventID Qualifiers="">3</EventID>
		<Version>5</Version>
		<Level>4</Level>
		<Task>3</Task>
		<Opcode>0</Opcode>
		<Keywords>0x8000000000000000</Keywords>
		<TimeCreated SystemTime="2021-12-07 10:20:36.677382"/>
		<EventRecordID>25444</EventRecordID>
		<Correlation ActivityID="" RelatedActivityID=""/>
		<Execution ProcessID="3120" ThreadID="2988"/>
		<Channel>Microsoft-Windows-Sysmon/Operational</Channel>
		<Computer>WIN-J23NIGGP1Q6.sysmon_set.local</Computer>
		<Security UserID="S-1-5-18"/>
	</System>
	<EventData>
		<Data Name="RuleName">-</Data>
		<Data Name="UtcTime">2021-12-07 10:20:37.056</Data>
		<Data Name="ProcessGuid">{27532e6a-2d16-61af-4800-000000001d00}</Data>
		<Data Name="ProcessId">3336</Data>
		<Data Name="Image">C:\Windows\System32\dns.exe</Data>
		<Data Name="User">NT AUTHORITY\SYSTEM</Data>
		<Data Name="Protocol">udp</Data>
		<Data Name="Initiated">False</Data>
		<Data Name="SourceIsIpv6">False</Data>
		<Data Name="SourceIp">127.0.0.1</Data>
		<Data Name="SourceHostname">WIN-J23NIGGP1Q6.sysmon_set.local</Data>
		<Data Name="SourcePort">53</Data>
		<Data Name="SourcePortName">domain</Data>
		<Data Name="DestinationIsIpv6">False</Data>
		<Data Name="DestinationIp">127.0.0.1</Data>
		<Data Name="DestinationHostname">WIN-J23NIGGP1Q6.sysmon_set.local</Data>
		<Data Name="DestinationPort">53939</Data>
		<Data Name="DestinationPortName">-</Data>
	</EventData>
</Event>

b'<ns0:Event xmlns:ns0="http://schemas.microsoft.com/win/2004/08/events/event"><ns0:System><ns0:Provider Name="Microsoft-Windows-Sysmon" Guid="{5770385f-c22a-43e0-bf4c-06f5698ffbd9}" />\n<ns0:EventID Qualifiers="">3</ns0:EventID>\n<ns0:Version>5</ns0:Version>\n<ns0:Level>4</ns0:Level>\n<ns0:Task>3</ns0:Task>\n<ns0:Opcode>0</ns0:Opcode>\n<ns0:Keywords>0x8000000000000000</ns0:Keywords>\n<ns0:TimeCreated SystemTime="2021-12-07 10:20:36.677382" />\n<ns0:EventRecordID>25444</ns0:EventRecordID>\n<ns0:Correlation ActivityID="" RelatedActivityID="" />\n<ns0:Execution ProcessID="3120" ThreadID="2988" />\n<ns0:Channel>Microsoft-Windows-Sysmon/Operational</ns0:Channel>\n<ns0:Computer>WIN-J23NIGGP1Q6.sysmon_set.local</ns0:Computer>\n<ns0:Security UserID="S-1-5-18" />\n</ns0:System>\n<ns0:EventData><ns0:Data Name="RuleName">-</ns0:Data>\n<ns0:Data Name="UtcTime">2021-12-07 10:20:37.056</ns0:Data>\n<ns0:Data Name="ProcessGuid">{27532e6a-2d16-61af-4800-000000001d00}</ns0:Data>\n<ns0:Data Name="ProcessId">3336</ns0:Data>\n<ns0:Data Name="Image">C:\\Windows\\System32\\dns.exe</ns0:Data>\n<ns0:Data Name="User">NT AUTHORITY\\SYSTEM</ns0:Data>\n<ns0:Data Name="Protocol">udp</ns0:Data>\n<ns0:Data Name="Initiated">False</ns0:Data>\n<ns0:Data Name="SourceIsIpv6">False</ns0:Data>\n<ns0:Data Name="SourceIp">127.0.0.1</ns0:Data>\n<ns0:Data Name="SourceHostname">WIN-J23NIGGP1Q6.sysmon_set.local</ns0:Data>\n<ns0:Data Name="SourcePort">53</ns0:Data>\n<ns0:Data Name="SourcePortName">domain</ns0:Data>\n<ns0:Data Name="DestinationIsIpv6">False</ns0:Data>\n<ns0:Data Name="DestinationIp">127.0.0.1</ns0:Data>\n<ns0:Data Name="DestinationHostname">WIN-J23NIGGP1Q6.sysmon_set.local</ns0:Data>\n<ns0:Data Name="DestinationPort">53939</ns0:Data>\n<ns0:Data Name="DestinationPortName">-</ns0:Data>\n</ns0:EventData>\n</ns0:Event>'
5
10702
ATTENTION!!!   10702   Events have been identified on the targeted system as suspicious for Lateral Movement Attack!!!
<?xml version="1.0" ?>
<Event xmlns="http://schemas.microsoft.com/win/2004/08/events/event">
	<System>
		<Provider Name="Microsoft-Windows-Sysmon" Guid="{5770385f-c22a-43e0-bf4c-06f5698ffbd9}"/>
		<EventID Qualifiers="">3</EventID>
		<Version>5</Version>
		<Level>4</Level>
		<Task>3</Task>
		<Opcode>0</Opcode>
		<Keywords>0x8000000000000000</Keywords>
		<TimeCreated SystemTime="2021-12-07 10:20:37.725821"/>
		<EventRecordID>25445</EventRecordID>
		<Correlation ActivityID="" RelatedActivityID=""/>
		<Execution ProcessID="3120" ThreadID="2988"/>
		<Channel>Microsoft-Windows-Sysmon/Operational</Channel>
		<Computer>WIN-J23NIGGP1Q6.sysmon_set.local</Computer>
		<Security UserID="S-1-5-18"/>
	</System>
	<EventData>
		<Data Name="RuleName">-</Data>
		<Data Name="UtcTime">2021-12-07 10:20:38.181</Data>
		<Data Name="ProcessGuid">{27532e6a-2d16-61af-4800-000000001d00}</Data>
		<Data Name="ProcessId">3336</Data>
		<Data Name="Image">C:\Windows\System32\dns.exe</Data>
		<Data Name="User">NT AUTHORITY\SYSTEM</Data>
		<Data Name="Protocol">udp</Data>
		<Data Name="Initiated">True</Data>
		<Data Name="SourceIsIpv6">True</Data>
		<Data Name="SourceIp">2a02:587:a13:de00:e870:5d9:16ed:6004</Data>
		<Data Name="SourceHostname">WIN-J23NIGGP1Q6.sysmon_set.local</Data>
		<Data Name="SourcePort">63451</Data>
		<Data Name="SourcePortName">-</Data>
		<Data Name="DestinationIsIpv6">True</Data>
		<Data Name="DestinationIp">2001:500:2d:0:0:0:0:d</Data>
		<Data Name="DestinationHostname">-</Data>
		<Data Name="DestinationPort">53</Data>
		<Data Name="DestinationPortName">domain</Data>
	</EventData>
</Event>

b'<ns0:Event xmlns:ns0="http://schemas.microsoft.com/win/2004/08/events/event"><ns0:System><ns0:Provider Name="Microsoft-Windows-Sysmon" Guid="{5770385f-c22a-43e0-bf4c-06f5698ffbd9}" />\n<ns0:EventID Qualifiers="">3</ns0:EventID>\n<ns0:Version>5</ns0:Version>\n<ns0:Level>4</ns0:Level>\n<ns0:Task>3</ns0:Task>\n<ns0:Opcode>0</ns0:Opcode>\n<ns0:Keywords>0x8000000000000000</ns0:Keywords>\n<ns0:TimeCreated SystemTime="2021-12-07 10:20:37.725821" />\n<ns0:EventRecordID>25445</ns0:EventRecordID>\n<ns0:Correlation ActivityID="" RelatedActivityID="" />\n<ns0:Execution ProcessID="3120" ThreadID="2988" />\n<ns0:Channel>Microsoft-Windows-Sysmon/Operational</ns0:Channel>\n<ns0:Computer>WIN-J23NIGGP1Q6.sysmon_set.local</ns0:Computer>\n<ns0:Security UserID="S-1-5-18" />\n</ns0:System>\n<ns0:EventData><ns0:Data Name="RuleName">-</ns0:Data>\n<ns0:Data Name="UtcTime">2021-12-07 10:20:38.181</ns0:Data>\n<ns0:Data Name="ProcessGuid">{27532e6a-2d16-61af-4800-000000001d00}</ns0:Data>\n<ns0:Data Name="ProcessId">3336</ns0:Data>\n<ns0:Data Name="Image">C:\\Windows\\System32\\dns.exe</ns0:Data>\n<ns0:Data Name="User">NT AUTHORITY\\SYSTEM</ns0:Data>\n<ns0:Data Name="Protocol">udp</ns0:Data>\n<ns0:Data Name="Initiated">True</ns0:Data>\n<ns0:Data Name="SourceIsIpv6">True</ns0:Data>\n<ns0:Data Name="SourceIp">2a02:587:a13:de00:e870:5d9:16ed:6004</ns0:Data>\n<ns0:Data Name="SourceHostname">WIN-J23NIGGP1Q6.sysmon_set.local</ns0:Data>\n<ns0:Data Name="SourcePort">63451</ns0:Data>\n<ns0:Data Name="SourcePortName">-</ns0:Data>\n<ns0:Data Name="DestinationIsIpv6">True</ns0:Data>\n<ns0:Data Name="DestinationIp">2001:500:2d:0:0:0:0:d</ns0:Data>\n<ns0:Data Name="DestinationHostname">-</ns0:Data>\n<ns0:Data Name="DestinationPort">53</ns0:Data>\n<ns0:Data Name="DestinationPortName">domain</ns0:Data>\n</ns0:EventData>\n</ns0:Event>'
5
10703
ATTENTION!!!   10703   Events have been identified on the targeted system as suspicious for Lateral Movement Attack!!!
<?xml version="1.0" ?>
<Event xmlns="http://schemas.microsoft.com/win/2004/08/events/event">
	<System>
		<Provider Name="Microsoft-Windows-Sysmon" Guid="{5770385f-c22a-43e0-bf4c-06f5698ffbd9}"/>
		<EventID Qualifiers="">3</EventID>
		<Version>5</Version>
		<Level>4</Level>
		<Task>3</Task>
		<Opcode>0</Opcode>
		<Keywords>0x8000000000000000</Keywords>
		<TimeCreated SystemTime="2021-12-07 10:20:37.725863"/>
		<EventRecordID>25446</EventRecordID>
		<Correlation ActivityID="" RelatedActivityID=""/>
		<Execution ProcessID="3120" ThreadID="2988"/>
		<Channel>Microsoft-Windows-Sysmon/Operational</Channel>
		<Computer>WIN-J23NIGGP1Q6.sysmon_set.local</Computer>
		<Security UserID="S-1-5-18"/>
	</System>
	<EventData>
		<Data Name="RuleName">-</Data>
		<Data Name="UtcTime">2021-12-07 10:20:38.181</Data>
		<Data Name="ProcessGuid">{27532e6a-2d16-61af-4800-000000001d00}</Data>
		<Data Name="ProcessId">3336</Data>
		<Data Name="Image">C:\Windows\System32\dns.exe</Data>
		<Data Name="User">NT AUTHORITY\SYSTEM</Data>
		<Data Name="Protocol">udp</Data>
		<Data Name="Initiated">True</Data>
		<Data Name="SourceIsIpv6">True</Data>
		<Data Name="SourceIp">2a02:587:a13:de00:e870:5d9:16ed:6004</Data>
		<Data Name="SourceHostname">WIN-J23NIGGP1Q6.sysmon_set.local</Data>
		<Data Name="SourcePort">63654</Data>
		<Data Name="SourcePortName">-</Data>
		<Data Name="DestinationIsIpv6">True</Data>
		<Data Name="DestinationIp">2001:500:2:0:0:0:0:c</Data>
		<Data Name="DestinationHostname">-</Data>
		<Data Name="DestinationPort">53</Data>
		<Data Name="DestinationPortName">domain</Data>
	</EventData>
</Event>

b'<ns0:Event xmlns:ns0="http://schemas.microsoft.com/win/2004/08/events/event"><ns0:System><ns0:Provider Name="Microsoft-Windows-Sysmon" Guid="{5770385f-c22a-43e0-bf4c-06f5698ffbd9}" />\n<ns0:EventID Qualifiers="">3</ns0:EventID>\n<ns0:Version>5</ns0:Version>\n<ns0:Level>4</ns0:Level>\n<ns0:Task>3</ns0:Task>\n<ns0:Opcode>0</ns0:Opcode>\n<ns0:Keywords>0x8000000000000000</ns0:Keywords>\n<ns0:TimeCreated SystemTime="2021-12-07 10:20:37.725863" />\n<ns0:EventRecordID>25446</ns0:EventRecordID>\n<ns0:Correlation ActivityID="" RelatedActivityID="" />\n<ns0:Execution ProcessID="3120" ThreadID="2988" />\n<ns0:Channel>Microsoft-Windows-Sysmon/Operational</ns0:Channel>\n<ns0:Computer>WIN-J23NIGGP1Q6.sysmon_set.local</ns0:Computer>\n<ns0:Security UserID="S-1-5-18" />\n</ns0:System>\n<ns0:EventData><ns0:Data Name="RuleName">-</ns0:Data>\n<ns0:Data Name="UtcTime">2021-12-07 10:20:38.181</ns0:Data>\n<ns0:Data Name="ProcessGuid">{27532e6a-2d16-61af-4800-000000001d00}</ns0:Data>\n<ns0:Data Name="ProcessId">3336</ns0:Data>\n<ns0:Data Name="Image">C:\\Windows\\System32\\dns.exe</ns0:Data>\n<ns0:Data Name="User">NT AUTHORITY\\SYSTEM</ns0:Data>\n<ns0:Data Name="Protocol">udp</ns0:Data>\n<ns0:Data Name="Initiated">True</ns0:Data>\n<ns0:Data Name="SourceIsIpv6">True</ns0:Data>\n<ns0:Data Name="SourceIp">2a02:587:a13:de00:e870:5d9:16ed:6004</ns0:Data>\n<ns0:Data Name="SourceHostname">WIN-J23NIGGP1Q6.sysmon_set.local</ns0:Data>\n<ns0:Data Name="SourcePort">63654</ns0:Data>\n<ns0:Data Name="SourcePortName">-</ns0:Data>\n<ns0:Data Name="DestinationIsIpv6">True</ns0:Data>\n<ns0:Data Name="DestinationIp">2001:500:2:0:0:0:0:c</ns0:Data>\n<ns0:Data Name="DestinationHostname">-</ns0:Data>\n<ns0:Data Name="DestinationPort">53</ns0:Data>\n<ns0:Data Name="DestinationPortName">domain</ns0:Data>\n</ns0:EventData>\n</ns0:Event>'
5
10704
ATTENTION!!!   10704   Events have been identified on the targeted system as suspicious for Lateral Movement Attack!!!
<?xml version="1.0" ?>
<Event xmlns="http://schemas.microsoft.com/win/2004/08/events/event">
	<System>
		<Provider Name="Microsoft-Windows-Sysmon" Guid="{5770385f-c22a-43e0-bf4c-06f5698ffbd9}"/>
		<EventID Qualifiers="">3</EventID>
		<Version>5</Version>
		<Level>4</Level>
		<Task>3</Task>
		<Opcode>0</Opcode>
		<Keywords>0x8000000000000000</Keywords>
		<TimeCreated SystemTime="2021-12-07 10:20:38.772600"/>
		<EventRecordID>25447</EventRecordID>
		<Correlation ActivityID="" RelatedActivityID=""/>
		<Execution ProcessID="3120" ThreadID="2988"/>
		<Channel>Microsoft-Windows-Sysmon/Operational</Channel>
		<Computer>WIN-J23NIGGP1Q6.sysmon_set.local</Computer>
		<Security UserID="S-1-5-18"/>
	</System>
	<EventData>
		<Data Name="RuleName">-</Data>
		<Data Name="UtcTime">2021-12-07 10:20:39.087</Data>
		<Data Name="ProcessGuid">{27532e6a-2d16-61af-4800-000000001d00}</Data>
		<Data Name="ProcessId">3336</Data>
		<Data Name="Image">C:\Windows\System32\dns.exe</Data>
		<Data Name="User">NT AUTHORITY\SYSTEM</Data>
		<Data Name="Protocol">udp</Data>
		<Data Name="Initiated">True</Data>
		<Data Name="SourceIsIpv6">True</Data>
		<Data Name="SourceIp">2a02:587:a13:de00:e870:5d9:16ed:6004</Data>
		<Data Name="SourceHostname">WIN-J23NIGGP1Q6.sysmon_set.local</Data>
		<Data Name="SourcePort">64218</Data>
		<Data Name="SourcePortName">-</Data>
		<Data Name="DestinationIsIpv6">True</Data>
		<Data Name="DestinationIp">2001:503:ba3e:0:0:0:2:30</Data>
		<Data Name="DestinationHostname">-</Data>
		<Data Name="DestinationPort">53</Data>
		<Data Name="DestinationPortName">domain</Data>
	</EventData>
</Event>

b'<ns0:Event xmlns:ns0="http://schemas.microsoft.com/win/2004/08/events/event"><ns0:System><ns0:Provider Name="Microsoft-Windows-Sysmon" Guid="{5770385f-c22a-43e0-bf4c-06f5698ffbd9}" />\n<ns0:EventID Qualifiers="">3</ns0:EventID>\n<ns0:Version>5</ns0:Version>\n<ns0:Level>4</ns0:Level>\n<ns0:Task>3</ns0:Task>\n<ns0:Opcode>0</ns0:Opcode>\n<ns0:Keywords>0x8000000000000000</ns0:Keywords>\n<ns0:TimeCreated SystemTime="2021-12-07 10:20:38.772600" />\n<ns0:EventRecordID>25447</ns0:EventRecordID>\n<ns0:Correlation ActivityID="" RelatedActivityID="" />\n<ns0:Execution ProcessID="3120" ThreadID="2988" />\n<ns0:Channel>Microsoft-Windows-Sysmon/Operational</ns0:Channel>\n<ns0:Computer>WIN-J23NIGGP1Q6.sysmon_set.local</ns0:Computer>\n<ns0:Security UserID="S-1-5-18" />\n</ns0:System>\n<ns0:EventData><ns0:Data Name="RuleName">-</ns0:Data>\n<ns0:Data Name="UtcTime">2021-12-07 10:20:39.087</ns0:Data>\n<ns0:Data Name="ProcessGuid">{27532e6a-2d16-61af-4800-000000001d00}</ns0:Data>\n<ns0:Data Name="ProcessId">3336</ns0:Data>\n<ns0:Data Name="Image">C:\\Windows\\System32\\dns.exe</ns0:Data>\n<ns0:Data Name="User">NT AUTHORITY\\SYSTEM</ns0:Data>\n<ns0:Data Name="Protocol">udp</ns0:Data>\n<ns0:Data Name="Initiated">True</ns0:Data>\n<ns0:Data Name="SourceIsIpv6">True</ns0:Data>\n<ns0:Data Name="SourceIp">2a02:587:a13:de00:e870:5d9:16ed:6004</ns0:Data>\n<ns0:Data Name="SourceHostname">WIN-J23NIGGP1Q6.sysmon_set.local</ns0:Data>\n<ns0:Data Name="SourcePort">64218</ns0:Data>\n<ns0:Data Name="SourcePortName">-</ns0:Data>\n<ns0:Data Name="DestinationIsIpv6">True</ns0:Data>\n<ns0:Data Name="DestinationIp">2001:503:ba3e:0:0:0:2:30</ns0:Data>\n<ns0:Data Name="DestinationHostname">-</ns0:Data>\n<ns0:Data Name="DestinationPort">53</ns0:Data>\n<ns0:Data Name="DestinationPortName">domain</ns0:Data>\n</ns0:EventData>\n</ns0:Event>'
5
10705
ATTENTION!!!   10705   Events have been identified on the targeted system as suspicious for Lateral Movement Attack!!!
<?xml version="1.0" ?>
<Event xmlns="http://schemas.microsoft.com/win/2004/08/events/event">
	<System>
		<Provider Name="Microsoft-Windows-Sysmon" Guid="{5770385f-c22a-43e0-bf4c-06f5698ffbd9}"/>
		<EventID Qualifiers="">3</EventID>
		<Version>5</Version>
		<Level>4</Level>
		<Task>3</Task>
		<Opcode>0</Opcode>
		<Keywords>0x8000000000000000</Keywords>
		<TimeCreated SystemTime="2021-12-07 10:20:38.772640"/>
		<EventRecordID>25448</EventRecordID>
		<Correlation ActivityID="" RelatedActivityID=""/>
		<Execution ProcessID="3120" ThreadID="2988"/>
		<Channel>Microsoft-Windows-Sysmon/Operational</Channel>
		<Computer>WIN-J23NIGGP1Q6.sysmon_set.local</Computer>
		<Security UserID="S-1-5-18"/>
	</System>
	<EventData>
		<Data Name="RuleName">-</Data>
		<Data Name="UtcTime">2021-12-07 10:20:39.087</Data>
		<Data Name="ProcessGuid">{27532e6a-2d16-61af-4800-000000001d00}</Data>
		<Data Name="ProcessId">3336</Data>
		<Data Name="Image">C:\Windows\System32\dns.exe</Data>
		<Data Name="User">NT AUTHORITY\SYSTEM</Data>
		<Data Name="Protocol">udp</Data>
		<Data Name="Initiated">True</Data>
		<Data Name="SourceIsIpv6">True</Data>
		<Data Name="SourceIp">2a02:587:a13:de00:e870:5d9:16ed:6004</Data>
		<Data Name="SourceHostname">WIN-J23NIGGP1Q6.sysmon_set.local</Data>
		<Data Name="SourcePort">64218</Data>
		<Data Name="SourcePortName">-</Data>
		<Data Name="DestinationIsIpv6">True</Data>
		<Data Name="DestinationIp">2001:dc3:0:0:0:0:0:35</Data>
		<Data Name="DestinationHostname">-</Data>
		<Data Name="DestinationPort">53</Data>
		<Data Name="DestinationPortName">domain</Data>
