	</EventData>
</Event>

b'<ns0:Event xmlns:ns0="http://schemas.microsoft.com/win/2004/08/events/event"><ns0:System><ns0:Provider Name="Microsoft-Windows-Sysmon" Guid="{5770385f-c22a-43e0-bf4c-06f5698ffbd9}" />\n<ns0:EventID Qualifiers="">3</ns0:EventID>\n<ns0:Version>5</ns0:Version>\n<ns0:Level>4</ns0:Level>\n<ns0:Task>3</ns0:Task>\n<ns0:Opcode>0</ns0:Opcode>\n<ns0:Keywords>0x8000000000000000</ns0:Keywords>\n<ns0:TimeCreated SystemTime="2021-12-07 10:23:27.375175" />\n<ns0:EventRecordID>25629</ns0:EventRecordID>\n<ns0:Correlation ActivityID="" RelatedActivityID="" />\n<ns0:Execution ProcessID="3120" ThreadID="2988" />\n<ns0:Channel>Microsoft-Windows-Sysmon/Operational</ns0:Channel>\n<ns0:Computer>WIN-J23NIGGP1Q6.sysmon_set.local</ns0:Computer>\n<ns0:Security UserID="S-1-5-18" />\n</ns0:System>\n<ns0:EventData><ns0:Data Name="RuleName">-</ns0:Data>\n<ns0:Data Name="UtcTime">2021-12-07 10:23:26.845</ns0:Data>\n<ns0:Data Name="ProcessGuid">{27532e6a-2d16-61af-4800-000000001d00}</ns0:Data>\n<ns0:Data Name="ProcessId">3336</ns0:Data>\n<ns0:Data Name="Image">C:\\Windows\\System32\\dns.exe</ns0:Data>\n<ns0:Data Name="User">NT AUTHORITY\\SYSTEM</ns0:Data>\n<ns0:Data Name="Protocol">udp</ns0:Data>\n<ns0:Data Name="Initiated">False</ns0:Data>\n<ns0:Data Name="SourceIsIpv6">True</ns0:Data>\n<ns0:Data Name="SourceIp">0:0:0:0:0:0:0:1</ns0:Data>\n<ns0:Data Name="SourceHostname">WIN-J23NIGGP1Q6.sysmon_set.local</ns0:Data>\n<ns0:Data Name="SourcePort">53</ns0:Data>\n<ns0:Data Name="SourcePortName">domain</ns0:Data>\n<ns0:Data Name="DestinationIsIpv6">True</ns0:Data>\n<ns0:Data Name="DestinationIp">0:0:0:0:0:0:0:1</ns0:Data>\n<ns0:Data Name="DestinationHostname">WIN-J23NIGGP1Q6.sysmon_set.local</ns0:Data>\n<ns0:Data Name="DestinationPort">51277</ns0:Data>\n<ns0:Data Name="DestinationPortName">-</ns0:Data>\n</ns0:EventData>\n</ns0:Event>'
5
10887
ATTENTION!!!   10887   Events have been identified on the targeted system as suspicious for Lateral Movement Attack!!!
<?xml version="1.0" ?>
<Event xmlns="http://schemas.microsoft.com/win/2004/08/events/event">
	<System>
		<Provider Name="Microsoft-Windows-Sysmon" Guid="{5770385f-c22a-43e0-bf4c-06f5698ffbd9}"/>
		<EventID Qualifiers="">3</EventID>
		<Version>5</Version>
		<Level>4</Level>
		<Task>3</Task>
		<Opcode>0</Opcode>
		<Keywords>0x8000000000000000</Keywords>
		<TimeCreated SystemTime="2021-12-07 10:23:28.421970"/>
		<EventRecordID>25630</EventRecordID>
		<Correlation ActivityID="" RelatedActivityID=""/>
		<Execution ProcessID="3120" ThreadID="2988"/>
		<Channel>Microsoft-Windows-Sysmon/Operational</Channel>
		<Computer>WIN-J23NIGGP1Q6.sysmon_set.local</Computer>
		<Security UserID="S-1-5-18"/>
	</System>
	<EventData>
		<Data Name="RuleName">-</Data>
		<Data Name="UtcTime">2021-12-07 10:23:27.487</Data>
		<Data Name="ProcessGuid">{27532e6a-2d16-61af-4800-000000001d00}</Data>
		<Data Name="ProcessId">3336</Data>
		<Data Name="Image">C:\Windows\System32\dns.exe</Data>
		<Data Name="User">NT AUTHORITY\SYSTEM</Data>
		<Data Name="Protocol">udp</Data>
		<Data Name="Initiated">False</Data>
		<Data Name="SourceIsIpv6">False</Data>
		<Data Name="SourceIp">127.0.0.1</Data>
		<Data Name="SourceHostname">WIN-J23NIGGP1Q6.sysmon_set.local</Data>
		<Data Name="SourcePort">53</Data>
		<Data Name="SourcePortName">domain</Data>
		<Data Name="DestinationIsIpv6">False</Data>
		<Data Name="DestinationIp">127.0.0.1</Data>
		<Data Name="DestinationHostname">WIN-J23NIGGP1Q6.sysmon_set.local</Data>
		<Data Name="DestinationPort">51277</Data>
		<Data Name="DestinationPortName">-</Data>
	</EventData>
</Event>

b'<ns0:Event xmlns:ns0="http://schemas.microsoft.com/win/2004/08/events/event"><ns0:System><ns0:Provider Name="Microsoft-Windows-Sysmon" Guid="{5770385f-c22a-43e0-bf4c-06f5698ffbd9}" />\n<ns0:EventID Qualifiers="">3</ns0:EventID>\n<ns0:Version>5</ns0:Version>\n<ns0:Level>4</ns0:Level>\n<ns0:Task>3</ns0:Task>\n<ns0:Opcode>0</ns0:Opcode>\n<ns0:Keywords>0x8000000000000000</ns0:Keywords>\n<ns0:TimeCreated SystemTime="2021-12-07 10:23:28.421970" />\n<ns0:EventRecordID>25630</ns0:EventRecordID>\n<ns0:Correlation ActivityID="" RelatedActivityID="" />\n<ns0:Execution ProcessID="3120" ThreadID="2988" />\n<ns0:Channel>Microsoft-Windows-Sysmon/Operational</ns0:Channel>\n<ns0:Computer>WIN-J23NIGGP1Q6.sysmon_set.local</ns0:Computer>\n<ns0:Security UserID="S-1-5-18" />\n</ns0:System>\n<ns0:EventData><ns0:Data Name="RuleName">-</ns0:Data>\n<ns0:Data Name="UtcTime">2021-12-07 10:23:27.487</ns0:Data>\n<ns0:Data Name="ProcessGuid">{27532e6a-2d16-61af-4800-000000001d00}</ns0:Data>\n<ns0:Data Name="ProcessId">3336</ns0:Data>\n<ns0:Data Name="Image">C:\\Windows\\System32\\dns.exe</ns0:Data>\n<ns0:Data Name="User">NT AUTHORITY\\SYSTEM</ns0:Data>\n<ns0:Data Name="Protocol">udp</ns0:Data>\n<ns0:Data Name="Initiated">False</ns0:Data>\n<ns0:Data Name="SourceIsIpv6">False</ns0:Data>\n<ns0:Data Name="SourceIp">127.0.0.1</ns0:Data>\n<ns0:Data Name="SourceHostname">WIN-J23NIGGP1Q6.sysmon_set.local</ns0:Data>\n<ns0:Data Name="SourcePort">53</ns0:Data>\n<ns0:Data Name="SourcePortName">domain</ns0:Data>\n<ns0:Data Name="DestinationIsIpv6">False</ns0:Data>\n<ns0:Data Name="DestinationIp">127.0.0.1</ns0:Data>\n<ns0:Data Name="DestinationHostname">WIN-J23NIGGP1Q6.sysmon_set.local</ns0:Data>\n<ns0:Data Name="DestinationPort">51277</ns0:Data>\n<ns0:Data Name="DestinationPortName">-</ns0:Data>\n</ns0:EventData>\n</ns0:Event>'
5
10888
ATTENTION!!!   10888   Events have been identified on the targeted system as suspicious for Lateral Movement Attack!!!
<?xml version="1.0" ?>
<Event xmlns="http://schemas.microsoft.com/win/2004/08/events/event">
	<System>
		<Provider Name="Microsoft-Windows-Sysmon" Guid="{5770385f-c22a-43e0-bf4c-06f5698ffbd9}"/>
		<EventID Qualifiers="">5</EventID>
		<Version>3</Version>
		<Level>4</Level>
		<Task>5</Task>
		<Opcode>0</Opcode>
		<Keywords>0x8000000000000000</Keywords>
		<TimeCreated SystemTime="2021-12-07 10:23:29.378099"/>
		<EventRecordID>25631</EventRecordID>
		<Correlation ActivityID="" RelatedActivityID=""/>
		<Execution ProcessID="3120" ThreadID="2992"/>
		<Channel>Microsoft-Windows-Sysmon/Operational</Channel>
		<Computer>WIN-J23NIGGP1Q6.sysmon_set.local</Computer>
		<Security UserID="S-1-5-18"/>
	</System>
	<EventData>
		<Data Name="RuleName">-</Data>
		<Data Name="UtcTime">2021-12-07 10:23:29.373</Data>
		<Data Name="ProcessGuid">{27532e6a-361d-61af-6f01-000000001d00}</Data>
		<Data Name="ProcessId">2212</Data>
		<Data Name="Image">C:\Users\Administrator\Downloads\lazagne.exe</Data>
	</EventData>
</Event>

b'<ns0:Event xmlns:ns0="http://schemas.microsoft.com/win/2004/08/events/event"><ns0:System><ns0:Provider Name="Microsoft-Windows-Sysmon" Guid="{5770385f-c22a-43e0-bf4c-06f5698ffbd9}" />\n<ns0:EventID Qualifiers="">5</ns0:EventID>\n<ns0:Version>3</ns0:Version>\n<ns0:Level>4</ns0:Level>\n<ns0:Task>5</ns0:Task>\n<ns0:Opcode>0</ns0:Opcode>\n<ns0:Keywords>0x8000000000000000</ns0:Keywords>\n<ns0:TimeCreated SystemTime="2021-12-07 10:23:29.378099" />\n<ns0:EventRecordID>25631</ns0:EventRecordID>\n<ns0:Correlation ActivityID="" RelatedActivityID="" />\n<ns0:Execution ProcessID="3120" ThreadID="2992" />\n<ns0:Channel>Microsoft-Windows-Sysmon/Operational</ns0:Channel>\n<ns0:Computer>WIN-J23NIGGP1Q6.sysmon_set.local</ns0:Computer>\n<ns0:Security UserID="S-1-5-18" />\n</ns0:System>\n<ns0:EventData><ns0:Data Name="RuleName">-</ns0:Data>\n<ns0:Data Name="UtcTime">2021-12-07 10:23:29.373</ns0:Data>\n<ns0:Data Name="ProcessGuid">{27532e6a-361d-61af-6f01-000000001d00}</ns0:Data>\n<ns0:Data Name="ProcessId">2212</ns0:Data>\n<ns0:Data Name="Image">C:\\Users\\Administrator\\Downloads\\lazagne.exe</ns0:Data>\n</ns0:EventData>\n</ns0:Event>'
6
10889
ATTENTION!!!   10889   Events have been identified on the targeted system as suspicious for Lateral Movement Attack!!!
<?xml version="1.0" ?>
<Event xmlns="http://schemas.microsoft.com/win/2004/08/events/event">
	<System>
		<Provider Name="Microsoft-Windows-Sysmon" Guid="{5770385f-c22a-43e0-bf4c-06f5698ffbd9}"/>
		<EventID Qualifiers="">5</EventID>
		<Version>3</Version>
		<Level>4</Level>
		<Task>5</Task>
		<Opcode>0</Opcode>
		<Keywords>0x8000000000000000</Keywords>
		<TimeCreated SystemTime="2021-12-07 10:23:29.391106"/>
		<EventRecordID>25632</EventRecordID>
		<Correlation ActivityID="" RelatedActivityID=""/>
		<Execution ProcessID="3120" ThreadID="2992"/>
		<Channel>Microsoft-Windows-Sysmon/Operational</Channel>
		<Computer>WIN-J23NIGGP1Q6.sysmon_set.local</Computer>
		<Security UserID="S-1-5-18"/>
	</System>
	<EventData>
		<Data Name="RuleName">-</Data>
		<Data Name="UtcTime">2021-12-07 10:23:29.389</Data>
		<Data Name="ProcessGuid">{27532e6a-35e5-61af-6101-000000001d00}</Data>
		<Data Name="ProcessId">1808</Data>
		<Data Name="Image">C:\Windows\System32\backgroundTaskHost.exe</Data>
	</EventData>
</Event>

b'<ns0:Event xmlns:ns0="http://schemas.microsoft.com/win/2004/08/events/event"><ns0:System><ns0:Provider Name="Microsoft-Windows-Sysmon" Guid="{5770385f-c22a-43e0-bf4c-06f5698ffbd9}" />\n<ns0:EventID Qualifiers="">5</ns0:EventID>\n<ns0:Version>3</ns0:Version>\n<ns0:Level>4</ns0:Level>\n<ns0:Task>5</ns0:Task>\n<ns0:Opcode>0</ns0:Opcode>\n<ns0:Keywords>0x8000000000000000</ns0:Keywords>\n<ns0:TimeCreated SystemTime="2021-12-07 10:23:29.391106" />\n<ns0:EventRecordID>25632</ns0:EventRecordID>\n<ns0:Correlation ActivityID="" RelatedActivityID="" />\n<ns0:Execution ProcessID="3120" ThreadID="2992" />\n<ns0:Channel>Microsoft-Windows-Sysmon/Operational</ns0:Channel>\n<ns0:Computer>WIN-J23NIGGP1Q6.sysmon_set.local</ns0:Computer>\n<ns0:Security UserID="S-1-5-18" />\n</ns0:System>\n<ns0:EventData><ns0:Data Name="RuleName">-</ns0:Data>\n<ns0:Data Name="UtcTime">2021-12-07 10:23:29.389</ns0:Data>\n<ns0:Data Name="ProcessGuid">{27532e6a-35e5-61af-6101-000000001d00}</ns0:Data>\n<ns0:Data Name="ProcessId">1808</ns0:Data>\n<ns0:Data Name="Image">C:\\Windows\\System32\\backgroundTaskHost.exe</ns0:Data>\n</ns0:EventData>\n</ns0:Event>'
4
10890
ATTENTION!!!   10890   Events have been identified on the targeted system as suspicious for Lateral Movement Attack!!!
<?xml version="1.0" ?>
<Event xmlns="http://schemas.microsoft.com/win/2004/08/events/event">
	<System>
		<Provider Name="Microsoft-Windows-Sysmon" Guid="{5770385f-c22a-43e0-bf4c-06f5698ffbd9}"/>
		<EventID Qualifiers="">5</EventID>
		<Version>3</Version>
		<Level>4</Level>
		<Task>5</Task>
		<Opcode>0</Opcode>
		<Keywords>0x8000000000000000</Keywords>
		<TimeCreated SystemTime="2021-12-07 10:23:29.393606"/>
		<EventRecordID>25633</EventRecordID>
		<Correlation ActivityID="" RelatedActivityID=""/>
		<Execution ProcessID="3120" ThreadID="2992"/>
		<Channel>Microsoft-Windows-Sysmon/Operational</Channel>
		<Computer>WIN-J23NIGGP1Q6.sysmon_set.local</Computer>
		<Security UserID="S-1-5-18"/>
	</System>
	<EventData>
		<Data Name="RuleName">-</Data>
		<Data Name="UtcTime">2021-12-07 10:23:29.389</Data>
		<Data Name="ProcessGuid">{27532e6a-361d-61af-6e01-000000001d00}</Data>
		<Data Name="ProcessId">368</Data>
		<Data Name="Image">C:\Users\Administrator\Downloads\lazagne.exe</Data>
	</EventData>
</Event>

b'<ns0:Event xmlns:ns0="http://schemas.microsoft.com/win/2004/08/events/event"><ns0:System><ns0:Provider Name="Microsoft-Windows-Sysmon" Guid="{5770385f-c22a-43e0-bf4c-06f5698ffbd9}" />\n<ns0:EventID Qualifiers="">5</ns0:EventID>\n<ns0:Version>3</ns0:Version>\n<ns0:Level>4</ns0:Level>\n<ns0:Task>5</ns0:Task>\n<ns0:Opcode>0</ns0:Opcode>\n<ns0:Keywords>0x8000000000000000</ns0:Keywords>\n<ns0:TimeCreated SystemTime="2021-12-07 10:23:29.393606" />\n<ns0:EventRecordID>25633</ns0:EventRecordID>\n<ns0:Correlation ActivityID="" RelatedActivityID="" />\n<ns0:Execution ProcessID="3120" ThreadID="2992" />\n<ns0:Channel>Microsoft-Windows-Sysmon/Operational</ns0:Channel>\n<ns0:Computer>WIN-J23NIGGP1Q6.sysmon_set.local</ns0:Computer>\n<ns0:Security UserID="S-1-5-18" />\n</ns0:System>\n<ns0:EventData><ns0:Data Name="RuleName">-</ns0:Data>\n<ns0:Data Name="UtcTime">2021-12-07 10:23:29.389</ns0:Data>\n<ns0:Data Name="ProcessGuid">{27532e6a-361d-61af-6e01-000000001d00}</ns0:Data>\n<ns0:Data Name="ProcessId">368</ns0:Data>\n<ns0:Data Name="Image">C:\\Users\\Administrator\\Downloads\\lazagne.exe</ns0:Data>\n</ns0:EventData>\n</ns0:Event>'
6
10891
ATTENTION!!!   10891   Events have been identified on the targeted system as suspicious for Lateral Movement Attack!!!
<?xml version="1.0" ?>
<Event xmlns="http://schemas.microsoft.com/win/2004/08/events/event">
	<System>
		<Provider Name="Microsoft-Windows-Sysmon" Guid="{5770385f-c22a-43e0-bf4c-06f5698ffbd9}"/>
		<EventID Qualifiers="">3</EventID>
		<Version>5</Version>
		<Level>4</Level>
		<Task>3</Task>
		<Opcode>0</Opcode>
		<Keywords>0x8000000000000000</Keywords>
		<TimeCreated SystemTime="2021-12-07 10:23:34.359838"/>
		<EventRecordID>25634</EventRecordID>
		<Correlation ActivityID="" RelatedActivityID=""/>
		<Execution ProcessID="3120" ThreadID="2988"/>
		<Channel>Microsoft-Windows-Sysmon/Operational</Channel>
		<Computer>WIN-J23NIGGP1Q6.sysmon_set.local</Computer>
		<Security UserID="S-1-5-18"/>
	</System>
	<EventData>
		<Data Name="RuleName">-</Data>
		<Data Name="UtcTime">2021-12-07 10:23:35.239</Data>
		<Data Name="ProcessGuid">{27532e6a-2d17-61af-4900-000000001d00}</Data>
		<Data Name="ProcessId">3344</Data>
		<Data Name="Image">C:\Windows\ADWS\Microsoft.ActiveDirectory.WebServices.exe</Data>
		<Data Name="User">NT AUTHORITY\SYSTEM</Data>
		<Data Name="Protocol">tcp</Data>
		<Data Name="Initiated">True</Data>
		<Data Name="SourceIsIpv6">True</Data>
		<Data Name="SourceIp">0:0:0:0:0:0:0:1</Data>
		<Data Name="SourceHostname">WIN-J23NIGGP1Q6.sysmon_set.local</Data>
		<Data Name="SourcePort">56880</Data>
		<Data Name="SourcePortName">-</Data>
		<Data Name="DestinationIsIpv6">True</Data>
		<Data Name="DestinationIp">0:0:0:0:0:0:0:1</Data>
		<Data Name="DestinationHostname">WIN-J23NIGGP1Q6.sysmon_set.local</Data>
		<Data Name="DestinationPort">389</Data>
		<Data Name="DestinationPortName">ldap</Data>
	</EventData>
</Event>

b'<ns0:Event xmlns:ns0="http://schemas.microsoft.com/win/2004/08/events/event"><ns0:System><ns0:Provider Name="Microsoft-Windows-Sysmon" Guid="{5770385f-c22a-43e0-bf4c-06f5698ffbd9}" />\n<ns0:EventID Qualifiers="">3</ns0:EventID>\n<ns0:Version>5</ns0:Version>\n<ns0:Level>4</ns0:Level>\n<ns0:Task>3</ns0:Task>\n<ns0:Opcode>0</ns0:Opcode>\n<ns0:Keywords>0x8000000000000000</ns0:Keywords>\n<ns0:TimeCreated SystemTime="2021-12-07 10:23:34.359838" />\n<ns0:EventRecordID>25634</ns0:EventRecordID>\n<ns0:Correlation ActivityID="" RelatedActivityID="" />\n<ns0:Execution ProcessID="3120" ThreadID="2988" />\n<ns0:Channel>Microsoft-Windows-Sysmon/Operational</ns0:Channel>\n<ns0:Computer>WIN-J23NIGGP1Q6.sysmon_set.local</ns0:Computer>\n<ns0:Security UserID="S-1-5-18" />\n</ns0:System>\n<ns0:EventData><ns0:Data Name="RuleName">-</ns0:Data>\n<ns0:Data Name="UtcTime">2021-12-07 10:23:35.239</ns0:Data>\n<ns0:Data Name="ProcessGuid">{27532e6a-2d17-61af-4900-000000001d00}</ns0:Data>\n<ns0:Data Name="ProcessId">3344</ns0:Data>\n<ns0:Data Name="Image">C:\\Windows\\ADWS\\Microsoft.ActiveDirectory.WebServices.exe</ns0:Data>\n<ns0:Data Name="User">NT AUTHORITY\\SYSTEM</ns0:Data>\n<ns0:Data Name="Protocol">tcp</ns0:Data>\n<ns0:Data Name="Initiated">True</ns0:Data>\n<ns0:Data Name="SourceIsIpv6">True</ns0:Data>\n<ns0:Data Name="SourceIp">0:0:0:0:0:0:0:1</ns0:Data>\n<ns0:Data Name="SourceHostname">WIN-J23NIGGP1Q6.sysmon_set.local</ns0:Data>\n<ns0:Data Name="SourcePort">56880</ns0:Data>\n<ns0:Data Name="SourcePortName">-</ns0:Data>\n<ns0:Data Name="DestinationIsIpv6">True</ns0:Data>\n<ns0:Data Name="DestinationIp">0:0:0:0:0:0:0:1</ns0:Data>\n<ns0:Data Name="DestinationHostname">WIN-J23NIGGP1Q6.sysmon_set.local</ns0:Data>\n<ns0:Data Name="DestinationPort">389</ns0:Data>\n<ns0:Data Name="DestinationPortName">ldap</ns0:Data>\n</ns0:EventData>\n</ns0:Event>'
5
10892
ATTENTION!!!   10892   Events have been identified on the targeted system as suspicious for Lateral Movement Attack!!!
<?xml version="1.0" ?>
<Event xmlns="http://schemas.microsoft.com/win/2004/08/events/event">
	<System>
		<Provider Name="Microsoft-Windows-Sysmon" Guid="{5770385f-c22a-43e0-bf4c-06f5698ffbd9}"/>
		<EventID Qualifiers="">3</EventID>
		<Version>5</Version>
		<Level>4</Level>
		<Task>3</Task>
		<Opcode>0</Opcode>
		<Keywords>0x8000000000000000</Keywords>
		<TimeCreated SystemTime="2021-12-07 10:23:34.359901"/>
		<EventRecordID>25635</EventRecordID>
		<Correlation ActivityID="" RelatedActivityID=""/>
		<Execution ProcessID="3120" ThreadID="2988"/>
		<Channel>Microsoft-Windows-Sysmon/Operational</Channel>
		<Computer>WIN-J23NIGGP1Q6.sysmon_set.local</Computer>
		<Security UserID="S-1-5-18"/>
	</System>
	<EventData>
		<Data Name="RuleName">-</Data>
		<Data Name="UtcTime">2021-12-07 10:23:35.239</Data>
		<Data Name="ProcessGuid">{27532e6a-2ce6-61af-0c00-000000001d00}</Data>
		<Data Name="ProcessId">672</Data>
		<Data Name="Image">C:\Windows\System32\lsass.exe</Data>
		<Data Name="User">NT AUTHORITY\SYSTEM</Data>
		<Data Name="Protocol">tcp</Data>
		<Data Name="Initiated">False</Data>
		<Data Name="SourceIsIpv6">True</Data>
		<Data Name="SourceIp">0:0:0:0:0:0:0:1</Data>
		<Data Name="SourceHostname">WIN-J23NIGGP1Q6.sysmon_set.local</Data>
		<Data Name="SourcePort">56880</Data>
		<Data Name="SourcePortName">-</Data>
		<Data Name="DestinationIsIpv6">True</Data>
		<Data Name="DestinationIp">0:0:0:0:0:0:0:1</Data>
		<Data Name="DestinationHostname">WIN-J23NIGGP1Q6.sysmon_set.local</Data>
		<Data Name="DestinationPort">389</Data>
		<Data Name="DestinationPortName">ldap</Data>
	</EventData>
</Event>

b'<ns0:Event xmlns:ns0="http://schemas.microsoft.com/win/2004/08/events/event"><ns0:System><ns0:Provider Name="Microsoft-Windows-Sysmon" Guid="{5770385f-c22a-43e0-bf4c-06f5698ffbd9}" />\n<ns0:EventID Qualifiers="">3</ns0:EventID>\n<ns0:Version>5</ns0:Version>\n<ns0:Level>4</ns0:Level>\n<ns0:Task>3</ns0:Task>\n<ns0:Opcode>0</ns0:Opcode>\n<ns0:Keywords>0x8000000000000000</ns0:Keywords>\n<ns0:TimeCreated SystemTime="2021-12-07 10:23:34.359901" />\n<ns0:EventRecordID>25635</ns0:EventRecordID>\n<ns0:Correlation ActivityID="" RelatedActivityID="" />\n<ns0:Execution ProcessID="3120" ThreadID="2988" />\n<ns0:Channel>Microsoft-Windows-Sysmon/Operational</ns0:Channel>\n<ns0:Computer>WIN-J23NIGGP1Q6.sysmon_set.local</ns0:Computer>\n<ns0:Security UserID="S-1-5-18" />\n</ns0:System>\n<ns0:EventData><ns0:Data Name="RuleName">-</ns0:Data>\n<ns0:Data Name="UtcTime">2021-12-07 10:23:35.239</ns0:Data>\n<ns0:Data Name="ProcessGuid">{27532e6a-2ce6-61af-0c00-000000001d00}</ns0:Data>\n<ns0:Data Name="ProcessId">672</ns0:Data>\n<ns0:Data Name="Image">C:\\Windows\\System32\\lsass.exe</ns0:Data>\n<ns0:Data Name="User">NT AUTHORITY\\SYSTEM</ns0:Data>\n<ns0:Data Name="Protocol">tcp</ns0:Data>\n<ns0:Data Name="Initiated">False</ns0:Data>\n<ns0:Data Name="SourceIsIpv6">True</ns0:Data>\n<ns0:Data Name="SourceIp">0:0:0:0:0:0:0:1</ns0:Data>\n<ns0:Data Name="SourceHostname">WIN-J23NIGGP1Q6.sysmon_set.local</ns0:Data>\n<ns0:Data Name="SourcePort">56880</ns0:Data>\n<ns0:Data Name="SourcePortName">-</ns0:Data>\n<ns0:Data Name="DestinationIsIpv6">True</ns0:Data>\n<ns0:Data Name="DestinationIp">0:0:0:0:0:0:0:1</ns0:Data>\n<ns0:Data Name="DestinationHostname">WIN-J23NIGGP1Q6.sysmon_set.local</ns0:Data>\n<ns0:Data Name="DestinationPort">389</ns0:Data>\n<ns0:Data Name="DestinationPortName">ldap</ns0:Data>\n</ns0:EventData>\n</ns0:Event>'
5
10893
ATTENTION!!!   10893   Events have been identified on the targeted system as suspicious for Lateral Movement Attack!!!
<?xml version="1.0" ?>
<Event xmlns="http://schemas.microsoft.com/win/2004/08/events/event">
	<System>
		<Provider Name="Microsoft-Windows-Sysmon" Guid="{5770385f-c22a-43e0-bf4c-06f5698ffbd9}"/>
		<EventID Qualifiers="">3</EventID>
		<Version>5</Version>
		<Level>4</Level>
		<Task>3</Task>
		<Opcode>0</Opcode>
		<Keywords>0x8000000000000000</Keywords>
		<TimeCreated SystemTime="2021-12-07 10:23:36.171940"/>
		<EventRecordID>25636</EventRecordID>
		<Correlation ActivityID="" RelatedActivityID=""/>
		<Execution ProcessID="3120" ThreadID="2988"/>
		<Channel>Microsoft-Windows-Sysmon/Operational</Channel>
		<Computer>WIN-J23NIGGP1Q6.sysmon_set.local</Computer>
		<Security UserID="S-1-5-18"/>
	</System>
	<EventData>
		<Data Name="RuleName">-</Data>
		<Data Name="UtcTime">2021-12-07 10:23:36.817</Data>
		<Data Name="ProcessGuid">{27532e6a-2d16-61af-4800-000000001d00}</Data>
		<Data Name="ProcessId">3336</Data>
		<Data Name="Image">C:\Windows\System32\dns.exe</Data>
		<Data Name="User">NT AUTHORITY\SYSTEM</Data>
		<Data Name="Protocol">udp</Data>
		<Data Name="Initiated">False</Data>
		<Data Name="SourceIsIpv6">True</Data>
		<Data Name="SourceIp">0:0:0:0:0:0:0:1</Data>
		<Data Name="SourceHostname">WIN-J23NIGGP1Q6.sysmon_set.local</Data>
		<Data Name="SourcePort">53</Data>
		<Data Name="SourcePortName">domain</Data>
		<Data Name="DestinationIsIpv6">True</Data>
		<Data Name="DestinationIp">0:0:0:0:0:0:0:1</Data>
		<Data Name="DestinationHostname">WIN-J23NIGGP1Q6.sysmon_set.local</Data>
		<Data Name="DestinationPort">55940</Data>
		<Data Name="DestinationPortName">-</Data>
	</EventData>
</Event>

b'<ns0:Event xmlns:ns0="http://schemas.microsoft.com/win/2004/08/events/event"><ns0:System><ns0:Provider Name="Microsoft-Windows-Sysmon" Guid="{5770385f-c22a-43e0-bf4c-06f5698ffbd9}" />\n<ns0:EventID Qualifiers="">3</ns0:EventID>\n<ns0:Version>5</ns0:Version>\n<ns0:Level>4</ns0:Level>\n<ns0:Task>3</ns0:Task>\n<ns0:Opcode>0</ns0:Opcode>\n<ns0:Keywords>0x8000000000000000</ns0:Keywords>\n<ns0:TimeCreated SystemTime="2021-12-07 10:23:36.171940" />\n<ns0:EventRecordID>25636</ns0:EventRecordID>\n<ns0:Correlation ActivityID="" RelatedActivityID="" />\n<ns0:Execution ProcessID="3120" ThreadID="2988" />\n<ns0:Channel>Microsoft-Windows-Sysmon/Operational</ns0:Channel>\n<ns0:Computer>WIN-J23NIGGP1Q6.sysmon_set.local</ns0:Computer>\n<ns0:Security UserID="S-1-5-18" />\n</ns0:System>\n<ns0:EventData><ns0:Data Name="RuleName">-</ns0:Data>\n<ns0:Data Name="UtcTime">2021-12-07 10:23:36.817</ns0:Data>\n<ns0:Data Name="ProcessGuid">{27532e6a-2d16-61af-4800-000000001d00}</ns0:Data>\n<ns0:Data Name="ProcessId">3336</ns0:Data>\n<ns0:Data Name="Image">C:\\Windows\\System32\\dns.exe</ns0:Data>\n<ns0:Data Name="User">NT AUTHORITY\\SYSTEM</ns0:Data>\n<ns0:Data Name="Protocol">udp</ns0:Data>\n<ns0:Data Name="Initiated">False</ns0:Data>\n<ns0:Data Name="SourceIsIpv6">True</ns0:Data>\n<ns0:Data Name="SourceIp">0:0:0:0:0:0:0:1</ns0:Data>\n<ns0:Data Name="SourceHostname">WIN-J23NIGGP1Q6.sysmon_set.local</ns0:Data>\n<ns0:Data Name="SourcePort">53</ns0:Data>\n<ns0:Data Name="SourcePortName">domain</ns0:Data>\n<ns0:Data Name="DestinationIsIpv6">True</ns0:Data>\n<ns0:Data Name="DestinationIp">0:0:0:0:0:0:0:1</ns0:Data>\n<ns0:Data Name="DestinationHostname">WIN-J23NIGGP1Q6.sysmon_set.local</ns0:Data>\n<ns0:Data Name="DestinationPort">55940</ns0:Data>\n<ns0:Data Name="DestinationPortName">-</ns0:Data>\n</ns0:EventData>\n</ns0:Event>'
5
10894
ATTENTION!!!   10894   Events have been identified on the targeted system as suspicious for Lateral Movement Attack!!!
<?xml version="1.0" ?>
<Event xmlns="http://schemas.microsoft.com/win/2004/08/events/event">
	<System>
		<Provider Name="Microsoft-Windows-Sysmon" Guid="{5770385f-c22a-43e0-bf4c-06f5698ffbd9}"/>
		<EventID Qualifiers="">3</EventID>
		<Version>5</Version>
		<Level>4</Level>
		<Task>3</Task>
		<Opcode>0</Opcode>
		<Keywords>0x8000000000000000</Keywords>
		<TimeCreated SystemTime="2021-12-07 10:23:36.968281"/>
		<EventRecordID>25637</EventRecordID>
		<Correlation ActivityID="" RelatedActivityID=""/>
		<Execution ProcessID="3120" ThreadID="2988"/>
		<Channel>Microsoft-Windows-Sysmon/Operational</Channel>
		<Computer>WIN-J23NIGGP1Q6.sysmon_set.local</Computer>
		<Security UserID="S-1-5-18"/>
	</System>
	<EventData>
		<Data Name="RuleName">-</Data>
		<Data Name="UtcTime">2021-12-07 10:23:37.472</Data>
		<Data Name="ProcessGuid">{27532e6a-2d16-61af-4800-000000001d00}</Data>
		<Data Name="ProcessId">3336</Data>
		<Data Name="Image">C:\Windows\System32\dns.exe</Data>
		<Data Name="User">NT AUTHORITY\SYSTEM</Data>
		<Data Name="Protocol">udp</Data>
		<Data Name="Initiated">False</Data>
		<Data Name="SourceIsIpv6">False</Data>
		<Data Name="SourceIp">127.0.0.1</Data>
		<Data Name="SourceHostname">WIN-J23NIGGP1Q6.sysmon_set.local</Data>
		<Data Name="SourcePort">53</Data>
		<Data Name="SourcePortName">domain</Data>
		<Data Name="DestinationIsIpv6">False</Data>
		<Data Name="DestinationIp">127.0.0.1</Data>
		<Data Name="DestinationHostname">WIN-J23NIGGP1Q6.sysmon_set.local</Data>
		<Data Name="DestinationPort">55940</Data>
		<Data Name="DestinationPortName">-</Data>
	</EventData>
</Event>

b'<ns0:Event xmlns:ns0="http://schemas.microsoft.com/win/2004/08/events/event"><ns0:System><ns0:Provider Name="Microsoft-Windows-Sysmon" Guid="{5770385f-c22a-43e0-bf4c-06f5698ffbd9}" />\n<ns0:EventID Qualifiers="">3</ns0:EventID>\n<ns0:Version>5</ns0:Version>\n<ns0:Level>4</ns0:Level>\n<ns0:Task>3</ns0:Task>\n<ns0:Opcode>0</ns0:Opcode>\n<ns0:Keywords>0x8000000000000000</ns0:Keywords>\n<ns0:TimeCreated SystemTime="2021-12-07 10:23:36.968281" />\n<ns0:EventRecordID>25637</ns0:EventRecordID>\n<ns0:Correlation ActivityID="" RelatedActivityID="" />\n<ns0:Execution ProcessID="3120" ThreadID="2988" />\n<ns0:Channel>Microsoft-Windows-Sysmon/Operational</ns0:Channel>\n<ns0:Computer>WIN-J23NIGGP1Q6.sysmon_set.local</ns0:Computer>\n<ns0:Security UserID="S-1-5-18" />\n</ns0:System>\n<ns0:EventData><ns0:Data Name="RuleName">-</ns0:Data>\n<ns0:Data Name="UtcTime">2021-12-07 10:23:37.472</ns0:Data>\n<ns0:Data Name="ProcessGuid">{27532e6a-2d16-61af-4800-000000001d00}</ns0:Data>\n<ns0:Data Name="ProcessId">3336</ns0:Data>\n<ns0:Data Name="Image">C:\\Windows\\System32\\dns.exe</ns0:Data>\n<ns0:Data Name="User">NT AUTHORITY\\SYSTEM</ns0:Data>\n<ns0:Data Name="Protocol">udp</ns0:Data>\n<ns0:Data Name="Initiated">False</ns0:Data>\n<ns0:Data Name="SourceIsIpv6">False</ns0:Data>\n<ns0:Data Name="SourceIp">127.0.0.1</ns0:Data>\n<ns0:Data Name="SourceHostname">WIN-J23NIGGP1Q6.sysmon_set.local</ns0:Data>\n<ns0:Data Name="SourcePort">53</ns0:Data>\n<ns0:Data Name="SourcePortName">domain</ns0:Data>\n<ns0:Data Name="DestinationIsIpv6">False</ns0:Data>\n<ns0:Data Name="DestinationIp">127.0.0.1</ns0:Data>\n<ns0:Data Name="DestinationHostname">WIN-J23NIGGP1Q6.sysmon_set.local</ns0:Data>\n<ns0:Data Name="DestinationPort">55940</ns0:Data>\n<ns0:Data Name="DestinationPortName">-</ns0:Data>\n</ns0:EventData>\n</ns0:Event>'
5
10895
ATTENTION!!!   10895   Events have been identified on the targeted system as suspicious for Lateral Movement Attack!!!
<?xml version="1.0" ?>
<Event xmlns="http://schemas.microsoft.com/win/2004/08/events/event">
	<System>
		<Provider Name="Microsoft-Windows-Sysmon" Guid="{5770385f-c22a-43e0-bf4c-06f5698ffbd9}"/>
		<EventID Qualifiers="">1</EventID>
		<Version>5</Version>
		<Level>4</Level>
		<Task>1</Task>
		<Opcode>0</Opcode>
		<Keywords>0x8000000000000000</Keywords>
		<TimeCreated SystemTime="2021-12-07 10:23:43.316721"/>
		<EventRecordID>25638</EventRecordID>
		<Correlation ActivityID="" RelatedActivityID=""/>
		<Execution ProcessID="3120" ThreadID="2992"/>
		<Channel>Microsoft-Windows-Sysmon/Operational</Channel>
		<Computer>WIN-J23NIGGP1Q6.sysmon_set.local</Computer>
		<Security UserID="S-1-5-18"/>
	</System>
	<EventData>
		<Data Name="RuleName">-</Data>
		<Data Name="UtcTime">2021-12-07 10:23:43.315</Data>
		<Data Name="ProcessGuid">{27532e6a-362f-61af-7601-000000001d00}</Data>
		<Data Name="ProcessId">5048</Data>
		<Data Name="Image">C:\Users\Administrator\Downloads\lazagne.exe</Data>
		<Data Name="FileVersion">-</Data>
		<Data Name="Description">-</Data>
		<Data Name="Product">-</Data>
		<Data Name="Company">-</Data>
		<Data Name="OriginalFileName">-</Data>
		<Data Name="CommandLine">lazagne.exe  windows</Data>
		<Data Name="CurrentDirectory">C:\Users\Administrator\Downloads\</Data>
		<Data Name="User">NT AUTHORITY\SYSTEM</Data>
		<Data Name="LogonGuid">{27532e6a-2ce7-61af-e703-000000000000}</Data>
		<Data Name="LogonId">0x00000000000003e7</Data>
		<Data Name="TerminalSessionId">0</Data>
		<Data Name="IntegrityLevel">System</Data>
		<Data Name="Hashes">SHA256=ED2F501408A7A6E1A854C29C4B0BC5648A6AA8612432DF829008931B3E34BF56</Data>
		<Data Name="ParentProcessGuid">{27532e6a-3402-61af-3801-000000001d00}</Data>
		<Data Name="ParentProcessId">6068</Data>
		<Data Name="ParentImage">C:\Windows\SysWOW64\cmd.exe</Data>
		<Data Name="ParentCommandLine">C:\Windows\system32\cmd.exe</Data>
	</EventData>
</Event>

b'<ns0:Event xmlns:ns0="http://schemas.microsoft.com/win/2004/08/events/event"><ns0:System><ns0:Provider Name="Microsoft-Windows-Sysmon" Guid="{5770385f-c22a-43e0-bf4c-06f5698ffbd9}" />\n<ns0:EventID Qualifiers="">1</ns0:EventID>\n<ns0:Version>5</ns0:Version>\n<ns0:Level>4</ns0:Level>\n<ns0:Task>1</ns0:Task>\n<ns0:Opcode>0</ns0:Opcode>\n<ns0:Keywords>0x8000000000000000</ns0:Keywords>\n<ns0:TimeCreated SystemTime="2021-12-07 10:23:43.316721" />\n<ns0:EventRecordID>25638</ns0:EventRecordID>\n<ns0:Correlation ActivityID="" RelatedActivityID="" />\n<ns0:Execution ProcessID="3120" ThreadID="2992" />\n<ns0:Channel>Microsoft-Windows-Sysmon/Operational</ns0:Channel>\n<ns0:Computer>WIN-J23NIGGP1Q6.sysmon_set.local</ns0:Computer>\n<ns0:Security UserID="S-1-5-18" />\n</ns0:System>\n<ns0:EventData><ns0:Data Name="RuleName">-</ns0:Data>\n<ns0:Data Name="UtcTime">2021-12-07 10:23:43.315</ns0:Data>\n<ns0:Data Name="ProcessGuid">{27532e6a-362f-61af-7601-000000001d00}</ns0:Data>\n<ns0:Data Name="ProcessId">5048</ns0:Data>\n<ns0:Data Name="Image">C:\\Users\\Administrator\\Downloads\\lazagne.exe</ns0:Data>\n<ns0:Data Name="FileVersion">-</ns0:Data>\n<ns0:Data Name="Description">-</ns0:Data>\n<ns0:Data Name="Product">-</ns0:Data>\n<ns0:Data Name="Company">-</ns0:Data>\n<ns0:Data Name="OriginalFileName">-</ns0:Data>\n<ns0:Data Name="CommandLine">lazagne.exe  windows</ns0:Data>\n<ns0:Data Name="CurrentDirectory">C:\\Users\\Administrator\\Downloads\\</ns0:Data>\n<ns0:Data Name="User">NT AUTHORITY\\SYSTEM</ns0:Data>\n<ns0:Data Name="LogonGuid">{27532e6a-2ce7-61af-e703-000000000000}</ns0:Data>\n<ns0:Data Name="LogonId">0x00000000000003e7</ns0:Data>\n<ns0:Data Name="TerminalSessionId">0</ns0:Data>\n<ns0:Data Name="IntegrityLevel">System</ns0:Data>\n<ns0:Data Name="Hashes">SHA256=ED2F501408A7A6E1A854C29C4B0BC5648A6AA8612432DF829008931B3E34BF56</ns0:Data>\n<ns0:Data Name="ParentProcessGuid">{27532e6a-3402-61af-3801-000000001d00}</ns0:Data>\n<ns0:Data Name="ParentProcessId">6068</ns0:Data>\n<ns0:Data Name="ParentImage">C:\\Windows\\SysWOW64\\cmd.exe</ns0:Data>\n<ns0:Data Name="ParentCommandLine">C:\\Windows\\system32\\cmd.exe</ns0:Data>\n</ns0:EventData>\n</ns0:Event>'
14
10896
ATTENTION!!!   10896   Events have been identified on the targeted system as suspicious for Lateral Movement Attack!!!
<?xml version="1.0" ?>
<Event xmlns="http://schemas.microsoft.com/win/2004/08/events/event">
	<System>
		<Provider Name="Microsoft-Windows-Sysmon" Guid="{5770385f-c22a-43e0-bf4c-06f5698ffbd9}"/>
		<EventID Qualifiers="">1</EventID>
		<Version>5</Version>
		<Level>4</Level>
		<Task>1</Task>
		<Opcode>0</Opcode>
		<Keywords>0x8000000000000000</Keywords>
		<TimeCreated SystemTime="2021-12-07 10:23:43.393974"/>
		<EventRecordID>25639</EventRecordID>
		<Correlation ActivityID="" RelatedActivityID=""/>
		<Execution ProcessID="3120" ThreadID="2992"/>
		<Channel>Microsoft-Windows-Sysmon/Operational</Channel>
		<Computer>WIN-J23NIGGP1Q6.sysmon_set.local</Computer>
		<Security UserID="S-1-5-18"/>
	</System>
	<EventData>
		<Data Name="RuleName">-</Data>
		<Data Name="UtcTime">2021-12-07 10:23:43.393</Data>
		<Data Name="ProcessGuid">{27532e6a-362f-61af-7701-000000001d00}</Data>
		<Data Name="ProcessId">5204</Data>
		<Data Name="Image">C:\Users\Administrator\Downloads\lazagne.exe</Data>
		<Data Name="FileVersion">-</Data>
		<Data Name="Description">-</Data>
		<Data Name="Product">-</Data>
		<Data Name="Company">-</Data>
		<Data Name="OriginalFileName">-</Data>
		<Data Name="CommandLine">lazagne.exe  windows</Data>
		<Data Name="CurrentDirectory">C:\Users\Administrator\Downloads\</Data>
		<Data Name="User">NT AUTHORITY\SYSTEM</Data>
		<Data Name="LogonGuid">{27532e6a-2ce7-61af-e703-000000000000}</Data>
		<Data Name="LogonId">0x00000000000003e7</Data>
		<Data Name="TerminalSessionId">0</Data>
		<Data Name="IntegrityLevel">System</Data>
		<Data Name="Hashes">SHA256=ED2F501408A7A6E1A854C29C4B0BC5648A6AA8612432DF829008931B3E34BF56</Data>
		<Data Name="ParentProcessGuid">{27532e6a-362f-61af-7601-000000001d00}</Data>
		<Data Name="ParentProcessId">5048</Data>
		<Data Name="ParentImage">C:\Users\Administrator\Downloads\lazagne.exe</Data>
		<Data Name="ParentCommandLine">lazagne.exe  windows</Data>
	</EventData>
</Event>

b'<ns0:Event xmlns:ns0="http://schemas.microsoft.com/win/2004/08/events/event"><ns0:System><ns0:Provider Name="Microsoft-Windows-Sysmon" Guid="{5770385f-c22a-43e0-bf4c-06f5698ffbd9}" />\n<ns0:EventID Qualifiers="">1</ns0:EventID>\n<ns0:Version>5</ns0:Version>\n<ns0:Level>4</ns0:Level>\n<ns0:Task>1</ns0:Task>\n<ns0:Opcode>0</ns0:Opcode>\n<ns0:Keywords>0x8000000000000000</ns0:Keywords>\n<ns0:TimeCreated SystemTime="2021-12-07 10:23:43.393974" />\n<ns0:EventRecordID>25639</ns0:EventRecordID>\n<ns0:Correlation ActivityID="" RelatedActivityID="" />\n<ns0:Execution ProcessID="3120" ThreadID="2992" />\n<ns0:Channel>Microsoft-Windows-Sysmon/Operational</ns0:Channel>\n<ns0:Computer>WIN-J23NIGGP1Q6.sysmon_set.local</ns0:Computer>\n<ns0:Security UserID="S-1-5-18" />\n</ns0:System>\n<ns0:EventData><ns0:Data Name="RuleName">-</ns0:Data>\n<ns0:Data Name="UtcTime">2021-12-07 10:23:43.393</ns0:Data>\n<ns0:Data Name="ProcessGuid">{27532e6a-362f-61af-7701-000000001d00}</ns0:Data>\n<ns0:Data Name="ProcessId">5204</ns0:Data>\n<ns0:Data Name="Image">C:\\Users\\Administrator\\Downloads\\lazagne.exe</ns0:Data>\n<ns0:Data Name="FileVersion">-</ns0:Data>\n<ns0:Data Name="Description">-</ns0:Data>\n<ns0:Data Name="Product">-</ns0:Data>\n<ns0:Data Name="Company">-</ns0:Data>\n<ns0:Data Name="OriginalFileName">-</ns0:Data>\n<ns0:Data Name="CommandLine">lazagne.exe  windows</ns0:Data>\n<ns0:Data Name="CurrentDirectory">C:\\Users\\Administrator\\Downloads\\</ns0:Data>\n<ns0:Data Name="User">NT AUTHORITY\\SYSTEM</ns0:Data>\n<ns0:Data Name="LogonGuid">{27532e6a-2ce7-61af-e703-000000000000}</ns0:Data>\n<ns0:Data Name="LogonId">0x00000000000003e7</ns0:Data>\n<ns0:Data Name="TerminalSessionId">0</ns0:Data>\n<ns0:Data Name="IntegrityLevel">System</ns0:Data>\n<ns0:Data Name="Hashes">SHA256=ED2F501408A7A6E1A854C29C4B0BC5648A6AA8612432DF829008931B3E34BF56</ns0:Data>\n<ns0:Data Name="ParentProcessGuid">{27532e6a-362f-61af-7601-000000001d00}</ns0:Data>\n<ns0:Data Name="ParentProcessId">5048</ns0:Data>\n<ns0:Data Name="ParentImage">C:\\Users\\Administrator\\Downloads\\lazagne.exe</ns0:Data>\n<ns0:Data Name="ParentCommandLine">lazagne.exe  windows</ns0:Data>\n</ns0:EventData>\n</ns0:Event>'
15
10897
ATTENTION!!!   10897   Events have been identified on the targeted system as suspicious for Lateral Movement Attack!!!
<?xml version="1.0" ?>
<Event xmlns="http://schemas.microsoft.com/win/2004/08/events/event">
	<System>
		<Provider Name="Microsoft-Windows-Sysmon" Guid="{5770385f-c22a-43e0-bf4c-06f5698ffbd9}"/>
		<EventID Qualifiers="">1</EventID>
		<Version>5</Version>
		<Level>4</Level>
		<Task>1</Task>
		<Opcode>0</Opcode>
		<Keywords>0x8000000000000000</Keywords>
		<TimeCreated SystemTime="2021-12-07 10:23:43.615219"/>
		<EventRecordID>25640</EventRecordID>
		<Correlation ActivityID="" RelatedActivityID=""/>
		<Execution ProcessID="3120" ThreadID="2992"/>
		<Channel>Microsoft-Windows-Sysmon/Operational</Channel>
		<Computer>WIN-J23NIGGP1Q6.sysmon_set.local</Computer>
		<Security UserID="S-1-5-18"/>
	</System>
	<EventData>
		<Data Name="RuleName">-</Data>
		<Data Name="UtcTime">2021-12-07 10:23:43.614</Data>
		<Data Name="ProcessGuid">{27532e6a-362f-61af-7801-000000001d00}</Data>
		<Data Name="ProcessId">6116</Data>
		<Data Name="Image">C:\Windows\System32\cmd.exe</Data>
		<Data Name="FileVersion">10.0.17763.592 (WinBuild.160101.0800)</Data>
		<Data Name="Description">Windows Command Processor</Data>
		<Data Name="Product">Microsoft Windows Operating System</Data>
		<Data Name="Company">Microsoft Corporation</Data>
		<Data Name="OriginalFileName">Cmd.Exe</Data>
		<Data Name="CommandLine">cmd.exe /c &quot;reg.exe save hklm\security c:\windows\temp\kiqfnbaz&quot;</Data>
		<Data Name="CurrentDirectory">C:\Users\Administrator\Downloads\</Data>
		<Data Name="User">NT AUTHORITY\SYSTEM</Data>
		<Data Name="LogonGuid">{27532e6a-2ce7-61af-e703-000000000000}</Data>
		<Data Name="LogonId">0x00000000000003e7</Data>
		<Data Name="TerminalSessionId">0</Data>
		<Data Name="IntegrityLevel">System</Data>
		<Data Name="Hashes">SHA256=3656F37A1C6951EC4496FABB8EE957D3A6E3C276D5A3785476B482C9C0D32EA2</Data>
		<Data Name="ParentProcessGuid">{27532e6a-362f-61af-7701-000000001d00}</Data>
		<Data Name="ParentProcessId">5204</Data>
		<Data Name="ParentImage">C:\Users\Administrator\Downloads\lazagne.exe</Data>
		<Data Name="ParentCommandLine">lazagne.exe  windows</Data>
	</EventData>
</Event>

b'<ns0:Event xmlns:ns0="http://schemas.microsoft.com/win/2004/08/events/event"><ns0:System><ns0:Provider Name="Microsoft-Windows-Sysmon" Guid="{5770385f-c22a-43e0-bf4c-06f5698ffbd9}" />\n<ns0:EventID Qualifiers="">1</ns0:EventID>\n<ns0:Version>5</ns0:Version>\n<ns0:Level>4</ns0:Level>\n<ns0:Task>1</ns0:Task>\n<ns0:Opcode>0</ns0:Opcode>\n<ns0:Keywords>0x8000000000000000</ns0:Keywords>\n<ns0:TimeCreated SystemTime="2021-12-07 10:23:43.615219" />\n<ns0:EventRecordID>25640</ns0:EventRecordID>\n<ns0:Correlation ActivityID="" RelatedActivityID="" />\n<ns0:Execution ProcessID="3120" ThreadID="2992" />\n<ns0:Channel>Microsoft-Windows-Sysmon/Operational</ns0:Channel>\n<ns0:Computer>WIN-J23NIGGP1Q6.sysmon_set.local</ns0:Computer>\n<ns0:Security UserID="S-1-5-18" />\n</ns0:System>\n<ns0:EventData><ns0:Data Name="RuleName">-</ns0:Data>\n<ns0:Data Name="UtcTime">2021-12-07 10:23:43.614</ns0:Data>\n<ns0:Data Name="ProcessGuid">{27532e6a-362f-61af-7801-000000001d00}</ns0:Data>\n<ns0:Data Name="ProcessId">6116</ns0:Data>\n<ns0:Data Name="Image">C:\\Windows\\System32\\cmd.exe</ns0:Data>\n<ns0:Data Name="FileVersion">10.0.17763.592 (WinBuild.160101.0800)</ns0:Data>\n<ns0:Data Name="Description">Windows Command Processor</ns0:Data>\n<ns0:Data Name="Product">Microsoft&#174; Windows&#174; Operating System</ns0:Data>\n<ns0:Data Name="Company">Microsoft Corporation</ns0:Data>\n<ns0:Data Name="OriginalFileName">Cmd.Exe</ns0:Data>\n<ns0:Data Name="CommandLine">cmd.exe /c "reg.exe save hklm\\security c:\\windows\\temp\\kiqfnbaz"</ns0:Data>\n<ns0:Data Name="CurrentDirectory">C:\\Users\\Administrator\\Downloads\\</ns0:Data>\n<ns0:Data Name="User">NT AUTHORITY\\SYSTEM</ns0:Data>\n<ns0:Data Name="LogonGuid">{27532e6a-2ce7-61af-e703-000000000000}</ns0:Data>\n<ns0:Data Name="LogonId">0x00000000000003e7</ns0:Data>\n<ns0:Data Name="TerminalSessionId">0</ns0:Data>\n<ns0:Data Name="IntegrityLevel">System</ns0:Data>\n<ns0:Data Name="Hashes">SHA256=3656F37A1C6951EC4496FABB8EE957D3A6E3C276D5A3785476B482C9C0D32EA2</ns0:Data>\n<ns0:Data Name="ParentProcessGuid">{27532e6a-362f-61af-7701-000000001d00}</ns0:Data>\n<ns0:Data Name="ParentProcessId">5204</ns0:Data>\n<ns0:Data Name="ParentImage">C:\\Users\\Administrator\\Downloads\\lazagne.exe</ns0:Data>\n<ns0:Data Name="ParentCommandLine">lazagne.exe  windows</ns0:Data>\n</ns0:EventData>\n</ns0:Event>'
16
10898
ATTENTION!!!   10898   Events have been identified on the targeted system as suspicious for Lateral Movement Attack!!!
<?xml version="1.0" ?>
<Event xmlns="http://schemas.microsoft.com/win/2004/08/events/event">
	<System>
		<Provider Name="Microsoft-Windows-Sysmon" Guid="{5770385f-c22a-43e0-bf4c-06f5698ffbd9}"/>
		<EventID Qualifiers="">1</EventID>
		<Version>5</Version>
		<Level>4</Level>
		<Task>1</Task>
		<Opcode>0</Opcode>
		<Keywords>0x8000000000000000</Keywords>
		<TimeCreated SystemTime="2021-12-07 10:23:43.626047"/>
		<EventRecordID>25641</EventRecordID>
		<Correlation ActivityID="" RelatedActivityID=""/>
		<Execution ProcessID="3120" ThreadID="2992"/>
		<Channel>Microsoft-Windows-Sysmon/Operational</Channel>
		<Computer>WIN-J23NIGGP1Q6.sysmon_set.local</Computer>
		<Security UserID="S-1-5-18"/>
	</System>
	<EventData>
		<Data Name="RuleName">-</Data>
		<Data Name="UtcTime">2021-12-07 10:23:43.625</Data>
		<Data Name="ProcessGuid">{27532e6a-362f-61af-7901-000000001d00}</Data>
		<Data Name="ProcessId">1632</Data>
		<Data Name="Image">C:\Windows\System32\reg.exe</Data>
		<Data Name="FileVersion">10.0.17763.1 (WinBuild.160101.0800)</Data>
		<Data Name="Description">Registry Console Tool</Data>
		<Data Name="Product">Microsoft Windows Operating System</Data>
		<Data Name="Company">Microsoft Corporation</Data>
		<Data Name="OriginalFileName">reg.exe</Data>
		<Data Name="CommandLine">reg.exe  save hklm\security c:\windows\temp\kiqfnbaz</Data>
		<Data Name="CurrentDirectory">C:\Users\Administrator\Downloads\</Data>
		<Data Name="User">NT AUTHORITY\SYSTEM</Data>
		<Data Name="LogonGuid">{27532e6a-2ce7-61af-e703-000000000000}</Data>
		<Data Name="LogonId">0x00000000000003e7</Data>
		<Data Name="TerminalSessionId">0</Data>
		<Data Name="IntegrityLevel">System</Data>
		<Data Name="Hashes">SHA256=19316D4266D0B776D9B2A05D5903D8CBC8F0EA1520E9C2A7E6D5960B6FA4DCAF</Data>
		<Data Name="ParentProcessGuid">{27532e6a-362f-61af-7801-000000001d00}</Data>
		<Data Name="ParentProcessId">6116</Data>
		<Data Name="ParentImage">C:\Windows\System32\cmd.exe</Data>
		<Data Name="ParentCommandLine">cmd.exe /c &quot;reg.exe save hklm\security c:\windows\temp\kiqfnbaz&quot;</Data>
	</EventData>
</Event>

b'<ns0:Event xmlns:ns0="http://schemas.microsoft.com/win/2004/08/events/event"><ns0:System><ns0:Provider Name="Microsoft-Windows-Sysmon" Guid="{5770385f-c22a-43e0-bf4c-06f5698ffbd9}" />\n<ns0:EventID Qualifiers="">1</ns0:EventID>\n<ns0:Version>5</ns0:Version>\n<ns0:Level>4</ns0:Level>\n<ns0:Task>1</ns0:Task>\n<ns0:Opcode>0</ns0:Opcode>\n<ns0:Keywords>0x8000000000000000</ns0:Keywords>\n<ns0:TimeCreated SystemTime="2021-12-07 10:23:43.626047" />\n<ns0:EventRecordID>25641</ns0:EventRecordID>\n<ns0:Correlation ActivityID="" RelatedActivityID="" />\n<ns0:Execution ProcessID="3120" ThreadID="2992" />\n<ns0:Channel>Microsoft-Windows-Sysmon/Operational</ns0:Channel>\n<ns0:Computer>WIN-J23NIGGP1Q6.sysmon_set.local</ns0:Computer>\n<ns0:Security UserID="S-1-5-18" />\n</ns0:System>\n<ns0:EventData><ns0:Data Name="RuleName">-</ns0:Data>\n<ns0:Data Name="UtcTime">2021-12-07 10:23:43.625</ns0:Data>\n<ns0:Data Name="ProcessGuid">{27532e6a-362f-61af-7901-000000001d00}</ns0:Data>\n<ns0:Data Name="ProcessId">1632</ns0:Data>\n<ns0:Data Name="Image">C:\\Windows\\System32\\reg.exe</ns0:Data>\n<ns0:Data Name="FileVersion">10.0.17763.1 (WinBuild.160101.0800)</ns0:Data>\n<ns0:Data Name="Description">Registry Console Tool</ns0:Data>\n<ns0:Data Name="Product">Microsoft&#174; Windows&#174; Operating System</ns0:Data>\n<ns0:Data Name="Company">Microsoft Corporation</ns0:Data>\n<ns0:Data Name="OriginalFileName">reg.exe</ns0:Data>\n<ns0:Data Name="CommandLine">reg.exe  save hklm\\security c:\\windows\\temp\\kiqfnbaz</ns0:Data>\n<ns0:Data Name="CurrentDirectory">C:\\Users\\Administrator\\Downloads\\</ns0:Data>\n<ns0:Data Name="User">NT AUTHORITY\\SYSTEM</ns0:Data>\n<ns0:Data Name="LogonGuid">{27532e6a-2ce7-61af-e703-000000000000}</ns0:Data>\n<ns0:Data Name="LogonId">0x00000000000003e7</ns0:Data>\n<ns0:Data Name="TerminalSessionId">0</ns0:Data>\n<ns0:Data Name="IntegrityLevel">System</ns0:Data>\n<ns0:Data Name="Hashes">SHA256=19316D4266D0B776D9B2A05D5903D8CBC8F0EA1520E9C2A7E6D5960B6FA4DCAF</ns0:Data>\n<ns0:Data Name="ParentProcessGuid">{27532e6a-362f-61af-7801-000000001d00}</ns0:Data>\n<ns0:Data Name="ParentProcessId">6116</ns0:Data>\n<ns0:Data Name="ParentImage">C:\\Windows\\System32\\cmd.exe</ns0:Data>\n<ns0:Data Name="ParentCommandLine">cmd.exe /c "reg.exe save hklm\\security c:\\windows\\temp\\kiqfnbaz"</ns0:Data>\n</ns0:EventData>\n</ns0:Event>'
17
10899
ATTENTION!!!   10899   Events have been identified on the targeted system as suspicious for Lateral Movement Attack!!!
<?xml version="1.0" ?>
<Event xmlns="http://schemas.microsoft.com/win/2004/08/events/event">
	<System>
		<Provider Name="Microsoft-Windows-Sysmon" Guid="{5770385f-c22a-43e0-bf4c-06f5698ffbd9}"/>
		<EventID Qualifiers="">5</EventID>
		<Version>3</Version>
		<Level>4</Level>
		<Task>5</Task>
		<Opcode>0</Opcode>
		<Keywords>0x8000000000000000</Keywords>
		<TimeCreated SystemTime="2021-12-07 10:23:43.705311"/>
		<EventRecordID>25642</EventRecordID>
		<Correlation ActivityID="" RelatedActivityID=""/>
		<Execution ProcessID="3120" ThreadID="2992"/>
		<Channel>Microsoft-Windows-Sysmon/Operational</Channel>
		<Computer>WIN-J23NIGGP1Q6.sysmon_set.local</Computer>
		<Security UserID="S-1-5-18"/>
	</System>
	<EventData>
		<Data Name="RuleName">-</Data>
		<Data Name="UtcTime">2021-12-07 10:23:43.702</Data>
		<Data Name="ProcessGuid">{27532e6a-362f-61af-7901-000000001d00}</Data>
		<Data Name="ProcessId">1632</Data>
		<Data Name="Image">C:\Windows\System32\reg.exe</Data>
	</EventData>
</Event>

b'<ns0:Event xmlns:ns0="http://schemas.microsoft.com/win/2004/08/events/event"><ns0:System><ns0:Provider Name="Microsoft-Windows-Sysmon" Guid="{5770385f-c22a-43e0-bf4c-06f5698ffbd9}" />\n<ns0:EventID Qualifiers="">5</ns0:EventID>\n<ns0:Version>3</ns0:Version>\n<ns0:Level>4</ns0:Level>\n<ns0:Task>5</ns0:Task>\n<ns0:Opcode>0</ns0:Opcode>\n<ns0:Keywords>0x8000000000000000</ns0:Keywords>\n<ns0:TimeCreated SystemTime="2021-12-07 10:23:43.705311" />\n<ns0:EventRecordID>25642</ns0:EventRecordID>\n<ns0:Correlation ActivityID="" RelatedActivityID="" />\n<ns0:Execution ProcessID="3120" ThreadID="2992" />\n<ns0:Channel>Microsoft-Windows-Sysmon/Operational</ns0:Channel>\n<ns0:Computer>WIN-J23NIGGP1Q6.sysmon_set.local</ns0:Computer>\n<ns0:Security UserID="S-1-5-18" />\n</ns0:System>\n<ns0:EventData><ns0:Data Name="RuleName">-</ns0:Data>\n<ns0:Data Name="UtcTime">2021-12-07 10:23:43.702</ns0:Data>\n<ns0:Data Name="ProcessGuid">{27532e6a-362f-61af-7901-000000001d00}</ns0:Data>\n<ns0:Data Name="ProcessId">1632</ns0:Data>\n<ns0:Data Name="Image">C:\\Windows\\System32\\reg.exe</ns0:Data>\n</ns0:EventData>\n</ns0:Event>'
5
10900
ATTENTION!!!   10900   Events have been identified on the targeted system as suspicious for Lateral Movement Attack!!!
<?xml version="1.0" ?>
<Event xmlns="http://schemas.microsoft.com/win/2004/08/events/event">
	<System>
		<Provider Name="Microsoft-Windows-Sysmon" Guid="{5770385f-c22a-43e0-bf4c-06f5698ffbd9}"/>
		<EventID Qualifiers="">5</EventID>
		<Version>3</Version>
		<Level>4</Level>
		<Task>5</Task>
		<Opcode>0</Opcode>
		<Keywords>0x8000000000000000</Keywords>
		<TimeCreated SystemTime="2021-12-07 10:23:43.707722"/>
		<EventRecordID>25643</EventRecordID>
		<Correlation ActivityID="" RelatedActivityID=""/>
		<Execution ProcessID="3120" ThreadID="2992"/>
		<Channel>Microsoft-Windows-Sysmon/Operational</Channel>
		<Computer>WIN-J23NIGGP1Q6.sysmon_set.local</Computer>
		<Security UserID="S-1-5-18"/>
	</System>
	<EventData>
		<Data Name="RuleName">-</Data>
		<Data Name="UtcTime">2021-12-07 10:23:43.702</Data>
		<Data Name="ProcessGuid">{27532e6a-362f-61af-7801-000000001d00}</Data>
		<Data Name="ProcessId">6116</Data>
		<Data Name="Image">C:\Windows\System32\cmd.exe</Data>
