	</EventData>
</Event>

b'<ns0:Event xmlns:ns0="http://schemas.microsoft.com/win/2004/08/events/event"><ns0:System><ns0:Provider Name="Microsoft-Windows-Sysmon" Guid="{5770385f-c22a-43e0-bf4c-06f5698ffbd9}" />\n<ns0:EventID Qualifiers="">5</ns0:EventID>\n<ns0:Version>3</ns0:Version>\n<ns0:Level>4</ns0:Level>\n<ns0:Task>5</ns0:Task>\n<ns0:Opcode>0</ns0:Opcode>\n<ns0:Keywords>0x8000000000000000</ns0:Keywords>\n<ns0:TimeCreated SystemTime="2021-12-07 10:22:53.480528" />\n<ns0:EventRecordID>25586</ns0:EventRecordID>\n<ns0:Correlation ActivityID="" RelatedActivityID="" />\n<ns0:Execution ProcessID="3120" ThreadID="2992" />\n<ns0:Channel>Microsoft-Windows-Sysmon/Operational</ns0:Channel>\n<ns0:Computer>WIN-J23NIGGP1Q6.sysmon_set.local</ns0:Computer>\n<ns0:Security UserID="S-1-5-18" />\n</ns0:System>\n<ns0:EventData><ns0:Data Name="RuleName">-</ns0:Data>\n<ns0:Data Name="UtcTime">2021-12-07 10:22:53.468</ns0:Data>\n<ns0:Data Name="ProcessGuid">{27532e6a-35fd-61af-6501-000000001d00}</ns0:Data>\n<ns0:Data Name="ProcessId">3156</ns0:Data>\n<ns0:Data Name="Image">C:\\Users\\Administrator\\Downloads\\lazagne.exe</ns0:Data>\n</ns0:EventData>\n</ns0:Event>'
6
10844
ATTENTION!!!   10844   Events have been identified on the targeted system as suspicious for Lateral Movement Attack!!!
<?xml version="1.0" ?>
<Event xmlns="http://schemas.microsoft.com/win/2004/08/events/event">
	<System>
		<Provider Name="Microsoft-Windows-Sysmon" Guid="{5770385f-c22a-43e0-bf4c-06f5698ffbd9}"/>
		<EventID Qualifiers="">5</EventID>
		<Version>3</Version>
		<Level>4</Level>
		<Task>5</Task>
		<Opcode>0</Opcode>
		<Keywords>0x8000000000000000</Keywords>
		<TimeCreated SystemTime="2021-12-07 10:22:53.494322"/>
		<EventRecordID>25587</EventRecordID>
		<Correlation ActivityID="" RelatedActivityID=""/>
		<Execution ProcessID="3120" ThreadID="2992"/>
		<Channel>Microsoft-Windows-Sysmon/Operational</Channel>
		<Computer>WIN-J23NIGGP1Q6.sysmon_set.local</Computer>
		<Security UserID="S-1-5-18"/>
	</System>
	<EventData>
		<Data Name="RuleName">-</Data>
		<Data Name="UtcTime">2021-12-07 10:22:53.483</Data>
		<Data Name="ProcessGuid">{27532e6a-35fd-61af-6401-000000001d00}</Data>
		<Data Name="ProcessId">4528</Data>
		<Data Name="Image">C:\Users\Administrator\Downloads\lazagne.exe</Data>
	</EventData>
</Event>

b'<ns0:Event xmlns:ns0="http://schemas.microsoft.com/win/2004/08/events/event"><ns0:System><ns0:Provider Name="Microsoft-Windows-Sysmon" Guid="{5770385f-c22a-43e0-bf4c-06f5698ffbd9}" />\n<ns0:EventID Qualifiers="">5</ns0:EventID>\n<ns0:Version>3</ns0:Version>\n<ns0:Level>4</ns0:Level>\n<ns0:Task>5</ns0:Task>\n<ns0:Opcode>0</ns0:Opcode>\n<ns0:Keywords>0x8000000000000000</ns0:Keywords>\n<ns0:TimeCreated SystemTime="2021-12-07 10:22:53.494322" />\n<ns0:EventRecordID>25587</ns0:EventRecordID>\n<ns0:Correlation ActivityID="" RelatedActivityID="" />\n<ns0:Execution ProcessID="3120" ThreadID="2992" />\n<ns0:Channel>Microsoft-Windows-Sysmon/Operational</ns0:Channel>\n<ns0:Computer>WIN-J23NIGGP1Q6.sysmon_set.local</ns0:Computer>\n<ns0:Security UserID="S-1-5-18" />\n</ns0:System>\n<ns0:EventData><ns0:Data Name="RuleName">-</ns0:Data>\n<ns0:Data Name="UtcTime">2021-12-07 10:22:53.483</ns0:Data>\n<ns0:Data Name="ProcessGuid">{27532e6a-35fd-61af-6401-000000001d00}</ns0:Data>\n<ns0:Data Name="ProcessId">4528</ns0:Data>\n<ns0:Data Name="Image">C:\\Users\\Administrator\\Downloads\\lazagne.exe</ns0:Data>\n</ns0:EventData>\n</ns0:Event>'
6
10845
ATTENTION!!!   10845   Events have been identified on the targeted system as suspicious for Lateral Movement Attack!!!
<?xml version="1.0" ?>
<Event xmlns="http://schemas.microsoft.com/win/2004/08/events/event">
	<System>
		<Provider Name="Microsoft-Windows-Sysmon" Guid="{5770385f-c22a-43e0-bf4c-06f5698ffbd9}"/>
		<EventID Qualifiers="">3</EventID>
		<Version>5</Version>
		<Level>4</Level>
		<Task>3</Task>
		<Opcode>0</Opcode>
		<Keywords>0x8000000000000000</Keywords>
		<TimeCreated SystemTime="2021-12-07 10:22:54.093765"/>
		<EventRecordID>25588</EventRecordID>
		<Correlation ActivityID="" RelatedActivityID=""/>
		<Execution ProcessID="3120" ThreadID="2988"/>
		<Channel>Microsoft-Windows-Sysmon/Operational</Channel>
		<Computer>WIN-J23NIGGP1Q6.sysmon_set.local</Computer>
		<Security UserID="S-1-5-18"/>
	</System>
	<EventData>
		<Data Name="RuleName">-</Data>
		<Data Name="UtcTime">2021-12-07 10:22:53.956</Data>
		<Data Name="ProcessGuid">{27532e6a-2d16-61af-4800-000000001d00}</Data>
		<Data Name="ProcessId">3336</Data>
		<Data Name="Image">C:\Windows\System32\dns.exe</Data>
		<Data Name="User">NT AUTHORITY\SYSTEM</Data>
		<Data Name="Protocol">udp</Data>
		<Data Name="Initiated">False</Data>
		<Data Name="SourceIsIpv6">False</Data>
		<Data Name="SourceIp">127.0.0.1</Data>
		<Data Name="SourceHostname">WIN-J23NIGGP1Q6.sysmon_set.local</Data>
		<Data Name="SourcePort">53</Data>
		<Data Name="SourcePortName">domain</Data>
		<Data Name="DestinationIsIpv6">False</Data>
		<Data Name="DestinationIp">127.0.0.1</Data>
		<Data Name="DestinationHostname">WIN-J23NIGGP1Q6.sysmon_set.local</Data>
		<Data Name="DestinationPort">51745</Data>
		<Data Name="DestinationPortName">-</Data>
	</EventData>
</Event>

b'<ns0:Event xmlns:ns0="http://schemas.microsoft.com/win/2004/08/events/event"><ns0:System><ns0:Provider Name="Microsoft-Windows-Sysmon" Guid="{5770385f-c22a-43e0-bf4c-06f5698ffbd9}" />\n<ns0:EventID Qualifiers="">3</ns0:EventID>\n<ns0:Version>5</ns0:Version>\n<ns0:Level>4</ns0:Level>\n<ns0:Task>3</ns0:Task>\n<ns0:Opcode>0</ns0:Opcode>\n<ns0:Keywords>0x8000000000000000</ns0:Keywords>\n<ns0:TimeCreated SystemTime="2021-12-07 10:22:54.093765" />\n<ns0:EventRecordID>25588</ns0:EventRecordID>\n<ns0:Correlation ActivityID="" RelatedActivityID="" />\n<ns0:Execution ProcessID="3120" ThreadID="2988" />\n<ns0:Channel>Microsoft-Windows-Sysmon/Operational</ns0:Channel>\n<ns0:Computer>WIN-J23NIGGP1Q6.sysmon_set.local</ns0:Computer>\n<ns0:Security UserID="S-1-5-18" />\n</ns0:System>\n<ns0:EventData><ns0:Data Name="RuleName">-</ns0:Data>\n<ns0:Data Name="UtcTime">2021-12-07 10:22:53.956</ns0:Data>\n<ns0:Data Name="ProcessGuid">{27532e6a-2d16-61af-4800-000000001d00}</ns0:Data>\n<ns0:Data Name="ProcessId">3336</ns0:Data>\n<ns0:Data Name="Image">C:\\Windows\\System32\\dns.exe</ns0:Data>\n<ns0:Data Name="User">NT AUTHORITY\\SYSTEM</ns0:Data>\n<ns0:Data Name="Protocol">udp</ns0:Data>\n<ns0:Data Name="Initiated">False</ns0:Data>\n<ns0:Data Name="SourceIsIpv6">False</ns0:Data>\n<ns0:Data Name="SourceIp">127.0.0.1</ns0:Data>\n<ns0:Data Name="SourceHostname">WIN-J23NIGGP1Q6.sysmon_set.local</ns0:Data>\n<ns0:Data Name="SourcePort">53</ns0:Data>\n<ns0:Data Name="SourcePortName">domain</ns0:Data>\n<ns0:Data Name="DestinationIsIpv6">False</ns0:Data>\n<ns0:Data Name="DestinationIp">127.0.0.1</ns0:Data>\n<ns0:Data Name="DestinationHostname">WIN-J23NIGGP1Q6.sysmon_set.local</ns0:Data>\n<ns0:Data Name="DestinationPort">51745</ns0:Data>\n<ns0:Data Name="DestinationPortName">-</ns0:Data>\n</ns0:EventData>\n</ns0:Event>'
5
10846
ATTENTION!!!   10846   Events have been identified on the targeted system as suspicious for Lateral Movement Attack!!!
<?xml version="1.0" ?>
<Event xmlns="http://schemas.microsoft.com/win/2004/08/events/event">
	<System>
		<Provider Name="Microsoft-Windows-Sysmon" Guid="{5770385f-c22a-43e0-bf4c-06f5698ffbd9}"/>
		<EventID Qualifiers="">1</EventID>
		<Version>5</Version>
		<Level>4</Level>
		<Task>1</Task>
		<Opcode>0</Opcode>
		<Keywords>0x8000000000000000</Keywords>
		<TimeCreated SystemTime="2021-12-07 10:23:01.326269"/>
		<EventRecordID>25589</EventRecordID>
		<Correlation ActivityID="" RelatedActivityID=""/>
		<Execution ProcessID="3120" ThreadID="2992"/>
		<Channel>Microsoft-Windows-Sysmon/Operational</Channel>
		<Computer>WIN-J23NIGGP1Q6.sysmon_set.local</Computer>
		<Security UserID="S-1-5-18"/>
	</System>
	<EventData>
		<Data Name="RuleName">-</Data>
		<Data Name="UtcTime">2021-12-07 10:23:01.325</Data>
		<Data Name="ProcessGuid">{27532e6a-3605-61af-6601-000000001d00}</Data>
		<Data Name="ProcessId">684</Data>
		<Data Name="Image">C:\Users\Administrator\Downloads\lazagne.exe</Data>
		<Data Name="FileVersion">-</Data>
		<Data Name="Description">-</Data>
		<Data Name="Product">-</Data>
		<Data Name="Company">-</Data>
		<Data Name="OriginalFileName">-</Data>
		<Data Name="CommandLine">lazagne.exe  mails</Data>
		<Data Name="CurrentDirectory">C:\Users\Administrator\Downloads\</Data>
		<Data Name="User">NT AUTHORITY\SYSTEM</Data>
		<Data Name="LogonGuid">{27532e6a-2ce7-61af-e703-000000000000}</Data>
		<Data Name="LogonId">0x00000000000003e7</Data>
		<Data Name="TerminalSessionId">0</Data>
		<Data Name="IntegrityLevel">System</Data>
		<Data Name="Hashes">SHA256=ED2F501408A7A6E1A854C29C4B0BC5648A6AA8612432DF829008931B3E34BF56</Data>
		<Data Name="ParentProcessGuid">{27532e6a-3402-61af-3801-000000001d00}</Data>
		<Data Name="ParentProcessId">6068</Data>
		<Data Name="ParentImage">C:\Windows\SysWOW64\cmd.exe</Data>
		<Data Name="ParentCommandLine">C:\Windows\system32\cmd.exe</Data>
	</EventData>
</Event>

b'<ns0:Event xmlns:ns0="http://schemas.microsoft.com/win/2004/08/events/event"><ns0:System><ns0:Provider Name="Microsoft-Windows-Sysmon" Guid="{5770385f-c22a-43e0-bf4c-06f5698ffbd9}" />\n<ns0:EventID Qualifiers="">1</ns0:EventID>\n<ns0:Version>5</ns0:Version>\n<ns0:Level>4</ns0:Level>\n<ns0:Task>1</ns0:Task>\n<ns0:Opcode>0</ns0:Opcode>\n<ns0:Keywords>0x8000000000000000</ns0:Keywords>\n<ns0:TimeCreated SystemTime="2021-12-07 10:23:01.326269" />\n<ns0:EventRecordID>25589</ns0:EventRecordID>\n<ns0:Correlation ActivityID="" RelatedActivityID="" />\n<ns0:Execution ProcessID="3120" ThreadID="2992" />\n<ns0:Channel>Microsoft-Windows-Sysmon/Operational</ns0:Channel>\n<ns0:Computer>WIN-J23NIGGP1Q6.sysmon_set.local</ns0:Computer>\n<ns0:Security UserID="S-1-5-18" />\n</ns0:System>\n<ns0:EventData><ns0:Data Name="RuleName">-</ns0:Data>\n<ns0:Data Name="UtcTime">2021-12-07 10:23:01.325</ns0:Data>\n<ns0:Data Name="ProcessGuid">{27532e6a-3605-61af-6601-000000001d00}</ns0:Data>\n<ns0:Data Name="ProcessId">684</ns0:Data>\n<ns0:Data Name="Image">C:\\Users\\Administrator\\Downloads\\lazagne.exe</ns0:Data>\n<ns0:Data Name="FileVersion">-</ns0:Data>\n<ns0:Data Name="Description">-</ns0:Data>\n<ns0:Data Name="Product">-</ns0:Data>\n<ns0:Data Name="Company">-</ns0:Data>\n<ns0:Data Name="OriginalFileName">-</ns0:Data>\n<ns0:Data Name="CommandLine">lazagne.exe  mails</ns0:Data>\n<ns0:Data Name="CurrentDirectory">C:\\Users\\Administrator\\Downloads\\</ns0:Data>\n<ns0:Data Name="User">NT AUTHORITY\\SYSTEM</ns0:Data>\n<ns0:Data Name="LogonGuid">{27532e6a-2ce7-61af-e703-000000000000}</ns0:Data>\n<ns0:Data Name="LogonId">0x00000000000003e7</ns0:Data>\n<ns0:Data Name="TerminalSessionId">0</ns0:Data>\n<ns0:Data Name="IntegrityLevel">System</ns0:Data>\n<ns0:Data Name="Hashes">SHA256=ED2F501408A7A6E1A854C29C4B0BC5648A6AA8612432DF829008931B3E34BF56</ns0:Data>\n<ns0:Data Name="ParentProcessGuid">{27532e6a-3402-61af-3801-000000001d00}</ns0:Data>\n<ns0:Data Name="ParentProcessId">6068</ns0:Data>\n<ns0:Data Name="ParentImage">C:\\Windows\\SysWOW64\\cmd.exe</ns0:Data>\n<ns0:Data Name="ParentCommandLine">C:\\Windows\\system32\\cmd.exe</ns0:Data>\n</ns0:EventData>\n</ns0:Event>'
14
10847
ATTENTION!!!   10847   Events have been identified on the targeted system as suspicious for Lateral Movement Attack!!!
<?xml version="1.0" ?>
<Event xmlns="http://schemas.microsoft.com/win/2004/08/events/event">
	<System>
		<Provider Name="Microsoft-Windows-Sysmon" Guid="{5770385f-c22a-43e0-bf4c-06f5698ffbd9}"/>
		<EventID Qualifiers="">1</EventID>
		<Version>5</Version>
		<Level>4</Level>
		<Task>1</Task>
		<Opcode>0</Opcode>
		<Keywords>0x8000000000000000</Keywords>
		<TimeCreated SystemTime="2021-12-07 10:23:01.406727"/>
		<EventRecordID>25590</EventRecordID>
		<Correlation ActivityID="" RelatedActivityID=""/>
		<Execution ProcessID="3120" ThreadID="2992"/>
		<Channel>Microsoft-Windows-Sysmon/Operational</Channel>
		<Computer>WIN-J23NIGGP1Q6.sysmon_set.local</Computer>
		<Security UserID="S-1-5-18"/>
	</System>
	<EventData>
		<Data Name="RuleName">-</Data>
		<Data Name="UtcTime">2021-12-07 10:23:01.405</Data>
		<Data Name="ProcessGuid">{27532e6a-3605-61af-6701-000000001d00}</Data>
		<Data Name="ProcessId">2080</Data>
		<Data Name="Image">C:\Users\Administrator\Downloads\lazagne.exe</Data>
		<Data Name="FileVersion">-</Data>
		<Data Name="Description">-</Data>
		<Data Name="Product">-</Data>
		<Data Name="Company">-</Data>
		<Data Name="OriginalFileName">-</Data>
		<Data Name="CommandLine">lazagne.exe  mails</Data>
		<Data Name="CurrentDirectory">C:\Users\Administrator\Downloads\</Data>
		<Data Name="User">NT AUTHORITY\SYSTEM</Data>
		<Data Name="LogonGuid">{27532e6a-2ce7-61af-e703-000000000000}</Data>
		<Data Name="LogonId">0x00000000000003e7</Data>
		<Data Name="TerminalSessionId">0</Data>
		<Data Name="IntegrityLevel">System</Data>
		<Data Name="Hashes">SHA256=ED2F501408A7A6E1A854C29C4B0BC5648A6AA8612432DF829008931B3E34BF56</Data>
		<Data Name="ParentProcessGuid">{27532e6a-3605-61af-6601-000000001d00}</Data>
		<Data Name="ParentProcessId">684</Data>
		<Data Name="ParentImage">C:\Users\Administrator\Downloads\lazagne.exe</Data>
		<Data Name="ParentCommandLine">lazagne.exe  mails</Data>
	</EventData>
</Event>

b'<ns0:Event xmlns:ns0="http://schemas.microsoft.com/win/2004/08/events/event"><ns0:System><ns0:Provider Name="Microsoft-Windows-Sysmon" Guid="{5770385f-c22a-43e0-bf4c-06f5698ffbd9}" />\n<ns0:EventID Qualifiers="">1</ns0:EventID>\n<ns0:Version>5</ns0:Version>\n<ns0:Level>4</ns0:Level>\n<ns0:Task>1</ns0:Task>\n<ns0:Opcode>0</ns0:Opcode>\n<ns0:Keywords>0x8000000000000000</ns0:Keywords>\n<ns0:TimeCreated SystemTime="2021-12-07 10:23:01.406727" />\n<ns0:EventRecordID>25590</ns0:EventRecordID>\n<ns0:Correlation ActivityID="" RelatedActivityID="" />\n<ns0:Execution ProcessID="3120" ThreadID="2992" />\n<ns0:Channel>Microsoft-Windows-Sysmon/Operational</ns0:Channel>\n<ns0:Computer>WIN-J23NIGGP1Q6.sysmon_set.local</ns0:Computer>\n<ns0:Security UserID="S-1-5-18" />\n</ns0:System>\n<ns0:EventData><ns0:Data Name="RuleName">-</ns0:Data>\n<ns0:Data Name="UtcTime">2021-12-07 10:23:01.405</ns0:Data>\n<ns0:Data Name="ProcessGuid">{27532e6a-3605-61af-6701-000000001d00}</ns0:Data>\n<ns0:Data Name="ProcessId">2080</ns0:Data>\n<ns0:Data Name="Image">C:\\Users\\Administrator\\Downloads\\lazagne.exe</ns0:Data>\n<ns0:Data Name="FileVersion">-</ns0:Data>\n<ns0:Data Name="Description">-</ns0:Data>\n<ns0:Data Name="Product">-</ns0:Data>\n<ns0:Data Name="Company">-</ns0:Data>\n<ns0:Data Name="OriginalFileName">-</ns0:Data>\n<ns0:Data Name="CommandLine">lazagne.exe  mails</ns0:Data>\n<ns0:Data Name="CurrentDirectory">C:\\Users\\Administrator\\Downloads\\</ns0:Data>\n<ns0:Data Name="User">NT AUTHORITY\\SYSTEM</ns0:Data>\n<ns0:Data Name="LogonGuid">{27532e6a-2ce7-61af-e703-000000000000}</ns0:Data>\n<ns0:Data Name="LogonId">0x00000000000003e7</ns0:Data>\n<ns0:Data Name="TerminalSessionId">0</ns0:Data>\n<ns0:Data Name="IntegrityLevel">System</ns0:Data>\n<ns0:Data Name="Hashes">SHA256=ED2F501408A7A6E1A854C29C4B0BC5648A6AA8612432DF829008931B3E34BF56</ns0:Data>\n<ns0:Data Name="ParentProcessGuid">{27532e6a-3605-61af-6601-000000001d00}</ns0:Data>\n<ns0:Data Name="ParentProcessId">684</ns0:Data>\n<ns0:Data Name="ParentImage">C:\\Users\\Administrator\\Downloads\\lazagne.exe</ns0:Data>\n<ns0:Data Name="ParentCommandLine">lazagne.exe  mails</ns0:Data>\n</ns0:EventData>\n</ns0:Event>'
15
10848
ATTENTION!!!   10848   Events have been identified on the targeted system as suspicious for Lateral Movement Attack!!!
<?xml version="1.0" ?>
<Event xmlns="http://schemas.microsoft.com/win/2004/08/events/event">
	<System>
		<Provider Name="Microsoft-Windows-Sysmon" Guid="{5770385f-c22a-43e0-bf4c-06f5698ffbd9}"/>
		<EventID Qualifiers="">1</EventID>
		<Version>5</Version>
		<Level>4</Level>
		<Task>1</Task>
		<Opcode>0</Opcode>
		<Keywords>0x8000000000000000</Keywords>
		<TimeCreated SystemTime="2021-12-07 10:23:01.739437"/>
		<EventRecordID>25591</EventRecordID>
		<Correlation ActivityID="" RelatedActivityID=""/>
		<Execution ProcessID="3120" ThreadID="2992"/>
		<Channel>Microsoft-Windows-Sysmon/Operational</Channel>
		<Computer>WIN-J23NIGGP1Q6.sysmon_set.local</Computer>
		<Security UserID="S-1-5-18"/>
	</System>
	<EventData>
		<Data Name="RuleName">-</Data>
		<Data Name="UtcTime">2021-12-07 10:23:01.738</Data>
		<Data Name="ProcessGuid">{27532e6a-3605-61af-6801-000000001d00}</Data>
		<Data Name="ProcessId">4904</Data>
		<Data Name="Image">C:\Windows\System32\cmd.exe</Data>
		<Data Name="FileVersion">10.0.17763.592 (WinBuild.160101.0800)</Data>
		<Data Name="Description">Windows Command Processor</Data>
		<Data Name="Product">Microsoft Windows Operating System</Data>
		<Data Name="Company">Microsoft Corporation</Data>
		<Data Name="OriginalFileName">Cmd.Exe</Data>
		<Data Name="CommandLine">cmd.exe /c &quot;reg.exe save hklm\security c:\windows\temp\jdrshzh&quot;</Data>
		<Data Name="CurrentDirectory">C:\Users\Administrator\Downloads\</Data>
		<Data Name="User">NT AUTHORITY\SYSTEM</Data>
		<Data Name="LogonGuid">{27532e6a-2ce7-61af-e703-000000000000}</Data>
		<Data Name="LogonId">0x00000000000003e7</Data>
		<Data Name="TerminalSessionId">0</Data>
		<Data Name="IntegrityLevel">System</Data>
		<Data Name="Hashes">SHA256=3656F37A1C6951EC4496FABB8EE957D3A6E3C276D5A3785476B482C9C0D32EA2</Data>
		<Data Name="ParentProcessGuid">{27532e6a-3605-61af-6701-000000001d00}</Data>
		<Data Name="ParentProcessId">2080</Data>
		<Data Name="ParentImage">C:\Users\Administrator\Downloads\lazagne.exe</Data>
		<Data Name="ParentCommandLine">lazagne.exe  mails</Data>
	</EventData>
</Event>

b'<ns0:Event xmlns:ns0="http://schemas.microsoft.com/win/2004/08/events/event"><ns0:System><ns0:Provider Name="Microsoft-Windows-Sysmon" Guid="{5770385f-c22a-43e0-bf4c-06f5698ffbd9}" />\n<ns0:EventID Qualifiers="">1</ns0:EventID>\n<ns0:Version>5</ns0:Version>\n<ns0:Level>4</ns0:Level>\n<ns0:Task>1</ns0:Task>\n<ns0:Opcode>0</ns0:Opcode>\n<ns0:Keywords>0x8000000000000000</ns0:Keywords>\n<ns0:TimeCreated SystemTime="2021-12-07 10:23:01.739437" />\n<ns0:EventRecordID>25591</ns0:EventRecordID>\n<ns0:Correlation ActivityID="" RelatedActivityID="" />\n<ns0:Execution ProcessID="3120" ThreadID="2992" />\n<ns0:Channel>Microsoft-Windows-Sysmon/Operational</ns0:Channel>\n<ns0:Computer>WIN-J23NIGGP1Q6.sysmon_set.local</ns0:Computer>\n<ns0:Security UserID="S-1-5-18" />\n</ns0:System>\n<ns0:EventData><ns0:Data Name="RuleName">-</ns0:Data>\n<ns0:Data Name="UtcTime">2021-12-07 10:23:01.738</ns0:Data>\n<ns0:Data Name="ProcessGuid">{27532e6a-3605-61af-6801-000000001d00}</ns0:Data>\n<ns0:Data Name="ProcessId">4904</ns0:Data>\n<ns0:Data Name="Image">C:\\Windows\\System32\\cmd.exe</ns0:Data>\n<ns0:Data Name="FileVersion">10.0.17763.592 (WinBuild.160101.0800)</ns0:Data>\n<ns0:Data Name="Description">Windows Command Processor</ns0:Data>\n<ns0:Data Name="Product">Microsoft&#174; Windows&#174; Operating System</ns0:Data>\n<ns0:Data Name="Company">Microsoft Corporation</ns0:Data>\n<ns0:Data Name="OriginalFileName">Cmd.Exe</ns0:Data>\n<ns0:Data Name="CommandLine">cmd.exe /c "reg.exe save hklm\\security c:\\windows\\temp\\jdrshzh"</ns0:Data>\n<ns0:Data Name="CurrentDirectory">C:\\Users\\Administrator\\Downloads\\</ns0:Data>\n<ns0:Data Name="User">NT AUTHORITY\\SYSTEM</ns0:Data>\n<ns0:Data Name="LogonGuid">{27532e6a-2ce7-61af-e703-000000000000}</ns0:Data>\n<ns0:Data Name="LogonId">0x00000000000003e7</ns0:Data>\n<ns0:Data Name="TerminalSessionId">0</ns0:Data>\n<ns0:Data Name="IntegrityLevel">System</ns0:Data>\n<ns0:Data Name="Hashes">SHA256=3656F37A1C6951EC4496FABB8EE957D3A6E3C276D5A3785476B482C9C0D32EA2</ns0:Data>\n<ns0:Data Name="ParentProcessGuid">{27532e6a-3605-61af-6701-000000001d00}</ns0:Data>\n<ns0:Data Name="ParentProcessId">2080</ns0:Data>\n<ns0:Data Name="ParentImage">C:\\Users\\Administrator\\Downloads\\lazagne.exe</ns0:Data>\n<ns0:Data Name="ParentCommandLine">lazagne.exe  mails</ns0:Data>\n</ns0:EventData>\n</ns0:Event>'
16
10849
ATTENTION!!!   10849   Events have been identified on the targeted system as suspicious for Lateral Movement Attack!!!
<?xml version="1.0" ?>
<Event xmlns="http://schemas.microsoft.com/win/2004/08/events/event">
	<System>
		<Provider Name="Microsoft-Windows-Sysmon" Guid="{5770385f-c22a-43e0-bf4c-06f5698ffbd9}"/>
		<EventID Qualifiers="">1</EventID>
		<Version>5</Version>
		<Level>4</Level>
		<Task>1</Task>
		<Opcode>0</Opcode>
		<Keywords>0x8000000000000000</Keywords>
		<TimeCreated SystemTime="2021-12-07 10:23:01.748749"/>
		<EventRecordID>25592</EventRecordID>
		<Correlation ActivityID="" RelatedActivityID=""/>
		<Execution ProcessID="3120" ThreadID="2992"/>
		<Channel>Microsoft-Windows-Sysmon/Operational</Channel>
		<Computer>WIN-J23NIGGP1Q6.sysmon_set.local</Computer>
		<Security UserID="S-1-5-18"/>
	</System>
	<EventData>
		<Data Name="RuleName">-</Data>
		<Data Name="UtcTime">2021-12-07 10:23:01.747</Data>
		<Data Name="ProcessGuid">{27532e6a-3605-61af-6901-000000001d00}</Data>
		<Data Name="ProcessId">4964</Data>
		<Data Name="Image">C:\Windows\System32\reg.exe</Data>
		<Data Name="FileVersion">10.0.17763.1 (WinBuild.160101.0800)</Data>
		<Data Name="Description">Registry Console Tool</Data>
		<Data Name="Product">Microsoft Windows Operating System</Data>
		<Data Name="Company">Microsoft Corporation</Data>
		<Data Name="OriginalFileName">reg.exe</Data>
		<Data Name="CommandLine">reg.exe  save hklm\security c:\windows\temp\jdrshzh</Data>
		<Data Name="CurrentDirectory">C:\Users\Administrator\Downloads\</Data>
		<Data Name="User">NT AUTHORITY\SYSTEM</Data>
		<Data Name="LogonGuid">{27532e6a-2ce7-61af-e703-000000000000}</Data>
		<Data Name="LogonId">0x00000000000003e7</Data>
		<Data Name="TerminalSessionId">0</Data>
		<Data Name="IntegrityLevel">System</Data>
		<Data Name="Hashes">SHA256=19316D4266D0B776D9B2A05D5903D8CBC8F0EA1520E9C2A7E6D5960B6FA4DCAF</Data>
		<Data Name="ParentProcessGuid">{27532e6a-3605-61af-6801-000000001d00}</Data>
		<Data Name="ParentProcessId">4904</Data>
		<Data Name="ParentImage">C:\Windows\System32\cmd.exe</Data>
		<Data Name="ParentCommandLine">cmd.exe /c &quot;reg.exe save hklm\security c:\windows\temp\jdrshzh&quot;</Data>
	</EventData>
</Event>

b'<ns0:Event xmlns:ns0="http://schemas.microsoft.com/win/2004/08/events/event"><ns0:System><ns0:Provider Name="Microsoft-Windows-Sysmon" Guid="{5770385f-c22a-43e0-bf4c-06f5698ffbd9}" />\n<ns0:EventID Qualifiers="">1</ns0:EventID>\n<ns0:Version>5</ns0:Version>\n<ns0:Level>4</ns0:Level>\n<ns0:Task>1</ns0:Task>\n<ns0:Opcode>0</ns0:Opcode>\n<ns0:Keywords>0x8000000000000000</ns0:Keywords>\n<ns0:TimeCreated SystemTime="2021-12-07 10:23:01.748749" />\n<ns0:EventRecordID>25592</ns0:EventRecordID>\n<ns0:Correlation ActivityID="" RelatedActivityID="" />\n<ns0:Execution ProcessID="3120" ThreadID="2992" />\n<ns0:Channel>Microsoft-Windows-Sysmon/Operational</ns0:Channel>\n<ns0:Computer>WIN-J23NIGGP1Q6.sysmon_set.local</ns0:Computer>\n<ns0:Security UserID="S-1-5-18" />\n</ns0:System>\n<ns0:EventData><ns0:Data Name="RuleName">-</ns0:Data>\n<ns0:Data Name="UtcTime">2021-12-07 10:23:01.747</ns0:Data>\n<ns0:Data Name="ProcessGuid">{27532e6a-3605-61af-6901-000000001d00}</ns0:Data>\n<ns0:Data Name="ProcessId">4964</ns0:Data>\n<ns0:Data Name="Image">C:\\Windows\\System32\\reg.exe</ns0:Data>\n<ns0:Data Name="FileVersion">10.0.17763.1 (WinBuild.160101.0800)</ns0:Data>\n<ns0:Data Name="Description">Registry Console Tool</ns0:Data>\n<ns0:Data Name="Product">Microsoft&#174; Windows&#174; Operating System</ns0:Data>\n<ns0:Data Name="Company">Microsoft Corporation</ns0:Data>\n<ns0:Data Name="OriginalFileName">reg.exe</ns0:Data>\n<ns0:Data Name="CommandLine">reg.exe  save hklm\\security c:\\windows\\temp\\jdrshzh</ns0:Data>\n<ns0:Data Name="CurrentDirectory">C:\\Users\\Administrator\\Downloads\\</ns0:Data>\n<ns0:Data Name="User">NT AUTHORITY\\SYSTEM</ns0:Data>\n<ns0:Data Name="LogonGuid">{27532e6a-2ce7-61af-e703-000000000000}</ns0:Data>\n<ns0:Data Name="LogonId">0x00000000000003e7</ns0:Data>\n<ns0:Data Name="TerminalSessionId">0</ns0:Data>\n<ns0:Data Name="IntegrityLevel">System</ns0:Data>\n<ns0:Data Name="Hashes">SHA256=19316D4266D0B776D9B2A05D5903D8CBC8F0EA1520E9C2A7E6D5960B6FA4DCAF</ns0:Data>\n<ns0:Data Name="ParentProcessGuid">{27532e6a-3605-61af-6801-000000001d00}</ns0:Data>\n<ns0:Data Name="ParentProcessId">4904</ns0:Data>\n<ns0:Data Name="ParentImage">C:\\Windows\\System32\\cmd.exe</ns0:Data>\n<ns0:Data Name="ParentCommandLine">cmd.exe /c "reg.exe save hklm\\security c:\\windows\\temp\\jdrshzh"</ns0:Data>\n</ns0:EventData>\n</ns0:Event>'
17
10850
ATTENTION!!!   10850   Events have been identified on the targeted system as suspicious for Lateral Movement Attack!!!
<?xml version="1.0" ?>
<Event xmlns="http://schemas.microsoft.com/win/2004/08/events/event">
	<System>
		<Provider Name="Microsoft-Windows-Sysmon" Guid="{5770385f-c22a-43e0-bf4c-06f5698ffbd9}"/>
		<EventID Qualifiers="">5</EventID>
		<Version>3</Version>
		<Level>4</Level>
		<Task>5</Task>
		<Opcode>0</Opcode>
		<Keywords>0x8000000000000000</Keywords>
		<TimeCreated SystemTime="2021-12-07 10:23:01.802269"/>
		<EventRecordID>25593</EventRecordID>
		<Correlation ActivityID="" RelatedActivityID=""/>
		<Execution ProcessID="3120" ThreadID="2992"/>
		<Channel>Microsoft-Windows-Sysmon/Operational</Channel>
		<Computer>WIN-J23NIGGP1Q6.sysmon_set.local</Computer>
		<Security UserID="S-1-5-18"/>
	</System>
	<EventData>
		<Data Name="RuleName">-</Data>
		<Data Name="UtcTime">2021-12-07 10:23:01.795</Data>
		<Data Name="ProcessGuid">{27532e6a-3605-61af-6901-000000001d00}</Data>
		<Data Name="ProcessId">4964</Data>
		<Data Name="Image">C:\Windows\System32\reg.exe</Data>
	</EventData>
</Event>

b'<ns0:Event xmlns:ns0="http://schemas.microsoft.com/win/2004/08/events/event"><ns0:System><ns0:Provider Name="Microsoft-Windows-Sysmon" Guid="{5770385f-c22a-43e0-bf4c-06f5698ffbd9}" />\n<ns0:EventID Qualifiers="">5</ns0:EventID>\n<ns0:Version>3</ns0:Version>\n<ns0:Level>4</ns0:Level>\n<ns0:Task>5</ns0:Task>\n<ns0:Opcode>0</ns0:Opcode>\n<ns0:Keywords>0x8000000000000000</ns0:Keywords>\n<ns0:TimeCreated SystemTime="2021-12-07 10:23:01.802269" />\n<ns0:EventRecordID>25593</ns0:EventRecordID>\n<ns0:Correlation ActivityID="" RelatedActivityID="" />\n<ns0:Execution ProcessID="3120" ThreadID="2992" />\n<ns0:Channel>Microsoft-Windows-Sysmon/Operational</ns0:Channel>\n<ns0:Computer>WIN-J23NIGGP1Q6.sysmon_set.local</ns0:Computer>\n<ns0:Security UserID="S-1-5-18" />\n</ns0:System>\n<ns0:EventData><ns0:Data Name="RuleName">-</ns0:Data>\n<ns0:Data Name="UtcTime">2021-12-07 10:23:01.795</ns0:Data>\n<ns0:Data Name="ProcessGuid">{27532e6a-3605-61af-6901-000000001d00}</ns0:Data>\n<ns0:Data Name="ProcessId">4964</ns0:Data>\n<ns0:Data Name="Image">C:\\Windows\\System32\\reg.exe</ns0:Data>\n</ns0:EventData>\n</ns0:Event>'
5
10851
ATTENTION!!!   10851   Events have been identified on the targeted system as suspicious for Lateral Movement Attack!!!
<?xml version="1.0" ?>
<Event xmlns="http://schemas.microsoft.com/win/2004/08/events/event">
	<System>
		<Provider Name="Microsoft-Windows-Sysmon" Guid="{5770385f-c22a-43e0-bf4c-06f5698ffbd9}"/>
		<EventID Qualifiers="">5</EventID>
		<Version>3</Version>
		<Level>4</Level>
		<Task>5</Task>
		<Opcode>0</Opcode>
		<Keywords>0x8000000000000000</Keywords>
		<TimeCreated SystemTime="2021-12-07 10:23:01.808180"/>
		<EventRecordID>25594</EventRecordID>
		<Correlation ActivityID="" RelatedActivityID=""/>
		<Execution ProcessID="3120" ThreadID="2992"/>
		<Channel>Microsoft-Windows-Sysmon/Operational</Channel>
		<Computer>WIN-J23NIGGP1Q6.sysmon_set.local</Computer>
		<Security UserID="S-1-5-18"/>
	</System>
	<EventData>
		<Data Name="RuleName">-</Data>
		<Data Name="UtcTime">2021-12-07 10:23:01.795</Data>
		<Data Name="ProcessGuid">{27532e6a-3605-61af-6801-000000001d00}</Data>
		<Data Name="ProcessId">4904</Data>
		<Data Name="Image">C:\Windows\System32\cmd.exe</Data>
	</EventData>
</Event>

b'<ns0:Event xmlns:ns0="http://schemas.microsoft.com/win/2004/08/events/event"><ns0:System><ns0:Provider Name="Microsoft-Windows-Sysmon" Guid="{5770385f-c22a-43e0-bf4c-06f5698ffbd9}" />\n<ns0:EventID Qualifiers="">5</ns0:EventID>\n<ns0:Version>3</ns0:Version>\n<ns0:Level>4</ns0:Level>\n<ns0:Task>5</ns0:Task>\n<ns0:Opcode>0</ns0:Opcode>\n<ns0:Keywords>0x8000000000000000</ns0:Keywords>\n<ns0:TimeCreated SystemTime="2021-12-07 10:23:01.808180" />\n<ns0:EventRecordID>25594</ns0:EventRecordID>\n<ns0:Correlation ActivityID="" RelatedActivityID="" />\n<ns0:Execution ProcessID="3120" ThreadID="2992" />\n<ns0:Channel>Microsoft-Windows-Sysmon/Operational</ns0:Channel>\n<ns0:Computer>WIN-J23NIGGP1Q6.sysmon_set.local</ns0:Computer>\n<ns0:Security UserID="S-1-5-18" />\n</ns0:System>\n<ns0:EventData><ns0:Data Name="RuleName">-</ns0:Data>\n<ns0:Data Name="UtcTime">2021-12-07 10:23:01.795</ns0:Data>\n<ns0:Data Name="ProcessGuid">{27532e6a-3605-61af-6801-000000001d00}</ns0:Data>\n<ns0:Data Name="ProcessId">4904</ns0:Data>\n<ns0:Data Name="Image">C:\\Windows\\System32\\cmd.exe</ns0:Data>\n</ns0:EventData>\n</ns0:Event>'
5
10852
ATTENTION!!!   10852   Events have been identified on the targeted system as suspicious for Lateral Movement Attack!!!
<?xml version="1.0" ?>
<Event xmlns="http://schemas.microsoft.com/win/2004/08/events/event">
	<System>
		<Provider Name="Microsoft-Windows-Sysmon" Guid="{5770385f-c22a-43e0-bf4c-06f5698ffbd9}"/>
		<EventID Qualifiers="">1</EventID>
		<Version>5</Version>
		<Level>4</Level>
		<Task>1</Task>
		<Opcode>0</Opcode>
		<Keywords>0x8000000000000000</Keywords>
		<TimeCreated SystemTime="2021-12-07 10:23:01.813122"/>
		<EventRecordID>25595</EventRecordID>
		<Correlation ActivityID="" RelatedActivityID=""/>
		<Execution ProcessID="3120" ThreadID="2992"/>
		<Channel>Microsoft-Windows-Sysmon/Operational</Channel>
		<Computer>WIN-J23NIGGP1Q6.sysmon_set.local</Computer>
		<Security UserID="S-1-5-18"/>
	</System>
	<EventData>
		<Data Name="RuleName">-</Data>
		<Data Name="UtcTime">2021-12-07 10:23:01.811</Data>
		<Data Name="ProcessGuid">{27532e6a-3605-61af-6a01-000000001d00}</Data>
		<Data Name="ProcessId">2848</Data>
		<Data Name="Image">C:\Windows\System32\cmd.exe</Data>
		<Data Name="FileVersion">10.0.17763.592 (WinBuild.160101.0800)</Data>
		<Data Name="Description">Windows Command Processor</Data>
		<Data Name="Product">Microsoft Windows Operating System</Data>
		<Data Name="Company">Microsoft Corporation</Data>
		<Data Name="OriginalFileName">Cmd.Exe</Data>
		<Data Name="CommandLine">cmd.exe /c &quot;reg.exe save hklm\system c:\windows\temp\vcdfujjqqrci&quot;</Data>
		<Data Name="CurrentDirectory">C:\Users\Administrator\Downloads\</Data>
		<Data Name="User">NT AUTHORITY\SYSTEM</Data>
		<Data Name="LogonGuid">{27532e6a-2ce7-61af-e703-000000000000}</Data>
		<Data Name="LogonId">0x00000000000003e7</Data>
		<Data Name="TerminalSessionId">0</Data>
		<Data Name="IntegrityLevel">System</Data>
		<Data Name="Hashes">SHA256=3656F37A1C6951EC4496FABB8EE957D3A6E3C276D5A3785476B482C9C0D32EA2</Data>
		<Data Name="ParentProcessGuid">{27532e6a-3605-61af-6701-000000001d00}</Data>
		<Data Name="ParentProcessId">2080</Data>
		<Data Name="ParentImage">C:\Users\Administrator\Downloads\lazagne.exe</Data>
		<Data Name="ParentCommandLine">lazagne.exe  mails</Data>
	</EventData>
</Event>

b'<ns0:Event xmlns:ns0="http://schemas.microsoft.com/win/2004/08/events/event"><ns0:System><ns0:Provider Name="Microsoft-Windows-Sysmon" Guid="{5770385f-c22a-43e0-bf4c-06f5698ffbd9}" />\n<ns0:EventID Qualifiers="">1</ns0:EventID>\n<ns0:Version>5</ns0:Version>\n<ns0:Level>4</ns0:Level>\n<ns0:Task>1</ns0:Task>\n<ns0:Opcode>0</ns0:Opcode>\n<ns0:Keywords>0x8000000000000000</ns0:Keywords>\n<ns0:TimeCreated SystemTime="2021-12-07 10:23:01.813122" />\n<ns0:EventRecordID>25595</ns0:EventRecordID>\n<ns0:Correlation ActivityID="" RelatedActivityID="" />\n<ns0:Execution ProcessID="3120" ThreadID="2992" />\n<ns0:Channel>Microsoft-Windows-Sysmon/Operational</ns0:Channel>\n<ns0:Computer>WIN-J23NIGGP1Q6.sysmon_set.local</ns0:Computer>\n<ns0:Security UserID="S-1-5-18" />\n</ns0:System>\n<ns0:EventData><ns0:Data Name="RuleName">-</ns0:Data>\n<ns0:Data Name="UtcTime">2021-12-07 10:23:01.811</ns0:Data>\n<ns0:Data Name="ProcessGuid">{27532e6a-3605-61af-6a01-000000001d00}</ns0:Data>\n<ns0:Data Name="ProcessId">2848</ns0:Data>\n<ns0:Data Name="Image">C:\\Windows\\System32\\cmd.exe</ns0:Data>\n<ns0:Data Name="FileVersion">10.0.17763.592 (WinBuild.160101.0800)</ns0:Data>\n<ns0:Data Name="Description">Windows Command Processor</ns0:Data>\n<ns0:Data Name="Product">Microsoft&#174; Windows&#174; Operating System</ns0:Data>\n<ns0:Data Name="Company">Microsoft Corporation</ns0:Data>\n<ns0:Data Name="OriginalFileName">Cmd.Exe</ns0:Data>\n<ns0:Data Name="CommandLine">cmd.exe /c "reg.exe save hklm\\system c:\\windows\\temp\\vcdfujjqqrci"</ns0:Data>\n<ns0:Data Name="CurrentDirectory">C:\\Users\\Administrator\\Downloads\\</ns0:Data>\n<ns0:Data Name="User">NT AUTHORITY\\SYSTEM</ns0:Data>\n<ns0:Data Name="LogonGuid">{27532e6a-2ce7-61af-e703-000000000000}</ns0:Data>\n<ns0:Data Name="LogonId">0x00000000000003e7</ns0:Data>\n<ns0:Data Name="TerminalSessionId">0</ns0:Data>\n<ns0:Data Name="IntegrityLevel">System</ns0:Data>\n<ns0:Data Name="Hashes">SHA256=3656F37A1C6951EC4496FABB8EE957D3A6E3C276D5A3785476B482C9C0D32EA2</ns0:Data>\n<ns0:Data Name="ParentProcessGuid">{27532e6a-3605-61af-6701-000000001d00}</ns0:Data>\n<ns0:Data Name="ParentProcessId">2080</ns0:Data>\n<ns0:Data Name="ParentImage">C:\\Users\\Administrator\\Downloads\\lazagne.exe</ns0:Data>\n<ns0:Data Name="ParentCommandLine">lazagne.exe  mails</ns0:Data>\n</ns0:EventData>\n</ns0:Event>'
16
10853
ATTENTION!!!   10853   Events have been identified on the targeted system as suspicious for Lateral Movement Attack!!!
<?xml version="1.0" ?>
<Event xmlns="http://schemas.microsoft.com/win/2004/08/events/event">
	<System>
		<Provider Name="Microsoft-Windows-Sysmon" Guid="{5770385f-c22a-43e0-bf4c-06f5698ffbd9}"/>
		<EventID Qualifiers="">1</EventID>
		<Version>5</Version>
		<Level>4</Level>
		<Task>1</Task>
		<Opcode>0</Opcode>
		<Keywords>0x8000000000000000</Keywords>
		<TimeCreated SystemTime="2021-12-07 10:23:01.825636"/>
		<EventRecordID>25596</EventRecordID>
		<Correlation ActivityID="" RelatedActivityID=""/>
		<Execution ProcessID="3120" ThreadID="2992"/>
		<Channel>Microsoft-Windows-Sysmon/Operational</Channel>
		<Computer>WIN-J23NIGGP1Q6.sysmon_set.local</Computer>
		<Security UserID="S-1-5-18"/>
	</System>
	<EventData>
		<Data Name="RuleName">-</Data>
		<Data Name="UtcTime">2021-12-07 10:23:01.824</Data>
		<Data Name="ProcessGuid">{27532e6a-3605-61af-6b01-000000001d00}</Data>
		<Data Name="ProcessId">4492</Data>
		<Data Name="Image">C:\Windows\System32\reg.exe</Data>
		<Data Name="FileVersion">10.0.17763.1 (WinBuild.160101.0800)</Data>
		<Data Name="Description">Registry Console Tool</Data>
		<Data Name="Product">Microsoft Windows Operating System</Data>
		<Data Name="Company">Microsoft Corporation</Data>
		<Data Name="OriginalFileName">reg.exe</Data>
		<Data Name="CommandLine">reg.exe  save hklm\system c:\windows\temp\vcdfujjqqrci</Data>
		<Data Name="CurrentDirectory">C:\Users\Administrator\Downloads\</Data>
		<Data Name="User">NT AUTHORITY\SYSTEM</Data>
		<Data Name="LogonGuid">{27532e6a-2ce7-61af-e703-000000000000}</Data>
		<Data Name="LogonId">0x00000000000003e7</Data>
		<Data Name="TerminalSessionId">0</Data>
		<Data Name="IntegrityLevel">System</Data>
		<Data Name="Hashes">SHA256=19316D4266D0B776D9B2A05D5903D8CBC8F0EA1520E9C2A7E6D5960B6FA4DCAF</Data>
		<Data Name="ParentProcessGuid">{27532e6a-3605-61af-6a01-000000001d00}</Data>
		<Data Name="ParentProcessId">2848</Data>
		<Data Name="ParentImage">C:\Windows\System32\cmd.exe</Data>
		<Data Name="ParentCommandLine">cmd.exe /c &quot;reg.exe save hklm\system c:\windows\temp\vcdfujjqqrci&quot;</Data>
	</EventData>
</Event>

b'<ns0:Event xmlns:ns0="http://schemas.microsoft.com/win/2004/08/events/event"><ns0:System><ns0:Provider Name="Microsoft-Windows-Sysmon" Guid="{5770385f-c22a-43e0-bf4c-06f5698ffbd9}" />\n<ns0:EventID Qualifiers="">1</ns0:EventID>\n<ns0:Version>5</ns0:Version>\n<ns0:Level>4</ns0:Level>\n<ns0:Task>1</ns0:Task>\n<ns0:Opcode>0</ns0:Opcode>\n<ns0:Keywords>0x8000000000000000</ns0:Keywords>\n<ns0:TimeCreated SystemTime="2021-12-07 10:23:01.825636" />\n<ns0:EventRecordID>25596</ns0:EventRecordID>\n<ns0:Correlation ActivityID="" RelatedActivityID="" />\n<ns0:Execution ProcessID="3120" ThreadID="2992" />\n<ns0:Channel>Microsoft-Windows-Sysmon/Operational</ns0:Channel>\n<ns0:Computer>WIN-J23NIGGP1Q6.sysmon_set.local</ns0:Computer>\n<ns0:Security UserID="S-1-5-18" />\n</ns0:System>\n<ns0:EventData><ns0:Data Name="RuleName">-</ns0:Data>\n<ns0:Data Name="UtcTime">2021-12-07 10:23:01.824</ns0:Data>\n<ns0:Data Name="ProcessGuid">{27532e6a-3605-61af-6b01-000000001d00}</ns0:Data>\n<ns0:Data Name="ProcessId">4492</ns0:Data>\n<ns0:Data Name="Image">C:\\Windows\\System32\\reg.exe</ns0:Data>\n<ns0:Data Name="FileVersion">10.0.17763.1 (WinBuild.160101.0800)</ns0:Data>\n<ns0:Data Name="Description">Registry Console Tool</ns0:Data>\n<ns0:Data Name="Product">Microsoft&#174; Windows&#174; Operating System</ns0:Data>\n<ns0:Data Name="Company">Microsoft Corporation</ns0:Data>\n<ns0:Data Name="OriginalFileName">reg.exe</ns0:Data>\n<ns0:Data Name="CommandLine">reg.exe  save hklm\\system c:\\windows\\temp\\vcdfujjqqrci</ns0:Data>\n<ns0:Data Name="CurrentDirectory">C:\\Users\\Administrator\\Downloads\\</ns0:Data>\n<ns0:Data Name="User">NT AUTHORITY\\SYSTEM</ns0:Data>\n<ns0:Data Name="LogonGuid">{27532e6a-2ce7-61af-e703-000000000000}</ns0:Data>\n<ns0:Data Name="LogonId">0x00000000000003e7</ns0:Data>\n<ns0:Data Name="TerminalSessionId">0</ns0:Data>\n<ns0:Data Name="IntegrityLevel">System</ns0:Data>\n<ns0:Data Name="Hashes">SHA256=19316D4266D0B776D9B2A05D5903D8CBC8F0EA1520E9C2A7E6D5960B6FA4DCAF</ns0:Data>\n<ns0:Data Name="ParentProcessGuid">{27532e6a-3605-61af-6a01-000000001d00}</ns0:Data>\n<ns0:Data Name="ParentProcessId">2848</ns0:Data>\n<ns0:Data Name="ParentImage">C:\\Windows\\System32\\cmd.exe</ns0:Data>\n<ns0:Data Name="ParentCommandLine">cmd.exe /c "reg.exe save hklm\\system c:\\windows\\temp\\vcdfujjqqrci"</ns0:Data>\n</ns0:EventData>\n</ns0:Event>'
17
10854
ATTENTION!!!   10854   Events have been identified on the targeted system as suspicious for Lateral Movement Attack!!!
<?xml version="1.0" ?>
<Event xmlns="http://schemas.microsoft.com/win/2004/08/events/event">
	<System>
		<Provider Name="Microsoft-Windows-Sysmon" Guid="{5770385f-c22a-43e0-bf4c-06f5698ffbd9}"/>
		<EventID Qualifiers="">5</EventID>
		<Version>3</Version>
		<Level>4</Level>
		<Task>5</Task>
		<Opcode>0</Opcode>
		<Keywords>0x8000000000000000</Keywords>
		<TimeCreated SystemTime="2021-12-07 10:23:02.111237"/>
		<EventRecordID>25597</EventRecordID>
		<Correlation ActivityID="" RelatedActivityID=""/>
		<Execution ProcessID="3120" ThreadID="2992"/>
		<Channel>Microsoft-Windows-Sysmon/Operational</Channel>
		<Computer>WIN-J23NIGGP1Q6.sysmon_set.local</Computer>
		<Security UserID="S-1-5-18"/>
	</System>
	<EventData>
		<Data Name="RuleName">-</Data>
		<Data Name="UtcTime">2021-12-07 10:23:02.108</Data>
		<Data Name="ProcessGuid">{27532e6a-3605-61af-6b01-000000001d00}</Data>
		<Data Name="ProcessId">4492</Data>
		<Data Name="Image">C:\Windows\System32\reg.exe</Data>
	</EventData>
</Event>

b'<ns0:Event xmlns:ns0="http://schemas.microsoft.com/win/2004/08/events/event"><ns0:System><ns0:Provider Name="Microsoft-Windows-Sysmon" Guid="{5770385f-c22a-43e0-bf4c-06f5698ffbd9}" />\n<ns0:EventID Qualifiers="">5</ns0:EventID>\n<ns0:Version>3</ns0:Version>\n<ns0:Level>4</ns0:Level>\n<ns0:Task>5</ns0:Task>\n<ns0:Opcode>0</ns0:Opcode>\n<ns0:Keywords>0x8000000000000000</ns0:Keywords>\n<ns0:TimeCreated SystemTime="2021-12-07 10:23:02.111237" />\n<ns0:EventRecordID>25597</ns0:EventRecordID>\n<ns0:Correlation ActivityID="" RelatedActivityID="" />\n<ns0:Execution ProcessID="3120" ThreadID="2992" />\n<ns0:Channel>Microsoft-Windows-Sysmon/Operational</ns0:Channel>\n<ns0:Computer>WIN-J23NIGGP1Q6.sysmon_set.local</ns0:Computer>\n<ns0:Security UserID="S-1-5-18" />\n</ns0:System>\n<ns0:EventData><ns0:Data Name="RuleName">-</ns0:Data>\n<ns0:Data Name="UtcTime">2021-12-07 10:23:02.108</ns0:Data>\n<ns0:Data Name="ProcessGuid">{27532e6a-3605-61af-6b01-000000001d00}</ns0:Data>\n<ns0:Data Name="ProcessId">4492</ns0:Data>\n<ns0:Data Name="Image">C:\\Windows\\System32\\reg.exe</ns0:Data>\n</ns0:EventData>\n</ns0:Event>'
5
10855
ATTENTION!!!   10855   Events have been identified on the targeted system as suspicious for Lateral Movement Attack!!!
<?xml version="1.0" ?>
<Event xmlns="http://schemas.microsoft.com/win/2004/08/events/event">
	<System>
		<Provider Name="Microsoft-Windows-Sysmon" Guid="{5770385f-c22a-43e0-bf4c-06f5698ffbd9}"/>
		<EventID Qualifiers="">5</EventID>
		<Version>3</Version>
		<Level>4</Level>
		<Task>5</Task>
		<Opcode>0</Opcode>
		<Keywords>0x8000000000000000</Keywords>
		<TimeCreated SystemTime="2021-12-07 10:23:02.112896"/>
		<EventRecordID>25598</EventRecordID>
		<Correlation ActivityID="" RelatedActivityID=""/>
		<Execution ProcessID="3120" ThreadID="2992"/>
		<Channel>Microsoft-Windows-Sysmon/Operational</Channel>
		<Computer>WIN-J23NIGGP1Q6.sysmon_set.local</Computer>
		<Security UserID="S-1-5-18"/>
	</System>
	<EventData>
		<Data Name="RuleName">-</Data>
		<Data Name="UtcTime">2021-12-07 10:23:02.108</Data>
		<Data Name="ProcessGuid">{27532e6a-3605-61af-6a01-000000001d00}</Data>
		<Data Name="ProcessId">2848</Data>
		<Data Name="Image">C:\Windows\System32\cmd.exe</Data>
	</EventData>
</Event>

b'<ns0:Event xmlns:ns0="http://schemas.microsoft.com/win/2004/08/events/event"><ns0:System><ns0:Provider Name="Microsoft-Windows-Sysmon" Guid="{5770385f-c22a-43e0-bf4c-06f5698ffbd9}" />\n<ns0:EventID Qualifiers="">5</ns0:EventID>\n<ns0:Version>3</ns0:Version>\n<ns0:Level>4</ns0:Level>\n<ns0:Task>5</ns0:Task>\n<ns0:Opcode>0</ns0:Opcode>\n<ns0:Keywords>0x8000000000000000</ns0:Keywords>\n<ns0:TimeCreated SystemTime="2021-12-07 10:23:02.112896" />\n<ns0:EventRecordID>25598</ns0:EventRecordID>\n<ns0:Correlation ActivityID="" RelatedActivityID="" />\n<ns0:Execution ProcessID="3120" ThreadID="2992" />\n<ns0:Channel>Microsoft-Windows-Sysmon/Operational</ns0:Channel>\n<ns0:Computer>WIN-J23NIGGP1Q6.sysmon_set.local</ns0:Computer>\n<ns0:Security UserID="S-1-5-18" />\n</ns0:System>\n<ns0:EventData><ns0:Data Name="RuleName">-</ns0:Data>\n<ns0:Data Name="UtcTime">2021-12-07 10:23:02.108</ns0:Data>\n<ns0:Data Name="ProcessGuid">{27532e6a-3605-61af-6a01-000000001d00}</ns0:Data>\n<ns0:Data Name="ProcessId">2848</ns0:Data>\n<ns0:Data Name="Image">C:\\Windows\\System32\\cmd.exe</ns0:Data>\n</ns0:EventData>\n</ns0:Event>'
5
10856
ATTENTION!!!   10856   Events have been identified on the targeted system as suspicious for Lateral Movement Attack!!!
<?xml version="1.0" ?>
<Event xmlns="http://schemas.microsoft.com/win/2004/08/events/event">
	<System>
		<Provider Name="Microsoft-Windows-Sysmon" Guid="{5770385f-c22a-43e0-bf4c-06f5698ffbd9}"/>
		<EventID Qualifiers="">1</EventID>
		<Version>5</Version>
		<Level>4</Level>
		<Task>1</Task>
		<Opcode>0</Opcode>
		<Keywords>0x8000000000000000</Keywords>
		<TimeCreated SystemTime="2021-12-07 10:23:02.121796"/>
		<EventRecordID>25599</EventRecordID>
		<Correlation ActivityID="" RelatedActivityID=""/>
		<Execution ProcessID="3120" ThreadID="2992"/>
		<Channel>Microsoft-Windows-Sysmon/Operational</Channel>
		<Computer>WIN-J23NIGGP1Q6.sysmon_set.local</Computer>
		<Security UserID="S-1-5-18"/>
	</System>
	<EventData>
		<Data Name="RuleName">-</Data>
		<Data Name="UtcTime">2021-12-07 10:23:02.120</Data>
		<Data Name="ProcessGuid">{27532e6a-3606-61af-6c01-000000001d00}</Data>
		<Data Name="ProcessId">4648</Data>
		<Data Name="Image">C:\Windows\System32\cmd.exe</Data>
		<Data Name="FileVersion">10.0.17763.592 (WinBuild.160101.0800)</Data>
		<Data Name="Description">Windows Command Processor</Data>
		<Data Name="Product">Microsoft Windows Operating System</Data>
		<Data Name="Company">Microsoft Corporation</Data>
		<Data Name="OriginalFileName">Cmd.Exe</Data>
		<Data Name="CommandLine">cmd.exe /c &quot;reg.exe save hklm\sam c:\windows\temp\ukmqgzbsngp&quot;</Data>
		<Data Name="CurrentDirectory">C:\Users\Administrator\Downloads\</Data>
		<Data Name="User">NT AUTHORITY\SYSTEM</Data>
		<Data Name="LogonGuid">{27532e6a-2ce7-61af-e703-000000000000}</Data>
		<Data Name="LogonId">0x00000000000003e7</Data>
		<Data Name="TerminalSessionId">0</Data>
		<Data Name="IntegrityLevel">System</Data>
		<Data Name="Hashes">SHA256=3656F37A1C6951EC4496FABB8EE957D3A6E3C276D5A3785476B482C9C0D32EA2</Data>
		<Data Name="ParentProcessGuid">{27532e6a-3605-61af-6701-000000001d00}</Data>
		<Data Name="ParentProcessId">2080</Data>
		<Data Name="ParentImage">C:\Users\Administrator\Downloads\lazagne.exe</Data>
		<Data Name="ParentCommandLine">lazagne.exe  mails</Data>
	</EventData>
</Event>

b'<ns0:Event xmlns:ns0="http://schemas.microsoft.com/win/2004/08/events/event"><ns0:System><ns0:Provider Name="Microsoft-Windows-Sysmon" Guid="{5770385f-c22a-43e0-bf4c-06f5698ffbd9}" />\n<ns0:EventID Qualifiers="">1</ns0:EventID>\n<ns0:Version>5</ns0:Version>\n<ns0:Level>4</ns0:Level>\n<ns0:Task>1</ns0:Task>\n<ns0:Opcode>0</ns0:Opcode>\n<ns0:Keywords>0x8000000000000000</ns0:Keywords>\n<ns0:TimeCreated SystemTime="2021-12-07 10:23:02.121796" />\n<ns0:EventRecordID>25599</ns0:EventRecordID>\n<ns0:Correlation ActivityID="" RelatedActivityID="" />\n<ns0:Execution ProcessID="3120" ThreadID="2992" />\n<ns0:Channel>Microsoft-Windows-Sysmon/Operational</ns0:Channel>\n<ns0:Computer>WIN-J23NIGGP1Q6.sysmon_set.local</ns0:Computer>\n<ns0:Security UserID="S-1-5-18" />\n</ns0:System>\n<ns0:EventData><ns0:Data Name="RuleName">-</ns0:Data>\n<ns0:Data Name="UtcTime">2021-12-07 10:23:02.120</ns0:Data>\n<ns0:Data Name="ProcessGuid">{27532e6a-3606-61af-6c01-000000001d00}</ns0:Data>\n<ns0:Data Name="ProcessId">4648</ns0:Data>\n<ns0:Data Name="Image">C:\\Windows\\System32\\cmd.exe</ns0:Data>\n<ns0:Data Name="FileVersion">10.0.17763.592 (WinBuild.160101.0800)</ns0:Data>\n<ns0:Data Name="Description">Windows Command Processor</ns0:Data>\n<ns0:Data Name="Product">Microsoft&#174; Windows&#174; Operating System</ns0:Data>\n<ns0:Data Name="Company">Microsoft Corporation</ns0:Data>\n<ns0:Data Name="OriginalFileName">Cmd.Exe</ns0:Data>\n<ns0:Data Name="CommandLine">cmd.exe /c "reg.exe save hklm\\sam c:\\windows\\temp\\ukmqgzbsngp"</ns0:Data>\n<ns0:Data Name="CurrentDirectory">C:\\Users\\Administrator\\Downloads\\</ns0:Data>\n<ns0:Data Name="User">NT AUTHORITY\\SYSTEM</ns0:Data>\n<ns0:Data Name="LogonGuid">{27532e6a-2ce7-61af-e703-000000000000}</ns0:Data>\n<ns0:Data Name="LogonId">0x00000000000003e7</ns0:Data>\n<ns0:Data Name="TerminalSessionId">0</ns0:Data>\n<ns0:Data Name="IntegrityLevel">System</ns0:Data>\n<ns0:Data Name="Hashes">SHA256=3656F37A1C6951EC4496FABB8EE957D3A6E3C276D5A3785476B482C9C0D32EA2</ns0:Data>\n<ns0:Data Name="ParentProcessGuid">{27532e6a-3605-61af-6701-000000001d00}</ns0:Data>\n<ns0:Data Name="ParentProcessId">2080</ns0:Data>\n<ns0:Data Name="ParentImage">C:\\Users\\Administrator\\Downloads\\lazagne.exe</ns0:Data>\n<ns0:Data Name="ParentCommandLine">lazagne.exe  mails</ns0:Data>\n</ns0:EventData>\n</ns0:Event>'
16
10857
ATTENTION!!!   10857   Events have been identified on the targeted system as suspicious for Lateral Movement Attack!!!
<?xml version="1.0" ?>
<Event xmlns="http://schemas.microsoft.com/win/2004/08/events/event">
	<System>
		<Provider Name="Microsoft-Windows-Sysmon" Guid="{5770385f-c22a-43e0-bf4c-06f5698ffbd9}"/>
		<EventID Qualifiers="">1</EventID>
		<Version>5</Version>
		<Level>4</Level>
		<Task>1</Task>
		<Opcode>0</Opcode>
		<Keywords>0x8000000000000000</Keywords>
		<TimeCreated SystemTime="2021-12-07 10:23:02.132853"/>
		<EventRecordID>25600</EventRecordID>
		<Correlation ActivityID="" RelatedActivityID=""/>
		<Execution ProcessID="3120" ThreadID="2992"/>
		<Channel>Microsoft-Windows-Sysmon/Operational</Channel>
		<Computer>WIN-J23NIGGP1Q6.sysmon_set.local</Computer>
		<Security UserID="S-1-5-18"/>
	</System>
	<EventData>
		<Data Name="RuleName">-</Data>
		<Data Name="UtcTime">2021-12-07 10:23:02.131</Data>
		<Data Name="ProcessGuid">{27532e6a-3606-61af-6d01-000000001d00}</Data>
		<Data Name="ProcessId">4220</Data>
		<Data Name="Image">C:\Windows\System32\reg.exe</Data>
		<Data Name="FileVersion">10.0.17763.1 (WinBuild.160101.0800)</Data>
		<Data Name="Description">Registry Console Tool</Data>
		<Data Name="Product">Microsoft Windows Operating System</Data>
		<Data Name="Company">Microsoft Corporation</Data>
		<Data Name="OriginalFileName">reg.exe</Data>
		<Data Name="CommandLine">reg.exe  save hklm\sam c:\windows\temp\ukmqgzbsngp</Data>
		<Data Name="CurrentDirectory">C:\Users\Administrator\Downloads\</Data>
		<Data Name="User">NT AUTHORITY\SYSTEM</Data>
		<Data Name="LogonGuid">{27532e6a-2ce7-61af-e703-000000000000}</Data>
		<Data Name="LogonId">0x00000000000003e7</Data>
		<Data Name="TerminalSessionId">0</Data>
		<Data Name="IntegrityLevel">System</Data>
		<Data Name="Hashes">SHA256=19316D4266D0B776D9B2A05D5903D8CBC8F0EA1520E9C2A7E6D5960B6FA4DCAF</Data>
		<Data Name="ParentProcessGuid">{27532e6a-3606-61af-6c01-000000001d00}</Data>
		<Data Name="ParentProcessId">4648</Data>
		<Data Name="ParentImage">C:\Windows\System32\cmd.exe</Data>
		<Data Name="ParentCommandLine">cmd.exe /c &quot;reg.exe save hklm\sam c:\windows\temp\ukmqgzbsngp&quot;</Data>
