	</EventData>
</Event>

b'<ns0:Event xmlns:ns0="http://schemas.microsoft.com/win/2004/08/events/event"><ns0:System><ns0:Provider Name="Microsoft-Windows-Sysmon" Guid="{5770385f-c22a-43e0-bf4c-06f5698ffbd9}" />\n<ns0:EventID Qualifiers="">1</ns0:EventID>\n<ns0:Version>5</ns0:Version>\n<ns0:Level>4</ns0:Level>\n<ns0:Task>1</ns0:Task>\n<ns0:Opcode>0</ns0:Opcode>\n<ns0:Keywords>0x8000000000000000</ns0:Keywords>\n<ns0:TimeCreated SystemTime="2021-12-07 10:23:25.154821" />\n<ns0:EventRecordID>25615</ns0:EventRecordID>\n<ns0:Correlation ActivityID="" RelatedActivityID="" />\n<ns0:Execution ProcessID="3120" ThreadID="2992" />\n<ns0:Channel>Microsoft-Windows-Sysmon/Operational</ns0:Channel>\n<ns0:Computer>WIN-J23NIGGP1Q6.sysmon_set.local</ns0:Computer>\n<ns0:Security UserID="S-1-5-18" />\n</ns0:System>\n<ns0:EventData><ns0:Data Name="RuleName">-</ns0:Data>\n<ns0:Data Name="UtcTime">2021-12-07 10:23:25.154</ns0:Data>\n<ns0:Data Name="ProcessGuid">{27532e6a-361d-61af-6e01-000000001d00}</ns0:Data>\n<ns0:Data Name="ProcessId">368</ns0:Data>\n<ns0:Data Name="Image">C:\\Users\\Administrator\\Downloads\\lazagne.exe</ns0:Data>\n<ns0:Data Name="FileVersion">-</ns0:Data>\n<ns0:Data Name="Description">-</ns0:Data>\n<ns0:Data Name="Product">-</ns0:Data>\n<ns0:Data Name="Company">-</ns0:Data>\n<ns0:Data Name="OriginalFileName">-</ns0:Data>\n<ns0:Data Name="CommandLine">lazagne.exe  sysadmin</ns0:Data>\n<ns0:Data Name="CurrentDirectory">C:\\Users\\Administrator\\Downloads\\</ns0:Data>\n<ns0:Data Name="User">NT AUTHORITY\\SYSTEM</ns0:Data>\n<ns0:Data Name="LogonGuid">{27532e6a-2ce7-61af-e703-000000000000}</ns0:Data>\n<ns0:Data Name="LogonId">0x00000000000003e7</ns0:Data>\n<ns0:Data Name="TerminalSessionId">0</ns0:Data>\n<ns0:Data Name="IntegrityLevel">System</ns0:Data>\n<ns0:Data Name="Hashes">SHA256=ED2F501408A7A6E1A854C29C4B0BC5648A6AA8612432DF829008931B3E34BF56</ns0:Data>\n<ns0:Data Name="ParentProcessGuid">{27532e6a-3402-61af-3801-000000001d00}</ns0:Data>\n<ns0:Data Name="ParentProcessId">6068</ns0:Data>\n<ns0:Data Name="ParentImage">C:\\Windows\\SysWOW64\\cmd.exe</ns0:Data>\n<ns0:Data Name="ParentCommandLine">C:\\Windows\\system32\\cmd.exe</ns0:Data>\n</ns0:EventData>\n</ns0:Event>'
14
10873
ATTENTION!!!   10873   Events have been identified on the targeted system as suspicious for Lateral Movement Attack!!!
<?xml version="1.0" ?>
<Event xmlns="http://schemas.microsoft.com/win/2004/08/events/event">
	<System>
		<Provider Name="Microsoft-Windows-Sysmon" Guid="{5770385f-c22a-43e0-bf4c-06f5698ffbd9}"/>
		<EventID Qualifiers="">1</EventID>
		<Version>5</Version>
		<Level>4</Level>
		<Task>1</Task>
		<Opcode>0</Opcode>
		<Keywords>0x8000000000000000</Keywords>
		<TimeCreated SystemTime="2021-12-07 10:23:25.234531"/>
		<EventRecordID>25616</EventRecordID>
		<Correlation ActivityID="" RelatedActivityID=""/>
		<Execution ProcessID="3120" ThreadID="2992"/>
		<Channel>Microsoft-Windows-Sysmon/Operational</Channel>
		<Computer>WIN-J23NIGGP1Q6.sysmon_set.local</Computer>
		<Security UserID="S-1-5-18"/>
	</System>
	<EventData>
		<Data Name="RuleName">-</Data>
		<Data Name="UtcTime">2021-12-07 10:23:25.233</Data>
		<Data Name="ProcessGuid">{27532e6a-361d-61af-6f01-000000001d00}</Data>
		<Data Name="ProcessId">2212</Data>
		<Data Name="Image">C:\Users\Administrator\Downloads\lazagne.exe</Data>
		<Data Name="FileVersion">-</Data>
		<Data Name="Description">-</Data>
		<Data Name="Product">-</Data>
		<Data Name="Company">-</Data>
		<Data Name="OriginalFileName">-</Data>
		<Data Name="CommandLine">lazagne.exe  sysadmin</Data>
		<Data Name="CurrentDirectory">C:\Users\Administrator\Downloads\</Data>
		<Data Name="User">NT AUTHORITY\SYSTEM</Data>
		<Data Name="LogonGuid">{27532e6a-2ce7-61af-e703-000000000000}</Data>
		<Data Name="LogonId">0x00000000000003e7</Data>
		<Data Name="TerminalSessionId">0</Data>
		<Data Name="IntegrityLevel">System</Data>
		<Data Name="Hashes">SHA256=ED2F501408A7A6E1A854C29C4B0BC5648A6AA8612432DF829008931B3E34BF56</Data>
		<Data Name="ParentProcessGuid">{27532e6a-361d-61af-6e01-000000001d00}</Data>
		<Data Name="ParentProcessId">368</Data>
		<Data Name="ParentImage">C:\Users\Administrator\Downloads\lazagne.exe</Data>
		<Data Name="ParentCommandLine">lazagne.exe  sysadmin</Data>
	</EventData>
</Event>

b'<ns0:Event xmlns:ns0="http://schemas.microsoft.com/win/2004/08/events/event"><ns0:System><ns0:Provider Name="Microsoft-Windows-Sysmon" Guid="{5770385f-c22a-43e0-bf4c-06f5698ffbd9}" />\n<ns0:EventID Qualifiers="">1</ns0:EventID>\n<ns0:Version>5</ns0:Version>\n<ns0:Level>4</ns0:Level>\n<ns0:Task>1</ns0:Task>\n<ns0:Opcode>0</ns0:Opcode>\n<ns0:Keywords>0x8000000000000000</ns0:Keywords>\n<ns0:TimeCreated SystemTime="2021-12-07 10:23:25.234531" />\n<ns0:EventRecordID>25616</ns0:EventRecordID>\n<ns0:Correlation ActivityID="" RelatedActivityID="" />\n<ns0:Execution ProcessID="3120" ThreadID="2992" />\n<ns0:Channel>Microsoft-Windows-Sysmon/Operational</ns0:Channel>\n<ns0:Computer>WIN-J23NIGGP1Q6.sysmon_set.local</ns0:Computer>\n<ns0:Security UserID="S-1-5-18" />\n</ns0:System>\n<ns0:EventData><ns0:Data Name="RuleName">-</ns0:Data>\n<ns0:Data Name="UtcTime">2021-12-07 10:23:25.233</ns0:Data>\n<ns0:Data Name="ProcessGuid">{27532e6a-361d-61af-6f01-000000001d00}</ns0:Data>\n<ns0:Data Name="ProcessId">2212</ns0:Data>\n<ns0:Data Name="Image">C:\\Users\\Administrator\\Downloads\\lazagne.exe</ns0:Data>\n<ns0:Data Name="FileVersion">-</ns0:Data>\n<ns0:Data Name="Description">-</ns0:Data>\n<ns0:Data Name="Product">-</ns0:Data>\n<ns0:Data Name="Company">-</ns0:Data>\n<ns0:Data Name="OriginalFileName">-</ns0:Data>\n<ns0:Data Name="CommandLine">lazagne.exe  sysadmin</ns0:Data>\n<ns0:Data Name="CurrentDirectory">C:\\Users\\Administrator\\Downloads\\</ns0:Data>\n<ns0:Data Name="User">NT AUTHORITY\\SYSTEM</ns0:Data>\n<ns0:Data Name="LogonGuid">{27532e6a-2ce7-61af-e703-000000000000}</ns0:Data>\n<ns0:Data Name="LogonId">0x00000000000003e7</ns0:Data>\n<ns0:Data Name="TerminalSessionId">0</ns0:Data>\n<ns0:Data Name="IntegrityLevel">System</ns0:Data>\n<ns0:Data Name="Hashes">SHA256=ED2F501408A7A6E1A854C29C4B0BC5648A6AA8612432DF829008931B3E34BF56</ns0:Data>\n<ns0:Data Name="ParentProcessGuid">{27532e6a-361d-61af-6e01-000000001d00}</ns0:Data>\n<ns0:Data Name="ParentProcessId">368</ns0:Data>\n<ns0:Data Name="ParentImage">C:\\Users\\Administrator\\Downloads\\lazagne.exe</ns0:Data>\n<ns0:Data Name="ParentCommandLine">lazagne.exe  sysadmin</ns0:Data>\n</ns0:EventData>\n</ns0:Event>'
15
10874
ATTENTION!!!   10874   Events have been identified on the targeted system as suspicious for Lateral Movement Attack!!!
<?xml version="1.0" ?>
<Event xmlns="http://schemas.microsoft.com/win/2004/08/events/event">
	<System>
		<Provider Name="Microsoft-Windows-Sysmon" Guid="{5770385f-c22a-43e0-bf4c-06f5698ffbd9}"/>
		<EventID Qualifiers="">1</EventID>
		<Version>5</Version>
		<Level>4</Level>
		<Task>1</Task>
		<Opcode>0</Opcode>
		<Keywords>0x8000000000000000</Keywords>
		<TimeCreated SystemTime="2021-12-07 10:23:25.473475"/>
		<EventRecordID>25617</EventRecordID>
		<Correlation ActivityID="" RelatedActivityID=""/>
		<Execution ProcessID="3120" ThreadID="2992"/>
		<Channel>Microsoft-Windows-Sysmon/Operational</Channel>
		<Computer>WIN-J23NIGGP1Q6.sysmon_set.local</Computer>
		<Security UserID="S-1-5-18"/>
	</System>
	<EventData>
		<Data Name="RuleName">-</Data>
		<Data Name="UtcTime">2021-12-07 10:23:25.472</Data>
		<Data Name="ProcessGuid">{27532e6a-361d-61af-7001-000000001d00}</Data>
		<Data Name="ProcessId">5276</Data>
		<Data Name="Image">C:\Windows\System32\cmd.exe</Data>
		<Data Name="FileVersion">10.0.17763.592 (WinBuild.160101.0800)</Data>
		<Data Name="Description">Windows Command Processor</Data>
		<Data Name="Product">Microsoft Windows Operating System</Data>
		<Data Name="Company">Microsoft Corporation</Data>
		<Data Name="OriginalFileName">Cmd.Exe</Data>
		<Data Name="CommandLine">cmd.exe /c &quot;reg.exe save hklm\security c:\windows\temp\guqisnlmnb&quot;</Data>
		<Data Name="CurrentDirectory">C:\Users\Administrator\Downloads\</Data>
		<Data Name="User">NT AUTHORITY\SYSTEM</Data>
		<Data Name="LogonGuid">{27532e6a-2ce7-61af-e703-000000000000}</Data>
		<Data Name="LogonId">0x00000000000003e7</Data>
		<Data Name="TerminalSessionId">0</Data>
		<Data Name="IntegrityLevel">System</Data>
		<Data Name="Hashes">SHA256=3656F37A1C6951EC4496FABB8EE957D3A6E3C276D5A3785476B482C9C0D32EA2</Data>
		<Data Name="ParentProcessGuid">{27532e6a-361d-61af-6f01-000000001d00}</Data>
		<Data Name="ParentProcessId">2212</Data>
		<Data Name="ParentImage">C:\Users\Administrator\Downloads\lazagne.exe</Data>
		<Data Name="ParentCommandLine">lazagne.exe  sysadmin</Data>
	</EventData>
</Event>

b'<ns0:Event xmlns:ns0="http://schemas.microsoft.com/win/2004/08/events/event"><ns0:System><ns0:Provider Name="Microsoft-Windows-Sysmon" Guid="{5770385f-c22a-43e0-bf4c-06f5698ffbd9}" />\n<ns0:EventID Qualifiers="">1</ns0:EventID>\n<ns0:Version>5</ns0:Version>\n<ns0:Level>4</ns0:Level>\n<ns0:Task>1</ns0:Task>\n<ns0:Opcode>0</ns0:Opcode>\n<ns0:Keywords>0x8000000000000000</ns0:Keywords>\n<ns0:TimeCreated SystemTime="2021-12-07 10:23:25.473475" />\n<ns0:EventRecordID>25617</ns0:EventRecordID>\n<ns0:Correlation ActivityID="" RelatedActivityID="" />\n<ns0:Execution ProcessID="3120" ThreadID="2992" />\n<ns0:Channel>Microsoft-Windows-Sysmon/Operational</ns0:Channel>\n<ns0:Computer>WIN-J23NIGGP1Q6.sysmon_set.local</ns0:Computer>\n<ns0:Security UserID="S-1-5-18" />\n</ns0:System>\n<ns0:EventData><ns0:Data Name="RuleName">-</ns0:Data>\n<ns0:Data Name="UtcTime">2021-12-07 10:23:25.472</ns0:Data>\n<ns0:Data Name="ProcessGuid">{27532e6a-361d-61af-7001-000000001d00}</ns0:Data>\n<ns0:Data Name="ProcessId">5276</ns0:Data>\n<ns0:Data Name="Image">C:\\Windows\\System32\\cmd.exe</ns0:Data>\n<ns0:Data Name="FileVersion">10.0.17763.592 (WinBuild.160101.0800)</ns0:Data>\n<ns0:Data Name="Description">Windows Command Processor</ns0:Data>\n<ns0:Data Name="Product">Microsoft&#174; Windows&#174; Operating System</ns0:Data>\n<ns0:Data Name="Company">Microsoft Corporation</ns0:Data>\n<ns0:Data Name="OriginalFileName">Cmd.Exe</ns0:Data>\n<ns0:Data Name="CommandLine">cmd.exe /c "reg.exe save hklm\\security c:\\windows\\temp\\guqisnlmnb"</ns0:Data>\n<ns0:Data Name="CurrentDirectory">C:\\Users\\Administrator\\Downloads\\</ns0:Data>\n<ns0:Data Name="User">NT AUTHORITY\\SYSTEM</ns0:Data>\n<ns0:Data Name="LogonGuid">{27532e6a-2ce7-61af-e703-000000000000}</ns0:Data>\n<ns0:Data Name="LogonId">0x00000000000003e7</ns0:Data>\n<ns0:Data Name="TerminalSessionId">0</ns0:Data>\n<ns0:Data Name="IntegrityLevel">System</ns0:Data>\n<ns0:Data Name="Hashes">SHA256=3656F37A1C6951EC4496FABB8EE957D3A6E3C276D5A3785476B482C9C0D32EA2</ns0:Data>\n<ns0:Data Name="ParentProcessGuid">{27532e6a-361d-61af-6f01-000000001d00}</ns0:Data>\n<ns0:Data Name="ParentProcessId">2212</ns0:Data>\n<ns0:Data Name="ParentImage">C:\\Users\\Administrator\\Downloads\\lazagne.exe</ns0:Data>\n<ns0:Data Name="ParentCommandLine">lazagne.exe  sysadmin</ns0:Data>\n</ns0:EventData>\n</ns0:Event>'
16
10875
ATTENTION!!!   10875   Events have been identified on the targeted system as suspicious for Lateral Movement Attack!!!
<?xml version="1.0" ?>
<Event xmlns="http://schemas.microsoft.com/win/2004/08/events/event">
	<System>
		<Provider Name="Microsoft-Windows-Sysmon" Guid="{5770385f-c22a-43e0-bf4c-06f5698ffbd9}"/>
		<EventID Qualifiers="">1</EventID>
		<Version>5</Version>
		<Level>4</Level>
		<Task>1</Task>
		<Opcode>0</Opcode>
		<Keywords>0x8000000000000000</Keywords>
		<TimeCreated SystemTime="2021-12-07 10:23:25.483133"/>
		<EventRecordID>25618</EventRecordID>
		<Correlation ActivityID="" RelatedActivityID=""/>
		<Execution ProcessID="3120" ThreadID="2992"/>
		<Channel>Microsoft-Windows-Sysmon/Operational</Channel>
		<Computer>WIN-J23NIGGP1Q6.sysmon_set.local</Computer>
		<Security UserID="S-1-5-18"/>
	</System>
	<EventData>
		<Data Name="RuleName">-</Data>
		<Data Name="UtcTime">2021-12-07 10:23:25.482</Data>
		<Data Name="ProcessGuid">{27532e6a-361d-61af-7101-000000001d00}</Data>
		<Data Name="ProcessId">3084</Data>
		<Data Name="Image">C:\Windows\System32\reg.exe</Data>
		<Data Name="FileVersion">10.0.17763.1 (WinBuild.160101.0800)</Data>
		<Data Name="Description">Registry Console Tool</Data>
		<Data Name="Product">Microsoft Windows Operating System</Data>
		<Data Name="Company">Microsoft Corporation</Data>
		<Data Name="OriginalFileName">reg.exe</Data>
		<Data Name="CommandLine">reg.exe  save hklm\security c:\windows\temp\guqisnlmnb</Data>
		<Data Name="CurrentDirectory">C:\Users\Administrator\Downloads\</Data>
		<Data Name="User">NT AUTHORITY\SYSTEM</Data>
		<Data Name="LogonGuid">{27532e6a-2ce7-61af-e703-000000000000}</Data>
		<Data Name="LogonId">0x00000000000003e7</Data>
		<Data Name="TerminalSessionId">0</Data>
		<Data Name="IntegrityLevel">System</Data>
		<Data Name="Hashes">SHA256=19316D4266D0B776D9B2A05D5903D8CBC8F0EA1520E9C2A7E6D5960B6FA4DCAF</Data>
		<Data Name="ParentProcessGuid">{27532e6a-361d-61af-7001-000000001d00}</Data>
		<Data Name="ParentProcessId">5276</Data>
		<Data Name="ParentImage">C:\Windows\System32\cmd.exe</Data>
		<Data Name="ParentCommandLine">cmd.exe /c &quot;reg.exe save hklm\security c:\windows\temp\guqisnlmnb&quot;</Data>
	</EventData>
</Event>

b'<ns0:Event xmlns:ns0="http://schemas.microsoft.com/win/2004/08/events/event"><ns0:System><ns0:Provider Name="Microsoft-Windows-Sysmon" Guid="{5770385f-c22a-43e0-bf4c-06f5698ffbd9}" />\n<ns0:EventID Qualifiers="">1</ns0:EventID>\n<ns0:Version>5</ns0:Version>\n<ns0:Level>4</ns0:Level>\n<ns0:Task>1</ns0:Task>\n<ns0:Opcode>0</ns0:Opcode>\n<ns0:Keywords>0x8000000000000000</ns0:Keywords>\n<ns0:TimeCreated SystemTime="2021-12-07 10:23:25.483133" />\n<ns0:EventRecordID>25618</ns0:EventRecordID>\n<ns0:Correlation ActivityID="" RelatedActivityID="" />\n<ns0:Execution ProcessID="3120" ThreadID="2992" />\n<ns0:Channel>Microsoft-Windows-Sysmon/Operational</ns0:Channel>\n<ns0:Computer>WIN-J23NIGGP1Q6.sysmon_set.local</ns0:Computer>\n<ns0:Security UserID="S-1-5-18" />\n</ns0:System>\n<ns0:EventData><ns0:Data Name="RuleName">-</ns0:Data>\n<ns0:Data Name="UtcTime">2021-12-07 10:23:25.482</ns0:Data>\n<ns0:Data Name="ProcessGuid">{27532e6a-361d-61af-7101-000000001d00}</ns0:Data>\n<ns0:Data Name="ProcessId">3084</ns0:Data>\n<ns0:Data Name="Image">C:\\Windows\\System32\\reg.exe</ns0:Data>\n<ns0:Data Name="FileVersion">10.0.17763.1 (WinBuild.160101.0800)</ns0:Data>\n<ns0:Data Name="Description">Registry Console Tool</ns0:Data>\n<ns0:Data Name="Product">Microsoft&#174; Windows&#174; Operating System</ns0:Data>\n<ns0:Data Name="Company">Microsoft Corporation</ns0:Data>\n<ns0:Data Name="OriginalFileName">reg.exe</ns0:Data>\n<ns0:Data Name="CommandLine">reg.exe  save hklm\\security c:\\windows\\temp\\guqisnlmnb</ns0:Data>\n<ns0:Data Name="CurrentDirectory">C:\\Users\\Administrator\\Downloads\\</ns0:Data>\n<ns0:Data Name="User">NT AUTHORITY\\SYSTEM</ns0:Data>\n<ns0:Data Name="LogonGuid">{27532e6a-2ce7-61af-e703-000000000000}</ns0:Data>\n<ns0:Data Name="LogonId">0x00000000000003e7</ns0:Data>\n<ns0:Data Name="TerminalSessionId">0</ns0:Data>\n<ns0:Data Name="IntegrityLevel">System</ns0:Data>\n<ns0:Data Name="Hashes">SHA256=19316D4266D0B776D9B2A05D5903D8CBC8F0EA1520E9C2A7E6D5960B6FA4DCAF</ns0:Data>\n<ns0:Data Name="ParentProcessGuid">{27532e6a-361d-61af-7001-000000001d00}</ns0:Data>\n<ns0:Data Name="ParentProcessId">5276</ns0:Data>\n<ns0:Data Name="ParentImage">C:\\Windows\\System32\\cmd.exe</ns0:Data>\n<ns0:Data Name="ParentCommandLine">cmd.exe /c "reg.exe save hklm\\security c:\\windows\\temp\\guqisnlmnb"</ns0:Data>\n</ns0:EventData>\n</ns0:Event>'
17
10876
ATTENTION!!!   10876   Events have been identified on the targeted system as suspicious for Lateral Movement Attack!!!
<?xml version="1.0" ?>
<Event xmlns="http://schemas.microsoft.com/win/2004/08/events/event">
	<System>
		<Provider Name="Microsoft-Windows-Sysmon" Guid="{5770385f-c22a-43e0-bf4c-06f5698ffbd9}"/>
		<EventID Qualifiers="">5</EventID>
		<Version>3</Version>
		<Level>4</Level>
		<Task>5</Task>
		<Opcode>0</Opcode>
		<Keywords>0x8000000000000000</Keywords>
		<TimeCreated SystemTime="2021-12-07 10:23:25.528671"/>
		<EventRecordID>25619</EventRecordID>
		<Correlation ActivityID="" RelatedActivityID=""/>
		<Execution ProcessID="3120" ThreadID="2992"/>
		<Channel>Microsoft-Windows-Sysmon/Operational</Channel>
		<Computer>WIN-J23NIGGP1Q6.sysmon_set.local</Computer>
		<Security UserID="S-1-5-18"/>
	</System>
	<EventData>
		<Data Name="RuleName">-</Data>
		<Data Name="UtcTime">2021-12-07 10:23:25.514</Data>
		<Data Name="ProcessGuid">{27532e6a-361d-61af-7101-000000001d00}</Data>
		<Data Name="ProcessId">3084</Data>
		<Data Name="Image">C:\Windows\System32\reg.exe</Data>
	</EventData>
</Event>

b'<ns0:Event xmlns:ns0="http://schemas.microsoft.com/win/2004/08/events/event"><ns0:System><ns0:Provider Name="Microsoft-Windows-Sysmon" Guid="{5770385f-c22a-43e0-bf4c-06f5698ffbd9}" />\n<ns0:EventID Qualifiers="">5</ns0:EventID>\n<ns0:Version>3</ns0:Version>\n<ns0:Level>4</ns0:Level>\n<ns0:Task>5</ns0:Task>\n<ns0:Opcode>0</ns0:Opcode>\n<ns0:Keywords>0x8000000000000000</ns0:Keywords>\n<ns0:TimeCreated SystemTime="2021-12-07 10:23:25.528671" />\n<ns0:EventRecordID>25619</ns0:EventRecordID>\n<ns0:Correlation ActivityID="" RelatedActivityID="" />\n<ns0:Execution ProcessID="3120" ThreadID="2992" />\n<ns0:Channel>Microsoft-Windows-Sysmon/Operational</ns0:Channel>\n<ns0:Computer>WIN-J23NIGGP1Q6.sysmon_set.local</ns0:Computer>\n<ns0:Security UserID="S-1-5-18" />\n</ns0:System>\n<ns0:EventData><ns0:Data Name="RuleName">-</ns0:Data>\n<ns0:Data Name="UtcTime">2021-12-07 10:23:25.514</ns0:Data>\n<ns0:Data Name="ProcessGuid">{27532e6a-361d-61af-7101-000000001d00}</ns0:Data>\n<ns0:Data Name="ProcessId">3084</ns0:Data>\n<ns0:Data Name="Image">C:\\Windows\\System32\\reg.exe</ns0:Data>\n</ns0:EventData>\n</ns0:Event>'
5
10877
ATTENTION!!!   10877   Events have been identified on the targeted system as suspicious for Lateral Movement Attack!!!
<?xml version="1.0" ?>
<Event xmlns="http://schemas.microsoft.com/win/2004/08/events/event">
	<System>
		<Provider Name="Microsoft-Windows-Sysmon" Guid="{5770385f-c22a-43e0-bf4c-06f5698ffbd9}"/>
		<EventID Qualifiers="">5</EventID>
		<Version>3</Version>
		<Level>4</Level>
		<Task>5</Task>
		<Opcode>0</Opcode>
		<Keywords>0x8000000000000000</Keywords>
		<TimeCreated SystemTime="2021-12-07 10:23:25.531879"/>
		<EventRecordID>25620</EventRecordID>
		<Correlation ActivityID="" RelatedActivityID=""/>
		<Execution ProcessID="3120" ThreadID="2992"/>
		<Channel>Microsoft-Windows-Sysmon/Operational</Channel>
		<Computer>WIN-J23NIGGP1Q6.sysmon_set.local</Computer>
		<Security UserID="S-1-5-18"/>
	</System>
	<EventData>
		<Data Name="RuleName">-</Data>
		<Data Name="UtcTime">2021-12-07 10:23:25.530</Data>
		<Data Name="ProcessGuid">{27532e6a-361d-61af-7001-000000001d00}</Data>
		<Data Name="ProcessId">5276</Data>
		<Data Name="Image">C:\Windows\System32\cmd.exe</Data>
	</EventData>
</Event>

b'<ns0:Event xmlns:ns0="http://schemas.microsoft.com/win/2004/08/events/event"><ns0:System><ns0:Provider Name="Microsoft-Windows-Sysmon" Guid="{5770385f-c22a-43e0-bf4c-06f5698ffbd9}" />\n<ns0:EventID Qualifiers="">5</ns0:EventID>\n<ns0:Version>3</ns0:Version>\n<ns0:Level>4</ns0:Level>\n<ns0:Task>5</ns0:Task>\n<ns0:Opcode>0</ns0:Opcode>\n<ns0:Keywords>0x8000000000000000</ns0:Keywords>\n<ns0:TimeCreated SystemTime="2021-12-07 10:23:25.531879" />\n<ns0:EventRecordID>25620</ns0:EventRecordID>\n<ns0:Correlation ActivityID="" RelatedActivityID="" />\n<ns0:Execution ProcessID="3120" ThreadID="2992" />\n<ns0:Channel>Microsoft-Windows-Sysmon/Operational</ns0:Channel>\n<ns0:Computer>WIN-J23NIGGP1Q6.sysmon_set.local</ns0:Computer>\n<ns0:Security UserID="S-1-5-18" />\n</ns0:System>\n<ns0:EventData><ns0:Data Name="RuleName">-</ns0:Data>\n<ns0:Data Name="UtcTime">2021-12-07 10:23:25.530</ns0:Data>\n<ns0:Data Name="ProcessGuid">{27532e6a-361d-61af-7001-000000001d00}</ns0:Data>\n<ns0:Data Name="ProcessId">5276</ns0:Data>\n<ns0:Data Name="Image">C:\\Windows\\System32\\cmd.exe</ns0:Data>\n</ns0:EventData>\n</ns0:Event>'
5
10878
ATTENTION!!!   10878   Events have been identified on the targeted system as suspicious for Lateral Movement Attack!!!
<?xml version="1.0" ?>
<Event xmlns="http://schemas.microsoft.com/win/2004/08/events/event">
	<System>
		<Provider Name="Microsoft-Windows-Sysmon" Guid="{5770385f-c22a-43e0-bf4c-06f5698ffbd9}"/>
		<EventID Qualifiers="">1</EventID>
		<Version>5</Version>
		<Level>4</Level>
		<Task>1</Task>
		<Opcode>0</Opcode>
		<Keywords>0x8000000000000000</Keywords>
		<TimeCreated SystemTime="2021-12-07 10:23:25.534298"/>
		<EventRecordID>25621</EventRecordID>
		<Correlation ActivityID="" RelatedActivityID=""/>
		<Execution ProcessID="3120" ThreadID="2992"/>
		<Channel>Microsoft-Windows-Sysmon/Operational</Channel>
		<Computer>WIN-J23NIGGP1Q6.sysmon_set.local</Computer>
		<Security UserID="S-1-5-18"/>
	</System>
	<EventData>
		<Data Name="RuleName">-</Data>
		<Data Name="UtcTime">2021-12-07 10:23:25.533</Data>
		<Data Name="ProcessGuid">{27532e6a-361d-61af-7201-000000001d00}</Data>
		<Data Name="ProcessId">6012</Data>
		<Data Name="Image">C:\Windows\System32\cmd.exe</Data>
		<Data Name="FileVersion">10.0.17763.592 (WinBuild.160101.0800)</Data>
		<Data Name="Description">Windows Command Processor</Data>
		<Data Name="Product">Microsoft Windows Operating System</Data>
		<Data Name="Company">Microsoft Corporation</Data>
		<Data Name="OriginalFileName">Cmd.Exe</Data>
		<Data Name="CommandLine">cmd.exe /c &quot;reg.exe save hklm\system c:\windows\temp\llyaui&quot;</Data>
		<Data Name="CurrentDirectory">C:\Users\Administrator\Downloads\</Data>
		<Data Name="User">NT AUTHORITY\SYSTEM</Data>
		<Data Name="LogonGuid">{27532e6a-2ce7-61af-e703-000000000000}</Data>
		<Data Name="LogonId">0x00000000000003e7</Data>
		<Data Name="TerminalSessionId">0</Data>
		<Data Name="IntegrityLevel">System</Data>
		<Data Name="Hashes">SHA256=3656F37A1C6951EC4496FABB8EE957D3A6E3C276D5A3785476B482C9C0D32EA2</Data>
		<Data Name="ParentProcessGuid">{27532e6a-361d-61af-6f01-000000001d00}</Data>
		<Data Name="ParentProcessId">2212</Data>
		<Data Name="ParentImage">C:\Users\Administrator\Downloads\lazagne.exe</Data>
		<Data Name="ParentCommandLine">lazagne.exe  sysadmin</Data>
	</EventData>
</Event>

b'<ns0:Event xmlns:ns0="http://schemas.microsoft.com/win/2004/08/events/event"><ns0:System><ns0:Provider Name="Microsoft-Windows-Sysmon" Guid="{5770385f-c22a-43e0-bf4c-06f5698ffbd9}" />\n<ns0:EventID Qualifiers="">1</ns0:EventID>\n<ns0:Version>5</ns0:Version>\n<ns0:Level>4</ns0:Level>\n<ns0:Task>1</ns0:Task>\n<ns0:Opcode>0</ns0:Opcode>\n<ns0:Keywords>0x8000000000000000</ns0:Keywords>\n<ns0:TimeCreated SystemTime="2021-12-07 10:23:25.534298" />\n<ns0:EventRecordID>25621</ns0:EventRecordID>\n<ns0:Correlation ActivityID="" RelatedActivityID="" />\n<ns0:Execution ProcessID="3120" ThreadID="2992" />\n<ns0:Channel>Microsoft-Windows-Sysmon/Operational</ns0:Channel>\n<ns0:Computer>WIN-J23NIGGP1Q6.sysmon_set.local</ns0:Computer>\n<ns0:Security UserID="S-1-5-18" />\n</ns0:System>\n<ns0:EventData><ns0:Data Name="RuleName">-</ns0:Data>\n<ns0:Data Name="UtcTime">2021-12-07 10:23:25.533</ns0:Data>\n<ns0:Data Name="ProcessGuid">{27532e6a-361d-61af-7201-000000001d00}</ns0:Data>\n<ns0:Data Name="ProcessId">6012</ns0:Data>\n<ns0:Data Name="Image">C:\\Windows\\System32\\cmd.exe</ns0:Data>\n<ns0:Data Name="FileVersion">10.0.17763.592 (WinBuild.160101.0800)</ns0:Data>\n<ns0:Data Name="Description">Windows Command Processor</ns0:Data>\n<ns0:Data Name="Product">Microsoft&#174; Windows&#174; Operating System</ns0:Data>\n<ns0:Data Name="Company">Microsoft Corporation</ns0:Data>\n<ns0:Data Name="OriginalFileName">Cmd.Exe</ns0:Data>\n<ns0:Data Name="CommandLine">cmd.exe /c "reg.exe save hklm\\system c:\\windows\\temp\\llyaui"</ns0:Data>\n<ns0:Data Name="CurrentDirectory">C:\\Users\\Administrator\\Downloads\\</ns0:Data>\n<ns0:Data Name="User">NT AUTHORITY\\SYSTEM</ns0:Data>\n<ns0:Data Name="LogonGuid">{27532e6a-2ce7-61af-e703-000000000000}</ns0:Data>\n<ns0:Data Name="LogonId">0x00000000000003e7</ns0:Data>\n<ns0:Data Name="TerminalSessionId">0</ns0:Data>\n<ns0:Data Name="IntegrityLevel">System</ns0:Data>\n<ns0:Data Name="Hashes">SHA256=3656F37A1C6951EC4496FABB8EE957D3A6E3C276D5A3785476B482C9C0D32EA2</ns0:Data>\n<ns0:Data Name="ParentProcessGuid">{27532e6a-361d-61af-6f01-000000001d00}</ns0:Data>\n<ns0:Data Name="ParentProcessId">2212</ns0:Data>\n<ns0:Data Name="ParentImage">C:\\Users\\Administrator\\Downloads\\lazagne.exe</ns0:Data>\n<ns0:Data Name="ParentCommandLine">lazagne.exe  sysadmin</ns0:Data>\n</ns0:EventData>\n</ns0:Event>'
16
10879
ATTENTION!!!   10879   Events have been identified on the targeted system as suspicious for Lateral Movement Attack!!!
<?xml version="1.0" ?>
<Event xmlns="http://schemas.microsoft.com/win/2004/08/events/event">
	<System>
		<Provider Name="Microsoft-Windows-Sysmon" Guid="{5770385f-c22a-43e0-bf4c-06f5698ffbd9}"/>
		<EventID Qualifiers="">1</EventID>
		<Version>5</Version>
		<Level>4</Level>
		<Task>1</Task>
		<Opcode>0</Opcode>
		<Keywords>0x8000000000000000</Keywords>
		<TimeCreated SystemTime="2021-12-07 10:23:25.544813"/>
		<EventRecordID>25622</EventRecordID>
		<Correlation ActivityID="" RelatedActivityID=""/>
		<Execution ProcessID="3120" ThreadID="2992"/>
		<Channel>Microsoft-Windows-Sysmon/Operational</Channel>
		<Computer>WIN-J23NIGGP1Q6.sysmon_set.local</Computer>
		<Security UserID="S-1-5-18"/>
	</System>
	<EventData>
		<Data Name="RuleName">-</Data>
		<Data Name="UtcTime">2021-12-07 10:23:25.543</Data>
		<Data Name="ProcessGuid">{27532e6a-361d-61af-7301-000000001d00}</Data>
		<Data Name="ProcessId">4652</Data>
		<Data Name="Image">C:\Windows\System32\reg.exe</Data>
		<Data Name="FileVersion">10.0.17763.1 (WinBuild.160101.0800)</Data>
		<Data Name="Description">Registry Console Tool</Data>
		<Data Name="Product">Microsoft Windows Operating System</Data>
		<Data Name="Company">Microsoft Corporation</Data>
		<Data Name="OriginalFileName">reg.exe</Data>
		<Data Name="CommandLine">reg.exe  save hklm\system c:\windows\temp\llyaui</Data>
		<Data Name="CurrentDirectory">C:\Users\Administrator\Downloads\</Data>
		<Data Name="User">NT AUTHORITY\SYSTEM</Data>
		<Data Name="LogonGuid">{27532e6a-2ce7-61af-e703-000000000000}</Data>
		<Data Name="LogonId">0x00000000000003e7</Data>
		<Data Name="TerminalSessionId">0</Data>
		<Data Name="IntegrityLevel">System</Data>
		<Data Name="Hashes">SHA256=19316D4266D0B776D9B2A05D5903D8CBC8F0EA1520E9C2A7E6D5960B6FA4DCAF</Data>
		<Data Name="ParentProcessGuid">{27532e6a-361d-61af-7201-000000001d00}</Data>
		<Data Name="ParentProcessId">6012</Data>
		<Data Name="ParentImage">C:\Windows\System32\cmd.exe</Data>
		<Data Name="ParentCommandLine">cmd.exe /c &quot;reg.exe save hklm\system c:\windows\temp\llyaui&quot;</Data>
	</EventData>
</Event>

b'<ns0:Event xmlns:ns0="http://schemas.microsoft.com/win/2004/08/events/event"><ns0:System><ns0:Provider Name="Microsoft-Windows-Sysmon" Guid="{5770385f-c22a-43e0-bf4c-06f5698ffbd9}" />\n<ns0:EventID Qualifiers="">1</ns0:EventID>\n<ns0:Version>5</ns0:Version>\n<ns0:Level>4</ns0:Level>\n<ns0:Task>1</ns0:Task>\n<ns0:Opcode>0</ns0:Opcode>\n<ns0:Keywords>0x8000000000000000</ns0:Keywords>\n<ns0:TimeCreated SystemTime="2021-12-07 10:23:25.544813" />\n<ns0:EventRecordID>25622</ns0:EventRecordID>\n<ns0:Correlation ActivityID="" RelatedActivityID="" />\n<ns0:Execution ProcessID="3120" ThreadID="2992" />\n<ns0:Channel>Microsoft-Windows-Sysmon/Operational</ns0:Channel>\n<ns0:Computer>WIN-J23NIGGP1Q6.sysmon_set.local</ns0:Computer>\n<ns0:Security UserID="S-1-5-18" />\n</ns0:System>\n<ns0:EventData><ns0:Data Name="RuleName">-</ns0:Data>\n<ns0:Data Name="UtcTime">2021-12-07 10:23:25.543</ns0:Data>\n<ns0:Data Name="ProcessGuid">{27532e6a-361d-61af-7301-000000001d00}</ns0:Data>\n<ns0:Data Name="ProcessId">4652</ns0:Data>\n<ns0:Data Name="Image">C:\\Windows\\System32\\reg.exe</ns0:Data>\n<ns0:Data Name="FileVersion">10.0.17763.1 (WinBuild.160101.0800)</ns0:Data>\n<ns0:Data Name="Description">Registry Console Tool</ns0:Data>\n<ns0:Data Name="Product">Microsoft&#174; Windows&#174; Operating System</ns0:Data>\n<ns0:Data Name="Company">Microsoft Corporation</ns0:Data>\n<ns0:Data Name="OriginalFileName">reg.exe</ns0:Data>\n<ns0:Data Name="CommandLine">reg.exe  save hklm\\system c:\\windows\\temp\\llyaui</ns0:Data>\n<ns0:Data Name="CurrentDirectory">C:\\Users\\Administrator\\Downloads\\</ns0:Data>\n<ns0:Data Name="User">NT AUTHORITY\\SYSTEM</ns0:Data>\n<ns0:Data Name="LogonGuid">{27532e6a-2ce7-61af-e703-000000000000}</ns0:Data>\n<ns0:Data Name="LogonId">0x00000000000003e7</ns0:Data>\n<ns0:Data Name="TerminalSessionId">0</ns0:Data>\n<ns0:Data Name="IntegrityLevel">System</ns0:Data>\n<ns0:Data Name="Hashes">SHA256=19316D4266D0B776D9B2A05D5903D8CBC8F0EA1520E9C2A7E6D5960B6FA4DCAF</ns0:Data>\n<ns0:Data Name="ParentProcessGuid">{27532e6a-361d-61af-7201-000000001d00}</ns0:Data>\n<ns0:Data Name="ParentProcessId">6012</ns0:Data>\n<ns0:Data Name="ParentImage">C:\\Windows\\System32\\cmd.exe</ns0:Data>\n<ns0:Data Name="ParentCommandLine">cmd.exe /c "reg.exe save hklm\\system c:\\windows\\temp\\llyaui"</ns0:Data>\n</ns0:EventData>\n</ns0:Event>'
17
10880
ATTENTION!!!   10880   Events have been identified on the targeted system as suspicious for Lateral Movement Attack!!!
<?xml version="1.0" ?>
<Event xmlns="http://schemas.microsoft.com/win/2004/08/events/event">
	<System>
		<Provider Name="Microsoft-Windows-Sysmon" Guid="{5770385f-c22a-43e0-bf4c-06f5698ffbd9}"/>
		<EventID Qualifiers="">5</EventID>
		<Version>3</Version>
		<Level>4</Level>
		<Task>5</Task>
		<Opcode>0</Opcode>
		<Keywords>0x8000000000000000</Keywords>
		<TimeCreated SystemTime="2021-12-07 10:23:25.672344"/>
		<EventRecordID>25623</EventRecordID>
		<Correlation ActivityID="" RelatedActivityID=""/>
		<Execution ProcessID="3120" ThreadID="2992"/>
		<Channel>Microsoft-Windows-Sysmon/Operational</Channel>
		<Computer>WIN-J23NIGGP1Q6.sysmon_set.local</Computer>
		<Security UserID="S-1-5-18"/>
	</System>
	<EventData>
		<Data Name="RuleName">-</Data>
		<Data Name="UtcTime">2021-12-07 10:23:25.670</Data>
		<Data Name="ProcessGuid">{27532e6a-361d-61af-7301-000000001d00}</Data>
		<Data Name="ProcessId">4652</Data>
		<Data Name="Image">C:\Windows\System32\reg.exe</Data>
	</EventData>
</Event>

b'<ns0:Event xmlns:ns0="http://schemas.microsoft.com/win/2004/08/events/event"><ns0:System><ns0:Provider Name="Microsoft-Windows-Sysmon" Guid="{5770385f-c22a-43e0-bf4c-06f5698ffbd9}" />\n<ns0:EventID Qualifiers="">5</ns0:EventID>\n<ns0:Version>3</ns0:Version>\n<ns0:Level>4</ns0:Level>\n<ns0:Task>5</ns0:Task>\n<ns0:Opcode>0</ns0:Opcode>\n<ns0:Keywords>0x8000000000000000</ns0:Keywords>\n<ns0:TimeCreated SystemTime="2021-12-07 10:23:25.672344" />\n<ns0:EventRecordID>25623</ns0:EventRecordID>\n<ns0:Correlation ActivityID="" RelatedActivityID="" />\n<ns0:Execution ProcessID="3120" ThreadID="2992" />\n<ns0:Channel>Microsoft-Windows-Sysmon/Operational</ns0:Channel>\n<ns0:Computer>WIN-J23NIGGP1Q6.sysmon_set.local</ns0:Computer>\n<ns0:Security UserID="S-1-5-18" />\n</ns0:System>\n<ns0:EventData><ns0:Data Name="RuleName">-</ns0:Data>\n<ns0:Data Name="UtcTime">2021-12-07 10:23:25.670</ns0:Data>\n<ns0:Data Name="ProcessGuid">{27532e6a-361d-61af-7301-000000001d00}</ns0:Data>\n<ns0:Data Name="ProcessId">4652</ns0:Data>\n<ns0:Data Name="Image">C:\\Windows\\System32\\reg.exe</ns0:Data>\n</ns0:EventData>\n</ns0:Event>'
5
10881
ATTENTION!!!   10881   Events have been identified on the targeted system as suspicious for Lateral Movement Attack!!!
<?xml version="1.0" ?>
<Event xmlns="http://schemas.microsoft.com/win/2004/08/events/event">
	<System>
		<Provider Name="Microsoft-Windows-Sysmon" Guid="{5770385f-c22a-43e0-bf4c-06f5698ffbd9}"/>
		<EventID Qualifiers="">5</EventID>
		<Version>3</Version>
		<Level>4</Level>
		<Task>5</Task>
		<Opcode>0</Opcode>
		<Keywords>0x8000000000000000</Keywords>
		<TimeCreated SystemTime="2021-12-07 10:23:25.674376"/>
		<EventRecordID>25624</EventRecordID>
		<Correlation ActivityID="" RelatedActivityID=""/>
		<Execution ProcessID="3120" ThreadID="2992"/>
		<Channel>Microsoft-Windows-Sysmon/Operational</Channel>
		<Computer>WIN-J23NIGGP1Q6.sysmon_set.local</Computer>
		<Security UserID="S-1-5-18"/>
	</System>
	<EventData>
		<Data Name="RuleName">-</Data>
		<Data Name="UtcTime">2021-12-07 10:23:25.670</Data>
		<Data Name="ProcessGuid">{27532e6a-361d-61af-7201-000000001d00}</Data>
		<Data Name="ProcessId">6012</Data>
		<Data Name="Image">C:\Windows\System32\cmd.exe</Data>
	</EventData>
</Event>

b'<ns0:Event xmlns:ns0="http://schemas.microsoft.com/win/2004/08/events/event"><ns0:System><ns0:Provider Name="Microsoft-Windows-Sysmon" Guid="{5770385f-c22a-43e0-bf4c-06f5698ffbd9}" />\n<ns0:EventID Qualifiers="">5</ns0:EventID>\n<ns0:Version>3</ns0:Version>\n<ns0:Level>4</ns0:Level>\n<ns0:Task>5</ns0:Task>\n<ns0:Opcode>0</ns0:Opcode>\n<ns0:Keywords>0x8000000000000000</ns0:Keywords>\n<ns0:TimeCreated SystemTime="2021-12-07 10:23:25.674376" />\n<ns0:EventRecordID>25624</ns0:EventRecordID>\n<ns0:Correlation ActivityID="" RelatedActivityID="" />\n<ns0:Execution ProcessID="3120" ThreadID="2992" />\n<ns0:Channel>Microsoft-Windows-Sysmon/Operational</ns0:Channel>\n<ns0:Computer>WIN-J23NIGGP1Q6.sysmon_set.local</ns0:Computer>\n<ns0:Security UserID="S-1-5-18" />\n</ns0:System>\n<ns0:EventData><ns0:Data Name="RuleName">-</ns0:Data>\n<ns0:Data Name="UtcTime">2021-12-07 10:23:25.670</ns0:Data>\n<ns0:Data Name="ProcessGuid">{27532e6a-361d-61af-7201-000000001d00}</ns0:Data>\n<ns0:Data Name="ProcessId">6012</ns0:Data>\n<ns0:Data Name="Image">C:\\Windows\\System32\\cmd.exe</ns0:Data>\n</ns0:EventData>\n</ns0:Event>'
5
10882
ATTENTION!!!   10882   Events have been identified on the targeted system as suspicious for Lateral Movement Attack!!!
<?xml version="1.0" ?>
<Event xmlns="http://schemas.microsoft.com/win/2004/08/events/event">
	<System>
		<Provider Name="Microsoft-Windows-Sysmon" Guid="{5770385f-c22a-43e0-bf4c-06f5698ffbd9}"/>
		<EventID Qualifiers="">1</EventID>
		<Version>5</Version>
		<Level>4</Level>
		<Task>1</Task>
		<Opcode>0</Opcode>
		<Keywords>0x8000000000000000</Keywords>
		<TimeCreated SystemTime="2021-12-07 10:23:25.676758"/>
		<EventRecordID>25625</EventRecordID>
		<Correlation ActivityID="" RelatedActivityID=""/>
		<Execution ProcessID="3120" ThreadID="2992"/>
		<Channel>Microsoft-Windows-Sysmon/Operational</Channel>
		<Computer>WIN-J23NIGGP1Q6.sysmon_set.local</Computer>
		<Security UserID="S-1-5-18"/>
	</System>
	<EventData>
		<Data Name="RuleName">-</Data>
		<Data Name="UtcTime">2021-12-07 10:23:25.675</Data>
		<Data Name="ProcessGuid">{27532e6a-361d-61af-7401-000000001d00}</Data>
		<Data Name="ProcessId">3868</Data>
		<Data Name="Image">C:\Windows\System32\cmd.exe</Data>
		<Data Name="FileVersion">10.0.17763.592 (WinBuild.160101.0800)</Data>
		<Data Name="Description">Windows Command Processor</Data>
		<Data Name="Product">Microsoft Windows Operating System</Data>
		<Data Name="Company">Microsoft Corporation</Data>
		<Data Name="OriginalFileName">Cmd.Exe</Data>
		<Data Name="CommandLine">cmd.exe /c &quot;reg.exe save hklm\sam c:\windows\temp\dvtkrw&quot;</Data>
		<Data Name="CurrentDirectory">C:\Users\Administrator\Downloads\</Data>
		<Data Name="User">NT AUTHORITY\SYSTEM</Data>
		<Data Name="LogonGuid">{27532e6a-2ce7-61af-e703-000000000000}</Data>
		<Data Name="LogonId">0x00000000000003e7</Data>
		<Data Name="TerminalSessionId">0</Data>
		<Data Name="IntegrityLevel">System</Data>
		<Data Name="Hashes">SHA256=3656F37A1C6951EC4496FABB8EE957D3A6E3C276D5A3785476B482C9C0D32EA2</Data>
		<Data Name="ParentProcessGuid">{27532e6a-361d-61af-6f01-000000001d00}</Data>
		<Data Name="ParentProcessId">2212</Data>
		<Data Name="ParentImage">C:\Users\Administrator\Downloads\lazagne.exe</Data>
		<Data Name="ParentCommandLine">lazagne.exe  sysadmin</Data>
	</EventData>
</Event>

b'<ns0:Event xmlns:ns0="http://schemas.microsoft.com/win/2004/08/events/event"><ns0:System><ns0:Provider Name="Microsoft-Windows-Sysmon" Guid="{5770385f-c22a-43e0-bf4c-06f5698ffbd9}" />\n<ns0:EventID Qualifiers="">1</ns0:EventID>\n<ns0:Version>5</ns0:Version>\n<ns0:Level>4</ns0:Level>\n<ns0:Task>1</ns0:Task>\n<ns0:Opcode>0</ns0:Opcode>\n<ns0:Keywords>0x8000000000000000</ns0:Keywords>\n<ns0:TimeCreated SystemTime="2021-12-07 10:23:25.676758" />\n<ns0:EventRecordID>25625</ns0:EventRecordID>\n<ns0:Correlation ActivityID="" RelatedActivityID="" />\n<ns0:Execution ProcessID="3120" ThreadID="2992" />\n<ns0:Channel>Microsoft-Windows-Sysmon/Operational</ns0:Channel>\n<ns0:Computer>WIN-J23NIGGP1Q6.sysmon_set.local</ns0:Computer>\n<ns0:Security UserID="S-1-5-18" />\n</ns0:System>\n<ns0:EventData><ns0:Data Name="RuleName">-</ns0:Data>\n<ns0:Data Name="UtcTime">2021-12-07 10:23:25.675</ns0:Data>\n<ns0:Data Name="ProcessGuid">{27532e6a-361d-61af-7401-000000001d00}</ns0:Data>\n<ns0:Data Name="ProcessId">3868</ns0:Data>\n<ns0:Data Name="Image">C:\\Windows\\System32\\cmd.exe</ns0:Data>\n<ns0:Data Name="FileVersion">10.0.17763.592 (WinBuild.160101.0800)</ns0:Data>\n<ns0:Data Name="Description">Windows Command Processor</ns0:Data>\n<ns0:Data Name="Product">Microsoft&#174; Windows&#174; Operating System</ns0:Data>\n<ns0:Data Name="Company">Microsoft Corporation</ns0:Data>\n<ns0:Data Name="OriginalFileName">Cmd.Exe</ns0:Data>\n<ns0:Data Name="CommandLine">cmd.exe /c "reg.exe save hklm\\sam c:\\windows\\temp\\dvtkrw"</ns0:Data>\n<ns0:Data Name="CurrentDirectory">C:\\Users\\Administrator\\Downloads\\</ns0:Data>\n<ns0:Data Name="User">NT AUTHORITY\\SYSTEM</ns0:Data>\n<ns0:Data Name="LogonGuid">{27532e6a-2ce7-61af-e703-000000000000}</ns0:Data>\n<ns0:Data Name="LogonId">0x00000000000003e7</ns0:Data>\n<ns0:Data Name="TerminalSessionId">0</ns0:Data>\n<ns0:Data Name="IntegrityLevel">System</ns0:Data>\n<ns0:Data Name="Hashes">SHA256=3656F37A1C6951EC4496FABB8EE957D3A6E3C276D5A3785476B482C9C0D32EA2</ns0:Data>\n<ns0:Data Name="ParentProcessGuid">{27532e6a-361d-61af-6f01-000000001d00}</ns0:Data>\n<ns0:Data Name="ParentProcessId">2212</ns0:Data>\n<ns0:Data Name="ParentImage">C:\\Users\\Administrator\\Downloads\\lazagne.exe</ns0:Data>\n<ns0:Data Name="ParentCommandLine">lazagne.exe  sysadmin</ns0:Data>\n</ns0:EventData>\n</ns0:Event>'
16
10883
ATTENTION!!!   10883   Events have been identified on the targeted system as suspicious for Lateral Movement Attack!!!
<?xml version="1.0" ?>
<Event xmlns="http://schemas.microsoft.com/win/2004/08/events/event">
	<System>
		<Provider Name="Microsoft-Windows-Sysmon" Guid="{5770385f-c22a-43e0-bf4c-06f5698ffbd9}"/>
		<EventID Qualifiers="">1</EventID>
		<Version>5</Version>
		<Level>4</Level>
		<Task>1</Task>
		<Opcode>0</Opcode>
		<Keywords>0x8000000000000000</Keywords>
		<TimeCreated SystemTime="2021-12-07 10:23:25.686749"/>
		<EventRecordID>25626</EventRecordID>
		<Correlation ActivityID="" RelatedActivityID=""/>
		<Execution ProcessID="3120" ThreadID="2992"/>
		<Channel>Microsoft-Windows-Sysmon/Operational</Channel>
		<Computer>WIN-J23NIGGP1Q6.sysmon_set.local</Computer>
		<Security UserID="S-1-5-18"/>
	</System>
	<EventData>
		<Data Name="RuleName">-</Data>
		<Data Name="UtcTime">2021-12-07 10:23:25.685</Data>
		<Data Name="ProcessGuid">{27532e6a-361d-61af-7501-000000001d00}</Data>
		<Data Name="ProcessId">6128</Data>
		<Data Name="Image">C:\Windows\System32\reg.exe</Data>
		<Data Name="FileVersion">10.0.17763.1 (WinBuild.160101.0800)</Data>
		<Data Name="Description">Registry Console Tool</Data>
		<Data Name="Product">Microsoft Windows Operating System</Data>
		<Data Name="Company">Microsoft Corporation</Data>
		<Data Name="OriginalFileName">reg.exe</Data>
		<Data Name="CommandLine">reg.exe  save hklm\sam c:\windows\temp\dvtkrw</Data>
		<Data Name="CurrentDirectory">C:\Users\Administrator\Downloads\</Data>
		<Data Name="User">NT AUTHORITY\SYSTEM</Data>
		<Data Name="LogonGuid">{27532e6a-2ce7-61af-e703-000000000000}</Data>
		<Data Name="LogonId">0x00000000000003e7</Data>
		<Data Name="TerminalSessionId">0</Data>
		<Data Name="IntegrityLevel">System</Data>
		<Data Name="Hashes">SHA256=19316D4266D0B776D9B2A05D5903D8CBC8F0EA1520E9C2A7E6D5960B6FA4DCAF</Data>
		<Data Name="ParentProcessGuid">{27532e6a-361d-61af-7401-000000001d00}</Data>
		<Data Name="ParentProcessId">3868</Data>
		<Data Name="ParentImage">C:\Windows\System32\cmd.exe</Data>
		<Data Name="ParentCommandLine">cmd.exe /c &quot;reg.exe save hklm\sam c:\windows\temp\dvtkrw&quot;</Data>
	</EventData>
</Event>

b'<ns0:Event xmlns:ns0="http://schemas.microsoft.com/win/2004/08/events/event"><ns0:System><ns0:Provider Name="Microsoft-Windows-Sysmon" Guid="{5770385f-c22a-43e0-bf4c-06f5698ffbd9}" />\n<ns0:EventID Qualifiers="">1</ns0:EventID>\n<ns0:Version>5</ns0:Version>\n<ns0:Level>4</ns0:Level>\n<ns0:Task>1</ns0:Task>\n<ns0:Opcode>0</ns0:Opcode>\n<ns0:Keywords>0x8000000000000000</ns0:Keywords>\n<ns0:TimeCreated SystemTime="2021-12-07 10:23:25.686749" />\n<ns0:EventRecordID>25626</ns0:EventRecordID>\n<ns0:Correlation ActivityID="" RelatedActivityID="" />\n<ns0:Execution ProcessID="3120" ThreadID="2992" />\n<ns0:Channel>Microsoft-Windows-Sysmon/Operational</ns0:Channel>\n<ns0:Computer>WIN-J23NIGGP1Q6.sysmon_set.local</ns0:Computer>\n<ns0:Security UserID="S-1-5-18" />\n</ns0:System>\n<ns0:EventData><ns0:Data Name="RuleName">-</ns0:Data>\n<ns0:Data Name="UtcTime">2021-12-07 10:23:25.685</ns0:Data>\n<ns0:Data Name="ProcessGuid">{27532e6a-361d-61af-7501-000000001d00}</ns0:Data>\n<ns0:Data Name="ProcessId">6128</ns0:Data>\n<ns0:Data Name="Image">C:\\Windows\\System32\\reg.exe</ns0:Data>\n<ns0:Data Name="FileVersion">10.0.17763.1 (WinBuild.160101.0800)</ns0:Data>\n<ns0:Data Name="Description">Registry Console Tool</ns0:Data>\n<ns0:Data Name="Product">Microsoft&#174; Windows&#174; Operating System</ns0:Data>\n<ns0:Data Name="Company">Microsoft Corporation</ns0:Data>\n<ns0:Data Name="OriginalFileName">reg.exe</ns0:Data>\n<ns0:Data Name="CommandLine">reg.exe  save hklm\\sam c:\\windows\\temp\\dvtkrw</ns0:Data>\n<ns0:Data Name="CurrentDirectory">C:\\Users\\Administrator\\Downloads\\</ns0:Data>\n<ns0:Data Name="User">NT AUTHORITY\\SYSTEM</ns0:Data>\n<ns0:Data Name="LogonGuid">{27532e6a-2ce7-61af-e703-000000000000}</ns0:Data>\n<ns0:Data Name="LogonId">0x00000000000003e7</ns0:Data>\n<ns0:Data Name="TerminalSessionId">0</ns0:Data>\n<ns0:Data Name="IntegrityLevel">System</ns0:Data>\n<ns0:Data Name="Hashes">SHA256=19316D4266D0B776D9B2A05D5903D8CBC8F0EA1520E9C2A7E6D5960B6FA4DCAF</ns0:Data>\n<ns0:Data Name="ParentProcessGuid">{27532e6a-361d-61af-7401-000000001d00}</ns0:Data>\n<ns0:Data Name="ParentProcessId">3868</ns0:Data>\n<ns0:Data Name="ParentImage">C:\\Windows\\System32\\cmd.exe</ns0:Data>\n<ns0:Data Name="ParentCommandLine">cmd.exe /c "reg.exe save hklm\\sam c:\\windows\\temp\\dvtkrw"</ns0:Data>\n</ns0:EventData>\n</ns0:Event>'
17
10884
ATTENTION!!!   10884   Events have been identified on the targeted system as suspicious for Lateral Movement Attack!!!
<?xml version="1.0" ?>
<Event xmlns="http://schemas.microsoft.com/win/2004/08/events/event">
	<System>
		<Provider Name="Microsoft-Windows-Sysmon" Guid="{5770385f-c22a-43e0-bf4c-06f5698ffbd9}"/>
		<EventID Qualifiers="">5</EventID>
		<Version>3</Version>
		<Level>4</Level>
		<Task>5</Task>
		<Opcode>0</Opcode>
		<Keywords>0x8000000000000000</Keywords>
		<TimeCreated SystemTime="2021-12-07 10:23:25.696072"/>
		<EventRecordID>25627</EventRecordID>
		<Correlation ActivityID="" RelatedActivityID=""/>
		<Execution ProcessID="3120" ThreadID="2992"/>
		<Channel>Microsoft-Windows-Sysmon/Operational</Channel>
		<Computer>WIN-J23NIGGP1Q6.sysmon_set.local</Computer>
		<Security UserID="S-1-5-18"/>
	</System>
	<EventData>
		<Data Name="RuleName">-</Data>
		<Data Name="UtcTime">2021-12-07 10:23:25.686</Data>
		<Data Name="ProcessGuid">{27532e6a-361d-61af-7501-000000001d00}</Data>
		<Data Name="ProcessId">6128</Data>
		<Data Name="Image">C:\Windows\System32\reg.exe</Data>
	</EventData>
</Event>

b'<ns0:Event xmlns:ns0="http://schemas.microsoft.com/win/2004/08/events/event"><ns0:System><ns0:Provider Name="Microsoft-Windows-Sysmon" Guid="{5770385f-c22a-43e0-bf4c-06f5698ffbd9}" />\n<ns0:EventID Qualifiers="">5</ns0:EventID>\n<ns0:Version>3</ns0:Version>\n<ns0:Level>4</ns0:Level>\n<ns0:Task>5</ns0:Task>\n<ns0:Opcode>0</ns0:Opcode>\n<ns0:Keywords>0x8000000000000000</ns0:Keywords>\n<ns0:TimeCreated SystemTime="2021-12-07 10:23:25.696072" />\n<ns0:EventRecordID>25627</ns0:EventRecordID>\n<ns0:Correlation ActivityID="" RelatedActivityID="" />\n<ns0:Execution ProcessID="3120" ThreadID="2992" />\n<ns0:Channel>Microsoft-Windows-Sysmon/Operational</ns0:Channel>\n<ns0:Computer>WIN-J23NIGGP1Q6.sysmon_set.local</ns0:Computer>\n<ns0:Security UserID="S-1-5-18" />\n</ns0:System>\n<ns0:EventData><ns0:Data Name="RuleName">-</ns0:Data>\n<ns0:Data Name="UtcTime">2021-12-07 10:23:25.686</ns0:Data>\n<ns0:Data Name="ProcessGuid">{27532e6a-361d-61af-7501-000000001d00}</ns0:Data>\n<ns0:Data Name="ProcessId">6128</ns0:Data>\n<ns0:Data Name="Image">C:\\Windows\\System32\\reg.exe</ns0:Data>\n</ns0:EventData>\n</ns0:Event>'
5
10885
ATTENTION!!!   10885   Events have been identified on the targeted system as suspicious for Lateral Movement Attack!!!
<?xml version="1.0" ?>
<Event xmlns="http://schemas.microsoft.com/win/2004/08/events/event">
	<System>
		<Provider Name="Microsoft-Windows-Sysmon" Guid="{5770385f-c22a-43e0-bf4c-06f5698ffbd9}"/>
		<EventID Qualifiers="">5</EventID>
		<Version>3</Version>
		<Level>4</Level>
		<Task>5</Task>
		<Opcode>0</Opcode>
		<Keywords>0x8000000000000000</Keywords>
		<TimeCreated SystemTime="2021-12-07 10:23:25.697994"/>
		<EventRecordID>25628</EventRecordID>
		<Correlation ActivityID="" RelatedActivityID=""/>
		<Execution ProcessID="3120" ThreadID="2992"/>
		<Channel>Microsoft-Windows-Sysmon/Operational</Channel>
		<Computer>WIN-J23NIGGP1Q6.sysmon_set.local</Computer>
		<Security UserID="S-1-5-18"/>
	</System>
	<EventData>
		<Data Name="RuleName">-</Data>
		<Data Name="UtcTime">2021-12-07 10:23:25.686</Data>
		<Data Name="ProcessGuid">{27532e6a-361d-61af-7401-000000001d00}</Data>
		<Data Name="ProcessId">3868</Data>
		<Data Name="Image">C:\Windows\System32\cmd.exe</Data>
	</EventData>
</Event>

b'<ns0:Event xmlns:ns0="http://schemas.microsoft.com/win/2004/08/events/event"><ns0:System><ns0:Provider Name="Microsoft-Windows-Sysmon" Guid="{5770385f-c22a-43e0-bf4c-06f5698ffbd9}" />\n<ns0:EventID Qualifiers="">5</ns0:EventID>\n<ns0:Version>3</ns0:Version>\n<ns0:Level>4</ns0:Level>\n<ns0:Task>5</ns0:Task>\n<ns0:Opcode>0</ns0:Opcode>\n<ns0:Keywords>0x8000000000000000</ns0:Keywords>\n<ns0:TimeCreated SystemTime="2021-12-07 10:23:25.697994" />\n<ns0:EventRecordID>25628</ns0:EventRecordID>\n<ns0:Correlation ActivityID="" RelatedActivityID="" />\n<ns0:Execution ProcessID="3120" ThreadID="2992" />\n<ns0:Channel>Microsoft-Windows-Sysmon/Operational</ns0:Channel>\n<ns0:Computer>WIN-J23NIGGP1Q6.sysmon_set.local</ns0:Computer>\n<ns0:Security UserID="S-1-5-18" />\n</ns0:System>\n<ns0:EventData><ns0:Data Name="RuleName">-</ns0:Data>\n<ns0:Data Name="UtcTime">2021-12-07 10:23:25.686</ns0:Data>\n<ns0:Data Name="ProcessGuid">{27532e6a-361d-61af-7401-000000001d00}</ns0:Data>\n<ns0:Data Name="ProcessId">3868</ns0:Data>\n<ns0:Data Name="Image">C:\\Windows\\System32\\cmd.exe</ns0:Data>\n</ns0:EventData>\n</ns0:Event>'
5
10886
ATTENTION!!!   10886   Events have been identified on the targeted system as suspicious for Lateral Movement Attack!!!
<?xml version="1.0" ?>
<Event xmlns="http://schemas.microsoft.com/win/2004/08/events/event">
	<System>
		<Provider Name="Microsoft-Windows-Sysmon" Guid="{5770385f-c22a-43e0-bf4c-06f5698ffbd9}"/>
		<EventID Qualifiers="">3</EventID>
		<Version>5</Version>
		<Level>4</Level>
		<Task>3</Task>
		<Opcode>0</Opcode>
		<Keywords>0x8000000000000000</Keywords>
		<TimeCreated SystemTime="2021-12-07 10:23:27.375175"/>
		<EventRecordID>25629</EventRecordID>
		<Correlation ActivityID="" RelatedActivityID=""/>
		<Execution ProcessID="3120" ThreadID="2988"/>
		<Channel>Microsoft-Windows-Sysmon/Operational</Channel>
		<Computer>WIN-J23NIGGP1Q6.sysmon_set.local</Computer>
		<Security UserID="S-1-5-18"/>
	</System>
	<EventData>
		<Data Name="RuleName">-</Data>
		<Data Name="UtcTime">2021-12-07 10:23:26.845</Data>
		<Data Name="ProcessGuid">{27532e6a-2d16-61af-4800-000000001d00}</Data>
		<Data Name="ProcessId">3336</Data>
		<Data Name="Image">C:\Windows\System32\dns.exe</Data>
		<Data Name="User">NT AUTHORITY\SYSTEM</Data>
		<Data Name="Protocol">udp</Data>
		<Data Name="Initiated">False</Data>
		<Data Name="SourceIsIpv6">True</Data>
		<Data Name="SourceIp">0:0:0:0:0:0:0:1</Data>
		<Data Name="SourceHostname">WIN-J23NIGGP1Q6.sysmon_set.local</Data>
		<Data Name="SourcePort">53</Data>
		<Data Name="SourcePortName">domain</Data>
		<Data Name="DestinationIsIpv6">True</Data>
		<Data Name="DestinationIp">0:0:0:0:0:0:0:1</Data>
		<Data Name="DestinationHostname">WIN-J23NIGGP1Q6.sysmon_set.local</Data>
		<Data Name="DestinationPort">51277</Data>
		<Data Name="DestinationPortName">-</Data>
